Starting Surface Distance Metric Analysis job...
Job ID: 178512
Node: gpuvm10
Time: Mon 30 Jun 16:02:48 BST 2025
Loading CUDA...
Activating conda environment...
Activated conda environment: /vol/bitbucket/ahb24/tda_entailment_new
Python location: /vol/bitbucket/ahb24/tda_entailment_new/bin/python
Checking GPU availability...
Mon Jun 30 16:02:49 2025       
+-----------------------------------------------------------------------------------------+
| NVIDIA-SMI 550.120                Driver Version: 550.120        CUDA Version: 12.4     |
|-----------------------------------------+------------------------+----------------------+
| GPU  Name                 Persistence-M | Bus-Id          Disp.A | Volatile Uncorr. ECC |
| Fan  Temp   Perf          Pwr:Usage/Cap |           Memory-Usage | GPU-Util  Compute M. |
|                                         |                        |               MIG M. |
|=========================================+========================+======================|
|   0  NVIDIA A30                     Off |   00000000:01:00.0 Off |                    0 |
| N/A   34C    P0             30W /  165W |       1MiB /  24576MiB |      0%      Default |
|                                         |                        |             Disabled |
+-----------------------------------------+------------------------+----------------------+
                                                                                         
+-----------------------------------------------------------------------------------------+
| Processes:                                                                              |
|  GPU   GI   CI        PID   Type   Process name                              GPU Memory |
|        ID   ID                                                               Usage      |
|=========================================================================================|
|  No running processes found                                                             |
+-----------------------------------------------------------------------------------------+

Testing PyTorch and CUDA...
PyTorch version: 2.4.1
CUDA available: True
CUDA device: NVIDIA A30
GPU memory: 25.2 GB
PyTorch setup verified!

Checking for required input data and models...

Starting Hyperparam Search...

Starting Comprehensive Order Embeddings Hyperparameter Search
This will test all combinations with full lattice metric evaluation...
📂 Loading data from data/processed/snli_full_standard_SBERT.pt
Sampling 10000 from 549367 for efficiency
Split: 8000 train, 2000 eval samples
Train split saved to: data/processed/snli_full_standard_SBERT_train_OELattice_split.pt
Eval split saved to: data/processed/snli_full_standard_SBERT_eval_OELattice_split.pt
\Combination 1/30
order_dim=100, asymmetry_weight=0.9
margin=0.5, lr=0.0002
Loading data from data/processed/snli_full_standard_SBERT_train_OELattice_split.pt
Training on 6400 samples, validating on 1600 samples
Training on cuda with asymmetry_weight=0.9
Epoch 5 / 30
Train Loss: 0.8771, Val Loss: 1.8447
  Energy Rankings:
    entailment: 0.2133 ± 0.1695
    neutral: 0.5114 ± 0.3329
    contradiction: 1.0725 ± 0.6963
Epoch 10 / 30
Train Loss: 0.7044, Val Loss: 1.8004
  Energy Rankings:
    entailment: 0.2135 ± 0.1962
    neutral: 0.5533 ± 0.3997
    contradiction: 1.1702 ± 0.8378
Epoch 15 / 30
Train Loss: 0.6269, Val Loss: 1.7658
  Energy Rankings:
    entailment: 0.2093 ± 0.2136
    neutral: 0.5790 ± 0.4362
    contradiction: 1.3038 ± 1.0132
Epoch 20 / 30
Train Loss: 0.5743, Val Loss: 1.7642
  Energy Rankings:
    entailment: 0.2192 ± 0.2238
    neutral: 0.5930 ± 0.4499
    contradiction: 1.3660 ± 1.0621
Epoch 25 / 30
Train Loss: 0.5469, Val Loss: 1.7402
  Energy Rankings:
    entailment: 0.2382 ± 0.2532
    neutral: 0.6592 ± 0.5132
    contradiction: 1.4875 ± 1.1767
Early stopping at epoch 28
Training completed
Testing order_embeddings...
  entailment: 684 samples
  neutral: 661 samples
  contradiction: 655 samples
  containment_proxy_score:
    Means: 0.0453 → 0.0655 → 0.1075
    Range: 0.0623, Avg Std: 0.0372
    Gap/Std Ratio: 1.6729
    Monotonic: True
    Metric Score: 1.0543
  asymmetric_energy_score:
    Means: 0.2079 → 0.6627 → 1.4041
    Range: 1.1962, Avg Std: 0.5898
    Gap/Std Ratio: 2.0283
    Monotonic: True
    Metric Score: 1.1745
  lattice_height_score:
    Means: 0.0349 → 0.1435 → 0.2664
    Range: 0.2314, Avg Std: 0.2089
    Gap/Std Ratio: 1.1076
    Monotonic: True
    Metric Score: 0.5917
  subsumption_distance_score:
    Means: 0.1901 → 0.2543 → 0.3064
    Range: 0.1164, Avg Std: 0.0819
    Gap/Std Ratio: 1.4204
    Monotonic: True
    Metric Score: 1.1853
Overall Score: 0.8012
Val Loss: 1.7430
NEW BEST! (Score: 0.8012)
Config saved to: entailment_surfaces/results/hyperparameter_search_lattice_OE_model/best_config_lattice_OE_config.json
Model saved to: entailment_surfaces/results/hyperparameter_search_lattice_OE_model/best_config_lattice_OE_model.pt
Score: 0.8012
\Combination 2/30
order_dim=100, asymmetry_weight=0.9
margin=0.5, lr=0.0005
Loading data from data/processed/snli_full_standard_SBERT_train_OELattice_split.pt
Training on 6400 samples, validating on 1600 samples
Training on cuda with asymmetry_weight=0.9
Epoch 5 / 30
Train Loss: 0.8771, Val Loss: 1.8447
  Energy Rankings:
    entailment: 0.2133 ± 0.1695
    neutral: 0.5114 ± 0.3329
    contradiction: 1.0725 ± 0.6963
Epoch 10 / 30
Train Loss: 0.7044, Val Loss: 1.8004
  Energy Rankings:
    entailment: 0.2135 ± 0.1962
    neutral: 0.5533 ± 0.3997
    contradiction: 1.1702 ± 0.8378
Epoch 15 / 30
Train Loss: 0.6269, Val Loss: 1.7658
  Energy Rankings:
    entailment: 0.2093 ± 0.2136
    neutral: 0.5790 ± 0.4362
    contradiction: 1.3038 ± 1.0132
Epoch 20 / 30
Train Loss: 0.5743, Val Loss: 1.7642
  Energy Rankings:
    entailment: 0.2192 ± 0.2238
    neutral: 0.5930 ± 0.4499
    contradiction: 1.3660 ± 1.0621
Epoch 25 / 30
Train Loss: 0.5469, Val Loss: 1.7402
  Energy Rankings:
    entailment: 0.2382 ± 0.2532
    neutral: 0.6592 ± 0.5132
    contradiction: 1.4875 ± 1.1767
Early stopping at epoch 28
Training completed
Testing order_embeddings...
  entailment: 684 samples
  neutral: 661 samples
  contradiction: 655 samples
  containment_proxy_score:
    Means: 0.0453 → 0.0655 → 0.1075
    Range: 0.0623, Avg Std: 0.0372
    Gap/Std Ratio: 1.6729
    Monotonic: True
    Metric Score: 1.0543
  asymmetric_energy_score:
    Means: 0.2079 → 0.6627 → 1.4041
    Range: 1.1962, Avg Std: 0.5898
    Gap/Std Ratio: 2.0283
    Monotonic: True
    Metric Score: 1.1745
  lattice_height_score:
    Means: 0.0349 → 0.1435 → 0.2664
    Range: 0.2314, Avg Std: 0.2089
    Gap/Std Ratio: 1.1076
    Monotonic: True
    Metric Score: 0.5917
  subsumption_distance_score:
    Means: 0.1901 → 0.2543 → 0.3064
    Range: 0.1164, Avg Std: 0.0819
    Gap/Std Ratio: 1.4204
    Monotonic: True
    Metric Score: 1.1853
Overall Score: 0.8012
Val Loss: 1.7430
\Combination 3/30
order_dim=100, asymmetry_weight=0.9
margin=0.5, lr=0.001
Loading data from data/processed/snli_full_standard_SBERT_train_OELattice_split.pt
Training on 6400 samples, validating on 1600 samples
Training on cuda with asymmetry_weight=0.9
Epoch 5 / 30
Train Loss: 0.8771, Val Loss: 1.8447
  Energy Rankings:
    entailment: 0.2133 ± 0.1695
    neutral: 0.5114 ± 0.3329
    contradiction: 1.0725 ± 0.6963
Epoch 10 / 30
Train Loss: 0.7044, Val Loss: 1.8004
  Energy Rankings:
    entailment: 0.2135 ± 0.1962
    neutral: 0.5533 ± 0.3997
    contradiction: 1.1702 ± 0.8378
Epoch 15 / 30
Train Loss: 0.6269, Val Loss: 1.7658
  Energy Rankings:
    entailment: 0.2093 ± 0.2136
    neutral: 0.5790 ± 0.4362
    contradiction: 1.3038 ± 1.0132
Epoch 20 / 30
Train Loss: 0.5743, Val Loss: 1.7642
  Energy Rankings:
    entailment: 0.2192 ± 0.2238
    neutral: 0.5930 ± 0.4499
    contradiction: 1.3660 ± 1.0621
Epoch 25 / 30
Train Loss: 0.5469, Val Loss: 1.7402
  Energy Rankings:
    entailment: 0.2382 ± 0.2532
    neutral: 0.6592 ± 0.5132
    contradiction: 1.4875 ± 1.1767
Early stopping at epoch 28
Training completed
Testing order_embeddings...
  entailment: 684 samples
  neutral: 661 samples
  contradiction: 655 samples
  containment_proxy_score:
    Means: 0.0453 → 0.0655 → 0.1075
    Range: 0.0623, Avg Std: 0.0372
    Gap/Std Ratio: 1.6729
    Monotonic: True
    Metric Score: 1.0543
  asymmetric_energy_score:
    Means: 0.2079 → 0.6627 → 1.4041
    Range: 1.1962, Avg Std: 0.5898
    Gap/Std Ratio: 2.0283
    Monotonic: True
    Metric Score: 1.1745
  lattice_height_score:
    Means: 0.0349 → 0.1435 → 0.2664
    Range: 0.2314, Avg Std: 0.2089
    Gap/Std Ratio: 1.1076
    Monotonic: True
    Metric Score: 0.5917
  subsumption_distance_score:
    Means: 0.1901 → 0.2543 → 0.3064
    Range: 0.1164, Avg Std: 0.0819
    Gap/Std Ratio: 1.4204
    Monotonic: True
    Metric Score: 1.1853
Overall Score: 0.8012
Val Loss: 1.7430
\Combination 4/30
order_dim=100, asymmetry_weight=0.9
margin=0.5, lr=0.001
Loading data from data/processed/snli_full_standard_SBERT_train_OELattice_split.pt
Training on 6400 samples, validating on 1600 samples
Training on cuda with asymmetry_weight=0.9
Epoch 5 / 30
Train Loss: 0.8771, Val Loss: 1.8447
  Energy Rankings:
    entailment: 0.2133 ± 0.1695
    neutral: 0.5114 ± 0.3329
    contradiction: 1.0725 ± 0.6963
Epoch 10 / 30
Train Loss: 0.7044, Val Loss: 1.8004
  Energy Rankings:
    entailment: 0.2135 ± 0.1962
    neutral: 0.5533 ± 0.3997
    contradiction: 1.1702 ± 0.8378
Epoch 15 / 30
Train Loss: 0.6269, Val Loss: 1.7658
  Energy Rankings:
    entailment: 0.2093 ± 0.2136
    neutral: 0.5790 ± 0.4362
    contradiction: 1.3038 ± 1.0132
Epoch 20 / 30
Train Loss: 0.5743, Val Loss: 1.7642
  Energy Rankings:
    entailment: 0.2192 ± 0.2238
    neutral: 0.5930 ± 0.4499
    contradiction: 1.3660 ± 1.0621
Epoch 25 / 30
Train Loss: 0.5469, Val Loss: 1.7402
  Energy Rankings:
    entailment: 0.2382 ± 0.2532
    neutral: 0.6592 ± 0.5132
    contradiction: 1.4875 ± 1.1767
Early stopping at epoch 28
Training completed
Testing order_embeddings...
  entailment: 684 samples
  neutral: 661 samples
  contradiction: 655 samples
  containment_proxy_score:
    Means: 0.0453 → 0.0655 → 0.1075
    Range: 0.0623, Avg Std: 0.0372
    Gap/Std Ratio: 1.6729
    Monotonic: True
    Metric Score: 1.0543
  asymmetric_energy_score:
    Means: 0.2079 → 0.6627 → 1.4041
    Range: 1.1962, Avg Std: 0.5898
    Gap/Std Ratio: 2.0283
    Monotonic: True
    Metric Score: 1.1745
  lattice_height_score:
    Means: 0.0349 → 0.1435 → 0.2664
    Range: 0.2314, Avg Std: 0.2089
    Gap/Std Ratio: 1.1076
    Monotonic: True
    Metric Score: 0.5917
  subsumption_distance_score:
    Means: 0.1901 → 0.2543 → 0.3064
    Range: 0.1164, Avg Std: 0.0819
    Gap/Std Ratio: 1.4204
    Monotonic: True
    Metric Score: 1.1853
Overall Score: 0.8012
Val Loss: 1.7430
\Combination 5/30
order_dim=100, asymmetry_weight=0.9
margin=0.5, lr=0.002
Loading data from data/processed/snli_full_standard_SBERT_train_OELattice_split.pt
Training on 6400 samples, validating on 1600 samples
Training on cuda with asymmetry_weight=0.9
Epoch 5 / 30
Train Loss: 0.8771, Val Loss: 1.8447
  Energy Rankings:
    entailment: 0.2133 ± 0.1695
    neutral: 0.5114 ± 0.3329
    contradiction: 1.0725 ± 0.6963
Epoch 10 / 30
Train Loss: 0.7044, Val Loss: 1.8004
  Energy Rankings:
    entailment: 0.2135 ± 0.1962
    neutral: 0.5533 ± 0.3997
    contradiction: 1.1702 ± 0.8378
Epoch 15 / 30
Train Loss: 0.6269, Val Loss: 1.7658
  Energy Rankings:
    entailment: 0.2093 ± 0.2136
    neutral: 0.5790 ± 0.4362
    contradiction: 1.3038 ± 1.0132
Epoch 20 / 30
Train Loss: 0.5743, Val Loss: 1.7642
  Energy Rankings:
    entailment: 0.2192 ± 0.2238
    neutral: 0.5930 ± 0.4499
    contradiction: 1.3660 ± 1.0621
Epoch 25 / 30
Train Loss: 0.5469, Val Loss: 1.7402
  Energy Rankings:
    entailment: 0.2382 ± 0.2532
    neutral: 0.6592 ± 0.5132
    contradiction: 1.4875 ± 1.1767
Early stopping at epoch 28
Training completed
Testing order_embeddings...
  entailment: 684 samples
  neutral: 661 samples
  contradiction: 655 samples
  containment_proxy_score:
    Means: 0.0453 → 0.0655 → 0.1075
    Range: 0.0623, Avg Std: 0.0372
    Gap/Std Ratio: 1.6729
    Monotonic: True
    Metric Score: 1.0543
  asymmetric_energy_score:
    Means: 0.2079 → 0.6627 → 1.4041
    Range: 1.1962, Avg Std: 0.5898
    Gap/Std Ratio: 2.0283
    Monotonic: True
    Metric Score: 1.1745
  lattice_height_score:
    Means: 0.0349 → 0.1435 → 0.2664
    Range: 0.2314, Avg Std: 0.2089
    Gap/Std Ratio: 1.1076
    Monotonic: True
    Metric Score: 0.5917
  subsumption_distance_score:
    Means: 0.1901 → 0.2543 → 0.3064
    Range: 0.1164, Avg Std: 0.0819
    Gap/Std Ratio: 1.4204
    Monotonic: True
    Metric Score: 1.1853
Overall Score: 0.8012
Val Loss: 1.7430
\Combination 6/30
order_dim=100, asymmetry_weight=0.9
margin=1.0, lr=0.0002
Loading data from data/processed/snli_full_standard_SBERT_train_OELattice_split.pt
Training on 6400 samples, validating on 1600 samples
Training on cuda with asymmetry_weight=0.9
Epoch 5 / 30
Train Loss: 0.8771, Val Loss: 1.8447
  Energy Rankings:
    entailment: 0.2133 ± 0.1695
    neutral: 0.5114 ± 0.3329
    contradiction: 1.0725 ± 0.6963
Epoch 10 / 30
Train Loss: 0.7044, Val Loss: 1.8004
  Energy Rankings:
    entailment: 0.2135 ± 0.1962
    neutral: 0.5533 ± 0.3997
    contradiction: 1.1702 ± 0.8378
Epoch 15 / 30
Train Loss: 0.6269, Val Loss: 1.7658
  Energy Rankings:
    entailment: 0.2093 ± 0.2136
    neutral: 0.5790 ± 0.4362
    contradiction: 1.3038 ± 1.0132
Epoch 20 / 30
Train Loss: 0.5743, Val Loss: 1.7642
  Energy Rankings:
    entailment: 0.2192 ± 0.2238
    neutral: 0.5930 ± 0.4499
    contradiction: 1.3660 ± 1.0621
Epoch 25 / 30
Train Loss: 0.5469, Val Loss: 1.7402
  Energy Rankings:
    entailment: 0.2382 ± 0.2532
    neutral: 0.6592 ± 0.5132
    contradiction: 1.4875 ± 1.1767
Early stopping at epoch 28
Training completed
Testing order_embeddings...
  entailment: 684 samples
  neutral: 661 samples
  contradiction: 655 samples
  containment_proxy_score:
    Means: 0.0453 → 0.0655 → 0.1075
    Range: 0.0623, Avg Std: 0.0372
    Gap/Std Ratio: 1.6729
    Monotonic: True
    Metric Score: 1.0543
  asymmetric_energy_score:
    Means: 0.2079 → 0.6627 → 1.4041
    Range: 1.1962, Avg Std: 0.5898
    Gap/Std Ratio: 2.0283
    Monotonic: True
    Metric Score: 1.1745
  lattice_height_score:
    Means: 0.0349 → 0.1435 → 0.2664
    Range: 0.2314, Avg Std: 0.2089
    Gap/Std Ratio: 1.1076
    Monotonic: True
    Metric Score: 0.5917
  subsumption_distance_score:
    Means: 0.1901 → 0.2543 → 0.3064
    Range: 0.1164, Avg Std: 0.0819
    Gap/Std Ratio: 1.4204
    Monotonic: True
    Metric Score: 1.1853
Overall Score: 0.8012
Val Loss: 1.7430
\Combination 7/30
order_dim=100, asymmetry_weight=0.9
margin=1.0, lr=0.0005
Loading data from data/processed/snli_full_standard_SBERT_train_OELattice_split.pt
Training on 6400 samples, validating on 1600 samples
Training on cuda with asymmetry_weight=0.9
Epoch 5 / 30
Train Loss: 0.8771, Val Loss: 1.8447
  Energy Rankings:
    entailment: 0.2133 ± 0.1695
    neutral: 0.5114 ± 0.3329
    contradiction: 1.0725 ± 0.6963
Epoch 10 / 30
Train Loss: 0.7044, Val Loss: 1.8004
  Energy Rankings:
    entailment: 0.2135 ± 0.1962
    neutral: 0.5533 ± 0.3997
    contradiction: 1.1702 ± 0.8378
Epoch 15 / 30
Train Loss: 0.6269, Val Loss: 1.7658
  Energy Rankings:
    entailment: 0.2093 ± 0.2136
    neutral: 0.5790 ± 0.4362
    contradiction: 1.3038 ± 1.0132
Epoch 20 / 30
Train Loss: 0.5743, Val Loss: 1.7642
  Energy Rankings:
    entailment: 0.2192 ± 0.2238
    neutral: 0.5930 ± 0.4499
    contradiction: 1.3660 ± 1.0621
Epoch 25 / 30
Train Loss: 0.5469, Val Loss: 1.7402
  Energy Rankings:
    entailment: 0.2382 ± 0.2532
    neutral: 0.6592 ± 0.5132
    contradiction: 1.4875 ± 1.1767
Early stopping at epoch 28
Training completed
Testing order_embeddings...
  entailment: 684 samples
  neutral: 661 samples
  contradiction: 655 samples
  containment_proxy_score:
    Means: 0.0453 → 0.0655 → 0.1075
    Range: 0.0623, Avg Std: 0.0372
    Gap/Std Ratio: 1.6729
    Monotonic: True
    Metric Score: 1.0543
  asymmetric_energy_score:
    Means: 0.2079 → 0.6627 → 1.4041
    Range: 1.1962, Avg Std: 0.5898
    Gap/Std Ratio: 2.0283
    Monotonic: True
    Metric Score: 1.1745
  lattice_height_score:
    Means: 0.0349 → 0.1435 → 0.2664
    Range: 0.2314, Avg Std: 0.2089
    Gap/Std Ratio: 1.1076
    Monotonic: True
    Metric Score: 0.5917
  subsumption_distance_score:
    Means: 0.1901 → 0.2543 → 0.3064
    Range: 0.1164, Avg Std: 0.0819
    Gap/Std Ratio: 1.4204
    Monotonic: True
    Metric Score: 1.1853
Overall Score: 0.8012
Val Loss: 1.7430
\Combination 8/30
order_dim=100, asymmetry_weight=0.9
margin=1.0, lr=0.001
Loading data from data/processed/snli_full_standard_SBERT_train_OELattice_split.pt
Training on 6400 samples, validating on 1600 samples
Training on cuda with asymmetry_weight=0.9
Epoch 5 / 30
Train Loss: 0.8771, Val Loss: 1.8447
  Energy Rankings:
    entailment: 0.2133 ± 0.1695
    neutral: 0.5114 ± 0.3329
    contradiction: 1.0725 ± 0.6963
Epoch 10 / 30
Train Loss: 0.7044, Val Loss: 1.8004
  Energy Rankings:
    entailment: 0.2135 ± 0.1962
    neutral: 0.5533 ± 0.3997
    contradiction: 1.1702 ± 0.8378
Epoch 15 / 30
Train Loss: 0.6269, Val Loss: 1.7658
  Energy Rankings:
    entailment: 0.2093 ± 0.2136
    neutral: 0.5790 ± 0.4362
    contradiction: 1.3038 ± 1.0132
Epoch 20 / 30
Train Loss: 0.5743, Val Loss: 1.7642
  Energy Rankings:
    entailment: 0.2192 ± 0.2238
    neutral: 0.5930 ± 0.4499
    contradiction: 1.3660 ± 1.0621
Epoch 25 / 30
Train Loss: 0.5469, Val Loss: 1.7402
  Energy Rankings:
    entailment: 0.2382 ± 0.2532
    neutral: 0.6592 ± 0.5132
    contradiction: 1.4875 ± 1.1767
Early stopping at epoch 28
Training completed
Testing order_embeddings...
  entailment: 684 samples
  neutral: 661 samples
  contradiction: 655 samples
  containment_proxy_score:
    Means: 0.0453 → 0.0655 → 0.1075
    Range: 0.0623, Avg Std: 0.0372
    Gap/Std Ratio: 1.6729
    Monotonic: True
    Metric Score: 1.0543
  asymmetric_energy_score:
    Means: 0.2079 → 0.6627 → 1.4041
    Range: 1.1962, Avg Std: 0.5898
    Gap/Std Ratio: 2.0283
    Monotonic: True
    Metric Score: 1.1745
  lattice_height_score:
    Means: 0.0349 → 0.1435 → 0.2664
    Range: 0.2314, Avg Std: 0.2089
    Gap/Std Ratio: 1.1076
    Monotonic: True
    Metric Score: 0.5917
  subsumption_distance_score:
    Means: 0.1901 → 0.2543 → 0.3064
    Range: 0.1164, Avg Std: 0.0819
    Gap/Std Ratio: 1.4204
    Monotonic: True
    Metric Score: 1.1853
Overall Score: 0.8012
Val Loss: 1.7430
\Combination 9/30
order_dim=100, asymmetry_weight=0.9
margin=1.0, lr=0.001
Loading data from data/processed/snli_full_standard_SBERT_train_OELattice_split.pt
Training on 6400 samples, validating on 1600 samples
Training on cuda with asymmetry_weight=0.9
Epoch 5 / 30
Train Loss: 0.8771, Val Loss: 1.8447
  Energy Rankings:
    entailment: 0.2133 ± 0.1695
    neutral: 0.5114 ± 0.3329
    contradiction: 1.0725 ± 0.6963
Epoch 10 / 30
Train Loss: 0.7044, Val Loss: 1.8004
  Energy Rankings:
    entailment: 0.2135 ± 0.1962
    neutral: 0.5533 ± 0.3997
    contradiction: 1.1702 ± 0.8378
Epoch 15 / 30
Train Loss: 0.6269, Val Loss: 1.7658
  Energy Rankings:
    entailment: 0.2093 ± 0.2136
    neutral: 0.5790 ± 0.4362
    contradiction: 1.3038 ± 1.0132
Epoch 20 / 30
Train Loss: 0.5743, Val Loss: 1.7642
  Energy Rankings:
    entailment: 0.2192 ± 0.2238
    neutral: 0.5930 ± 0.4499
    contradiction: 1.3660 ± 1.0621
Epoch 25 / 30
Train Loss: 0.5469, Val Loss: 1.7402
  Energy Rankings:
    entailment: 0.2382 ± 0.2532
    neutral: 0.6592 ± 0.5132
    contradiction: 1.4875 ± 1.1767
Early stopping at epoch 28
Training completed
Testing order_embeddings...
  entailment: 684 samples
  neutral: 661 samples
  contradiction: 655 samples
  containment_proxy_score:
    Means: 0.0453 → 0.0655 → 0.1075
    Range: 0.0623, Avg Std: 0.0372
    Gap/Std Ratio: 1.6729
    Monotonic: True
    Metric Score: 1.0543
  asymmetric_energy_score:
    Means: 0.2079 → 0.6627 → 1.4041
    Range: 1.1962, Avg Std: 0.5898
    Gap/Std Ratio: 2.0283
    Monotonic: True
    Metric Score: 1.1745
  lattice_height_score:
    Means: 0.0349 → 0.1435 → 0.2664
    Range: 0.2314, Avg Std: 0.2089
    Gap/Std Ratio: 1.1076
    Monotonic: True
    Metric Score: 0.5917
  subsumption_distance_score:
    Means: 0.1901 → 0.2543 → 0.3064
    Range: 0.1164, Avg Std: 0.0819
    Gap/Std Ratio: 1.4204
    Monotonic: True
    Metric Score: 1.1853
Overall Score: 0.8012
Val Loss: 1.7430
\Combination 10/30
order_dim=100, asymmetry_weight=0.9
margin=1.0, lr=0.002
Loading data from data/processed/snli_full_standard_SBERT_train_OELattice_split.pt
Training on 6400 samples, validating on 1600 samples
Training on cuda with asymmetry_weight=0.9
Epoch 5 / 30
Train Loss: 0.8771, Val Loss: 1.8447
  Energy Rankings:
    entailment: 0.2133 ± 0.1695
    neutral: 0.5114 ± 0.3329
    contradiction: 1.0725 ± 0.6963
Epoch 10 / 30
Train Loss: 0.7044, Val Loss: 1.8004
  Energy Rankings:
    entailment: 0.2135 ± 0.1962
    neutral: 0.5533 ± 0.3997
    contradiction: 1.1702 ± 0.8378
Epoch 15 / 30
Train Loss: 0.6269, Val Loss: 1.7658
  Energy Rankings:
    entailment: 0.2093 ± 0.2136
    neutral: 0.5790 ± 0.4362
    contradiction: 1.3038 ± 1.0132
Epoch 20 / 30
Train Loss: 0.5743, Val Loss: 1.7642
  Energy Rankings:
    entailment: 0.2192 ± 0.2238
    neutral: 0.5930 ± 0.4499
    contradiction: 1.3660 ± 1.0621
Epoch 25 / 30
Train Loss: 0.5469, Val Loss: 1.7402
  Energy Rankings:
    entailment: 0.2382 ± 0.2532
    neutral: 0.6592 ± 0.5132
    contradiction: 1.4875 ± 1.1767
Early stopping at epoch 28
Training completed
Testing order_embeddings...
  entailment: 684 samples
  neutral: 661 samples
  contradiction: 655 samples
  containment_proxy_score:
    Means: 0.0453 → 0.0655 → 0.1075
    Range: 0.0623, Avg Std: 0.0372
    Gap/Std Ratio: 1.6729
    Monotonic: True
    Metric Score: 1.0543
  asymmetric_energy_score:
    Means: 0.2079 → 0.6627 → 1.4041
    Range: 1.1962, Avg Std: 0.5898
    Gap/Std Ratio: 2.0283
    Monotonic: True
    Metric Score: 1.1745
  lattice_height_score:
    Means: 0.0349 → 0.1435 → 0.2664
    Range: 0.2314, Avg Std: 0.2089
    Gap/Std Ratio: 1.1076
    Monotonic: True
    Metric Score: 0.5917
  subsumption_distance_score:
    Means: 0.1901 → 0.2543 → 0.3064
    Range: 0.1164, Avg Std: 0.0819
    Gap/Std Ratio: 1.4204
    Monotonic: True
    Metric Score: 1.1853
Overall Score: 0.8012
Val Loss: 1.7430
\Combination 11/30
order_dim=100, asymmetry_weight=0.9
margin=1.25, lr=0.0002
Loading data from data/processed/snli_full_standard_SBERT_train_OELattice_split.pt
Training on 6400 samples, validating on 1600 samples
Training on cuda with asymmetry_weight=0.9
Epoch 5 / 30
Train Loss: 0.8771, Val Loss: 1.8447
  Energy Rankings:
    entailment: 0.2133 ± 0.1695
    neutral: 0.5114 ± 0.3329
    contradiction: 1.0725 ± 0.6963
Epoch 10 / 30
Train Loss: 0.7044, Val Loss: 1.8004
  Energy Rankings:
    entailment: 0.2135 ± 0.1962
    neutral: 0.5533 ± 0.3997
    contradiction: 1.1702 ± 0.8378
Epoch 15 / 30
Train Loss: 0.6269, Val Loss: 1.7658
  Energy Rankings:
    entailment: 0.2093 ± 0.2136
    neutral: 0.5790 ± 0.4362
    contradiction: 1.3038 ± 1.0132
Epoch 20 / 30
Train Loss: 0.5743, Val Loss: 1.7642
  Energy Rankings:
    entailment: 0.2192 ± 0.2238
    neutral: 0.5930 ± 0.4499
    contradiction: 1.3660 ± 1.0621
Epoch 25 / 30
Train Loss: 0.5469, Val Loss: 1.7402
  Energy Rankings:
    entailment: 0.2382 ± 0.2532
    neutral: 0.6592 ± 0.5132
    contradiction: 1.4875 ± 1.1767
Early stopping at epoch 28
Training completed
Testing order_embeddings...
  entailment: 684 samples
  neutral: 661 samples
  contradiction: 655 samples
  containment_proxy_score:
    Means: 0.0453 → 0.0655 → 0.1075
    Range: 0.0623, Avg Std: 0.0372
    Gap/Std Ratio: 1.6729
    Monotonic: True
    Metric Score: 1.0543
  asymmetric_energy_score:
    Means: 0.2079 → 0.6627 → 1.4041
    Range: 1.1962, Avg Std: 0.5898
    Gap/Std Ratio: 2.0283
    Monotonic: True
    Metric Score: 1.1745
  lattice_height_score:
    Means: 0.0349 → 0.1435 → 0.2664
    Range: 0.2314, Avg Std: 0.2089
    Gap/Std Ratio: 1.1076
    Monotonic: True
    Metric Score: 0.5917
  subsumption_distance_score:
    Means: 0.1901 → 0.2543 → 0.3064
    Range: 0.1164, Avg Std: 0.0819
    Gap/Std Ratio: 1.4204
    Monotonic: True
    Metric Score: 1.1853
Overall Score: 0.8012
Val Loss: 1.7430
\Combination 12/30
order_dim=100, asymmetry_weight=0.9
margin=1.25, lr=0.0005
