Starting Surface Distance Metric Analysis job...
Job ID: 187886
Node: gpuvm17
Time: Tue 29 Jul 15:43:53 BST 2025
Loading CUDA...
Activating conda environment...
Activated conda environment: /vol/bitbucket/ahb24/tda_entailment_new
Python location: /vol/bitbucket/ahb24/tda_entailment_new/bin/python
Checking GPU availability...
Tue Jul 29 15:44:00 2025       
+-----------------------------------------------------------------------------------------+
| NVIDIA-SMI 570.133.07             Driver Version: 570.133.07     CUDA Version: 12.8     |
|-----------------------------------------+------------------------+----------------------+
| GPU  Name                 Persistence-M | Bus-Id          Disp.A | Volatile Uncorr. ECC |
| Fan  Temp   Perf          Pwr:Usage/Cap |           Memory-Usage | GPU-Util  Compute M. |
|                                         |                        |               MIG M. |
|=========================================+========================+======================|
|   0  Tesla T4                       Off |   00000000:00:06.0 Off |                    0 |
| N/A   32C    P8             10W /   70W |       0MiB /  15360MiB |      0%      Default |
|                                         |                        |                  N/A |
+-----------------------------------------+------------------------+----------------------+
                                                                                         
+-----------------------------------------------------------------------------------------+
| Processes:                                                                              |
|  GPU   GI   CI              PID   Type   Process name                        GPU Memory |
|        ID   ID                                                               Usage      |
|=========================================================================================|
|  No running processes found                                                             |
+-----------------------------------------------------------------------------------------+

Testing PyTorch and CUDA...
PyTorch version: 2.4.1
CUDA available: True
CUDA device: Tesla T4
GPU memory: 15.6 GB
PyTorch setup verified!

Checking for required input data and models...

Starting sbert processing...

Loading sentence-transformers/all-mpnet-base-v2 on cuda...
Gradient checkpointing not supported for MPNetModel: MPNetModel does not support gradient checkpointing.
Text processing pipeline ready
Single pair test - Premise shape: torch.Size([768]), Hypothesis shape: torch.Size([768])
Processing dataset: data/raw/mnli/train/mnli_full_train.json...
Dataset contains 392702 premise-hypothesis pairs
Generating premise embeddings...
Generating hypothesis embeddings...
Dataset processing complete
Premise embeddings shape: torch.Size([392702, 768])
Hypothesis embeddings shape: torch.Size([392702, 768])
Embedding dimension: 768
Premise embedding range: [-0.723, 0.778]
Hypothesis embedding range: [-0.809, 0.896]
Saved processed data to data/processed/mnli_full_SBERT_train.pt
Text processing pipeline test completed successfully

Analysis completed with exit code: 0
Time: Tue 29 Jul 16:23:48 BST 2025

=== ANALYSIS SUCCESSFUL ===


Job finished.
