Starting Surface Distance Metric Analysis job...
Job ID: 178314
Node: gpuvm12
Time: Sun 29 Jun 18:40:28 BST 2025
Loading CUDA...
Activating conda environment...
Activated conda environment: /vol/bitbucket/ahb24/tda_entailment_new
Python location: /vol/bitbucket/ahb24/tda_entailment_new/bin/python
Checking GPU availability...
Sun Jun 29 18:40:30 2025       
+-----------------------------------------------------------------------------------------+
| NVIDIA-SMI 550.120                Driver Version: 550.120        CUDA Version: 12.4     |
|-----------------------------------------+------------------------+----------------------+
| GPU  Name                 Persistence-M | Bus-Id          Disp.A | Volatile Uncorr. ECC |
| Fan  Temp   Perf          Pwr:Usage/Cap |           Memory-Usage | GPU-Util  Compute M. |
|                                         |                        |               MIG M. |
|=========================================+========================+======================|
|   0  NVIDIA A30                     Off |   00000000:02:00.0 Off |                    0 |
| N/A   33C    P0             30W /  165W |       1MiB /  24576MiB |      0%      Default |
|                                         |                        |             Disabled |
+-----------------------------------------+------------------------+----------------------+
                                                                                         
+-----------------------------------------------------------------------------------------+
| Processes:                                                                              |
|  GPU   GI   CI        PID   Type   Process name                              GPU Memory |
|        ID   ID                                                               Usage      |
|=========================================================================================|
|  No running processes found                                                             |
+-----------------------------------------------------------------------------------------+

Testing PyTorch and CUDA...
PyTorch version: 2.4.1
CUDA available: True
CUDA device: NVIDIA A30
GPU memory: 25.2 GB
PyTorch setup verified!

Checking for required input data and models...

Starting sbert processing...

Loading sentence-transformers/all-mpnet-base-v2 on cuda...
Gradient checkpointing not supported for MPNetModel: MPNetModel does not support gradient checkpointing.
Text processing pipeline ready
Single pair test - Premise shape: torch.Size([768]), Hypothesis shape: torch.Size([768])
Processing dataset: data/raw/snli/train/snli_full_train.json...
Dataset contains 549367 premise-hypothesis pairs
Generating premise embeddings...
Generating hypothesis embeddings...
Dataset processing complete
Premise embeddings shape: torch.Size([549367, 768])
Hypothesis embeddings shape: torch.Size([549367, 768])
Embedding dimension: 768
Premise embedding range: [-0.820, 0.721]
Hypothesis embedding range: [-0.949, 0.778]
Saved processed data to data/processed/snli_full_standard_SBERT.pt
Text processing pipeline test completed successfully

Analysis completed with exit code: 0
Time: Sun 29 Jun 18:57:33 BST 2025

=== ANALYSIS SUCCESSFUL ===


Job finished.
