/homes/ahb24/MSc_Topology_Codebase/src/hyperbolic_projection_asymmetry.py:138: FutureWarning: You are using `torch.load` with `weights_only=False` (the current default value), which uses the default pickle module implicitly. It is possible to construct malicious pickle data which will execute arbitrary code during unpickling (See https://github.com/pytorch/pytorch/blob/main/SECURITY.md#untrusted-models for more details). In a future release, the default value for `weights_only` will be flipped to `True`. This limits the functions that could be executed during unpickling. Arbitrary objects will no longer be allowed to be loaded via this mode unless they are explicitly allowlisted by the user via `torch.serialization.add_safe_globals`. We recommend you start setting `weights_only=True` for any use case where you don't have full control of the loaded file. Please open an issue on GitHub for any issues related to this experimental feature.
  checkpoint = torch.load(model_path, map_location=self.device)
/homes/ahb24/MSc_Topology_Codebase/src/hyperbolic_projection_asymmetry.py:138: FutureWarning: You are using `torch.load` with `weights_only=False` (the current default value), which uses the default pickle module implicitly. It is possible to construct malicious pickle data which will execute arbitrary code during unpickling (See https://github.com/pytorch/pytorch/blob/main/SECURITY.md#untrusted-models for more details). In a future release, the default value for `weights_only` will be flipped to `True`. This limits the functions that could be executed during unpickling. Arbitrary objects will no longer be allowed to be loaded via this mode unless they are explicitly allowlisted by the user via `torch.serialization.add_safe_globals`. We recommend you start setting `weights_only=True` for any use case where you don't have full control of the loaded file. Please open an issue on GitHub for any issues related to this experimental feature.
  checkpoint = torch.load(model_path, map_location=self.device)
2025-07-09 14:19:25.129 | DEBUG    | phd_method.src_phd.topology:fast_ripser:87 - Distance matrix computation time: 0.57s
/homes/ahb24/MSc_Topology_Codebase/phd_method/src_phd/topology.py:60: RuntimeWarning: divide by zero encountered in log
  y = np.log(lengths)
/homes/ahb24/MSc_Topology_Codebase/phd_method/src_phd/topology.py:62: RuntimeWarning: invalid value encountered in scalar subtract
  m = (N * (x * y).sum() - x.sum() * y.sum()) / (N * (x ** 2).sum() - x.sum() ** 2)
2025-07-09 14:19:25.384 | DEBUG    | phd_method.src_phd.topology:ph_dim_from_distance_matrix:67 - Ph Dimension Calculation has an approximate error of: nan.
2025-07-09 14:19:25.405 | DEBUG    | phd_method.src_phd.topology:fast_ripser:87 - Distance matrix computation time: 0.01s
/homes/ahb24/MSc_Topology_Codebase/phd_method/src_phd/topology.py:60: RuntimeWarning: divide by zero encountered in log
  y = np.log(lengths)
/homes/ahb24/MSc_Topology_Codebase/phd_method/src_phd/topology.py:62: RuntimeWarning: invalid value encountered in scalar subtract
  m = (N * (x * y).sum() - x.sum() * y.sum()) / (N * (x ** 2).sum() - x.sum() ** 2)
2025-07-09 14:19:25.632 | DEBUG    | phd_method.src_phd.topology:ph_dim_from_distance_matrix:67 - Ph Dimension Calculation has an approximate error of: nan.
2025-07-09 14:19:25.653 | DEBUG    | phd_method.src_phd.topology:fast_ripser:87 - Distance matrix computation time: 0.02s
/homes/ahb24/MSc_Topology_Codebase/phd_method/src_phd/topology.py:60: RuntimeWarning: divide by zero encountered in log
  y = np.log(lengths)
/homes/ahb24/MSc_Topology_Codebase/phd_method/src_phd/topology.py:62: RuntimeWarning: invalid value encountered in scalar subtract
  m = (N * (x * y).sum() - x.sum() * y.sum()) / (N * (x ** 2).sum() - x.sum() ** 2)
2025-07-09 14:19:25.883 | DEBUG    | phd_method.src_phd.topology:ph_dim_from_distance_matrix:67 - Ph Dimension Calculation has an approximate error of: nan.
2025-07-09 14:19:27.096 | DEBUG    | phd_method.src_phd.topology:fast_ripser:87 - Distance matrix computation time: 0.48s
/homes/ahb24/MSc_Topology_Codebase/phd_method/src_phd/topology.py:60: RuntimeWarning: divide by zero encountered in log
  y = np.log(lengths)
/homes/ahb24/MSc_Topology_Codebase/phd_method/src_phd/topology.py:62: RuntimeWarning: invalid value encountered in scalar subtract
  m = (N * (x * y).sum() - x.sum() * y.sum()) / (N * (x ** 2).sum() - x.sum() ** 2)
2025-07-09 14:19:27.314 | DEBUG    | phd_method.src_phd.topology:ph_dim_from_distance_matrix:67 - Ph Dimension Calculation has an approximate error of: nan.
2025-07-09 14:19:27.805 | DEBUG    | phd_method.src_phd.topology:fast_ripser:87 - Distance matrix computation time: 0.48s
/homes/ahb24/MSc_Topology_Codebase/phd_method/src_phd/topology.py:60: RuntimeWarning: divide by zero encountered in log
  y = np.log(lengths)
/homes/ahb24/MSc_Topology_Codebase/phd_method/src_phd/topology.py:62: RuntimeWarning: invalid value encountered in scalar subtract
  m = (N * (x * y).sum() - x.sum() * y.sum()) / (N * (x ** 2).sum() - x.sum() ** 2)
2025-07-09 14:19:28.008 | DEBUG    | phd_method.src_phd.topology:ph_dim_from_distance_matrix:67 - Ph Dimension Calculation has an approximate error of: nan.
2025-07-09 14:19:28.508 | DEBUG    | phd_method.src_phd.topology:fast_ripser:87 - Distance matrix computation time: 0.49s
/homes/ahb24/MSc_Topology_Codebase/phd_method/src_phd/topology.py:60: RuntimeWarning: divide by zero encountered in log
  y = np.log(lengths)
/homes/ahb24/MSc_Topology_Codebase/phd_method/src_phd/topology.py:62: RuntimeWarning: invalid value encountered in scalar subtract
  m = (N * (x * y).sum() - x.sum() * y.sum()) / (N * (x ** 2).sum() - x.sum() ** 2)
2025-07-09 14:19:28.713 | DEBUG    | phd_method.src_phd.topology:ph_dim_from_distance_matrix:67 - Ph Dimension Calculation has an approximate error of: nan.
2025-07-09 14:19:29.936 | DEBUG    | phd_method.src_phd.topology:fast_ripser:87 - Distance matrix computation time: 0.18s
/homes/ahb24/MSc_Topology_Codebase/phd_method/src_phd/topology.py:60: RuntimeWarning: divide by zero encountered in log
  y = np.log(lengths)
/homes/ahb24/MSc_Topology_Codebase/phd_method/src_phd/topology.py:62: RuntimeWarning: invalid value encountered in scalar subtract
  m = (N * (x * y).sum() - x.sum() * y.sum()) / (N * (x ** 2).sum() - x.sum() ** 2)
2025-07-09 14:19:30.128 | DEBUG    | phd_method.src_phd.topology:ph_dim_from_distance_matrix:67 - Ph Dimension Calculation has an approximate error of: nan.
2025-07-09 14:19:30.311 | DEBUG    | phd_method.src_phd.topology:fast_ripser:87 - Distance matrix computation time: 0.18s
/homes/ahb24/MSc_Topology_Codebase/phd_method/src_phd/topology.py:60: RuntimeWarning: divide by zero encountered in log
  y = np.log(lengths)
/homes/ahb24/MSc_Topology_Codebase/phd_method/src_phd/topology.py:62: RuntimeWarning: invalid value encountered in scalar subtract
  m = (N * (x * y).sum() - x.sum() * y.sum()) / (N * (x ** 2).sum() - x.sum() ** 2)
2025-07-09 14:19:30.511 | DEBUG    | phd_method.src_phd.topology:ph_dim_from_distance_matrix:67 - Ph Dimension Calculation has an approximate error of: nan.
2025-07-09 14:19:30.689 | DEBUG    | phd_method.src_phd.topology:fast_ripser:87 - Distance matrix computation time: 0.17s
/homes/ahb24/MSc_Topology_Codebase/phd_method/src_phd/topology.py:60: RuntimeWarning: divide by zero encountered in log
  y = np.log(lengths)
/homes/ahb24/MSc_Topology_Codebase/phd_method/src_phd/topology.py:62: RuntimeWarning: invalid value encountered in scalar subtract
  m = (N * (x * y).sum() - x.sum() * y.sum()) / (N * (x ** 2).sum() - x.sum() ** 2)
2025-07-09 14:19:30.884 | DEBUG    | phd_method.src_phd.topology:ph_dim_from_distance_matrix:67 - Ph Dimension Calculation has an approximate error of: nan.
2025-07-09 14:19:31.815 | DEBUG    | phd_method.src_phd.topology:fast_ripser:87 - Distance matrix computation time: 0.15s
2025-07-09 14:19:32.027 | DEBUG    | phd_method.src_phd.topology:ph_dim_from_distance_matrix:67 - Ph Dimension Calculation has an approximate error of: 5.8502766609320763e-08.
2025-07-09 14:19:32.040 | DEBUG    | phd_method.src_phd.topology:fast_ripser:87 - Distance matrix computation time: 0.01s
2025-07-09 14:19:32.255 | DEBUG    | phd_method.src_phd.topology:ph_dim_from_distance_matrix:67 - Ph Dimension Calculation has an approximate error of: 5.8502766609320763e-08.
2025-07-09 14:19:32.271 | DEBUG    | phd_method.src_phd.topology:fast_ripser:87 - Distance matrix computation time: 0.01s
2025-07-09 14:19:32.494 | DEBUG    | phd_method.src_phd.topology:ph_dim_from_distance_matrix:67 - Ph Dimension Calculation has an approximate error of: 5.8502766609320763e-08.
/homes/ahb24/MSc_Topology_Codebase/phd_method/src_phd/topology.py:60: RuntimeWarning: divide by zero encountered in log
  y = np.log(lengths)
/homes/ahb24/MSc_Topology_Codebase/phd_method/src_phd/topology.py:62: RuntimeWarning: invalid value encountered in scalar subtract
  m = (N * (x * y).sum() - x.sum() * y.sum()) / (N * (x ** 2).sum() - x.sum() ** 2)
2025-07-09 14:19:36.245 | DEBUG    | phd_method.src_phd.topology:ph_dim_from_distance_matrix:67 - Ph Dimension Calculation has an approximate error of: nan.
/homes/ahb24/MSc_Topology_Codebase/phd_method/src_phd/topology.py:60: RuntimeWarning: divide by zero encountered in log
  y = np.log(lengths)
/homes/ahb24/MSc_Topology_Codebase/phd_method/src_phd/topology.py:62: RuntimeWarning: invalid value encountered in scalar subtract
  m = (N * (x * y).sum() - x.sum() * y.sum()) / (N * (x ** 2).sum() - x.sum() ** 2)
2025-07-09 14:19:39.176 | DEBUG    | phd_method.src_phd.topology:ph_dim_from_distance_matrix:67 - Ph Dimension Calculation has an approximate error of: nan.
/homes/ahb24/MSc_Topology_Codebase/phd_method/src_phd/topology.py:60: RuntimeWarning: divide by zero encountered in log
  y = np.log(lengths)
/homes/ahb24/MSc_Topology_Codebase/phd_method/src_phd/topology.py:62: RuntimeWarning: invalid value encountered in scalar subtract
  m = (N * (x * y).sum() - x.sum() * y.sum()) / (N * (x ** 2).sum() - x.sum() ** 2)
2025-07-09 14:19:42.153 | DEBUG    | phd_method.src_phd.topology:ph_dim_from_distance_matrix:67 - Ph Dimension Calculation has an approximate error of: nan.
/homes/ahb24/MSc_Topology_Codebase/phd_method/src_phd/topology.py:60: RuntimeWarning: divide by zero encountered in log
  y = np.log(lengths)
/homes/ahb24/MSc_Topology_Codebase/phd_method/src_phd/topology.py:62: RuntimeWarning: invalid value encountered in scalar subtract
  m = (N * (x * y).sum() - x.sum() * y.sum()) / (N * (x ** 2).sum() - x.sum() ** 2)
2025-07-09 14:19:54.879 | DEBUG    | phd_method.src_phd.topology:ph_dim_from_distance_matrix:67 - Ph Dimension Calculation has an approximate error of: nan.
/homes/ahb24/MSc_Topology_Codebase/phd_method/src_phd/topology.py:60: RuntimeWarning: divide by zero encountered in log
  y = np.log(lengths)
/homes/ahb24/MSc_Topology_Codebase/phd_method/src_phd/topology.py:62: RuntimeWarning: invalid value encountered in scalar subtract
  m = (N * (x * y).sum() - x.sum() * y.sum()) / (N * (x ** 2).sum() - x.sum() ** 2)
2025-07-09 14:19:57.830 | DEBUG    | phd_method.src_phd.topology:ph_dim_from_distance_matrix:67 - Ph Dimension Calculation has an approximate error of: nan.
/homes/ahb24/MSc_Topology_Codebase/phd_method/src_phd/topology.py:60: RuntimeWarning: divide by zero encountered in log
  y = np.log(lengths)
/homes/ahb24/MSc_Topology_Codebase/phd_method/src_phd/topology.py:62: RuntimeWarning: invalid value encountered in scalar subtract
  m = (N * (x * y).sum() - x.sum() * y.sum()) / (N * (x ** 2).sum() - x.sum() ** 2)
2025-07-09 14:20:00.719 | DEBUG    | phd_method.src_phd.topology:ph_dim_from_distance_matrix:67 - Ph Dimension Calculation has an approximate error of: nan.
2025-07-09 14:20:10.667 | DEBUG    | phd_method.src_phd.topology:fast_ripser:87 - Distance matrix computation time: 0.37s
/homes/ahb24/MSc_Topology_Codebase/phd_method/src_phd/topology.py:60: RuntimeWarning: divide by zero encountered in log
  y = np.log(lengths)
/homes/ahb24/MSc_Topology_Codebase/phd_method/src_phd/topology.py:62: RuntimeWarning: invalid value encountered in scalar subtract
  m = (N * (x * y).sum() - x.sum() * y.sum()) / (N * (x ** 2).sum() - x.sum() ** 2)
2025-07-09 14:20:10.877 | DEBUG    | phd_method.src_phd.topology:ph_dim_from_distance_matrix:67 - Ph Dimension Calculation has an approximate error of: nan.
2025-07-09 14:20:11.249 | DEBUG    | phd_method.src_phd.topology:fast_ripser:87 - Distance matrix computation time: 0.37s
/homes/ahb24/MSc_Topology_Codebase/phd_method/src_phd/topology.py:60: RuntimeWarning: divide by zero encountered in log
  y = np.log(lengths)
/homes/ahb24/MSc_Topology_Codebase/phd_method/src_phd/topology.py:62: RuntimeWarning: invalid value encountered in scalar subtract
  m = (N * (x * y).sum() - x.sum() * y.sum()) / (N * (x ** 2).sum() - x.sum() ** 2)
2025-07-09 14:20:11.433 | DEBUG    | phd_method.src_phd.topology:ph_dim_from_distance_matrix:67 - Ph Dimension Calculation has an approximate error of: nan.
2025-07-09 14:20:11.851 | DEBUG    | phd_method.src_phd.topology:fast_ripser:87 - Distance matrix computation time: 0.41s
/homes/ahb24/MSc_Topology_Codebase/phd_method/src_phd/topology.py:60: RuntimeWarning: divide by zero encountered in log
  y = np.log(lengths)
/homes/ahb24/MSc_Topology_Codebase/phd_method/src_phd/topology.py:62: RuntimeWarning: invalid value encountered in scalar subtract
  m = (N * (x * y).sum() - x.sum() * y.sum()) / (N * (x ** 2).sum() - x.sum() ** 2)
2025-07-09 14:20:12.041 | DEBUG    | phd_method.src_phd.topology:ph_dim_from_distance_matrix:67 - Ph Dimension Calculation has an approximate error of: nan.
2025-07-09 14:20:14.492 | DEBUG    | phd_method.src_phd.topology:fast_ripser:87 - Distance matrix computation time: 0.25s
/homes/ahb24/MSc_Topology_Codebase/phd_method/src_phd/topology.py:60: RuntimeWarning: divide by zero encountered in log
  y = np.log(lengths)
/homes/ahb24/MSc_Topology_Codebase/phd_method/src_phd/topology.py:62: RuntimeWarning: invalid value encountered in scalar subtract
  m = (N * (x * y).sum() - x.sum() * y.sum()) / (N * (x ** 2).sum() - x.sum() ** 2)
2025-07-09 14:20:14.589 | DEBUG    | phd_method.src_phd.topology:ph_dim_from_distance_matrix:67 - Ph Dimension Calculation has an approximate error of: nan.
2025-07-09 14:20:14.838 | DEBUG    | phd_method.src_phd.topology:fast_ripser:87 - Distance matrix computation time: 0.24s
/homes/ahb24/MSc_Topology_Codebase/phd_method/src_phd/topology.py:60: RuntimeWarning: divide by zero encountered in log
  y = np.log(lengths)
/homes/ahb24/MSc_Topology_Codebase/phd_method/src_phd/topology.py:62: RuntimeWarning: invalid value encountered in scalar subtract
  m = (N * (x * y).sum() - x.sum() * y.sum()) / (N * (x ** 2).sum() - x.sum() ** 2)
2025-07-09 14:20:14.941 | DEBUG    | phd_method.src_phd.topology:ph_dim_from_distance_matrix:67 - Ph Dimension Calculation has an approximate error of: nan.
2025-07-09 14:20:15.193 | DEBUG    | phd_method.src_phd.topology:fast_ripser:87 - Distance matrix computation time: 0.25s
/homes/ahb24/MSc_Topology_Codebase/phd_method/src_phd/topology.py:60: RuntimeWarning: divide by zero encountered in log
  y = np.log(lengths)
/homes/ahb24/MSc_Topology_Codebase/phd_method/src_phd/topology.py:62: RuntimeWarning: invalid value encountered in scalar subtract
  m = (N * (x * y).sum() - x.sum() * y.sum()) / (N * (x ** 2).sum() - x.sum() ** 2)
2025-07-09 14:20:15.289 | DEBUG    | phd_method.src_phd.topology:ph_dim_from_distance_matrix:67 - Ph Dimension Calculation has an approximate error of: nan.
2025-07-09 14:20:16.417 | DEBUG    | phd_method.src_phd.topology:fast_ripser:87 - Distance matrix computation time: 0.02s
2025-07-09 14:20:16.714 | DEBUG    | phd_method.src_phd.topology:ph_dim_from_distance_matrix:67 - Ph Dimension Calculation has an approximate error of: 5.4647206850729525e-05.
2025-07-09 14:20:16.734 | DEBUG    | phd_method.src_phd.topology:fast_ripser:87 - Distance matrix computation time: 0.01s
2025-07-09 14:20:17.036 | DEBUG    | phd_method.src_phd.topology:ph_dim_from_distance_matrix:67 - Ph Dimension Calculation has an approximate error of: 3.2603216474364705e-05.
2025-07-09 14:20:17.058 | DEBUG    | phd_method.src_phd.topology:fast_ripser:87 - Distance matrix computation time: 0.02s
2025-07-09 14:20:17.354 | DEBUG    | phd_method.src_phd.topology:ph_dim_from_distance_matrix:67 - Ph Dimension Calculation has an approximate error of: 4.4369968078051975e-05.
2025-07-09 14:20:19.025 | DEBUG    | phd_method.src_phd.topology:fast_ripser:87 - Distance matrix computation time: 0.48s
2025-07-09 14:20:19.272 | DEBUG    | phd_method.src_phd.topology:ph_dim_from_distance_matrix:67 - Ph Dimension Calculation has an approximate error of: 4.920535259419236e-05.
2025-07-09 14:20:19.755 | DEBUG    | phd_method.src_phd.topology:fast_ripser:87 - Distance matrix computation time: 0.48s
2025-07-09 14:20:20.005 | DEBUG    | phd_method.src_phd.topology:ph_dim_from_distance_matrix:67 - Ph Dimension Calculation has an approximate error of: 2.8817611126727144e-05.
2025-07-09 14:20:20.497 | DEBUG    | phd_method.src_phd.topology:fast_ripser:87 - Distance matrix computation time: 0.49s
2025-07-09 14:20:20.757 | DEBUG    | phd_method.src_phd.topology:ph_dim_from_distance_matrix:67 - Ph Dimension Calculation has an approximate error of: 4.695461779096989e-05.
2025-07-09 14:20:21.926 | DEBUG    | phd_method.src_phd.topology:fast_ripser:87 - Distance matrix computation time: 0.17s
2025-07-09 14:20:22.184 | DEBUG    | phd_method.src_phd.topology:ph_dim_from_distance_matrix:67 - Ph Dimension Calculation has an approximate error of: 5.78859718482441e-05.
2025-07-09 14:20:22.361 | DEBUG    | phd_method.src_phd.topology:fast_ripser:87 - Distance matrix computation time: 0.17s
2025-07-09 14:20:22.630 | DEBUG    | phd_method.src_phd.topology:ph_dim_from_distance_matrix:67 - Ph Dimension Calculation has an approximate error of: 2.828554864977445e-05.
2025-07-09 14:20:22.808 | DEBUG    | phd_method.src_phd.topology:fast_ripser:87 - Distance matrix computation time: 0.17s
2025-07-09 14:20:23.071 | DEBUG    | phd_method.src_phd.topology:ph_dim_from_distance_matrix:67 - Ph Dimension Calculation has an approximate error of: 2.899139108630379e-05.
2025-07-09 14:20:24.721 | DEBUG    | phd_method.src_phd.topology:fast_ripser:87 - Distance matrix computation time: 0.01s
2025-07-09 14:20:25.010 | DEBUG    | phd_method.src_phd.topology:ph_dim_from_distance_matrix:67 - Ph Dimension Calculation has an approximate error of: 3.3549531961007843e-06.
2025-07-09 14:20:25.024 | DEBUG    | phd_method.src_phd.topology:fast_ripser:87 - Distance matrix computation time: 0.01s
2025-07-09 14:20:25.299 | DEBUG    | phd_method.src_phd.topology:ph_dim_from_distance_matrix:67 - Ph Dimension Calculation has an approximate error of: 5.734340865922959e-06.
2025-07-09 14:20:25.312 | DEBUG    | phd_method.src_phd.topology:fast_ripser:87 - Distance matrix computation time: 0.01s
2025-07-09 14:20:25.589 | DEBUG    | phd_method.src_phd.topology:ph_dim_from_distance_matrix:67 - Ph Dimension Calculation has an approximate error of: 3.7258351949920794e-05.
2025-07-09 14:20:33.637 | DEBUG    | phd_method.src_phd.topology:ph_dim_from_distance_matrix:67 - Ph Dimension Calculation has an approximate error of: 5.745038932693598e-05.
2025-07-09 14:20:41.310 | DEBUG    | phd_method.src_phd.topology:ph_dim_from_distance_matrix:67 - Ph Dimension Calculation has an approximate error of: 3.263369239920575e-05.
2025-07-09 14:20:48.898 | DEBUG    | phd_method.src_phd.topology:ph_dim_from_distance_matrix:67 - Ph Dimension Calculation has an approximate error of: 4.132261082069175e-05.
2025-07-09 14:21:20.746 | DEBUG    | phd_method.src_phd.topology:ph_dim_from_distance_matrix:67 - Ph Dimension Calculation has an approximate error of: 5.6696193587624325e-05.
2025-07-09 14:21:28.372 | DEBUG    | phd_method.src_phd.topology:ph_dim_from_distance_matrix:67 - Ph Dimension Calculation has an approximate error of: 3.387860944738983e-05.
2025-07-09 14:21:36.066 | DEBUG    | phd_method.src_phd.topology:ph_dim_from_distance_matrix:67 - Ph Dimension Calculation has an approximate error of: 3.7296624769476e-05.
2025-07-09 14:22:00.107 | DEBUG    | phd_method.src_phd.topology:fast_ripser:87 - Distance matrix computation time: 0.39s
2025-07-09 14:22:00.364 | DEBUG    | phd_method.src_phd.topology:ph_dim_from_distance_matrix:67 - Ph Dimension Calculation has an approximate error of: 2.311922945388756e-06.
2025-07-09 14:22:00.812 | DEBUG    | phd_method.src_phd.topology:fast_ripser:87 - Distance matrix computation time: 0.44s
2025-07-09 14:22:01.055 | DEBUG    | phd_method.src_phd.topology:ph_dim_from_distance_matrix:67 - Ph Dimension Calculation has an approximate error of: 7.234411419612365e-07.
2025-07-09 14:22:01.465 | DEBUG    | phd_method.src_phd.topology:fast_ripser:87 - Distance matrix computation time: 0.4s
2025-07-09 14:22:01.726 | DEBUG    | phd_method.src_phd.topology:ph_dim_from_distance_matrix:67 - Ph Dimension Calculation has an approximate error of: 1.396882227403314e-06.
2025-07-09 14:22:04.274 | DEBUG    | phd_method.src_phd.topology:fast_ripser:87 - Distance matrix computation time: 0.25s
2025-07-09 14:22:04.615 | DEBUG    | phd_method.src_phd.topology:ph_dim_from_distance_matrix:67 - Ph Dimension Calculation has an approximate error of: 1.6264805277204824e-06.
2025-07-09 14:22:04.887 | DEBUG    | phd_method.src_phd.topology:fast_ripser:87 - Distance matrix computation time: 0.27s
2025-07-09 14:22:05.235 | DEBUG    | phd_method.src_phd.topology:ph_dim_from_distance_matrix:67 - Ph Dimension Calculation has an approximate error of: 1.4654477875838325e-06.
2025-07-09 14:22:05.533 | DEBUG    | phd_method.src_phd.topology:fast_ripser:87 - Distance matrix computation time: 0.26s
2025-07-09 14:22:05.796 | DEBUG    | phd_method.src_phd.topology:ph_dim_from_distance_matrix:67 - Ph Dimension Calculation has an approximate error of: 5.8969022719649955e-06.
