/homes/ahb24/MSc_Topology_Codebase/src/hyperbolic_projection_asymmetry.py:138: FutureWarning: You are using `torch.load` with `weights_only=False` (the current default value), which uses the default pickle module implicitly. It is possible to construct malicious pickle data which will execute arbitrary code during unpickling (See https://github.com/pytorch/pytorch/blob/main/SECURITY.md#untrusted-models for more details). In a future release, the default value for `weights_only` will be flipped to `True`. This limits the functions that could be executed during unpickling. Arbitrary objects will no longer be allowed to be loaded via this mode unless they are explicitly allowlisted by the user via `torch.serialization.add_safe_globals`. We recommend you start setting `weights_only=True` for any use case where you don't have full control of the loaded file. Please open an issue on GitHub for any issues related to this experimental feature.
  checkpoint = torch.load(model_path, map_location=self.device)
/homes/ahb24/MSc_Topology_Codebase/src/hyperbolic_projection_asymmetry.py:138: FutureWarning: You are using `torch.load` with `weights_only=False` (the current default value), which uses the default pickle module implicitly. It is possible to construct malicious pickle data which will execute arbitrary code during unpickling (See https://github.com/pytorch/pytorch/blob/main/SECURITY.md#untrusted-models for more details). In a future release, the default value for `weights_only` will be flipped to `True`. This limits the functions that could be executed during unpickling. Arbitrary objects will no longer be allowed to be loaded via this mode unless they are explicitly allowlisted by the user via `torch.serialization.add_safe_globals`. We recommend you start setting `weights_only=True` for any use case where you don't have full control of the loaded file. Please open an issue on GitHub for any issues related to this experimental feature.
  checkpoint = torch.load(model_path, map_location=self.device)
2025-07-09 14:56:50.365 | DEBUG    | phd_method.src_phd.topology:fast_ripser:87 - Distance matrix computation time: 0.01s
2025-07-09 14:56:50.696 | DEBUG    | phd_method.src_phd.topology:ph_dim_from_distance_matrix:67 - Ph Dimension Calculation has an approximate error of: 0.00015895150769827302.
2025-07-09 14:56:50.708 | DEBUG    | phd_method.src_phd.topology:fast_ripser:87 - Distance matrix computation time: 0.01s
2025-07-09 14:56:51.032 | DEBUG    | phd_method.src_phd.topology:ph_dim_from_distance_matrix:67 - Ph Dimension Calculation has an approximate error of: 4.594092531132991e-05.
2025-07-09 14:56:51.047 | DEBUG    | phd_method.src_phd.topology:fast_ripser:87 - Distance matrix computation time: 0.01s
2025-07-09 14:56:51.386 | DEBUG    | phd_method.src_phd.topology:ph_dim_from_distance_matrix:67 - Ph Dimension Calculation has an approximate error of: 3.430821516060949e-05.
2025-07-09 14:56:51.606 | DEBUG    | phd_method.src_phd.topology:fast_ripser:87 - Distance matrix computation time: 0.07s
2025-07-09 14:56:51.916 | DEBUG    | phd_method.src_phd.topology:ph_dim_from_distance_matrix:67 - Ph Dimension Calculation has an approximate error of: 0.00016200498351391548.
2025-07-09 14:56:51.996 | DEBUG    | phd_method.src_phd.topology:fast_ripser:87 - Distance matrix computation time: 0.07s
2025-07-09 14:56:52.293 | DEBUG    | phd_method.src_phd.topology:ph_dim_from_distance_matrix:67 - Ph Dimension Calculation has an approximate error of: 4.9039013754206815e-05.
2025-07-09 14:56:52.373 | DEBUG    | phd_method.src_phd.topology:fast_ripser:87 - Distance matrix computation time: 0.07s
2025-07-09 14:56:52.672 | DEBUG    | phd_method.src_phd.topology:ph_dim_from_distance_matrix:67 - Ph Dimension Calculation has an approximate error of: 3.1653022711133447e-05.
2025-07-09 14:56:52.952 | DEBUG    | phd_method.src_phd.topology:fast_ripser:87 - Distance matrix computation time: 0.03s
2025-07-09 14:56:53.275 | DEBUG    | phd_method.src_phd.topology:ph_dim_from_distance_matrix:67 - Ph Dimension Calculation has an approximate error of: 0.00014700541140222071.
2025-07-09 14:56:53.313 | DEBUG    | phd_method.src_phd.topology:fast_ripser:87 - Distance matrix computation time: 0.03s
2025-07-09 14:56:53.634 | DEBUG    | phd_method.src_phd.topology:ph_dim_from_distance_matrix:67 - Ph Dimension Calculation has an approximate error of: 3.877331862834199e-05.
2025-07-09 14:56:53.671 | DEBUG    | phd_method.src_phd.topology:fast_ripser:87 - Distance matrix computation time: 0.03s
2025-07-09 14:56:54.001 | DEBUG    | phd_method.src_phd.topology:ph_dim_from_distance_matrix:67 - Ph Dimension Calculation has an approximate error of: 4.392520687571012e-05.
2025-07-09 14:56:54.231 | DEBUG    | phd_method.src_phd.topology:fast_ripser:87 - Distance matrix computation time: 0.0s
2025-07-09 14:56:54.524 | DEBUG    | phd_method.src_phd.topology:ph_dim_from_distance_matrix:67 - Ph Dimension Calculation has an approximate error of: 0.00012075071418064085.
2025-07-09 14:56:54.533 | DEBUG    | phd_method.src_phd.topology:fast_ripser:87 - Distance matrix computation time: 0.0s
2025-07-09 14:56:54.822 | DEBUG    | phd_method.src_phd.topology:ph_dim_from_distance_matrix:67 - Ph Dimension Calculation has an approximate error of: 1.4502074828268256e-05.
2025-07-09 14:56:54.833 | DEBUG    | phd_method.src_phd.topology:fast_ripser:87 - Distance matrix computation time: 0.01s
2025-07-09 14:56:55.110 | DEBUG    | phd_method.src_phd.topology:ph_dim_from_distance_matrix:67 - Ph Dimension Calculation has an approximate error of: 3.029818780067658e-05.
2025-07-09 14:56:56.765 | DEBUG    | phd_method.src_phd.topology:ph_dim_from_distance_matrix:67 - Ph Dimension Calculation has an approximate error of: 0.00014739865638027695.
2025-07-09 14:56:58.328 | DEBUG    | phd_method.src_phd.topology:ph_dim_from_distance_matrix:67 - Ph Dimension Calculation has an approximate error of: 4.585033988753705e-05.
2025-07-09 14:56:59.890 | DEBUG    | phd_method.src_phd.topology:ph_dim_from_distance_matrix:67 - Ph Dimension Calculation has an approximate error of: 3.603238523567005e-05.
2025-07-09 14:57:05.703 | DEBUG    | phd_method.src_phd.topology:ph_dim_from_distance_matrix:67 - Ph Dimension Calculation has an approximate error of: 0.0001423051673352918.
2025-07-09 14:57:07.294 | DEBUG    | phd_method.src_phd.topology:ph_dim_from_distance_matrix:67 - Ph Dimension Calculation has an approximate error of: 4.380871536629273e-05.
2025-07-09 14:57:08.812 | DEBUG    | phd_method.src_phd.topology:ph_dim_from_distance_matrix:67 - Ph Dimension Calculation has an approximate error of: 3.554146709843118e-05.
2025-07-09 14:57:12.844 | DEBUG    | phd_method.src_phd.topology:fast_ripser:87 - Distance matrix computation time: 0.07s
2025-07-09 14:57:13.136 | DEBUG    | phd_method.src_phd.topology:ph_dim_from_distance_matrix:67 - Ph Dimension Calculation has an approximate error of: 3.495378501118178e-05.
2025-07-09 14:57:13.208 | DEBUG    | phd_method.src_phd.topology:fast_ripser:87 - Distance matrix computation time: 0.07s
2025-07-09 14:57:13.536 | DEBUG    | phd_method.src_phd.topology:ph_dim_from_distance_matrix:67 - Ph Dimension Calculation has an approximate error of: 4.160975875159323e-06.
2025-07-09 14:57:13.612 | DEBUG    | phd_method.src_phd.topology:fast_ripser:87 - Distance matrix computation time: 0.07s
2025-07-09 14:57:13.902 | DEBUG    | phd_method.src_phd.topology:ph_dim_from_distance_matrix:67 - Ph Dimension Calculation has an approximate error of: 1.3083483843477756e-05.
2025-07-09 14:57:14.287 | DEBUG    | phd_method.src_phd.topology:fast_ripser:87 - Distance matrix computation time: 0.05s
/homes/ahb24/MSc_Topology_Codebase/phd_method/src_phd/topology.py:60: RuntimeWarning: divide by zero encountered in log
  y = np.log(lengths)
/homes/ahb24/MSc_Topology_Codebase/phd_method/src_phd/topology.py:62: RuntimeWarning: invalid value encountered in scalar subtract
  m = (N * (x * y).sum() - x.sum() * y.sum()) / (N * (x ** 2).sum() - x.sum() ** 2)
2025-07-09 14:57:14.481 | DEBUG    | phd_method.src_phd.topology:ph_dim_from_distance_matrix:67 - Ph Dimension Calculation has an approximate error of: nan.
2025-07-09 14:57:14.528 | DEBUG    | phd_method.src_phd.topology:fast_ripser:87 - Distance matrix computation time: 0.04s
2025-07-09 14:57:14.847 | DEBUG    | phd_method.src_phd.topology:ph_dim_from_distance_matrix:67 - Ph Dimension Calculation has an approximate error of: 5.2693639713822445e-06.
2025-07-09 14:57:14.901 | DEBUG    | phd_method.src_phd.topology:fast_ripser:87 - Distance matrix computation time: 0.05s
2025-07-09 14:57:15.193 | DEBUG    | phd_method.src_phd.topology:ph_dim_from_distance_matrix:67 - Ph Dimension Calculation has an approximate error of: 8.112547214999814e-06.
2025-07-09 14:57:15.508 | DEBUG    | phd_method.src_phd.topology:fast_ripser:87 - Distance matrix computation time: 0.01s
2025-07-09 14:57:15.793 | DEBUG    | phd_method.src_phd.topology:ph_dim_from_distance_matrix:67 - Ph Dimension Calculation has an approximate error of: 8.914207427393548e-05.
2025-07-09 14:57:15.813 | DEBUG    | phd_method.src_phd.topology:fast_ripser:87 - Distance matrix computation time: 0.01s
2025-07-09 14:57:16.115 | DEBUG    | phd_method.src_phd.topology:ph_dim_from_distance_matrix:67 - Ph Dimension Calculation has an approximate error of: 3.3389497049846074e-05.
2025-07-09 14:57:16.135 | DEBUG    | phd_method.src_phd.topology:fast_ripser:87 - Distance matrix computation time: 0.01s
2025-07-09 14:57:16.436 | DEBUG    | phd_method.src_phd.topology:ph_dim_from_distance_matrix:67 - Ph Dimension Calculation has an approximate error of: 2.50567421092356e-05.
2025-07-09 14:57:18.521 | DEBUG    | phd_method.src_phd.topology:fast_ripser:87 - Distance matrix computation time: 0.5s
2025-07-09 14:57:18.780 | DEBUG    | phd_method.src_phd.topology:ph_dim_from_distance_matrix:67 - Ph Dimension Calculation has an approximate error of: 9.238483238582269e-05.
2025-07-09 14:57:19.297 | DEBUG    | phd_method.src_phd.topology:fast_ripser:87 - Distance matrix computation time: 0.51s
2025-07-09 14:57:19.578 | DEBUG    | phd_method.src_phd.topology:ph_dim_from_distance_matrix:67 - Ph Dimension Calculation has an approximate error of: 3.760295838332626e-05.
2025-07-09 14:57:20.081 | DEBUG    | phd_method.src_phd.topology:fast_ripser:87 - Distance matrix computation time: 0.5s
2025-07-09 14:57:20.340 | DEBUG    | phd_method.src_phd.topology:ph_dim_from_distance_matrix:67 - Ph Dimension Calculation has an approximate error of: 2.464960119190295e-05.
2025-07-09 14:57:22.884 | DEBUG    | phd_method.src_phd.topology:fast_ripser:87 - Distance matrix computation time: 0.17s
2025-07-09 14:57:23.201 | DEBUG    | phd_method.src_phd.topology:ph_dim_from_distance_matrix:67 - Ph Dimension Calculation has an approximate error of: 0.00010487607980432998.
2025-07-09 14:57:23.380 | DEBUG    | phd_method.src_phd.topology:fast_ripser:87 - Distance matrix computation time: 0.17s
2025-07-09 14:57:23.717 | DEBUG    | phd_method.src_phd.topology:ph_dim_from_distance_matrix:67 - Ph Dimension Calculation has an approximate error of: 3.39166427865788e-05.
2025-07-09 14:57:23.904 | DEBUG    | phd_method.src_phd.topology:fast_ripser:87 - Distance matrix computation time: 0.18s
2025-07-09 14:57:24.223 | DEBUG    | phd_method.src_phd.topology:ph_dim_from_distance_matrix:67 - Ph Dimension Calculation has an approximate error of: 2.6260928402639417e-05.
2025-07-09 14:57:25.095 | DEBUG    | phd_method.src_phd.topology:fast_ripser:87 - Distance matrix computation time: 0.01s
2025-07-09 14:57:25.459 | DEBUG    | phd_method.src_phd.topology:ph_dim_from_distance_matrix:67 - Ph Dimension Calculation has an approximate error of: 1.343323470936752e-05.
2025-07-09 14:57:25.476 | DEBUG    | phd_method.src_phd.topology:fast_ripser:87 - Distance matrix computation time: 0.01s
2025-07-09 14:57:25.819 | DEBUG    | phd_method.src_phd.topology:ph_dim_from_distance_matrix:67 - Ph Dimension Calculation has an approximate error of: 3.1917420714845237e-06.
2025-07-09 14:57:25.834 | DEBUG    | phd_method.src_phd.topology:fast_ripser:87 - Distance matrix computation time: 0.01s
2025-07-09 14:57:26.147 | DEBUG    | phd_method.src_phd.topology:ph_dim_from_distance_matrix:67 - Ph Dimension Calculation has an approximate error of: 5.324599738829234e-06.
2025-07-09 14:57:35.297 | DEBUG    | phd_method.src_phd.topology:ph_dim_from_distance_matrix:67 - Ph Dimension Calculation has an approximate error of: 9.008372467093505e-05.
2025-07-09 14:57:43.174 | DEBUG    | phd_method.src_phd.topology:ph_dim_from_distance_matrix:67 - Ph Dimension Calculation has an approximate error of: 3.3616345117270677e-05.
2025-07-09 14:57:51.056 | DEBUG    | phd_method.src_phd.topology:ph_dim_from_distance_matrix:67 - Ph Dimension Calculation has an approximate error of: 2.6705429508644453e-05.
2025-07-09 14:58:23.915 | DEBUG    | phd_method.src_phd.topology:ph_dim_from_distance_matrix:67 - Ph Dimension Calculation has an approximate error of: 9.063906313745585e-05.
2025-07-09 14:58:31.909 | DEBUG    | phd_method.src_phd.topology:ph_dim_from_distance_matrix:67 - Ph Dimension Calculation has an approximate error of: 3.312226423644712e-05.
2025-07-09 14:58:40.249 | DEBUG    | phd_method.src_phd.topology:ph_dim_from_distance_matrix:67 - Ph Dimension Calculation has an approximate error of: 2.9019437832720045e-05.
2025-07-09 14:59:05.130 | DEBUG    | phd_method.src_phd.topology:fast_ripser:87 - Distance matrix computation time: 0.4s
2025-07-09 14:59:05.399 | DEBUG    | phd_method.src_phd.topology:ph_dim_from_distance_matrix:67 - Ph Dimension Calculation has an approximate error of: 6.115502872214358e-06.
2025-07-09 14:59:05.823 | DEBUG    | phd_method.src_phd.topology:fast_ripser:87 - Distance matrix computation time: 0.42s
2025-07-09 14:59:06.100 | DEBUG    | phd_method.src_phd.topology:ph_dim_from_distance_matrix:67 - Ph Dimension Calculation has an approximate error of: 1.4726552817798154e-06.
2025-07-09 14:59:06.510 | DEBUG    | phd_method.src_phd.topology:fast_ripser:87 - Distance matrix computation time: 0.4s
2025-07-09 14:59:06.773 | DEBUG    | phd_method.src_phd.topology:ph_dim_from_distance_matrix:67 - Ph Dimension Calculation has an approximate error of: 7.203481810446006e-07.
2025-07-09 14:59:09.420 | DEBUG    | phd_method.src_phd.topology:fast_ripser:87 - Distance matrix computation time: 0.27s
/homes/ahb24/MSc_Topology_Codebase/phd_method/src_phd/topology.py:60: RuntimeWarning: divide by zero encountered in log
  y = np.log(lengths)
/homes/ahb24/MSc_Topology_Codebase/phd_method/src_phd/topology.py:62: RuntimeWarning: invalid value encountered in scalar subtract
  m = (N * (x * y).sum() - x.sum() * y.sum()) / (N * (x ** 2).sum() - x.sum() ** 2)
2025-07-09 14:59:09.579 | DEBUG    | phd_method.src_phd.topology:ph_dim_from_distance_matrix:67 - Ph Dimension Calculation has an approximate error of: nan.
2025-07-09 14:59:09.833 | DEBUG    | phd_method.src_phd.topology:fast_ripser:87 - Distance matrix computation time: 0.25s
2025-07-09 14:59:10.081 | DEBUG    | phd_method.src_phd.topology:ph_dim_from_distance_matrix:67 - Ph Dimension Calculation has an approximate error of: 1.3928144601727968e-06.
2025-07-09 14:59:10.342 | DEBUG    | phd_method.src_phd.topology:fast_ripser:87 - Distance matrix computation time: 0.26s
2025-07-09 14:59:10.605 | DEBUG    | phd_method.src_phd.topology:ph_dim_from_distance_matrix:67 - Ph Dimension Calculation has an approximate error of: 2.191374624934449e-06.
