/homes/ahb24/MSc_Topology_Codebase/src/hyperbolic_projection_asymmetry.py:138: FutureWarning: You are using `torch.load` with `weights_only=False` (the current default value), which uses the default pickle module implicitly. It is possible to construct malicious pickle data which will execute arbitrary code during unpickling (See https://github.com/pytorch/pytorch/blob/main/SECURITY.md#untrusted-models for more details). In a future release, the default value for `weights_only` will be flipped to `True`. This limits the functions that could be executed during unpickling. Arbitrary objects will no longer be allowed to be loaded via this mode unless they are explicitly allowlisted by the user via `torch.serialization.add_safe_globals`. We recommend you start setting `weights_only=True` for any use case where you don't have full control of the loaded file. Please open an issue on GitHub for any issues related to this experimental feature.
  checkpoint = torch.load(model_path, map_location=self.device)
/homes/ahb24/MSc_Topology_Codebase/src/hyperbolic_projection_asymmetry.py:138: FutureWarning: You are using `torch.load` with `weights_only=False` (the current default value), which uses the default pickle module implicitly. It is possible to construct malicious pickle data which will execute arbitrary code during unpickling (See https://github.com/pytorch/pytorch/blob/main/SECURITY.md#untrusted-models for more details). In a future release, the default value for `weights_only` will be flipped to `True`. This limits the functions that could be executed during unpickling. Arbitrary objects will no longer be allowed to be loaded via this mode unless they are explicitly allowlisted by the user via `torch.serialization.add_safe_globals`. We recommend you start setting `weights_only=True` for any use case where you don't have full control of the loaded file. Please open an issue on GitHub for any issues related to this experimental feature.
  checkpoint = torch.load(model_path, map_location=self.device)
2025-07-03 16:14:16.312 | DEBUG    | phd_method.src_phd.topology:fast_ripser:87 - Distance matrix computation time: 0.1s
2025-07-03 16:14:16.619 | DEBUG    | phd_method.src_phd.topology:ph_dim_from_distance_matrix:67 - Ph Dimension Calculation has an approximate error of: 1.3649812997154686e-05.
2025-07-03 16:14:16.665 | DEBUG    | phd_method.src_phd.topology:fast_ripser:87 - Distance matrix computation time: 0.04s
2025-07-03 16:14:16.953 | DEBUG    | phd_method.src_phd.topology:ph_dim_from_distance_matrix:67 - Ph Dimension Calculation has an approximate error of: 2.9105057264321706e-05.
2025-07-03 16:14:16.987 | DEBUG    | phd_method.src_phd.topology:fast_ripser:87 - Distance matrix computation time: 0.03s
2025-07-03 16:14:17.267 | DEBUG    | phd_method.src_phd.topology:ph_dim_from_distance_matrix:67 - Ph Dimension Calculation has an approximate error of: 1.2442755585322968e-05.
2025-07-03 16:14:18.396 | DEBUG    | phd_method.src_phd.topology:fast_ripser:87 - Distance matrix computation time: 0.73s
2025-07-03 16:14:18.663 | DEBUG    | phd_method.src_phd.topology:ph_dim_from_distance_matrix:67 - Ph Dimension Calculation has an approximate error of: 2.3034717328237733e-05.
2025-07-03 16:14:19.388 | DEBUG    | phd_method.src_phd.topology:fast_ripser:87 - Distance matrix computation time: 0.72s
2025-07-03 16:14:19.644 | DEBUG    | phd_method.src_phd.topology:ph_dim_from_distance_matrix:67 - Ph Dimension Calculation has an approximate error of: 9.005616508906242e-06.
2025-07-03 16:14:20.370 | DEBUG    | phd_method.src_phd.topology:fast_ripser:87 - Distance matrix computation time: 0.72s
2025-07-03 16:14:20.629 | DEBUG    | phd_method.src_phd.topology:ph_dim_from_distance_matrix:67 - Ph Dimension Calculation has an approximate error of: 1.182478405896079e-05.
2025-07-03 16:14:22.299 | DEBUG    | phd_method.src_phd.topology:fast_ripser:87 - Distance matrix computation time: 0.3s
2025-07-03 16:14:22.567 | DEBUG    | phd_method.src_phd.topology:ph_dim_from_distance_matrix:67 - Ph Dimension Calculation has an approximate error of: 9.695697627550649e-06.
2025-07-03 16:14:22.877 | DEBUG    | phd_method.src_phd.topology:fast_ripser:87 - Distance matrix computation time: 0.31s
2025-07-03 16:14:23.147 | DEBUG    | phd_method.src_phd.topology:ph_dim_from_distance_matrix:67 - Ph Dimension Calculation has an approximate error of: 3.656764434980008e-06.
2025-07-03 16:14:23.465 | DEBUG    | phd_method.src_phd.topology:fast_ripser:87 - Distance matrix computation time: 0.31s
2025-07-03 16:14:23.735 | DEBUG    | phd_method.src_phd.topology:ph_dim_from_distance_matrix:67 - Ph Dimension Calculation has an approximate error of: 4.941351663778918e-06.
2025-07-03 16:14:24.975 | DEBUG    | phd_method.src_phd.topology:fast_ripser:87 - Distance matrix computation time: 0.05s
2025-07-03 16:14:25.269 | DEBUG    | phd_method.src_phd.topology:ph_dim_from_distance_matrix:67 - Ph Dimension Calculation has an approximate error of: 5.29945360654115e-05.
2025-07-03 16:14:25.283 | DEBUG    | phd_method.src_phd.topology:fast_ripser:87 - Distance matrix computation time: 0.01s
2025-07-03 16:14:25.584 | DEBUG    | phd_method.src_phd.topology:ph_dim_from_distance_matrix:67 - Ph Dimension Calculation has an approximate error of: 2.1827727660461535e-05.
2025-07-03 16:14:25.598 | DEBUG    | phd_method.src_phd.topology:fast_ripser:87 - Distance matrix computation time: 0.01s
2025-07-03 16:14:25.895 | DEBUG    | phd_method.src_phd.topology:ph_dim_from_distance_matrix:67 - Ph Dimension Calculation has an approximate error of: 1.4077708485031182e-05.
2025-07-03 16:14:39.932 | DEBUG    | phd_method.src_phd.topology:ph_dim_from_distance_matrix:67 - Ph Dimension Calculation has an approximate error of: 9.0132094471929e-06.
2025-07-03 16:14:53.715 | DEBUG    | phd_method.src_phd.topology:ph_dim_from_distance_matrix:67 - Ph Dimension Calculation has an approximate error of: 8.022748188670477e-06.
2025-07-03 16:15:07.489 | DEBUG    | phd_method.src_phd.topology:ph_dim_from_distance_matrix:67 - Ph Dimension Calculation has an approximate error of: 6.468071654968104e-06.
2025-07-03 16:16:01.908 | DEBUG    | phd_method.src_phd.topology:ph_dim_from_distance_matrix:67 - Ph Dimension Calculation has an approximate error of: 1.5767952940256463e-05.
2025-07-03 16:16:15.697 | DEBUG    | phd_method.src_phd.topology:ph_dim_from_distance_matrix:67 - Ph Dimension Calculation has an approximate error of: 6.057354648831879e-06.
2025-07-03 16:16:29.450 | DEBUG    | phd_method.src_phd.topology:ph_dim_from_distance_matrix:67 - Ph Dimension Calculation has an approximate error of: 1.0554558510691404e-05.
2025-07-03 16:17:10.928 | DEBUG    | phd_method.src_phd.topology:fast_ripser:87 - Distance matrix computation time: 0.61s
2025-07-03 16:17:11.193 | DEBUG    | phd_method.src_phd.topology:ph_dim_from_distance_matrix:67 - Ph Dimension Calculation has an approximate error of: 5.932081514172038e-06.
2025-07-03 16:17:11.808 | DEBUG    | phd_method.src_phd.topology:fast_ripser:87 - Distance matrix computation time: 0.61s
2025-07-03 16:17:12.082 | DEBUG    | phd_method.src_phd.topology:ph_dim_from_distance_matrix:67 - Ph Dimension Calculation has an approximate error of: 2.005489962821239e-06.
2025-07-03 16:17:12.695 | DEBUG    | phd_method.src_phd.topology:fast_ripser:87 - Distance matrix computation time: 0.61s
2025-07-03 16:17:12.965 | DEBUG    | phd_method.src_phd.topology:ph_dim_from_distance_matrix:67 - Ph Dimension Calculation has an approximate error of: 2.7656419123882035e-06.
2025-07-03 16:17:15.468 | DEBUG    | phd_method.src_phd.topology:fast_ripser:87 - Distance matrix computation time: 0.41s
2025-07-03 16:17:15.729 | DEBUG    | phd_method.src_phd.topology:ph_dim_from_distance_matrix:67 - Ph Dimension Calculation has an approximate error of: 2.7091717139029667e-05.
2025-07-03 16:17:16.146 | DEBUG    | phd_method.src_phd.topology:fast_ripser:87 - Distance matrix computation time: 0.41s
2025-07-03 16:17:16.413 | DEBUG    | phd_method.src_phd.topology:ph_dim_from_distance_matrix:67 - Ph Dimension Calculation has an approximate error of: 1.2940211042472516e-05.
2025-07-03 16:17:16.826 | DEBUG    | phd_method.src_phd.topology:fast_ripser:87 - Distance matrix computation time: 0.41s
2025-07-03 16:17:17.091 | DEBUG    | phd_method.src_phd.topology:ph_dim_from_distance_matrix:67 - Ph Dimension Calculation has an approximate error of: 9.454966548578283e-06.
2025-07-03 16:17:18.634 | DEBUG    | phd_method.src_phd.topology:fast_ripser:87 - Distance matrix computation time: 0.02s
2025-07-03 16:17:18.919 | DEBUG    | phd_method.src_phd.topology:ph_dim_from_distance_matrix:67 - Ph Dimension Calculation has an approximate error of: 0.00017066614149633302.
2025-07-03 16:17:18.939 | DEBUG    | phd_method.src_phd.topology:fast_ripser:87 - Distance matrix computation time: 0.02s
2025-07-03 16:17:19.185 | DEBUG    | phd_method.src_phd.topology:ph_dim_from_distance_matrix:67 - Ph Dimension Calculation has an approximate error of: 7.106289961830568e-05.
2025-07-03 16:17:19.208 | DEBUG    | phd_method.src_phd.topology:fast_ripser:87 - Distance matrix computation time: 0.02s
2025-07-03 16:17:19.425 | DEBUG    | phd_method.src_phd.topology:ph_dim_from_distance_matrix:67 - Ph Dimension Calculation has an approximate error of: 0.0002768509386071288.
2025-07-03 16:17:19.976 | DEBUG    | phd_method.src_phd.topology:fast_ripser:87 - Distance matrix computation time: 0.36s
2025-07-03 16:17:20.229 | DEBUG    | phd_method.src_phd.topology:ph_dim_from_distance_matrix:67 - Ph Dimension Calculation has an approximate error of: 0.0002250755053704576.
2025-07-03 16:17:20.598 | DEBUG    | phd_method.src_phd.topology:fast_ripser:87 - Distance matrix computation time: 0.37s
2025-07-03 16:17:20.851 | DEBUG    | phd_method.src_phd.topology:ph_dim_from_distance_matrix:67 - Ph Dimension Calculation has an approximate error of: 6.117850097139874e-05.
2025-07-03 16:17:21.221 | DEBUG    | phd_method.src_phd.topology:fast_ripser:87 - Distance matrix computation time: 0.37s
2025-07-03 16:17:21.427 | DEBUG    | phd_method.src_phd.topology:ph_dim_from_distance_matrix:67 - Ph Dimension Calculation has an approximate error of: 0.00024751270842479026.
2025-07-03 16:17:22.280 | DEBUG    | phd_method.src_phd.topology:fast_ripser:87 - Distance matrix computation time: 0.16s
2025-07-03 16:17:22.547 | DEBUG    | phd_method.src_phd.topology:ph_dim_from_distance_matrix:67 - Ph Dimension Calculation has an approximate error of: 4.9241362953542755e-05.
2025-07-03 16:17:22.708 | DEBUG    | phd_method.src_phd.topology:fast_ripser:87 - Distance matrix computation time: 0.16s
2025-07-03 16:17:22.981 | DEBUG    | phd_method.src_phd.topology:ph_dim_from_distance_matrix:67 - Ph Dimension Calculation has an approximate error of: 7.877650475554386e-05.
2025-07-03 16:17:23.144 | DEBUG    | phd_method.src_phd.topology:fast_ripser:87 - Distance matrix computation time: 0.16s
2025-07-03 16:17:23.420 | DEBUG    | phd_method.src_phd.topology:ph_dim_from_distance_matrix:67 - Ph Dimension Calculation has an approximate error of: 6.859090783973148e-05.
2025-07-03 16:17:24.050 | DEBUG    | phd_method.src_phd.topology:fast_ripser:87 - Distance matrix computation time: 0.01s
2025-07-03 16:17:24.313 | DEBUG    | phd_method.src_phd.topology:ph_dim_from_distance_matrix:67 - Ph Dimension Calculation has an approximate error of: 1.8751345677325147e-05.
2025-07-03 16:17:24.324 | DEBUG    | phd_method.src_phd.topology:fast_ripser:87 - Distance matrix computation time: 0.01s
2025-07-03 16:17:24.652 | DEBUG    | phd_method.src_phd.topology:ph_dim_from_distance_matrix:67 - Ph Dimension Calculation has an approximate error of: 1.1053629181134509e-05.
2025-07-03 16:17:24.662 | DEBUG    | phd_method.src_phd.topology:fast_ripser:87 - Distance matrix computation time: 0.01s
2025-07-03 16:17:24.971 | DEBUG    | phd_method.src_phd.topology:ph_dim_from_distance_matrix:67 - Ph Dimension Calculation has an approximate error of: 3.734863031632608e-05.
2025-07-03 16:17:32.197 | DEBUG    | phd_method.src_phd.topology:ph_dim_from_distance_matrix:67 - Ph Dimension Calculation has an approximate error of: 0.0001375876928666863.
2025-07-03 16:17:39.226 | DEBUG    | phd_method.src_phd.topology:ph_dim_from_distance_matrix:67 - Ph Dimension Calculation has an approximate error of: 0.000312813541250813.
2025-07-03 16:17:46.204 | DEBUG    | phd_method.src_phd.topology:ph_dim_from_distance_matrix:67 - Ph Dimension Calculation has an approximate error of: 5.658519229385886e-05.
2025-07-03 16:18:13.608 | DEBUG    | phd_method.src_phd.topology:ph_dim_from_distance_matrix:67 - Ph Dimension Calculation has an approximate error of: 0.00010102498333906461.
2025-07-03 16:18:20.619 | DEBUG    | phd_method.src_phd.topology:ph_dim_from_distance_matrix:67 - Ph Dimension Calculation has an approximate error of: 2.5263073118211764e-05.
2025-07-03 16:18:27.592 | DEBUG    | phd_method.src_phd.topology:ph_dim_from_distance_matrix:67 - Ph Dimension Calculation has an approximate error of: 0.00019600684050184893.
2025-07-03 16:18:48.504 | DEBUG    | phd_method.src_phd.topology:fast_ripser:87 - Distance matrix computation time: 0.31s
2025-07-03 16:18:48.755 | DEBUG    | phd_method.src_phd.topology:ph_dim_from_distance_matrix:67 - Ph Dimension Calculation has an approximate error of: 1.2672902798262706e-06.
2025-07-03 16:18:49.065 | DEBUG    | phd_method.src_phd.topology:fast_ripser:87 - Distance matrix computation time: 0.31s
2025-07-03 16:18:49.339 | DEBUG    | phd_method.src_phd.topology:ph_dim_from_distance_matrix:67 - Ph Dimension Calculation has an approximate error of: 1.0437348203085239e-06.
2025-07-03 16:18:49.666 | DEBUG    | phd_method.src_phd.topology:fast_ripser:87 - Distance matrix computation time: 0.32s
2025-07-03 16:18:49.932 | DEBUG    | phd_method.src_phd.topology:ph_dim_from_distance_matrix:67 - Ph Dimension Calculation has an approximate error of: 3.10388605477401e-06.
2025-07-03 16:18:51.218 | DEBUG    | phd_method.src_phd.topology:fast_ripser:87 - Distance matrix computation time: 0.21s
2025-07-03 16:18:51.456 | DEBUG    | phd_method.src_phd.topology:ph_dim_from_distance_matrix:67 - Ph Dimension Calculation has an approximate error of: 2.2050005725862066e-05.
2025-07-03 16:18:51.670 | DEBUG    | phd_method.src_phd.topology:fast_ripser:87 - Distance matrix computation time: 0.21s
2025-07-03 16:18:51.913 | DEBUG    | phd_method.src_phd.topology:ph_dim_from_distance_matrix:67 - Ph Dimension Calculation has an approximate error of: 1.7705785106886296e-05.
2025-07-03 16:18:52.127 | DEBUG    | phd_method.src_phd.topology:fast_ripser:87 - Distance matrix computation time: 0.21s
2025-07-03 16:18:52.395 | DEBUG    | phd_method.src_phd.topology:ph_dim_from_distance_matrix:67 - Ph Dimension Calculation has an approximate error of: 2.1491182299417693e-05.
2025-07-03 16:18:53.188 | DEBUG    | phd_method.src_phd.topology:fast_ripser:87 - Distance matrix computation time: 0.01s
2025-07-03 16:18:53.490 | DEBUG    | phd_method.src_phd.topology:ph_dim_from_distance_matrix:67 - Ph Dimension Calculation has an approximate error of: 2.3489780098595623e-05.
2025-07-03 16:18:53.502 | DEBUG    | phd_method.src_phd.topology:fast_ripser:87 - Distance matrix computation time: 0.01s
2025-07-03 16:18:53.801 | DEBUG    | phd_method.src_phd.topology:ph_dim_from_distance_matrix:67 - Ph Dimension Calculation has an approximate error of: 1.560251103900085e-05.
2025-07-03 16:18:53.813 | DEBUG    | phd_method.src_phd.topology:fast_ripser:87 - Distance matrix computation time: 0.01s
2025-07-03 16:18:54.093 | DEBUG    | phd_method.src_phd.topology:ph_dim_from_distance_matrix:67 - Ph Dimension Calculation has an approximate error of: 4.163493421172196e-06.
2025-07-03 16:18:54.314 | DEBUG    | phd_method.src_phd.topology:fast_ripser:87 - Distance matrix computation time: 0.12s
2025-07-03 16:18:54.591 | DEBUG    | phd_method.src_phd.topology:ph_dim_from_distance_matrix:67 - Ph Dimension Calculation has an approximate error of: 2.0948879197275323e-05.
2025-07-03 16:18:54.718 | DEBUG    | phd_method.src_phd.topology:fast_ripser:87 - Distance matrix computation time: 0.12s
2025-07-03 16:18:55.000 | DEBUG    | phd_method.src_phd.topology:ph_dim_from_distance_matrix:67 - Ph Dimension Calculation has an approximate error of: 1.1570366693627038e-05.
2025-07-03 16:18:55.127 | DEBUG    | phd_method.src_phd.topology:fast_ripser:87 - Distance matrix computation time: 0.12s
2025-07-03 16:18:55.406 | DEBUG    | phd_method.src_phd.topology:ph_dim_from_distance_matrix:67 - Ph Dimension Calculation has an approximate error of: 7.570543730283056e-06.
2025-07-03 16:18:55.735 | DEBUG    | phd_method.src_phd.topology:fast_ripser:87 - Distance matrix computation time: 0.06s
2025-07-03 16:18:56.033 | DEBUG    | phd_method.src_phd.topology:ph_dim_from_distance_matrix:67 - Ph Dimension Calculation has an approximate error of: 3.1744987146602924e-05.
2025-07-03 16:18:56.093 | DEBUG    | phd_method.src_phd.topology:fast_ripser:87 - Distance matrix computation time: 0.06s
2025-07-03 16:18:56.384 | DEBUG    | phd_method.src_phd.topology:ph_dim_from_distance_matrix:67 - Ph Dimension Calculation has an approximate error of: 1.7236656903456858e-05.
2025-07-03 16:18:56.446 | DEBUG    | phd_method.src_phd.topology:fast_ripser:87 - Distance matrix computation time: 0.06s
2025-07-03 16:18:56.742 | DEBUG    | phd_method.src_phd.topology:ph_dim_from_distance_matrix:67 - Ph Dimension Calculation has an approximate error of: 1.557532104512569e-05.
2025-07-03 16:18:56.992 | DEBUG    | phd_method.src_phd.topology:fast_ripser:87 - Distance matrix computation time: 0.0s
2025-07-03 16:18:57.295 | DEBUG    | phd_method.src_phd.topology:ph_dim_from_distance_matrix:67 - Ph Dimension Calculation has an approximate error of: 3.336195272967409e-05.
2025-07-03 16:18:57.302 | DEBUG    | phd_method.src_phd.topology:fast_ripser:87 - Distance matrix computation time: 0.0s
2025-07-03 16:18:57.580 | DEBUG    | phd_method.src_phd.topology:ph_dim_from_distance_matrix:67 - Ph Dimension Calculation has an approximate error of: 4.535668018319825e-05.
2025-07-03 16:18:57.587 | DEBUG    | phd_method.src_phd.topology:fast_ripser:87 - Distance matrix computation time: 0.0s
2025-07-03 16:18:57.863 | DEBUG    | phd_method.src_phd.topology:ph_dim_from_distance_matrix:67 - Ph Dimension Calculation has an approximate error of: 1.670456643972599e-05.
2025-07-03 16:19:00.427 | DEBUG    | phd_method.src_phd.topology:ph_dim_from_distance_matrix:67 - Ph Dimension Calculation has an approximate error of: 1.4952195804990642e-05.
2025-07-03 16:19:02.902 | DEBUG    | phd_method.src_phd.topology:ph_dim_from_distance_matrix:67 - Ph Dimension Calculation has an approximate error of: 6.074538828320602e-06.
2025-07-03 16:19:05.377 | DEBUG    | phd_method.src_phd.topology:ph_dim_from_distance_matrix:67 - Ph Dimension Calculation has an approximate error of: 1.717454734849286e-05.
2025-07-03 16:19:14.572 | DEBUG    | phd_method.src_phd.topology:ph_dim_from_distance_matrix:67 - Ph Dimension Calculation has an approximate error of: 6.420651950813586e-06.
2025-07-03 16:19:17.044 | DEBUG    | phd_method.src_phd.topology:ph_dim_from_distance_matrix:67 - Ph Dimension Calculation has an approximate error of: 1.771798255292263e-05.
2025-07-03 16:19:19.518 | DEBUG    | phd_method.src_phd.topology:ph_dim_from_distance_matrix:67 - Ph Dimension Calculation has an approximate error of: 9.237849042770067e-06.
2025-07-03 16:19:26.332 | DEBUG    | phd_method.src_phd.topology:fast_ripser:87 - Distance matrix computation time: 0.11s
2025-07-03 16:19:26.618 | DEBUG    | phd_method.src_phd.topology:ph_dim_from_distance_matrix:67 - Ph Dimension Calculation has an approximate error of: 1.0357489352196042e-05.
2025-07-03 16:19:26.730 | DEBUG    | phd_method.src_phd.topology:fast_ripser:87 - Distance matrix computation time: 0.11s
2025-07-03 16:19:27.011 | DEBUG    | phd_method.src_phd.topology:ph_dim_from_distance_matrix:67 - Ph Dimension Calculation has an approximate error of: 1.609928124871211e-05.
2025-07-03 16:19:27.122 | DEBUG    | phd_method.src_phd.topology:fast_ripser:87 - Distance matrix computation time: 0.11s
2025-07-03 16:19:27.416 | DEBUG    | phd_method.src_phd.topology:ph_dim_from_distance_matrix:67 - Ph Dimension Calculation has an approximate error of: 5.684348903128981e-06.
2025-07-03 16:19:27.890 | DEBUG    | phd_method.src_phd.topology:fast_ripser:87 - Distance matrix computation time: 0.07s
2025-07-03 16:19:28.176 | DEBUG    | phd_method.src_phd.topology:ph_dim_from_distance_matrix:67 - Ph Dimension Calculation has an approximate error of: 4.3223631704620026e-05.
2025-07-03 16:19:28.257 | DEBUG    | phd_method.src_phd.topology:fast_ripser:87 - Distance matrix computation time: 0.08s
2025-07-03 16:19:28.542 | DEBUG    | phd_method.src_phd.topology:ph_dim_from_distance_matrix:67 - Ph Dimension Calculation has an approximate error of: 1.6870183988398636e-05.
2025-07-03 16:19:28.620 | DEBUG    | phd_method.src_phd.topology:fast_ripser:87 - Distance matrix computation time: 0.07s
2025-07-03 16:19:28.902 | DEBUG    | phd_method.src_phd.topology:ph_dim_from_distance_matrix:67 - Ph Dimension Calculation has an approximate error of: 1.4287216989141086e-05.
2025-07-03 16:19:29.220 | DEBUG    | phd_method.src_phd.topology:fast_ripser:87 - Distance matrix computation time: 0.01s
2025-07-03 16:19:29.527 | DEBUG    | phd_method.src_phd.topology:ph_dim_from_distance_matrix:67 - Ph Dimension Calculation has an approximate error of: 3.905573984068669e-05.
2025-07-03 16:19:29.537 | DEBUG    | phd_method.src_phd.topology:fast_ripser:87 - Distance matrix computation time: 0.01s
2025-07-03 16:19:29.825 | DEBUG    | phd_method.src_phd.topology:ph_dim_from_distance_matrix:67 - Ph Dimension Calculation has an approximate error of: 6.709683842843946e-05.
2025-07-03 16:19:29.835 | DEBUG    | phd_method.src_phd.topology:fast_ripser:87 - Distance matrix computation time: 0.01s
2025-07-03 16:19:30.128 | DEBUG    | phd_method.src_phd.topology:ph_dim_from_distance_matrix:67 - Ph Dimension Calculation has an approximate error of: 9.315159796674968e-06.
2025-07-03 16:19:30.266 | DEBUG    | phd_method.src_phd.topology:fast_ripser:87 - Distance matrix computation time: 0.06s
2025-07-03 16:19:30.561 | DEBUG    | phd_method.src_phd.topology:ph_dim_from_distance_matrix:67 - Ph Dimension Calculation has an approximate error of: 0.00018012830739379246.
2025-07-03 16:19:30.626 | DEBUG    | phd_method.src_phd.topology:fast_ripser:87 - Distance matrix computation time: 0.06s
2025-07-03 16:19:30.921 | DEBUG    | phd_method.src_phd.topology:ph_dim_from_distance_matrix:67 - Ph Dimension Calculation has an approximate error of: 7.25756879154237e-05.
2025-07-03 16:19:30.984 | DEBUG    | phd_method.src_phd.topology:fast_ripser:87 - Distance matrix computation time: 0.06s
2025-07-03 16:19:31.269 | DEBUG    | phd_method.src_phd.topology:ph_dim_from_distance_matrix:67 - Ph Dimension Calculation has an approximate error of: 3.506702141578251e-05.
2025-07-03 16:19:31.450 | DEBUG    | phd_method.src_phd.topology:fast_ripser:87 - Distance matrix computation time: 0.03s
2025-07-03 16:19:31.754 | DEBUG    | phd_method.src_phd.topology:ph_dim_from_distance_matrix:67 - Ph Dimension Calculation has an approximate error of: 0.00010170897310577022.
2025-07-03 16:19:31.791 | DEBUG    | phd_method.src_phd.topology:fast_ripser:87 - Distance matrix computation time: 0.03s
2025-07-03 16:19:32.102 | DEBUG    | phd_method.src_phd.topology:ph_dim_from_distance_matrix:67 - Ph Dimension Calculation has an approximate error of: 2.385610646195281e-05.
2025-07-03 16:19:32.138 | DEBUG    | phd_method.src_phd.topology:fast_ripser:87 - Distance matrix computation time: 0.03s
2025-07-03 16:19:32.438 | DEBUG    | phd_method.src_phd.topology:ph_dim_from_distance_matrix:67 - Ph Dimension Calculation has an approximate error of: 4.2541397009827884e-05.
2025-07-03 16:19:32.588 | DEBUG    | phd_method.src_phd.topology:fast_ripser:87 - Distance matrix computation time: 0.0s
2025-07-03 16:19:32.901 | DEBUG    | phd_method.src_phd.topology:ph_dim_from_distance_matrix:67 - Ph Dimension Calculation has an approximate error of: 8.831694400387253e-05.
2025-07-03 16:19:32.907 | DEBUG    | phd_method.src_phd.topology:fast_ripser:87 - Distance matrix computation time: 0.0s
2025-07-03 16:19:33.211 | DEBUG    | phd_method.src_phd.topology:ph_dim_from_distance_matrix:67 - Ph Dimension Calculation has an approximate error of: 3.070524421807184e-05.
2025-07-03 16:19:33.217 | DEBUG    | phd_method.src_phd.topology:fast_ripser:87 - Distance matrix computation time: 0.0s
2025-07-03 16:19:33.514 | DEBUG    | phd_method.src_phd.topology:ph_dim_from_distance_matrix:67 - Ph Dimension Calculation has an approximate error of: 0.00016793546984785306.
2025-07-03 16:19:34.971 | DEBUG    | phd_method.src_phd.topology:ph_dim_from_distance_matrix:67 - Ph Dimension Calculation has an approximate error of: 7.707639396720178e-05.
2025-07-03 16:19:36.352 | DEBUG    | phd_method.src_phd.topology:ph_dim_from_distance_matrix:67 - Ph Dimension Calculation has an approximate error of: 6.038093957608798e-05.
2025-07-03 16:19:37.740 | DEBUG    | phd_method.src_phd.topology:ph_dim_from_distance_matrix:67 - Ph Dimension Calculation has an approximate error of: 4.65070082696069e-05.
2025-07-03 16:19:42.522 | DEBUG    | phd_method.src_phd.topology:ph_dim_from_distance_matrix:67 - Ph Dimension Calculation has an approximate error of: 8.803390413557289e-05.
2025-07-03 16:19:43.899 | DEBUG    | phd_method.src_phd.topology:ph_dim_from_distance_matrix:67 - Ph Dimension Calculation has an approximate error of: 5.4283020527708184e-05.
2025-07-03 16:19:45.280 | DEBUG    | phd_method.src_phd.topology:ph_dim_from_distance_matrix:67 - Ph Dimension Calculation has an approximate error of: 5.470675608051074e-05.
2025-07-03 16:19:48.742 | DEBUG    | phd_method.src_phd.topology:fast_ripser:87 - Distance matrix computation time: 0.05s
2025-07-03 16:19:49.044 | DEBUG    | phd_method.src_phd.topology:ph_dim_from_distance_matrix:67 - Ph Dimension Calculation has an approximate error of: 6.085852248208528e-06.
2025-07-03 16:19:49.104 | DEBUG    | phd_method.src_phd.topology:fast_ripser:87 - Distance matrix computation time: 0.05s
2025-07-03 16:19:49.398 | DEBUG    | phd_method.src_phd.topology:ph_dim_from_distance_matrix:67 - Ph Dimension Calculation has an approximate error of: 3.841700011568247e-06.
2025-07-03 16:19:49.459 | DEBUG    | phd_method.src_phd.topology:fast_ripser:87 - Distance matrix computation time: 0.06s
2025-07-03 16:19:49.747 | DEBUG    | phd_method.src_phd.topology:ph_dim_from_distance_matrix:67 - Ph Dimension Calculation has an approximate error of: 9.457384511261999e-06.
2025-07-03 16:19:50.008 | DEBUG    | phd_method.src_phd.topology:fast_ripser:87 - Distance matrix computation time: 0.04s
2025-07-03 16:19:50.285 | DEBUG    | phd_method.src_phd.topology:ph_dim_from_distance_matrix:67 - Ph Dimension Calculation has an approximate error of: 1.9963586378992334e-05.
2025-07-03 16:19:50.325 | DEBUG    | phd_method.src_phd.topology:fast_ripser:87 - Distance matrix computation time: 0.04s
2025-07-03 16:19:50.609 | DEBUG    | phd_method.src_phd.topology:ph_dim_from_distance_matrix:67 - Ph Dimension Calculation has an approximate error of: 1.5855499642084816e-05.
2025-07-03 16:19:50.655 | DEBUG    | phd_method.src_phd.topology:fast_ripser:87 - Distance matrix computation time: 0.04s
2025-07-03 16:19:50.961 | DEBUG    | phd_method.src_phd.topology:ph_dim_from_distance_matrix:67 - Ph Dimension Calculation has an approximate error of: 6.647309541159681e-05.
2025-07-03 16:19:51.143 | DEBUG    | phd_method.src_phd.topology:fast_ripser:87 - Distance matrix computation time: 0.01s
2025-07-03 16:19:51.451 | DEBUG    | phd_method.src_phd.topology:ph_dim_from_distance_matrix:67 - Ph Dimension Calculation has an approximate error of: 0.0011674153714473221.
2025-07-03 16:19:51.460 | DEBUG    | phd_method.src_phd.topology:fast_ripser:87 - Distance matrix computation time: 0.01s
2025-07-03 16:19:51.758 | DEBUG    | phd_method.src_phd.topology:ph_dim_from_distance_matrix:67 - Ph Dimension Calculation has an approximate error of: 0.003481359280472754.
2025-07-03 16:19:51.767 | DEBUG    | phd_method.src_phd.topology:fast_ripser:87 - Distance matrix computation time: 0.01s
2025-07-03 16:19:52.077 | DEBUG    | phd_method.src_phd.topology:ph_dim_from_distance_matrix:67 - Ph Dimension Calculation has an approximate error of: 0.005808218383297383.
2025-07-03 16:19:52.120 | DEBUG    | phd_method.src_phd.topology:fast_ripser:87 - Distance matrix computation time: 0.0s
2025-07-03 16:19:52.420 | DEBUG    | phd_method.src_phd.topology:ph_dim_from_distance_matrix:67 - Ph Dimension Calculation has an approximate error of: 0.008364830098419932.
2025-07-03 16:19:52.426 | DEBUG    | phd_method.src_phd.topology:fast_ripser:87 - Distance matrix computation time: 0.0s
2025-07-03 16:19:52.737 | DEBUG    | phd_method.src_phd.topology:ph_dim_from_distance_matrix:67 - Ph Dimension Calculation has an approximate error of: 0.008535778831546575.
2025-07-03 16:19:52.744 | DEBUG    | phd_method.src_phd.topology:fast_ripser:87 - Distance matrix computation time: 0.0s
2025-07-03 16:19:53.060 | DEBUG    | phd_method.src_phd.topology:ph_dim_from_distance_matrix:67 - Ph Dimension Calculation has an approximate error of: 0.010137146739135579.
2025-07-03 16:19:53.102 | DEBUG    | phd_method.src_phd.topology:fast_ripser:87 - Distance matrix computation time: 0.0s
2025-07-03 16:19:53.424 | DEBUG    | phd_method.src_phd.topology:ph_dim_from_distance_matrix:67 - Ph Dimension Calculation has an approximate error of: 0.03368208718747879.
2025-07-03 16:19:53.436 | DEBUG    | phd_method.src_phd.topology:fast_ripser:87 - Distance matrix computation time: 0.01s
2025-07-03 16:19:53.736 | DEBUG    | phd_method.src_phd.topology:ph_dim_from_distance_matrix:67 - Ph Dimension Calculation has an approximate error of: 0.042044592539847346.
2025-07-03 16:19:53.746 | DEBUG    | phd_method.src_phd.topology:fast_ripser:87 - Distance matrix computation time: 0.0s
2025-07-03 16:19:54.042 | DEBUG    | phd_method.src_phd.topology:ph_dim_from_distance_matrix:67 - Ph Dimension Calculation has an approximate error of: 0.0005464298062631032.
2025-07-03 16:19:54.080 | DEBUG    | phd_method.src_phd.topology:fast_ripser:87 - Distance matrix computation time: 0.0s
/homes/ahb24/MSc_Topology_Codebase/phd_method/src_phd/topology.py:60: RuntimeWarning: divide by zero encountered in log
  y = np.log(lengths)
/homes/ahb24/MSc_Topology_Codebase/phd_method/src_phd/topology.py:62: RuntimeWarning: invalid value encountered in scalar subtract
  m = (N * (x * y).sum() - x.sum() * y.sum()) / (N * (x ** 2).sum() - x.sum() ** 2)
2025-07-03 16:19:54.309 | DEBUG    | phd_method.src_phd.topology:ph_dim_from_distance_matrix:67 - Ph Dimension Calculation has an approximate error of: nan.
2025-07-03 16:19:54.315 | DEBUG    | phd_method.src_phd.topology:fast_ripser:87 - Distance matrix computation time: 0.0s
/homes/ahb24/MSc_Topology_Codebase/phd_method/src_phd/topology.py:60: RuntimeWarning: divide by zero encountered in log
  y = np.log(lengths)
/homes/ahb24/MSc_Topology_Codebase/phd_method/src_phd/topology.py:62: RuntimeWarning: invalid value encountered in scalar subtract
  m = (N * (x * y).sum() - x.sum() * y.sum()) / (N * (x ** 2).sum() - x.sum() ** 2)
2025-07-03 16:19:54.530 | DEBUG    | phd_method.src_phd.topology:ph_dim_from_distance_matrix:67 - Ph Dimension Calculation has an approximate error of: nan.
2025-07-03 16:19:54.536 | DEBUG    | phd_method.src_phd.topology:fast_ripser:87 - Distance matrix computation time: 0.0s
/homes/ahb24/MSc_Topology_Codebase/phd_method/src_phd/topology.py:60: RuntimeWarning: divide by zero encountered in log
  y = np.log(lengths)
/homes/ahb24/MSc_Topology_Codebase/phd_method/src_phd/topology.py:62: RuntimeWarning: invalid value encountered in scalar subtract
  m = (N * (x * y).sum() - x.sum() * y.sum()) / (N * (x ** 2).sum() - x.sum() ** 2)
2025-07-03 16:19:54.740 | DEBUG    | phd_method.src_phd.topology:ph_dim_from_distance_matrix:67 - Ph Dimension Calculation has an approximate error of: nan.
2025-07-03 16:19:55.093 | DEBUG    | phd_method.src_phd.topology:ph_dim_from_distance_matrix:67 - Ph Dimension Calculation has an approximate error of: 0.006938508477069618.
2025-07-03 16:19:55.429 | DEBUG    | phd_method.src_phd.topology:ph_dim_from_distance_matrix:67 - Ph Dimension Calculation has an approximate error of: 0.017679849503874252.
2025-07-03 16:19:55.753 | DEBUG    | phd_method.src_phd.topology:ph_dim_from_distance_matrix:67 - Ph Dimension Calculation has an approximate error of: 0.010975048365037609.
2025-07-03 16:19:56.175 | DEBUG    | phd_method.src_phd.topology:ph_dim_from_distance_matrix:67 - Ph Dimension Calculation has an approximate error of: 0.032207166913084145.
2025-07-03 16:19:56.504 | DEBUG    | phd_method.src_phd.topology:ph_dim_from_distance_matrix:67 - Ph Dimension Calculation has an approximate error of: 0.027482190493555013.
2025-07-03 16:19:56.832 | DEBUG    | phd_method.src_phd.topology:ph_dim_from_distance_matrix:67 - Ph Dimension Calculation has an approximate error of: 0.0006139132051267125.
2025-07-03 16:19:56.926 | DEBUG    | phd_method.src_phd.topology:fast_ripser:87 - Distance matrix computation time: 0.0s
2025-07-03 16:19:57.241 | DEBUG    | phd_method.src_phd.topology:ph_dim_from_distance_matrix:67 - Ph Dimension Calculation has an approximate error of: 0.015775102757544405.
2025-07-03 16:19:57.253 | DEBUG    | phd_method.src_phd.topology:fast_ripser:87 - Distance matrix computation time: 0.01s
2025-07-03 16:19:57.559 | DEBUG    | phd_method.src_phd.topology:ph_dim_from_distance_matrix:67 - Ph Dimension Calculation has an approximate error of: 0.004751069973247358.
2025-07-03 16:19:57.571 | DEBUG    | phd_method.src_phd.topology:fast_ripser:87 - Distance matrix computation time: 0.01s
2025-07-03 16:19:57.871 | DEBUG    | phd_method.src_phd.topology:ph_dim_from_distance_matrix:67 - Ph Dimension Calculation has an approximate error of: 0.0006919262652123966.
2025-07-03 16:19:57.916 | DEBUG    | phd_method.src_phd.topology:fast_ripser:87 - Distance matrix computation time: 0.0s
/homes/ahb24/MSc_Topology_Codebase/phd_method/src_phd/topology.py:60: RuntimeWarning: divide by zero encountered in log
  y = np.log(lengths)
/homes/ahb24/MSc_Topology_Codebase/phd_method/src_phd/topology.py:62: RuntimeWarning: invalid value encountered in scalar subtract
  m = (N * (x * y).sum() - x.sum() * y.sum()) / (N * (x ** 2).sum() - x.sum() ** 2)
2025-07-03 16:19:58.193 | DEBUG    | phd_method.src_phd.topology:ph_dim_from_distance_matrix:67 - Ph Dimension Calculation has an approximate error of: nan.
2025-07-03 16:19:58.199 | DEBUG    | phd_method.src_phd.topology:fast_ripser:87 - Distance matrix computation time: 0.0s
2025-07-03 16:19:58.502 | DEBUG    | phd_method.src_phd.topology:ph_dim_from_distance_matrix:67 - Ph Dimension Calculation has an approximate error of: 0.005548816155796551.
2025-07-03 16:19:58.513 | DEBUG    | phd_method.src_phd.topology:fast_ripser:87 - Distance matrix computation time: 0.0s
2025-07-03 16:19:58.836 | DEBUG    | phd_method.src_phd.topology:ph_dim_from_distance_matrix:67 - Ph Dimension Calculation has an approximate error of: 0.0013442666580995625.
2025-07-03 16:19:58.884 | DEBUG    | phd_method.src_phd.topology:fast_ripser:87 - Distance matrix computation time: 0.01s
2025-07-03 16:19:59.180 | DEBUG    | phd_method.src_phd.topology:ph_dim_from_distance_matrix:67 - Ph Dimension Calculation has an approximate error of: 1.8279836072936017e-05.
2025-07-03 16:19:59.189 | DEBUG    | phd_method.src_phd.topology:fast_ripser:87 - Distance matrix computation time: 0.01s
2025-07-03 16:19:59.483 | DEBUG    | phd_method.src_phd.topology:ph_dim_from_distance_matrix:67 - Ph Dimension Calculation has an approximate error of: 3.4618483791439906e-05.
2025-07-03 16:19:59.492 | DEBUG    | phd_method.src_phd.topology:fast_ripser:87 - Distance matrix computation time: 0.01s
2025-07-03 16:19:59.773 | DEBUG    | phd_method.src_phd.topology:ph_dim_from_distance_matrix:67 - Ph Dimension Calculation has an approximate error of: 3.9333616294974205e-05.
2025-07-03 16:19:59.862 | DEBUG    | phd_method.src_phd.topology:fast_ripser:87 - Distance matrix computation time: 0.03s
2025-07-03 16:20:00.159 | DEBUG    | phd_method.src_phd.topology:ph_dim_from_distance_matrix:67 - Ph Dimension Calculation has an approximate error of: 2.3067935102991528e-05.
2025-07-03 16:20:00.191 | DEBUG    | phd_method.src_phd.topology:fast_ripser:87 - Distance matrix computation time: 0.03s
2025-07-03 16:20:00.474 | DEBUG    | phd_method.src_phd.topology:ph_dim_from_distance_matrix:67 - Ph Dimension Calculation has an approximate error of: 1.0603189780882395e-05.
2025-07-03 16:20:00.506 | DEBUG    | phd_method.src_phd.topology:fast_ripser:87 - Distance matrix computation time: 0.03s
2025-07-03 16:20:00.801 | DEBUG    | phd_method.src_phd.topology:ph_dim_from_distance_matrix:67 - Ph Dimension Calculation has an approximate error of: 3.285361011858646e-05.
2025-07-03 16:20:00.906 | DEBUG    | phd_method.src_phd.topology:fast_ripser:87 - Distance matrix computation time: 0.01s
2025-07-03 16:20:01.211 | DEBUG    | phd_method.src_phd.topology:ph_dim_from_distance_matrix:67 - Ph Dimension Calculation has an approximate error of: 1.5130052344151141e-05.
2025-07-03 16:20:01.232 | DEBUG    | phd_method.src_phd.topology:fast_ripser:87 - Distance matrix computation time: 0.02s
2025-07-03 16:20:01.535 | DEBUG    | phd_method.src_phd.topology:ph_dim_from_distance_matrix:67 - Ph Dimension Calculation has an approximate error of: 8.969114689220335e-06.
2025-07-03 16:20:01.556 | DEBUG    | phd_method.src_phd.topology:fast_ripser:87 - Distance matrix computation time: 0.02s
2025-07-03 16:20:01.847 | DEBUG    | phd_method.src_phd.topology:ph_dim_from_distance_matrix:67 - Ph Dimension Calculation has an approximate error of: 9.834864997029248e-06.
2025-07-03 16:20:01.940 | DEBUG    | phd_method.src_phd.topology:fast_ripser:87 - Distance matrix computation time: 0.0s
2025-07-03 16:20:02.255 | DEBUG    | phd_method.src_phd.topology:ph_dim_from_distance_matrix:67 - Ph Dimension Calculation has an approximate error of: 6.747734424656064e-05.
2025-07-03 16:20:02.260 | DEBUG    | phd_method.src_phd.topology:fast_ripser:87 - Distance matrix computation time: 0.0s
2025-07-03 16:20:02.545 | DEBUG    | phd_method.src_phd.topology:ph_dim_from_distance_matrix:67 - Ph Dimension Calculation has an approximate error of: 0.00012592544486799022.
2025-07-03 16:20:02.551 | DEBUG    | phd_method.src_phd.topology:fast_ripser:87 - Distance matrix computation time: 0.0s
2025-07-03 16:20:02.837 | DEBUG    | phd_method.src_phd.topology:ph_dim_from_distance_matrix:67 - Ph Dimension Calculation has an approximate error of: 3.250433541104463e-05.
2025-07-03 16:20:03.689 | DEBUG    | phd_method.src_phd.topology:ph_dim_from_distance_matrix:67 - Ph Dimension Calculation has an approximate error of: 5.371094032360748e-05.
2025-07-03 16:20:04.504 | DEBUG    | phd_method.src_phd.topology:ph_dim_from_distance_matrix:67 - Ph Dimension Calculation has an approximate error of: 1.1080776407165951e-05.
2025-07-03 16:20:05.315 | DEBUG    | phd_method.src_phd.topology:ph_dim_from_distance_matrix:67 - Ph Dimension Calculation has an approximate error of: 2.4764469724440312e-05.
2025-07-03 16:20:07.813 | DEBUG    | phd_method.src_phd.topology:ph_dim_from_distance_matrix:67 - Ph Dimension Calculation has an approximate error of: 2.7257201708036172e-05.
2025-07-03 16:20:08.628 | DEBUG    | phd_method.src_phd.topology:ph_dim_from_distance_matrix:67 - Ph Dimension Calculation has an approximate error of: 2.5690393512544442e-05.
2025-07-03 16:20:09.447 | DEBUG    | phd_method.src_phd.topology:ph_dim_from_distance_matrix:67 - Ph Dimension Calculation has an approximate error of: 4.0572088479788604e-05.
2025-07-03 16:20:11.160 | DEBUG    | phd_method.src_phd.topology:fast_ripser:87 - Distance matrix computation time: 0.03s
2025-07-03 16:20:11.447 | DEBUG    | phd_method.src_phd.topology:ph_dim_from_distance_matrix:67 - Ph Dimension Calculation has an approximate error of: 3.046341975587354e-05.
2025-07-03 16:20:11.475 | DEBUG    | phd_method.src_phd.topology:fast_ripser:87 - Distance matrix computation time: 0.03s
2025-07-03 16:20:11.756 | DEBUG    | phd_method.src_phd.topology:ph_dim_from_distance_matrix:67 - Ph Dimension Calculation has an approximate error of: 1.513529941458848e-05.
2025-07-03 16:20:11.784 | DEBUG    | phd_method.src_phd.topology:fast_ripser:87 - Distance matrix computation time: 0.03s
2025-07-03 16:20:12.071 | DEBUG    | phd_method.src_phd.topology:ph_dim_from_distance_matrix:67 - Ph Dimension Calculation has an approximate error of: 1.65557855171662e-05.
2025-07-03 16:20:12.220 | DEBUG    | phd_method.src_phd.topology:fast_ripser:87 - Distance matrix computation time: 0.02s
2025-07-03 16:20:12.519 | DEBUG    | phd_method.src_phd.topology:ph_dim_from_distance_matrix:67 - Ph Dimension Calculation has an approximate error of: 1.6829115858477615e-05.
2025-07-03 16:20:12.545 | DEBUG    | phd_method.src_phd.topology:fast_ripser:87 - Distance matrix computation time: 0.02s
2025-07-03 16:20:12.838 | DEBUG    | phd_method.src_phd.topology:ph_dim_from_distance_matrix:67 - Ph Dimension Calculation has an approximate error of: 2.1045429391613787e-05.
2025-07-03 16:20:12.865 | DEBUG    | phd_method.src_phd.topology:fast_ripser:87 - Distance matrix computation time: 0.02s
2025-07-03 16:20:13.169 | DEBUG    | phd_method.src_phd.topology:ph_dim_from_distance_matrix:67 - Ph Dimension Calculation has an approximate error of: 1.6638464230503308e-05.
2025-07-03 16:20:13.276 | DEBUG    | phd_method.src_phd.topology:fast_ripser:87 - Distance matrix computation time: 0.0s
2025-07-03 16:20:13.582 | DEBUG    | phd_method.src_phd.topology:ph_dim_from_distance_matrix:67 - Ph Dimension Calculation has an approximate error of: 0.00070881231865169.
2025-07-03 16:20:13.592 | DEBUG    | phd_method.src_phd.topology:fast_ripser:87 - Distance matrix computation time: 0.01s
2025-07-03 16:20:13.886 | DEBUG    | phd_method.src_phd.topology:ph_dim_from_distance_matrix:67 - Ph Dimension Calculation has an approximate error of: 0.0017652482389861532.
2025-07-03 16:20:13.893 | DEBUG    | phd_method.src_phd.topology:fast_ripser:87 - Distance matrix computation time: 0.0s
2025-07-03 16:20:14.188 | DEBUG    | phd_method.src_phd.topology:ph_dim_from_distance_matrix:67 - Ph Dimension Calculation has an approximate error of: 0.018529369656680617.
2025-07-03 16:20:14.229 | DEBUG    | phd_method.src_phd.topology:fast_ripser:87 - Distance matrix computation time: 0.0s
2025-07-03 16:20:14.536 | DEBUG    | phd_method.src_phd.topology:ph_dim_from_distance_matrix:67 - Ph Dimension Calculation has an approximate error of: 0.00497281193704401.
2025-07-03 16:20:14.544 | DEBUG    | phd_method.src_phd.topology:fast_ripser:87 - Distance matrix computation time: 0.0s
2025-07-03 16:20:14.873 | DEBUG    | phd_method.src_phd.topology:ph_dim_from_distance_matrix:67 - Ph Dimension Calculation has an approximate error of: 0.00199972042686804.
2025-07-03 16:20:14.881 | DEBUG    | phd_method.src_phd.topology:fast_ripser:87 - Distance matrix computation time: 0.0s
2025-07-03 16:20:15.197 | DEBUG    | phd_method.src_phd.topology:ph_dim_from_distance_matrix:67 - Ph Dimension Calculation has an approximate error of: 0.002905847137614865.
2025-07-03 16:20:15.239 | DEBUG    | phd_method.src_phd.topology:fast_ripser:87 - Distance matrix computation time: 0.0s
2025-07-03 16:20:15.546 | DEBUG    | phd_method.src_phd.topology:ph_dim_from_distance_matrix:67 - Ph Dimension Calculation has an approximate error of: 0.004685124406727881.
2025-07-03 16:20:15.556 | DEBUG    | phd_method.src_phd.topology:fast_ripser:87 - Distance matrix computation time: 0.0s
2025-07-03 16:20:15.870 | DEBUG    | phd_method.src_phd.topology:ph_dim_from_distance_matrix:67 - Ph Dimension Calculation has an approximate error of: 0.004442026339052358.
2025-07-03 16:20:15.881 | DEBUG    | phd_method.src_phd.topology:fast_ripser:87 - Distance matrix computation time: 0.0s
2025-07-03 16:20:16.188 | DEBUG    | phd_method.src_phd.topology:ph_dim_from_distance_matrix:67 - Ph Dimension Calculation has an approximate error of: 0.0016774916325700572.
2025-07-03 16:20:16.231 | DEBUG    | phd_method.src_phd.topology:fast_ripser:87 - Distance matrix computation time: 0.0s
/homes/ahb24/MSc_Topology_Codebase/phd_method/src_phd/topology.py:60: RuntimeWarning: divide by zero encountered in log
  y = np.log(lengths)
/homes/ahb24/MSc_Topology_Codebase/phd_method/src_phd/topology.py:62: RuntimeWarning: invalid value encountered in scalar subtract
  m = (N * (x * y).sum() - x.sum() * y.sum()) / (N * (x ** 2).sum() - x.sum() ** 2)
2025-07-03 16:20:16.475 | DEBUG    | phd_method.src_phd.topology:ph_dim_from_distance_matrix:67 - Ph Dimension Calculation has an approximate error of: nan.
2025-07-03 16:20:16.480 | DEBUG    | phd_method.src_phd.topology:fast_ripser:87 - Distance matrix computation time: 0.0s
/homes/ahb24/MSc_Topology_Codebase/phd_method/src_phd/topology.py:60: RuntimeWarning: divide by zero encountered in log
  y = np.log(lengths)
/homes/ahb24/MSc_Topology_Codebase/phd_method/src_phd/topology.py:62: RuntimeWarning: invalid value encountered in scalar subtract
  m = (N * (x * y).sum() - x.sum() * y.sum()) / (N * (x ** 2).sum() - x.sum() ** 2)
2025-07-03 16:20:16.697 | DEBUG    | phd_method.src_phd.topology:ph_dim_from_distance_matrix:67 - Ph Dimension Calculation has an approximate error of: nan.
2025-07-03 16:20:16.704 | DEBUG    | phd_method.src_phd.topology:fast_ripser:87 - Distance matrix computation time: 0.0s
/homes/ahb24/MSc_Topology_Codebase/phd_method/src_phd/topology.py:60: RuntimeWarning: divide by zero encountered in log
  y = np.log(lengths)
/homes/ahb24/MSc_Topology_Codebase/phd_method/src_phd/topology.py:62: RuntimeWarning: invalid value encountered in scalar subtract
  m = (N * (x * y).sum() - x.sum() * y.sum()) / (N * (x ** 2).sum() - x.sum() ** 2)
2025-07-03 16:20:16.925 | DEBUG    | phd_method.src_phd.topology:ph_dim_from_distance_matrix:67 - Ph Dimension Calculation has an approximate error of: nan.
2025-07-03 16:20:17.287 | DEBUG    | phd_method.src_phd.topology:ph_dim_from_distance_matrix:67 - Ph Dimension Calculation has an approximate error of: 0.0038980008882675055.
2025-07-03 16:20:17.624 | DEBUG    | phd_method.src_phd.topology:ph_dim_from_distance_matrix:67 - Ph Dimension Calculation has an approximate error of: 0.006262802836632305.
2025-07-03 16:20:17.957 | DEBUG    | phd_method.src_phd.topology:ph_dim_from_distance_matrix:67 - Ph Dimension Calculation has an approximate error of: 0.0060792089540950955.
2025-07-03 16:20:18.378 | DEBUG    | phd_method.src_phd.topology:ph_dim_from_distance_matrix:67 - Ph Dimension Calculation has an approximate error of: 0.0020176733312027508.
2025-07-03 16:20:18.708 | DEBUG    | phd_method.src_phd.topology:ph_dim_from_distance_matrix:67 - Ph Dimension Calculation has an approximate error of: 0.0014801361463603858.
2025-07-03 16:20:19.047 | DEBUG    | phd_method.src_phd.topology:ph_dim_from_distance_matrix:67 - Ph Dimension Calculation has an approximate error of: 0.006803302963281699.
2025-07-03 16:20:19.142 | DEBUG    | phd_method.src_phd.topology:fast_ripser:87 - Distance matrix computation time: 0.0s
2025-07-03 16:20:19.456 | DEBUG    | phd_method.src_phd.topology:ph_dim_from_distance_matrix:67 - Ph Dimension Calculation has an approximate error of: 0.06773710101793183.
2025-07-03 16:20:19.467 | DEBUG    | phd_method.src_phd.topology:fast_ripser:87 - Distance matrix computation time: 0.01s
2025-07-03 16:20:19.774 | DEBUG    | phd_method.src_phd.topology:ph_dim_from_distance_matrix:67 - Ph Dimension Calculation has an approximate error of: 0.019641709750412947.
2025-07-03 16:20:19.786 | DEBUG    | phd_method.src_phd.topology:fast_ripser:87 - Distance matrix computation time: 0.01s
2025-07-03 16:20:20.095 | DEBUG    | phd_method.src_phd.topology:ph_dim_from_distance_matrix:67 - Ph Dimension Calculation has an approximate error of: 0.017273727056286648.
2025-07-03 16:20:20.141 | DEBUG    | phd_method.src_phd.topology:fast_ripser:87 - Distance matrix computation time: 0.01s
2025-07-03 16:20:20.447 | DEBUG    | phd_method.src_phd.topology:ph_dim_from_distance_matrix:67 - Ph Dimension Calculation has an approximate error of: 0.059754884196897735.
2025-07-03 16:20:20.457 | DEBUG    | phd_method.src_phd.topology:fast_ripser:87 - Distance matrix computation time: 0.0s
2025-07-03 16:20:20.767 | DEBUG    | phd_method.src_phd.topology:ph_dim_from_distance_matrix:67 - Ph Dimension Calculation has an approximate error of: 0.001618628706765573.
2025-07-03 16:20:20.778 | DEBUG    | phd_method.src_phd.topology:fast_ripser:87 - Distance matrix computation time: 0.0s
2025-07-03 16:20:21.095 | DEBUG    | phd_method.src_phd.topology:ph_dim_from_distance_matrix:67 - Ph Dimension Calculation has an approximate error of: 0.02083802987779835.
2025-07-03 16:20:21.140 | DEBUG    | phd_method.src_phd.topology:fast_ripser:87 - Distance matrix computation time: 0.01s
2025-07-03 16:20:21.449 | DEBUG    | phd_method.src_phd.topology:ph_dim_from_distance_matrix:67 - Ph Dimension Calculation has an approximate error of: 0.0002871099934903806.
2025-07-03 16:20:21.457 | DEBUG    | phd_method.src_phd.topology:fast_ripser:87 - Distance matrix computation time: 0.01s
2025-07-03 16:20:21.749 | DEBUG    | phd_method.src_phd.topology:ph_dim_from_distance_matrix:67 - Ph Dimension Calculation has an approximate error of: 0.00024559708354073484.
2025-07-03 16:20:21.757 | DEBUG    | phd_method.src_phd.topology:fast_ripser:87 - Distance matrix computation time: 0.01s
2025-07-03 16:20:22.060 | DEBUG    | phd_method.src_phd.topology:ph_dim_from_distance_matrix:67 - Ph Dimension Calculation has an approximate error of: 0.00027051978930456565.
2025-07-03 16:20:22.106 | DEBUG    | phd_method.src_phd.topology:fast_ripser:87 - Distance matrix computation time: 0.0s
2025-07-03 16:20:22.412 | DEBUG    | phd_method.src_phd.topology:ph_dim_from_distance_matrix:67 - Ph Dimension Calculation has an approximate error of: 0.00016367226264647923.
2025-07-03 16:20:22.420 | DEBUG    | phd_method.src_phd.topology:fast_ripser:87 - Distance matrix computation time: 0.0s
2025-07-03 16:20:22.737 | DEBUG    | phd_method.src_phd.topology:ph_dim_from_distance_matrix:67 - Ph Dimension Calculation has an approximate error of: 0.0002794472302302055.
2025-07-03 16:20:22.746 | DEBUG    | phd_method.src_phd.topology:fast_ripser:87 - Distance matrix computation time: 0.0s
2025-07-03 16:20:23.054 | DEBUG    | phd_method.src_phd.topology:ph_dim_from_distance_matrix:67 - Ph Dimension Calculation has an approximate error of: 7.659725269769805e-05.
2025-07-03 16:20:23.098 | DEBUG    | phd_method.src_phd.topology:fast_ripser:87 - Distance matrix computation time: 0.0s
2025-07-03 16:20:23.401 | DEBUG    | phd_method.src_phd.topology:ph_dim_from_distance_matrix:67 - Ph Dimension Calculation has an approximate error of: 0.0002741650447470301.
2025-07-03 16:20:23.411 | DEBUG    | phd_method.src_phd.topology:fast_ripser:87 - Distance matrix computation time: 0.0s
2025-07-03 16:20:23.714 | DEBUG    | phd_method.src_phd.topology:ph_dim_from_distance_matrix:67 - Ph Dimension Calculation has an approximate error of: 0.0002183597101752691.
2025-07-03 16:20:23.725 | DEBUG    | phd_method.src_phd.topology:fast_ripser:87 - Distance matrix computation time: 0.0s
2025-07-03 16:20:24.023 | DEBUG    | phd_method.src_phd.topology:ph_dim_from_distance_matrix:67 - Ph Dimension Calculation has an approximate error of: 0.00035391148191520646.
2025-07-03 16:20:24.064 | DEBUG    | phd_method.src_phd.topology:fast_ripser:87 - Distance matrix computation time: 0.0s
2025-07-03 16:20:24.366 | DEBUG    | phd_method.src_phd.topology:ph_dim_from_distance_matrix:67 - Ph Dimension Calculation has an approximate error of: 0.0026533353731937.
2025-07-03 16:20:24.372 | DEBUG    | phd_method.src_phd.topology:fast_ripser:87 - Distance matrix computation time: 0.0s
2025-07-03 16:20:24.664 | DEBUG    | phd_method.src_phd.topology:ph_dim_from_distance_matrix:67 - Ph Dimension Calculation has an approximate error of: 0.002315102368559656.
2025-07-03 16:20:24.669 | DEBUG    | phd_method.src_phd.topology:fast_ripser:87 - Distance matrix computation time: 0.0s
2025-07-03 16:20:24.963 | DEBUG    | phd_method.src_phd.topology:ph_dim_from_distance_matrix:67 - Ph Dimension Calculation has an approximate error of: 0.0015359308594282974.
2025-07-03 16:20:25.348 | DEBUG    | phd_method.src_phd.topology:ph_dim_from_distance_matrix:67 - Ph Dimension Calculation has an approximate error of: 0.00024349267983475088.
2025-07-03 16:20:25.706 | DEBUG    | phd_method.src_phd.topology:ph_dim_from_distance_matrix:67 - Ph Dimension Calculation has an approximate error of: 0.0003760153156518131.
2025-07-03 16:20:26.073 | DEBUG    | phd_method.src_phd.topology:ph_dim_from_distance_matrix:67 - Ph Dimension Calculation has an approximate error of: 0.0003268685477725262.
2025-07-03 16:20:26.622 | DEBUG    | phd_method.src_phd.topology:ph_dim_from_distance_matrix:67 - Ph Dimension Calculation has an approximate error of: 0.0005640630298977577.
2025-07-03 16:20:26.987 | DEBUG    | phd_method.src_phd.topology:ph_dim_from_distance_matrix:67 - Ph Dimension Calculation has an approximate error of: 0.0001836780381459274.
2025-07-03 16:20:27.355 | DEBUG    | phd_method.src_phd.topology:ph_dim_from_distance_matrix:67 - Ph Dimension Calculation has an approximate error of: 0.0001701295738058549.
2025-07-03 16:20:27.557 | DEBUG    | phd_method.src_phd.topology:fast_ripser:87 - Distance matrix computation time: 0.01s
2025-07-03 16:20:27.858 | DEBUG    | phd_method.src_phd.topology:ph_dim_from_distance_matrix:67 - Ph Dimension Calculation has an approximate error of: 0.0005103951974841522.
2025-07-03 16:20:27.869 | DEBUG    | phd_method.src_phd.topology:fast_ripser:87 - Distance matrix computation time: 0.01s
2025-07-03 16:20:28.175 | DEBUG    | phd_method.src_phd.topology:ph_dim_from_distance_matrix:67 - Ph Dimension Calculation has an approximate error of: 0.00042269672405061305.
2025-07-03 16:20:28.186 | DEBUG    | phd_method.src_phd.topology:fast_ripser:87 - Distance matrix computation time: 0.01s
2025-07-03 16:20:28.490 | DEBUG    | phd_method.src_phd.topology:ph_dim_from_distance_matrix:67 - Ph Dimension Calculation has an approximate error of: 0.00026793840727272163.
2025-07-03 16:20:28.540 | DEBUG    | phd_method.src_phd.topology:fast_ripser:87 - Distance matrix computation time: 0.0s
2025-07-03 16:20:28.840 | DEBUG    | phd_method.src_phd.topology:ph_dim_from_distance_matrix:67 - Ph Dimension Calculation has an approximate error of: 0.00020294649404049777.
2025-07-03 16:20:28.851 | DEBUG    | phd_method.src_phd.topology:fast_ripser:87 - Distance matrix computation time: 0.01s
2025-07-03 16:20:29.149 | DEBUG    | phd_method.src_phd.topology:ph_dim_from_distance_matrix:67 - Ph Dimension Calculation has an approximate error of: 0.0002503480966350399.
2025-07-03 16:20:29.160 | DEBUG    | phd_method.src_phd.topology:fast_ripser:87 - Distance matrix computation time: 0.01s
2025-07-03 16:20:29.464 | DEBUG    | phd_method.src_phd.topology:ph_dim_from_distance_matrix:67 - Ph Dimension Calculation has an approximate error of: 6.0566869729643776e-05.
2025-07-03 16:20:29.527 | DEBUG    | phd_method.src_phd.topology:fast_ripser:87 - Distance matrix computation time: 0.02s
2025-07-03 16:20:29.842 | DEBUG    | phd_method.src_phd.topology:ph_dim_from_distance_matrix:67 - Ph Dimension Calculation has an approximate error of: 1.4780276482870646e-05.
2025-07-03 16:20:29.861 | DEBUG    | phd_method.src_phd.topology:fast_ripser:87 - Distance matrix computation time: 0.02s
2025-07-03 16:20:30.165 | DEBUG    | phd_method.src_phd.topology:ph_dim_from_distance_matrix:67 - Ph Dimension Calculation has an approximate error of: 4.0278133994905886e-06.
2025-07-03 16:20:30.184 | DEBUG    | phd_method.src_phd.topology:fast_ripser:87 - Distance matrix computation time: 0.02s
2025-07-03 16:20:30.468 | DEBUG    | phd_method.src_phd.topology:ph_dim_from_distance_matrix:67 - Ph Dimension Calculation has an approximate error of: 1.438255363795654e-05.
2025-07-03 16:20:31.013 | DEBUG    | phd_method.src_phd.topology:fast_ripser:87 - Distance matrix computation time: 0.36s
2025-07-03 16:20:31.265 | DEBUG    | phd_method.src_phd.topology:ph_dim_from_distance_matrix:67 - Ph Dimension Calculation has an approximate error of: 1.8300499084962503e-05.
2025-07-03 16:20:31.634 | DEBUG    | phd_method.src_phd.topology:fast_ripser:87 - Distance matrix computation time: 0.36s
2025-07-03 16:20:31.900 | DEBUG    | phd_method.src_phd.topology:ph_dim_from_distance_matrix:67 - Ph Dimension Calculation has an approximate error of: 1.2074195237944301e-05.
2025-07-03 16:20:32.269 | DEBUG    | phd_method.src_phd.topology:fast_ripser:87 - Distance matrix computation time: 0.36s
2025-07-03 16:20:32.533 | DEBUG    | phd_method.src_phd.topology:ph_dim_from_distance_matrix:67 - Ph Dimension Calculation has an approximate error of: 4.247808112995993e-06.
2025-07-03 16:20:33.397 | DEBUG    | phd_method.src_phd.topology:fast_ripser:87 - Distance matrix computation time: 0.16s
2025-07-03 16:20:33.677 | DEBUG    | phd_method.src_phd.topology:ph_dim_from_distance_matrix:67 - Ph Dimension Calculation has an approximate error of: 5.048905979186e-06.
2025-07-03 16:20:33.836 | DEBUG    | phd_method.src_phd.topology:fast_ripser:87 - Distance matrix computation time: 0.15s
2025-07-03 16:20:34.120 | DEBUG    | phd_method.src_phd.topology:ph_dim_from_distance_matrix:67 - Ph Dimension Calculation has an approximate error of: 1.2553837466675492e-05.
2025-07-03 16:20:34.280 | DEBUG    | phd_method.src_phd.topology:fast_ripser:87 - Distance matrix computation time: 0.16s
2025-07-03 16:20:34.562 | DEBUG    | phd_method.src_phd.topology:ph_dim_from_distance_matrix:67 - Ph Dimension Calculation has an approximate error of: 3.1190146536378995e-06.
2025-07-03 16:20:35.184 | DEBUG    | phd_method.src_phd.topology:fast_ripser:87 - Distance matrix computation time: 0.01s
2025-07-03 16:20:35.499 | DEBUG    | phd_method.src_phd.topology:ph_dim_from_distance_matrix:67 - Ph Dimension Calculation has an approximate error of: 3.235947155334237e-05.
2025-07-03 16:20:35.512 | DEBUG    | phd_method.src_phd.topology:fast_ripser:87 - Distance matrix computation time: 0.01s
2025-07-03 16:20:35.802 | DEBUG    | phd_method.src_phd.topology:ph_dim_from_distance_matrix:67 - Ph Dimension Calculation has an approximate error of: 4.746088127134633e-05.
2025-07-03 16:20:35.811 | DEBUG    | phd_method.src_phd.topology:fast_ripser:87 - Distance matrix computation time: 0.01s
2025-07-03 16:20:36.112 | DEBUG    | phd_method.src_phd.topology:ph_dim_from_distance_matrix:67 - Ph Dimension Calculation has an approximate error of: 2.6368007686355417e-05.
2025-07-03 16:20:43.283 | DEBUG    | phd_method.src_phd.topology:ph_dim_from_distance_matrix:67 - Ph Dimension Calculation has an approximate error of: 8.655256927395474e-06.
2025-07-03 16:20:50.289 | DEBUG    | phd_method.src_phd.topology:ph_dim_from_distance_matrix:67 - Ph Dimension Calculation has an approximate error of: 8.464127111868978e-06.
2025-07-03 16:20:57.260 | DEBUG    | phd_method.src_phd.topology:ph_dim_from_distance_matrix:67 - Ph Dimension Calculation has an approximate error of: 1.3251616003323584e-06.
2025-07-03 16:21:24.705 | DEBUG    | phd_method.src_phd.topology:ph_dim_from_distance_matrix:67 - Ph Dimension Calculation has an approximate error of: 6.143669072823718e-06.
2025-07-03 16:21:31.708 | DEBUG    | phd_method.src_phd.topology:ph_dim_from_distance_matrix:67 - Ph Dimension Calculation has an approximate error of: 9.557270484563843e-06.
2025-07-03 16:21:38.724 | DEBUG    | phd_method.src_phd.topology:ph_dim_from_distance_matrix:67 - Ph Dimension Calculation has an approximate error of: 5.974720897108232e-06.
2025-07-03 16:21:59.395 | DEBUG    | phd_method.src_phd.topology:fast_ripser:87 - Distance matrix computation time: 0.31s
2025-07-03 16:21:59.657 | DEBUG    | phd_method.src_phd.topology:ph_dim_from_distance_matrix:67 - Ph Dimension Calculation has an approximate error of: 1.6670953824476384e-05.
2025-07-03 16:21:59.982 | DEBUG    | phd_method.src_phd.topology:fast_ripser:87 - Distance matrix computation time: 0.32s
2025-07-03 16:22:00.257 | DEBUG    | phd_method.src_phd.topology:ph_dim_from_distance_matrix:67 - Ph Dimension Calculation has an approximate error of: 9.48218749619597e-06.
2025-07-03 16:22:00.572 | DEBUG    | phd_method.src_phd.topology:fast_ripser:87 - Distance matrix computation time: 0.31s
2025-07-03 16:22:00.844 | DEBUG    | phd_method.src_phd.topology:ph_dim_from_distance_matrix:67 - Ph Dimension Calculation has an approximate error of: 2.829775934548008e-06.
2025-07-03 16:22:02.132 | DEBUG    | phd_method.src_phd.topology:fast_ripser:87 - Distance matrix computation time: 0.21s
2025-07-03 16:22:02.402 | DEBUG    | phd_method.src_phd.topology:ph_dim_from_distance_matrix:67 - Ph Dimension Calculation has an approximate error of: 4.326793905594977e-05.
2025-07-03 16:22:02.620 | DEBUG    | phd_method.src_phd.topology:fast_ripser:87 - Distance matrix computation time: 0.21s
2025-07-03 16:22:02.889 | DEBUG    | phd_method.src_phd.topology:ph_dim_from_distance_matrix:67 - Ph Dimension Calculation has an approximate error of: 3.00718877867528e-05.
2025-07-03 16:22:03.106 | DEBUG    | phd_method.src_phd.topology:fast_ripser:87 - Distance matrix computation time: 0.21s
2025-07-03 16:22:03.389 | DEBUG    | phd_method.src_phd.topology:ph_dim_from_distance_matrix:67 - Ph Dimension Calculation has an approximate error of: 5.6486381581544886e-05.
2025-07-03 16:22:04.196 | DEBUG    | phd_method.src_phd.topology:fast_ripser:87 - Distance matrix computation time: 0.02s
2025-07-03 16:22:04.525 | DEBUG    | phd_method.src_phd.topology:ph_dim_from_distance_matrix:67 - Ph Dimension Calculation has an approximate error of: 0.00010836333801990069.
2025-07-03 16:22:04.546 | DEBUG    | phd_method.src_phd.topology:fast_ripser:87 - Distance matrix computation time: 0.02s
2025-07-03 16:22:04.842 | DEBUG    | phd_method.src_phd.topology:ph_dim_from_distance_matrix:67 - Ph Dimension Calculation has an approximate error of: 0.0001354257688909561.
2025-07-03 16:22:04.861 | DEBUG    | phd_method.src_phd.topology:fast_ripser:87 - Distance matrix computation time: 0.02s
2025-07-03 16:22:05.158 | DEBUG    | phd_method.src_phd.topology:ph_dim_from_distance_matrix:67 - Ph Dimension Calculation has an approximate error of: 5.819468371634883e-05.
2025-07-03 16:22:05.708 | DEBUG    | phd_method.src_phd.topology:fast_ripser:87 - Distance matrix computation time: 0.37s
2025-07-03 16:22:05.977 | DEBUG    | phd_method.src_phd.topology:ph_dim_from_distance_matrix:67 - Ph Dimension Calculation has an approximate error of: 0.00016603811282155426.
2025-07-03 16:22:06.346 | DEBUG    | phd_method.src_phd.topology:fast_ripser:87 - Distance matrix computation time: 0.36s
2025-07-03 16:22:06.596 | DEBUG    | phd_method.src_phd.topology:ph_dim_from_distance_matrix:67 - Ph Dimension Calculation has an approximate error of: 0.0002190140366208451.
2025-07-03 16:22:06.964 | DEBUG    | phd_method.src_phd.topology:fast_ripser:87 - Distance matrix computation time: 0.36s
2025-07-03 16:22:07.207 | DEBUG    | phd_method.src_phd.topology:ph_dim_from_distance_matrix:67 - Ph Dimension Calculation has an approximate error of: 0.00023727673198666193.
2025-07-03 16:22:08.079 | DEBUG    | phd_method.src_phd.topology:fast_ripser:87 - Distance matrix computation time: 0.15s
2025-07-03 16:22:08.348 | DEBUG    | phd_method.src_phd.topology:ph_dim_from_distance_matrix:67 - Ph Dimension Calculation has an approximate error of: 0.0007267421766347101.
2025-07-03 16:22:08.506 | DEBUG    | phd_method.src_phd.topology:fast_ripser:87 - Distance matrix computation time: 0.15s
2025-07-03 16:22:08.772 | DEBUG    | phd_method.src_phd.topology:ph_dim_from_distance_matrix:67 - Ph Dimension Calculation has an approximate error of: 0.00018530536098149483.
2025-07-03 16:22:08.934 | DEBUG    | phd_method.src_phd.topology:fast_ripser:87 - Distance matrix computation time: 0.16s
2025-07-03 16:22:09.199 | DEBUG    | phd_method.src_phd.topology:ph_dim_from_distance_matrix:67 - Ph Dimension Calculation has an approximate error of: 0.00013831180005388882.
2025-07-03 16:22:09.830 | DEBUG    | phd_method.src_phd.topology:fast_ripser:87 - Distance matrix computation time: 0.01s
2025-07-03 16:22:10.151 | DEBUG    | phd_method.src_phd.topology:ph_dim_from_distance_matrix:67 - Ph Dimension Calculation has an approximate error of: 2.8271780038761703e-05.
2025-07-03 16:22:10.161 | DEBUG    | phd_method.src_phd.topology:fast_ripser:87 - Distance matrix computation time: 0.01s
2025-07-03 16:22:10.459 | DEBUG    | phd_method.src_phd.topology:ph_dim_from_distance_matrix:67 - Ph Dimension Calculation has an approximate error of: 8.49226214359101e-06.
2025-07-03 16:22:10.468 | DEBUG    | phd_method.src_phd.topology:fast_ripser:87 - Distance matrix computation time: 0.01s
2025-07-03 16:22:10.775 | DEBUG    | phd_method.src_phd.topology:ph_dim_from_distance_matrix:67 - Ph Dimension Calculation has an approximate error of: 1.4009636191198115e-05.
2025-07-03 16:22:17.698 | DEBUG    | phd_method.src_phd.topology:ph_dim_from_distance_matrix:67 - Ph Dimension Calculation has an approximate error of: 0.00024347971047361395.
2025-07-03 16:22:24.457 | DEBUG    | phd_method.src_phd.topology:ph_dim_from_distance_matrix:67 - Ph Dimension Calculation has an approximate error of: 6.578028914550228e-05.
2025-07-03 16:22:31.196 | DEBUG    | phd_method.src_phd.topology:ph_dim_from_distance_matrix:67 - Ph Dimension Calculation has an approximate error of: 7.784321336772355e-05.
2025-07-03 16:22:57.611 | DEBUG    | phd_method.src_phd.topology:ph_dim_from_distance_matrix:67 - Ph Dimension Calculation has an approximate error of: 0.0002881897728376013.
2025-07-03 16:23:04.368 | DEBUG    | phd_method.src_phd.topology:ph_dim_from_distance_matrix:67 - Ph Dimension Calculation has an approximate error of: 0.0003890022879911932.
2025-07-03 16:23:11.115 | DEBUG    | phd_method.src_phd.topology:ph_dim_from_distance_matrix:67 - Ph Dimension Calculation has an approximate error of: 0.0001125840113524384.
2025-07-03 16:23:31.049 | DEBUG    | phd_method.src_phd.topology:fast_ripser:87 - Distance matrix computation time: 0.3s
2025-07-03 16:23:31.169 | DEBUG    | phd_method.src_phd.topology:ph_dim_from_distance_matrix:67 - Ph Dimension Calculation has an approximate error of: 0.003176591799334592.
2025-07-03 16:23:31.482 | DEBUG    | phd_method.src_phd.topology:fast_ripser:87 - Distance matrix computation time: 0.31s
2025-07-03 16:23:31.756 | DEBUG    | phd_method.src_phd.topology:ph_dim_from_distance_matrix:67 - Ph Dimension Calculation has an approximate error of: 2.0967942049017827e-06.
2025-07-03 16:23:32.066 | DEBUG    | phd_method.src_phd.topology:fast_ripser:87 - Distance matrix computation time: 0.31s
2025-07-03 16:23:32.340 | DEBUG    | phd_method.src_phd.topology:ph_dim_from_distance_matrix:67 - Ph Dimension Calculation has an approximate error of: 1.9249774515869725e-06.
2025-07-03 16:23:33.618 | DEBUG    | phd_method.src_phd.topology:fast_ripser:87 - Distance matrix computation time: 0.21s
2025-07-03 16:23:33.896 | DEBUG    | phd_method.src_phd.topology:ph_dim_from_distance_matrix:67 - Ph Dimension Calculation has an approximate error of: 4.154121717327583e-06.
2025-07-03 16:23:34.109 | DEBUG    | phd_method.src_phd.topology:fast_ripser:87 - Distance matrix computation time: 0.21s
2025-07-03 16:23:34.378 | DEBUG    | phd_method.src_phd.topology:ph_dim_from_distance_matrix:67 - Ph Dimension Calculation has an approximate error of: 5.747298467047007e-06.
2025-07-03 16:23:34.590 | DEBUG    | phd_method.src_phd.topology:fast_ripser:87 - Distance matrix computation time: 0.21s
2025-07-03 16:23:34.872 | DEBUG    | phd_method.src_phd.topology:ph_dim_from_distance_matrix:67 - Ph Dimension Calculation has an approximate error of: 4.223002789752324e-06.
2025-07-03 16:23:35.673 | DEBUG    | phd_method.src_phd.topology:fast_ripser:87 - Distance matrix computation time: 0.02s
2025-07-03 16:23:35.983 | DEBUG    | phd_method.src_phd.topology:ph_dim_from_distance_matrix:67 - Ph Dimension Calculation has an approximate error of: 9.998392030236266e-05.
2025-07-03 16:23:36.003 | DEBUG    | phd_method.src_phd.topology:fast_ripser:87 - Distance matrix computation time: 0.02s
2025-07-03 16:23:36.273 | DEBUG    | phd_method.src_phd.topology:ph_dim_from_distance_matrix:67 - Ph Dimension Calculation has an approximate error of: 0.00024974460107059226.
2025-07-03 16:23:36.294 | DEBUG    | phd_method.src_phd.topology:fast_ripser:87 - Distance matrix computation time: 0.02s
2025-07-03 16:23:36.509 | DEBUG    | phd_method.src_phd.topology:ph_dim_from_distance_matrix:67 - Ph Dimension Calculation has an approximate error of: 8.807121848055014e-05.
2025-07-03 16:23:37.066 | DEBUG    | phd_method.src_phd.topology:fast_ripser:87 - Distance matrix computation time: 0.37s
2025-07-03 16:23:37.322 | DEBUG    | phd_method.src_phd.topology:ph_dim_from_distance_matrix:67 - Ph Dimension Calculation has an approximate error of: 0.0001120853351243019.
2025-07-03 16:23:37.694 | DEBUG    | phd_method.src_phd.topology:fast_ripser:87 - Distance matrix computation time: 0.37s
2025-07-03 16:23:37.928 | DEBUG    | phd_method.src_phd.topology:ph_dim_from_distance_matrix:67 - Ph Dimension Calculation has an approximate error of: 0.0001809763185598947.
2025-07-03 16:23:38.299 | DEBUG    | phd_method.src_phd.topology:fast_ripser:87 - Distance matrix computation time: 0.37s
2025-07-03 16:23:38.508 | DEBUG    | phd_method.src_phd.topology:ph_dim_from_distance_matrix:67 - Ph Dimension Calculation has an approximate error of: 0.00011573542265136714.
2025-07-03 16:23:39.380 | DEBUG    | phd_method.src_phd.topology:fast_ripser:87 - Distance matrix computation time: 0.16s
2025-07-03 16:23:39.661 | DEBUG    | phd_method.src_phd.topology:ph_dim_from_distance_matrix:67 - Ph Dimension Calculation has an approximate error of: 8.850756222989027e-05.
2025-07-03 16:23:39.825 | DEBUG    | phd_method.src_phd.topology:fast_ripser:87 - Distance matrix computation time: 0.16s
2025-07-03 16:23:40.100 | DEBUG    | phd_method.src_phd.topology:ph_dim_from_distance_matrix:67 - Ph Dimension Calculation has an approximate error of: 4.4463514194860936e-05.
2025-07-03 16:23:40.261 | DEBUG    | phd_method.src_phd.topology:fast_ripser:87 - Distance matrix computation time: 0.16s
2025-07-03 16:23:40.541 | DEBUG    | phd_method.src_phd.topology:ph_dim_from_distance_matrix:67 - Ph Dimension Calculation has an approximate error of: 0.00018247871794039582.
2025-07-03 16:23:41.167 | DEBUG    | phd_method.src_phd.topology:fast_ripser:87 - Distance matrix computation time: 0.01s
2025-07-03 16:23:41.478 | DEBUG    | phd_method.src_phd.topology:ph_dim_from_distance_matrix:67 - Ph Dimension Calculation has an approximate error of: 1.09011116049381e-05.
2025-07-03 16:23:41.487 | DEBUG    | phd_method.src_phd.topology:fast_ripser:87 - Distance matrix computation time: 0.01s
2025-07-03 16:23:41.787 | DEBUG    | phd_method.src_phd.topology:ph_dim_from_distance_matrix:67 - Ph Dimension Calculation has an approximate error of: 1.3932057017140295e-05.
2025-07-03 16:23:41.797 | DEBUG    | phd_method.src_phd.topology:fast_ripser:87 - Distance matrix computation time: 0.01s
2025-07-03 16:23:42.102 | DEBUG    | phd_method.src_phd.topology:ph_dim_from_distance_matrix:67 - Ph Dimension Calculation has an approximate error of: 3.151466112399223e-05.
2025-07-03 16:23:49.237 | DEBUG    | phd_method.src_phd.topology:ph_dim_from_distance_matrix:67 - Ph Dimension Calculation has an approximate error of: 5.958504871662634e-05.
2025-07-03 16:23:56.220 | DEBUG    | phd_method.src_phd.topology:ph_dim_from_distance_matrix:67 - Ph Dimension Calculation has an approximate error of: 6.204250408501257e-05.
2025-07-03 16:24:03.206 | DEBUG    | phd_method.src_phd.topology:ph_dim_from_distance_matrix:67 - Ph Dimension Calculation has an approximate error of: 9.675972218631602e-05.
2025-07-03 16:24:30.618 | DEBUG    | phd_method.src_phd.topology:ph_dim_from_distance_matrix:67 - Ph Dimension Calculation has an approximate error of: 1.588619255580897e-05.
2025-07-03 16:24:37.610 | DEBUG    | phd_method.src_phd.topology:ph_dim_from_distance_matrix:67 - Ph Dimension Calculation has an approximate error of: 4.752647346382438e-05.
2025-07-03 16:24:44.633 | DEBUG    | phd_method.src_phd.topology:ph_dim_from_distance_matrix:67 - Ph Dimension Calculation has an approximate error of: 5.4732134024360244e-05.
2025-07-03 16:25:05.460 | DEBUG    | phd_method.src_phd.topology:fast_ripser:87 - Distance matrix computation time: 0.31s
2025-07-03 16:25:05.741 | DEBUG    | phd_method.src_phd.topology:ph_dim_from_distance_matrix:67 - Ph Dimension Calculation has an approximate error of: 3.4457963012878177e-06.
2025-07-03 16:25:06.055 | DEBUG    | phd_method.src_phd.topology:fast_ripser:87 - Distance matrix computation time: 0.31s
2025-07-03 16:25:06.339 | DEBUG    | phd_method.src_phd.topology:ph_dim_from_distance_matrix:67 - Ph Dimension Calculation has an approximate error of: 2.134400568797168e-06.
2025-07-03 16:25:06.655 | DEBUG    | phd_method.src_phd.topology:fast_ripser:87 - Distance matrix computation time: 0.31s
2025-07-03 16:25:06.934 | DEBUG    | phd_method.src_phd.topology:ph_dim_from_distance_matrix:67 - Ph Dimension Calculation has an approximate error of: 7.588599251210756e-06.
2025-07-03 16:25:08.234 | DEBUG    | phd_method.src_phd.topology:fast_ripser:87 - Distance matrix computation time: 0.21s
2025-07-03 16:25:08.509 | DEBUG    | phd_method.src_phd.topology:ph_dim_from_distance_matrix:67 - Ph Dimension Calculation has an approximate error of: 1.1313831201727617e-05.
2025-07-03 16:25:08.730 | DEBUG    | phd_method.src_phd.topology:fast_ripser:87 - Distance matrix computation time: 0.22s
2025-07-03 16:25:09.006 | DEBUG    | phd_method.src_phd.topology:ph_dim_from_distance_matrix:67 - Ph Dimension Calculation has an approximate error of: 1.0720028124059822e-05.
2025-07-03 16:25:09.222 | DEBUG    | phd_method.src_phd.topology:fast_ripser:87 - Distance matrix computation time: 0.21s
2025-07-03 16:25:09.499 | DEBUG    | phd_method.src_phd.topology:ph_dim_from_distance_matrix:67 - Ph Dimension Calculation has an approximate error of: 1.4403616907714163e-05.
2025-07-03 16:25:10.305 | DEBUG    | phd_method.src_phd.topology:fast_ripser:87 - Distance matrix computation time: 0.02s
2025-07-03 16:25:10.620 | DEBUG    | phd_method.src_phd.topology:ph_dim_from_distance_matrix:67 - Ph Dimension Calculation has an approximate error of: 0.06612502282946381.
2025-07-03 16:25:10.639 | DEBUG    | phd_method.src_phd.topology:fast_ripser:87 - Distance matrix computation time: 0.02s
2025-07-03 16:25:10.939 | DEBUG    | phd_method.src_phd.topology:ph_dim_from_distance_matrix:67 - Ph Dimension Calculation has an approximate error of: 0.035750440393714805.
2025-07-03 16:25:10.960 | DEBUG    | phd_method.src_phd.topology:fast_ripser:87 - Distance matrix computation time: 0.02s
2025-07-03 16:25:11.261 | DEBUG    | phd_method.src_phd.topology:ph_dim_from_distance_matrix:67 - Ph Dimension Calculation has an approximate error of: 0.24014462145607707.
2025-07-03 16:25:11.809 | DEBUG    | phd_method.src_phd.topology:fast_ripser:87 - Distance matrix computation time: 0.36s
2025-07-03 16:25:12.082 | DEBUG    | phd_method.src_phd.topology:ph_dim_from_distance_matrix:67 - Ph Dimension Calculation has an approximate error of: 0.020260287012760253.
2025-07-03 16:25:12.453 | DEBUG    | phd_method.src_phd.topology:fast_ripser:87 - Distance matrix computation time: 0.37s
2025-07-03 16:25:12.726 | DEBUG    | phd_method.src_phd.topology:ph_dim_from_distance_matrix:67 - Ph Dimension Calculation has an approximate error of: 0.15607808943417212.
2025-07-03 16:25:13.101 | DEBUG    | phd_method.src_phd.topology:fast_ripser:87 - Distance matrix computation time: 0.37s
2025-07-03 16:25:13.370 | DEBUG    | phd_method.src_phd.topology:ph_dim_from_distance_matrix:67 - Ph Dimension Calculation has an approximate error of: 0.006531975625762496.
2025-07-03 16:25:14.230 | DEBUG    | phd_method.src_phd.topology:fast_ripser:87 - Distance matrix computation time: 0.15s
2025-07-03 16:25:14.494 | DEBUG    | phd_method.src_phd.topology:ph_dim_from_distance_matrix:67 - Ph Dimension Calculation has an approximate error of: 0.023751217949836187.
2025-07-03 16:25:14.652 | DEBUG    | phd_method.src_phd.topology:fast_ripser:87 - Distance matrix computation time: 0.15s
2025-07-03 16:25:14.914 | DEBUG    | phd_method.src_phd.topology:ph_dim_from_distance_matrix:67 - Ph Dimension Calculation has an approximate error of: 0.49145816944087434.
2025-07-03 16:25:15.074 | DEBUG    | phd_method.src_phd.topology:fast_ripser:87 - Distance matrix computation time: 0.15s
2025-07-03 16:25:15.351 | DEBUG    | phd_method.src_phd.topology:ph_dim_from_distance_matrix:67 - Ph Dimension Calculation has an approximate error of: 0.19390158481101424.
2025-07-03 16:25:15.976 | DEBUG    | phd_method.src_phd.topology:fast_ripser:87 - Distance matrix computation time: 0.01s
2025-07-03 16:25:16.303 | DEBUG    | phd_method.src_phd.topology:ph_dim_from_distance_matrix:67 - Ph Dimension Calculation has an approximate error of: 0.00032461201529724963.
2025-07-03 16:25:16.313 | DEBUG    | phd_method.src_phd.topology:fast_ripser:87 - Distance matrix computation time: 0.01s
2025-07-03 16:25:16.609 | DEBUG    | phd_method.src_phd.topology:ph_dim_from_distance_matrix:67 - Ph Dimension Calculation has an approximate error of: 0.00013907373904664607.
2025-07-03 16:25:16.619 | DEBUG    | phd_method.src_phd.topology:fast_ripser:87 - Distance matrix computation time: 0.01s
2025-07-03 16:25:16.925 | DEBUG    | phd_method.src_phd.topology:ph_dim_from_distance_matrix:67 - Ph Dimension Calculation has an approximate error of: 0.00014158660702887933.
2025-07-03 16:25:24.122 | DEBUG    | phd_method.src_phd.topology:ph_dim_from_distance_matrix:67 - Ph Dimension Calculation has an approximate error of: 0.02460762186954854.
2025-07-03 16:25:31.148 | DEBUG    | phd_method.src_phd.topology:ph_dim_from_distance_matrix:67 - Ph Dimension Calculation has an approximate error of: 0.0669015147456718.
2025-07-03 16:25:38.177 | DEBUG    | phd_method.src_phd.topology:ph_dim_from_distance_matrix:67 - Ph Dimension Calculation has an approximate error of: 0.025341223443050453.
2025-07-03 16:26:05.558 | DEBUG    | phd_method.src_phd.topology:ph_dim_from_distance_matrix:67 - Ph Dimension Calculation has an approximate error of: 0.2781442171628445.
2025-07-03 16:26:12.564 | DEBUG    | phd_method.src_phd.topology:ph_dim_from_distance_matrix:67 - Ph Dimension Calculation has an approximate error of: 0.03831907286449952.
2025-07-03 16:26:19.601 | DEBUG    | phd_method.src_phd.topology:ph_dim_from_distance_matrix:67 - Ph Dimension Calculation has an approximate error of: 0.16996711183887872.
2025-07-03 16:26:40.203 | DEBUG    | phd_method.src_phd.topology:fast_ripser:87 - Distance matrix computation time: 0.3s
2025-07-03 16:26:40.462 | DEBUG    | phd_method.src_phd.topology:ph_dim_from_distance_matrix:67 - Ph Dimension Calculation has an approximate error of: 1.4023452528691673e-05.
2025-07-03 16:26:40.771 | DEBUG    | phd_method.src_phd.topology:fast_ripser:87 - Distance matrix computation time: 0.3s
2025-07-03 16:26:41.041 | DEBUG    | phd_method.src_phd.topology:ph_dim_from_distance_matrix:67 - Ph Dimension Calculation has an approximate error of: 4.107490849976079e-06.
2025-07-03 16:26:41.350 | DEBUG    | phd_method.src_phd.topology:fast_ripser:87 - Distance matrix computation time: 0.3s
2025-07-03 16:26:41.618 | DEBUG    | phd_method.src_phd.topology:ph_dim_from_distance_matrix:67 - Ph Dimension Calculation has an approximate error of: 3.9213404800891235e-06.
2025-07-03 16:26:42.904 | DEBUG    | phd_method.src_phd.topology:fast_ripser:87 - Distance matrix computation time: 0.21s
2025-07-03 16:26:43.181 | DEBUG    | phd_method.src_phd.topology:ph_dim_from_distance_matrix:67 - Ph Dimension Calculation has an approximate error of: 1.3039357600101554e-05.
2025-07-03 16:26:43.399 | DEBUG    | phd_method.src_phd.topology:fast_ripser:87 - Distance matrix computation time: 0.21s
2025-07-03 16:26:43.678 | DEBUG    | phd_method.src_phd.topology:ph_dim_from_distance_matrix:67 - Ph Dimension Calculation has an approximate error of: 1.5254560726603338e-05.
2025-07-03 16:26:43.894 | DEBUG    | phd_method.src_phd.topology:fast_ripser:87 - Distance matrix computation time: 0.21s
2025-07-03 16:26:44.172 | DEBUG    | phd_method.src_phd.topology:ph_dim_from_distance_matrix:67 - Ph Dimension Calculation has an approximate error of: 4.8865959289425516e-06.
2025-07-03 16:26:44.995 | DEBUG    | phd_method.src_phd.topology:fast_ripser:87 - Distance matrix computation time: 0.03s
2025-07-03 16:26:45.309 | DEBUG    | phd_method.src_phd.topology:ph_dim_from_distance_matrix:67 - Ph Dimension Calculation has an approximate error of: 0.00012931920460661832.
2025-07-03 16:26:45.341 | DEBUG    | phd_method.src_phd.topology:fast_ripser:87 - Distance matrix computation time: 0.03s
2025-07-03 16:26:45.659 | DEBUG    | phd_method.src_phd.topology:ph_dim_from_distance_matrix:67 - Ph Dimension Calculation has an approximate error of: 7.785043421189845e-05.
2025-07-03 16:26:45.692 | DEBUG    | phd_method.src_phd.topology:fast_ripser:87 - Distance matrix computation time: 0.03s
2025-07-03 16:26:45.985 | DEBUG    | phd_method.src_phd.topology:ph_dim_from_distance_matrix:67 - Ph Dimension Calculation has an approximate error of: 8.25318217441006e-05.
2025-07-03 16:26:47.091 | DEBUG    | phd_method.src_phd.topology:fast_ripser:87 - Distance matrix computation time: 0.77s
2025-07-03 16:26:47.364 | DEBUG    | phd_method.src_phd.topology:ph_dim_from_distance_matrix:67 - Ph Dimension Calculation has an approximate error of: 0.00046596765572181394.
2025-07-03 16:26:48.097 | DEBUG    | phd_method.src_phd.topology:fast_ripser:87 - Distance matrix computation time: 0.73s
2025-07-03 16:26:48.358 | DEBUG    | phd_method.src_phd.topology:ph_dim_from_distance_matrix:67 - Ph Dimension Calculation has an approximate error of: 0.0001435144720825004.
2025-07-03 16:26:49.097 | DEBUG    | phd_method.src_phd.topology:fast_ripser:87 - Distance matrix computation time: 0.74s
2025-07-03 16:26:49.336 | DEBUG    | phd_method.src_phd.topology:ph_dim_from_distance_matrix:67 - Ph Dimension Calculation has an approximate error of: 0.0002990676504429276.
2025-07-03 16:26:51.010 | DEBUG    | phd_method.src_phd.topology:fast_ripser:87 - Distance matrix computation time: 0.31s
2025-07-03 16:26:51.266 | DEBUG    | phd_method.src_phd.topology:ph_dim_from_distance_matrix:67 - Ph Dimension Calculation has an approximate error of: 0.00012916974684284613.
2025-07-03 16:26:51.578 | DEBUG    | phd_method.src_phd.topology:fast_ripser:87 - Distance matrix computation time: 0.31s
2025-07-03 16:26:51.841 | DEBUG    | phd_method.src_phd.topology:ph_dim_from_distance_matrix:67 - Ph Dimension Calculation has an approximate error of: 0.0001711646685074372.
2025-07-03 16:26:52.152 | DEBUG    | phd_method.src_phd.topology:fast_ripser:87 - Distance matrix computation time: 0.31s
2025-07-03 16:26:52.414 | DEBUG    | phd_method.src_phd.topology:ph_dim_from_distance_matrix:67 - Ph Dimension Calculation has an approximate error of: 0.0001012191083692915.
2025-07-03 16:26:53.609 | DEBUG    | phd_method.src_phd.topology:fast_ripser:87 - Distance matrix computation time: 0.01s
2025-07-03 16:26:53.940 | DEBUG    | phd_method.src_phd.topology:ph_dim_from_distance_matrix:67 - Ph Dimension Calculation has an approximate error of: 7.458326338360777e-06.
2025-07-03 16:26:53.957 | DEBUG    | phd_method.src_phd.topology:fast_ripser:87 - Distance matrix computation time: 0.01s
2025-07-03 16:26:54.282 | DEBUG    | phd_method.src_phd.topology:ph_dim_from_distance_matrix:67 - Ph Dimension Calculation has an approximate error of: 4.531213214696722e-06.
2025-07-03 16:26:54.299 | DEBUG    | phd_method.src_phd.topology:fast_ripser:87 - Distance matrix computation time: 0.01s
2025-07-03 16:26:54.603 | DEBUG    | phd_method.src_phd.topology:ph_dim_from_distance_matrix:67 - Ph Dimension Calculation has an approximate error of: 4.991984268150191e-05.
2025-07-03 16:27:08.170 | DEBUG    | phd_method.src_phd.topology:ph_dim_from_distance_matrix:67 - Ph Dimension Calculation has an approximate error of: 0.0002578882290975061.
2025-07-03 16:27:21.431 | DEBUG    | phd_method.src_phd.topology:ph_dim_from_distance_matrix:67 - Ph Dimension Calculation has an approximate error of: 0.0001445767041418903.
2025-07-03 16:27:34.625 | DEBUG    | phd_method.src_phd.topology:ph_dim_from_distance_matrix:67 - Ph Dimension Calculation has an approximate error of: 0.00025578833951984107.
2025-07-03 16:28:27.244 | DEBUG    | phd_method.src_phd.topology:ph_dim_from_distance_matrix:67 - Ph Dimension Calculation has an approximate error of: 0.00016608259037251188.
2025-07-03 16:28:40.455 | DEBUG    | phd_method.src_phd.topology:ph_dim_from_distance_matrix:67 - Ph Dimension Calculation has an approximate error of: 0.0001225283020631087.
2025-07-03 16:28:53.660 | DEBUG    | phd_method.src_phd.topology:ph_dim_from_distance_matrix:67 - Ph Dimension Calculation has an approximate error of: 0.00018684270782220796.
2025-07-03 16:29:33.485 | DEBUG    | phd_method.src_phd.topology:fast_ripser:87 - Distance matrix computation time: 0.6s
2025-07-03 16:29:33.626 | DEBUG    | phd_method.src_phd.topology:ph_dim_from_distance_matrix:67 - Ph Dimension Calculation has an approximate error of: 0.003991040179855559.
2025-07-03 16:29:34.235 | DEBUG    | phd_method.src_phd.topology:fast_ripser:87 - Distance matrix computation time: 0.61s
2025-07-03 16:29:34.399 | DEBUG    | phd_method.src_phd.topology:ph_dim_from_distance_matrix:67 - Ph Dimension Calculation has an approximate error of: 0.0055429800442150364.
2025-07-03 16:29:35.011 | DEBUG    | phd_method.src_phd.topology:fast_ripser:87 - Distance matrix computation time: 0.61s
2025-07-03 16:29:35.290 | DEBUG    | phd_method.src_phd.topology:ph_dim_from_distance_matrix:67 - Ph Dimension Calculation has an approximate error of: 8.562252102058281e-06.
2025-07-03 16:29:37.801 | DEBUG    | phd_method.src_phd.topology:fast_ripser:87 - Distance matrix computation time: 0.41s
2025-07-03 16:29:38.076 | DEBUG    | phd_method.src_phd.topology:ph_dim_from_distance_matrix:67 - Ph Dimension Calculation has an approximate error of: 2.7868865809569265e-06.
2025-07-03 16:29:38.494 | DEBUG    | phd_method.src_phd.topology:fast_ripser:87 - Distance matrix computation time: 0.41s
2025-07-03 16:29:38.762 | DEBUG    | phd_method.src_phd.topology:ph_dim_from_distance_matrix:67 - Ph Dimension Calculation has an approximate error of: 5.680680657446772e-06.
2025-07-03 16:29:39.177 | DEBUG    | phd_method.src_phd.topology:fast_ripser:87 - Distance matrix computation time: 0.41s
2025-07-03 16:29:39.454 | DEBUG    | phd_method.src_phd.topology:ph_dim_from_distance_matrix:67 - Ph Dimension Calculation has an approximate error of: 1.6980557611368934e-05.
2025-07-03 16:29:41.023 | DEBUG    | phd_method.src_phd.topology:fast_ripser:87 - Distance matrix computation time: 0.06s
2025-07-03 16:29:41.341 | DEBUG    | phd_method.src_phd.topology:ph_dim_from_distance_matrix:67 - Ph Dimension Calculation has an approximate error of: 0.03444519776957601.
2025-07-03 16:29:41.411 | DEBUG    | phd_method.src_phd.topology:fast_ripser:87 - Distance matrix computation time: 0.06s
2025-07-03 16:29:41.721 | DEBUG    | phd_method.src_phd.topology:ph_dim_from_distance_matrix:67 - Ph Dimension Calculation has an approximate error of: 0.010928336940716061.
2025-07-03 16:29:41.790 | DEBUG    | phd_method.src_phd.topology:fast_ripser:87 - Distance matrix computation time: 0.06s
2025-07-03 16:29:42.098 | DEBUG    | phd_method.src_phd.topology:ph_dim_from_distance_matrix:67 - Ph Dimension Calculation has an approximate error of: 0.022026965741522537.
2025-07-03 16:29:44.414 | DEBUG    | phd_method.src_phd.topology:fast_ripser:87 - Distance matrix computation time: 1.64s
2025-07-03 16:29:44.680 | DEBUG    | phd_method.src_phd.topology:ph_dim_from_distance_matrix:67 - Ph Dimension Calculation has an approximate error of: 0.002248192318467068.
2025-07-03 16:29:46.421 | DEBUG    | phd_method.src_phd.topology:fast_ripser:87 - Distance matrix computation time: 1.74s
2025-07-03 16:29:46.694 | DEBUG    | phd_method.src_phd.topology:ph_dim_from_distance_matrix:67 - Ph Dimension Calculation has an approximate error of: 0.013634889522130598.
2025-07-03 16:29:48.427 | DEBUG    | phd_method.src_phd.topology:fast_ripser:87 - Distance matrix computation time: 1.73s
2025-07-03 16:29:48.694 | DEBUG    | phd_method.src_phd.topology:ph_dim_from_distance_matrix:67 - Ph Dimension Calculation has an approximate error of: 0.03703328928639025.
2025-07-03 16:29:52.112 | DEBUG    | phd_method.src_phd.topology:fast_ripser:87 - Distance matrix computation time: 0.67s
2025-07-03 16:29:52.362 | DEBUG    | phd_method.src_phd.topology:ph_dim_from_distance_matrix:67 - Ph Dimension Calculation has an approximate error of: 0.026791899252330838.
2025-07-03 16:29:53.041 | DEBUG    | phd_method.src_phd.topology:fast_ripser:87 - Distance matrix computation time: 0.68s
2025-07-03 16:29:53.291 | DEBUG    | phd_method.src_phd.topology:ph_dim_from_distance_matrix:67 - Ph Dimension Calculation has an approximate error of: 0.17848618638707275.
2025-07-03 16:29:53.997 | DEBUG    | phd_method.src_phd.topology:fast_ripser:87 - Distance matrix computation time: 0.7s
2025-07-03 16:29:54.242 | DEBUG    | phd_method.src_phd.topology:ph_dim_from_distance_matrix:67 - Ph Dimension Calculation has an approximate error of: 0.015386153518497809.
2025-07-03 16:29:56.608 | DEBUG    | phd_method.src_phd.topology:fast_ripser:87 - Distance matrix computation time: 0.02s
2025-07-03 16:29:56.911 | DEBUG    | phd_method.src_phd.topology:ph_dim_from_distance_matrix:67 - Ph Dimension Calculation has an approximate error of: 0.00012619972519484156.
2025-07-03 16:29:56.933 | DEBUG    | phd_method.src_phd.topology:fast_ripser:87 - Distance matrix computation time: 0.02s
2025-07-03 16:29:57.244 | DEBUG    | phd_method.src_phd.topology:ph_dim_from_distance_matrix:67 - Ph Dimension Calculation has an approximate error of: 0.0002051307003794893.
2025-07-03 16:29:57.266 | DEBUG    | phd_method.src_phd.topology:fast_ripser:87 - Distance matrix computation time: 0.02s
2025-07-03 16:29:57.571 | DEBUG    | phd_method.src_phd.topology:ph_dim_from_distance_matrix:67 - Ph Dimension Calculation has an approximate error of: 0.00046726804075112915.
2025-07-03 16:30:25.120 | DEBUG    | phd_method.src_phd.topology:ph_dim_from_distance_matrix:67 - Ph Dimension Calculation has an approximate error of: 0.013377326185543617.
2025-07-03 16:30:52.127 | DEBUG    | phd_method.src_phd.topology:ph_dim_from_distance_matrix:67 - Ph Dimension Calculation has an approximate error of: 0.01749971617835363.
2025-07-03 16:31:19.150 | DEBUG    | phd_method.src_phd.topology:ph_dim_from_distance_matrix:67 - Ph Dimension Calculation has an approximate error of: 0.044776053238451685.
2025-07-03 16:33:06.867 | DEBUG    | phd_method.src_phd.topology:ph_dim_from_distance_matrix:67 - Ph Dimension Calculation has an approximate error of: 0.009393279987393224.
2025-07-03 16:33:33.891 | DEBUG    | phd_method.src_phd.topology:ph_dim_from_distance_matrix:67 - Ph Dimension Calculation has an approximate error of: 0.35549572138106333.
2025-07-03 16:34:00.857 | DEBUG    | phd_method.src_phd.topology:ph_dim_from_distance_matrix:67 - Ph Dimension Calculation has an approximate error of: 0.08636081813390893.
2025-07-03 16:35:22.922 | DEBUG    | phd_method.src_phd.topology:fast_ripser:87 - Distance matrix computation time: 1.26s
2025-07-03 16:35:23.177 | DEBUG    | phd_method.src_phd.topology:ph_dim_from_distance_matrix:67 - Ph Dimension Calculation has an approximate error of: 1.6012756028050079e-06.
2025-07-03 16:35:24.445 | DEBUG    | phd_method.src_phd.topology:fast_ripser:87 - Distance matrix computation time: 1.26s
2025-07-03 16:35:24.709 | DEBUG    | phd_method.src_phd.topology:ph_dim_from_distance_matrix:67 - Ph Dimension Calculation has an approximate error of: 1.226650784944727e-06.
2025-07-03 16:35:25.969 | DEBUG    | phd_method.src_phd.topology:fast_ripser:87 - Distance matrix computation time: 1.26s
2025-07-03 16:35:26.232 | DEBUG    | phd_method.src_phd.topology:ph_dim_from_distance_matrix:67 - Ph Dimension Calculation has an approximate error of: 2.149190539508098e-06.
2025-07-03 16:35:31.212 | DEBUG    | phd_method.src_phd.topology:fast_ripser:87 - Distance matrix computation time: 0.89s
2025-07-03 16:35:31.476 | DEBUG    | phd_method.src_phd.topology:ph_dim_from_distance_matrix:67 - Ph Dimension Calculation has an approximate error of: 1.6461434760793834e-05.
2025-07-03 16:35:32.348 | DEBUG    | phd_method.src_phd.topology:fast_ripser:87 - Distance matrix computation time: 0.87s
2025-07-03 16:35:32.606 | DEBUG    | phd_method.src_phd.topology:ph_dim_from_distance_matrix:67 - Ph Dimension Calculation has an approximate error of: 3.449473886479301e-06.
2025-07-03 16:35:33.471 | DEBUG    | phd_method.src_phd.topology:fast_ripser:87 - Distance matrix computation time: 0.86s
2025-07-03 16:35:33.729 | DEBUG    | phd_method.src_phd.topology:ph_dim_from_distance_matrix:67 - Ph Dimension Calculation has an approximate error of: 9.600495008153761e-06.
