Starting Surface Distance Metric Analysis job...
Job ID: 180760
Node: gpuvm24
Time: Tue  8 Jul 16:16:44 BST 2025
Loading CUDA...
Activating conda environment...
Activated conda environment: /vol/bitbucket/ahb24/tda_entailment_new
Python location: /vol/bitbucket/ahb24/tda_entailment_new/bin/python
Checking GPU availability...
Tue Jul  8 16:16:46 2025       
+-----------------------------------------------------------------------------------------+
| NVIDIA-SMI 570.133.07             Driver Version: 570.133.07     CUDA Version: 12.8     |
|-----------------------------------------+------------------------+----------------------+
| GPU  Name                 Persistence-M | Bus-Id          Disp.A | Volatile Uncorr. ECC |
| Fan  Temp   Perf          Pwr:Usage/Cap |           Memory-Usage | GPU-Util  Compute M. |
|                                         |                        |               MIG M. |
|=========================================+========================+======================|
|   0  Tesla T4                       Off |   00000000:00:07.0 Off |                    0 |
| N/A   38C    P8             13W /   70W |       0MiB /  15360MiB |      0%      Default |
|                                         |                        |                  N/A |
+-----------------------------------------+------------------------+----------------------+
                                                                                         
+-----------------------------------------------------------------------------------------+
| Processes:                                                                              |
|  GPU   GI   CI              PID   Type   Process name                        GPU Memory |
|        ID   ID                                                               Usage      |
|=========================================================================================|
|  No running processes found                                                             |
+-----------------------------------------------------------------------------------------+

Testing PyTorch and CUDA...
PyTorch version: 2.4.1
CUDA available: True
CUDA device: Tesla T4
GPU memory: 15.6 GB
PyTorch setup verified!

Checking for required input data and models...

Starting SVM training...

Starting SVM Teacher Training Pipeline
==================================================
About to load data from: data/processed/snli_full_standard_SBERT.pt
Loading SNLI data from data/processed/snli_full_standard_SBERT.pt
Loaded 10000 samples
Data loaded successfully!
About to generate embeddings...
Generating lattice containment embedding space
Using device: cuda
Processing 10000 samples on cuda
Preparing labels...
Analyzing lattice embeddings...

==================================================
LATTICE CONTAINMENT EMBEDDING ANALYSIS
==================================================
Embedding shape: (10000, 768)
Total samples: 10000

Entailment Class:
  Count: 3311
  Mean norm: 1.2191
  Std norm: 0.0899
  Mean per dimension: [0.01919893 0.03427845 0.01216372 0.02703208 0.02417343]...
  Std per dimension: [0.03117356 0.04573593 0.01906124 0.03430632 0.03275336]...

Neutral Class:
  Count: 3317
  Mean norm: 1.1624
  Std norm: 0.0836
  Mean per dimension: [0.01490382 0.02361349 0.00823451 0.02216715 0.01754959]...
  Std per dimension: [0.03302472 0.04559102 0.02042859 0.03499843 0.03312053]...

Contradiction Class:
  Count: 3372
  Mean norm: 1.0961
  Std norm: 0.0679
  Mean per dimension: [0.00700704 0.01933938 0.00435496 0.01158398 0.01047028]...
  Std per dimension: [0.03334312 0.04783726 0.0207196  0.03535339 0.03471262]...
Training SVM...
Splitting data into train/test sets
Scaling features
Training SVM classifier
Evaluating SVM performance
SVM Training Accuracy: 0.7489
SVM Test Accuracy: 0.5895
Validating SVM...

==================================================
SVM TEACHER VALIDATION RESULTS
==================================================
Manual Test Accuracy: 0.5895
SVM Test Accuracy: 0.5895

Classification Report:
               precision    recall  f1-score   support

   Entailment       0.59      0.64      0.61       662
      Neutral       0.47      0.46      0.46       664
Contradiction       0.71      0.67      0.69       674

     accuracy                           0.59      2000
    macro avg       0.59      0.59      0.59      2000
 weighted avg       0.59      0.59      0.59      2000


Confusion Matrix:
[[423 193  46]
 [225 304 135]
 [ 72 150 452]]

Decision Function Shape: (2000, 3)
Decision Function Stats:
  Mean: [0.8638914  1.37966896 0.81237999]
  Std: [1.09999256 0.67357674 1.11136514]
  Min: [-0.3149343  -0.27697339 -0.3137147 ]
  Max: [2.31185021 2.29767608 2.3164401 ]

Results saved to:
  JSON: entailment_surfaces/svm_validation_results/svm_validation_linearkernel_20250708_171649_n10000.json
  TXT:  entailment_surfaces/svm_validation_results/svm_validation_linearkernel_20250708_171649_n10000.txt

==================================================
SVM TEACHER TRAINING COMPLETE
==================================================

Analysis completed with exit code: 0
Time: Tue  8 Jul 17:16:56 BST 2025

=== ANALYSIS SUCCESSFUL ===
SVM Training successful!


Job finished.
