Starting Surface Distance Metric Analysis job...
Job ID: 180691
Node: gpuvm15
Time: Tue  8 Jul 13:56:19 BST 2025
Loading CUDA...
Activating conda environment...
Activated conda environment: /vol/bitbucket/ahb24/tda_entailment_new
Python location: /vol/bitbucket/ahb24/tda_entailment_new/bin/python
Checking GPU availability...
Tue Jul  8 13:56:21 2025       
+-----------------------------------------------------------------------------------------+
| NVIDIA-SMI 570.133.07             Driver Version: 570.133.07     CUDA Version: 12.8     |
|-----------------------------------------+------------------------+----------------------+
| GPU  Name                 Persistence-M | Bus-Id          Disp.A | Volatile Uncorr. ECC |
| Fan  Temp   Perf          Pwr:Usage/Cap |           Memory-Usage | GPU-Util  Compute M. |
|                                         |                        |               MIG M. |
|=========================================+========================+======================|
|   0  Tesla T4                       Off |   00000000:00:06.0 Off |                    0 |
| N/A   37C    P8             14W /   70W |       0MiB /  15360MiB |      0%      Default |
|                                         |                        |                  N/A |
+-----------------------------------------+------------------------+----------------------+
                                                                                         
+-----------------------------------------------------------------------------------------+
| Processes:                                                                              |
|  GPU   GI   CI              PID   Type   Process name                        GPU Memory |
|        ID   ID                                                               Usage      |
|=========================================================================================|
|  No running processes found                                                             |
+-----------------------------------------------------------------------------------------+

Testing PyTorch and CUDA...
PyTorch version: 2.4.1
CUDA available: True
CUDA device: Tesla T4
GPU memory: 15.6 GB
PyTorch setup verified!

Checking for required input data and models...

Starting SVM training...

Starting SVM Centroid Distance Training Pipeline
============================================================
Loading SNLI data from data/processed/snli_full_standard_SBERT.pt
Loaded 50000 samples
Generating lattice containment embedding space
Processing sample 0
Processing sample 10000
Processing sample 20000
Processing sample 30000
Processing sample 40000
Computing class centroids
Entailment Centroid:
  Shape: (768,)
  Norm: 0.7130
  Sample count: 16563
Neutral Centroid:
  Shape: (768,)
  Norm: 0.5590
  Sample count: 16569
Contradiction Centroid:
  Shape: (768,)
  Norm: 0.3245
  Sample count: 16868
Computing euclidean distances to centroids
Processing sample 0
Processing sample 10000
Processing sample 20000
Processing sample 30000
Processing sample 40000

============================================================
CENTROID DISTANCE FEATURES ANALYSIS (EUCLIDEAN)
============================================================
Feature shape: (50000, 3)
Total samples: 50000

Entailment Class (n=16563):
  Dist_to_E: mean=0.9906, std=0.0498
  Dist_to_N: mean=1.0031, std=0.0457
  Dist_to_C: mean=1.0657, std=0.0604

Neutral Class (n=16569):
  Dist_to_E: mean=1.0318, std=0.0648
  Dist_to_N: mean=1.0208, std=0.0486
  Dist_to_C: mean=1.0488, std=0.0497

Contradiction Class (n=16868):
  Dist_to_E: mean=1.1163, std=0.0906
  Dist_to_N: mean=1.0734, std=0.0690
  Dist_to_C: mean=1.0473, std=0.0457
Splitting data into train/test sets
Scaling features

Training SVM with rbf kernel
SVM RBF Training Accuracy: 0.6133
SVM RBF Test Accuracy: 0.6131

Training SVM with linear kernel
SVM LINEAR Training Accuracy: 0.6236
SVM LINEAR Test Accuracy: 0.6215

Best kernel: linear (test accuracy: 0.6215)

============================================================
SVM CENTROID VALIDATION RESULTS
============================================================
Manual Test Accuracy: 0.6215
SVM Test Accuracy: 0.6215

Classification Report:
               precision    recall  f1-score   support

   Entailment       0.62      0.71      0.67      3313
      Neutral       0.49      0.46      0.47      3314
Contradiction       0.75      0.69      0.72      3373

     accuracy                           0.62     10000
    macro avg       0.62      0.62      0.62     10000
 weighted avg       0.62      0.62      0.62     10000


Confusion Matrix:
                Predicted
               E   N   C
Actual E 2365 828 120
Actual N 1133 1514 667
Actual C  298 739 2336

Decision Function Shape: (10000, 3)
Decision Function Stats:
  Mean: [0.91295348 1.43648825 0.71669902]
  Std: [1.12049066 0.50373205 1.10884403]
  Min: [-0.30496151 -0.13631935 -0.28586293]
  Max: [2.29130047 2.25081908 2.30372314]

Results saved to:
  JSON: entailment_surfaces/svm_validation_results/svm_centroid_euclidean_20250708_141045_n50000.json
  TXT:  entailment_surfaces/svm_validation_results/svm_centroid_euclidean_20250708_141045_n50000.txt

============================================================
SVM CENTROID TRAINING COMPLETE
============================================================

Analysis completed with exit code: 0
Time: Tue  8 Jul 14:10:53 BST 2025

=== ANALYSIS SUCCESSFUL ===
SVM Training successful!


Job finished.
