Starting Surface Distance Metric Analysis job...
Job ID: 180819
Node: gpuvm02
Time: Tue  8 Jul 21:06:19 BST 2025
Loading CUDA...
Activating conda environment...
Activated conda environment: /vol/bitbucket/ahb24/tda_entailment_new
Python location: /vol/bitbucket/ahb24/tda_entailment_new/bin/python
Checking GPU availability...
Tue Jul  8 21:06:20 2025       
+-----------------------------------------------------------------------------------------+
| NVIDIA-SMI 570.133.07             Driver Version: 570.133.07     CUDA Version: 12.8     |
|-----------------------------------------+------------------------+----------------------+
| GPU  Name                 Persistence-M | Bus-Id          Disp.A | Volatile Uncorr. ECC |
| Fan  Temp   Perf          Pwr:Usage/Cap |           Memory-Usage | GPU-Util  Compute M. |
|                                         |                        |               MIG M. |
|=========================================+========================+======================|
|   0  NVIDIA A30                     Off |   00000000:01:00.0 Off |                    0 |
| N/A   34C    P0             30W /  165W |       0MiB /  24576MiB |      0%      Default |
|                                         |                        |             Disabled |
+-----------------------------------------+------------------------+----------------------+
                                                                                         
+-----------------------------------------------------------------------------------------+
| Processes:                                                                              |
|  GPU   GI   CI              PID   Type   Process name                        GPU Memory |
|        ID   ID                                                               Usage      |
|=========================================================================================|
|  No running processes found                                                             |
+-----------------------------------------------------------------------------------------+

Testing PyTorch and CUDA...
PyTorch version: 2.4.1
CUDA available: True
CUDA device: NVIDIA A30
GPU memory: 25.3 GB
PyTorch setup verified!

Checking for required input data and models...

Starting SVM training...

Starting SVM GridSearchCV Teacher Training Pipeline
==================================================
About to load data from: data/processed/snli_full_standard_SBERT.pt
Loading SNLI data from data/processed/snli_full_standard_SBERT.pt
Loaded 20000 samples
Data loaded successfully!
About to generate embeddings...
Generating lattice containment embedding space
Using device: cuda
Processing 20000 samples on cuda
Preparing labels...
Analyzing lattice embeddings...

==================================================
LATTICE CONTAINMENT EMBEDDING ANALYSIS
==================================================
Embedding shape: (20000, 768)
Total samples: 20000

Entailment Class:
  Count: 6684
  Mean norm: 1.2192
  Std norm: 0.0890
  Mean per dimension: [0.01901406 0.03503703 0.0119783  0.02624365 0.02336202]...
  Std per dimension: [0.03072502 0.04552096 0.01915631 0.0344714  0.03228919]...

Neutral Class:
  Count: 6609
  Mean norm: 1.1614
  Std norm: 0.0827
  Mean per dimension: [0.01452191 0.02391717 0.00835278 0.02151337 0.01822664]...
  Std per dimension: [0.03251456 0.04564863 0.02012716 0.03469324 0.03343669]...

Contradiction Class:
  Count: 6707
  Mean norm: 1.0954
  Std norm: 0.0677
  Mean per dimension: [0.00785042 0.01809739 0.00439246 0.0121336  0.01004714]...
  Std per dimension: [0.03345339 0.04771494 0.02066628 0.03556354 0.03438456]...
Training SVM...
Splitting data into train/test sets
Scaling features
Setting up GridSearchCV for RBF SVM hyperparameter optimization
Parameter grid: {'C': [0.1, 1, 10, 100], 'gamma': ['scale', 'auto', 0.01, 0.1, 1]}
Total combinations to test: 20
Starting GridSearchCV (this may take several minutes)...
Fitting 3 folds for each of 20 candidates, totalling 60 fits
[CV] END .................................C=0.1, gamma=scale; total time=10.2min
[CV] END ...................................C=0.1, gamma=0.1; total time=13.7min
[CV] END ...................................C=1, gamma=scale; total time= 9.6min
[CV] END ....................................C=1, gamma=auto; total time= 9.9min
[CV] END .....................................C=1, gamma=0.1; total time=13.6min
[CV] END ..................................C=10, gamma=scale; total time=12.2min
[CV] END ...................................C=10, gamma=0.01; total time=13.6min
[CV] END ......................................C=10, gamma=1; total time=13.8min
[CV] END ..................................C=100, gamma=auto; total time=12.0min
[CV] END ...................................C=100, gamma=0.1; total time=13.4min
[CV] END .................................C=0.1, gamma=scale; total time=10.2min
[CV] END ...................................C=0.1, gamma=0.1; total time=13.6min
[CV] END ...................................C=1, gamma=scale; total time= 9.8min
[CV] END ....................................C=1, gamma=auto; total time=10.0min
[CV] END .....................................C=1, gamma=0.1; total time=13.4min
[CV] END ..................................C=10, gamma=scale; total time=12.1min
[CV] END ...................................C=10, gamma=0.01; total time=13.6min
[CV] END ......................................C=10, gamma=1; total time=13.7min
[CV] END ..................................C=100, gamma=auto; total time=12.0min
[CV] END ...................................C=100, gamma=0.1; total time=13.3min
[CV] END ..................................C=0.1, gamma=auto; total time=10.1min
[CV] END ..................................C=0.1, gamma=0.01; total time=13.7min
[CV] END ...................................C=1, gamma=scale; total time= 9.7min
[CV] END ....................................C=1, gamma=auto; total time= 9.6min
[CV] END .....................................C=1, gamma=0.1; total time=13.7min
[CV] END ..................................C=10, gamma=scale; total time=12.5min
[CV] END ...................................C=10, gamma=0.01; total time=14.0min
[CV] END ......................................C=10, gamma=1; total time=14.1min
[CV] END ..................................C=100, gamma=auto; total time=12.3min
[CV] END ...................................C=100, gamma=0.1; total time=13.7min
[CV] END ..................................C=0.1, gamma=auto; total time=10.1min
[CV] END ..................................C=0.1, gamma=0.01; total time=13.6min
[CV] END .....................................C=0.1, gamma=1; total time=13.8min
[CV] END ....................................C=1, gamma=0.01; total time=13.6min
[CV] END .......................................C=1, gamma=1; total time=13.9min
[CV] END ...................................C=10, gamma=auto; total time=12.4min
[CV] END ....................................C=10, gamma=0.1; total time=13.9min
[CV] END .................................C=100, gamma=scale; total time=12.1min
[CV] END ..................................C=100, gamma=0.01; total time=13.6min
[CV] END .....................................C=100, gamma=1; total time=13.7min
[CV] END ..................................C=0.1, gamma=auto; total time=10.1min
[CV] END ...................................C=0.1, gamma=0.1; total time=13.6min
[CV] END .....................................C=0.1, gamma=1; total time=13.7min
[CV] END ....................................C=1, gamma=0.01; total time=13.7min
[CV] END .......................................C=1, gamma=1; total time=13.9min
[CV] END ...................................C=10, gamma=auto; total time=12.4min
[CV] END ....................................C=10, gamma=0.1; total time=13.9min
[CV] END .................................C=100, gamma=scale; total time=12.2min
[CV] END ..................................C=100, gamma=0.01; total time=13.6min
[CV] END .....................................C=100, gamma=1; total time=13.7min
[CV] END .................................C=0.1, gamma=scale; total time=10.1min
[CV] END ..................................C=0.1, gamma=0.01; total time=13.7min
[CV] END .....................................C=0.1, gamma=1; total time=13.7min
[CV] END ....................................C=1, gamma=0.01; total time=13.7min
[CV] END .......................................C=1, gamma=1; total time=13.9min
[CV] END ...................................C=10, gamma=auto; total time=12.3min
[CV] END ....................................C=10, gamma=0.1; total time=13.9min
[CV] END .................................C=100, gamma=scale; total time=12.3min
[CV] END ..................................C=100, gamma=0.01; total time=13.6min
[CV] END .....................................C=100, gamma=1; total time=13.7min
GridSearchCV completed!
Best parameters: {'C': 1, 'gamma': 'scale'}
Best cross-validation score: 0.6457
Evaluating best SVM performance
Best SVM Training Accuracy: 0.8948
Best SVM Test Accuracy: 0.6560
Validating SVM...

Analysis completed with exit code: 1
Time: Tue  8 Jul 23:32:02 BST 2025

=== ANALYSIS FAILED ===
Please check the error output above for debugging information.


Job finished.
