INFO:__main__:Using default configuration
INFO:__main__:Saved config to results/overnight_enhanced_hyperparam_search_asymmetry/training_config.json
INFO:__main__:
Loading data from results/tda_integration/landmark_tda_features/enhanced_neural_network_features_snli_10k.pt
INFO:neural_classifier_landmark_asymmetry:Loading enhanced classifier data from results/tda_integration/landmark_tda_features/enhanced_neural_network_features_snli_10k.pt...
/homes/ahb24/MSc_Topology_Codebase/classifiers/neural_classifier_landmark_asymmetry.py:176: FutureWarning: You are using `torch.load` with `weights_only=False` (the current default value), which uses the default pickle module implicitly. It is possible to construct malicious pickle data which will execute arbitrary code during unpickling (See https://github.com/pytorch/pytorch/blob/main/SECURITY.md#untrusted-models for more details). In a future release, the default value for `weights_only` will be flipped to `True`. This limits the functions that could be executed during unpickling. Arbitrary objects will no longer be allowed to be loaded via this mode unless they are explicitly allowlisted by the user via `torch.serialization.add_safe_globals`. We recommend you start setting `weights_only=True` for any use case where you don't have full control of the loaded file. Please open an issue on GitHub for any issues related to this experimental feature.
  data = torch.load(data_path, map_location='cpu')
INFO:__main__:Loaded 9990 samples with 14 features each.
INFO:__main__:Running hyperparameter search with up to 50 combinations
INFO:__main__:
======================================================================
INFO:__main__:STARTING HYPERPARAMETER SEARCH
INFO:__main__:======================================================================
INFO:__main__:Random search: 50 combinations (max: 50)
INFO:__main__:Total hyperparameter combinations to test: 50
INFO:__main__:
--------------------------------------------------
INFO:__main__:COMBINATION 1/50
INFO:__main__:--------------------------------------------------
INFO:__main__:Hyperparameters: {'learning_rate': 1e-05, 'batch_size': 256, 'dropout_rate': 0.5, 'weight_decay': 0.0001}
INFO:__main__:Using device: cuda
INFO:__main__:NEW BEST RESULT!
INFO:__main__:Results: Accuracy = 55.89% ± 1.12%
INFO:__main__:         F1-Macro = 0.5481 ± 0.0108
INFO:__main__:         Score = 54.77
INFO:__main__:         Time = 82.4s
INFO:__main__:
--------------------------------------------------
INFO:__main__:COMBINATION 2/50
INFO:__main__:--------------------------------------------------
INFO:__main__:Hyperparameters: {'learning_rate': 0.001, 'batch_size': 256, 'dropout_rate': 0.3, 'weight_decay': 1e-05}
INFO:__main__:Using device: cuda
INFO:__main__:NEW BEST RESULT!
INFO:__main__:Results: Accuracy = 58.93% ± 0.81%
INFO:__main__:         F1-Macro = 0.5639 ± 0.0090
INFO:__main__:         Score = 58.12
INFO:__main__:         Time = 38.9s
INFO:__main__:
--------------------------------------------------
INFO:__main__:COMBINATION 3/50
INFO:__main__:--------------------------------------------------
INFO:__main__:Hyperparameters: {'learning_rate': 0.0005, 'batch_size': 128, 'dropout_rate': 0.3, 'weight_decay': 1e-05}
INFO:__main__:Using device: cuda
INFO:__main__:Results: Accuracy = 58.69% ± 0.99%
INFO:__main__:         F1-Macro = 0.5609 ± 0.0139
INFO:__main__:         Score = 57.70
INFO:__main__:         Time = 66.5s
INFO:__main__:
--------------------------------------------------
INFO:__main__:COMBINATION 4/50
INFO:__main__:--------------------------------------------------
INFO:__main__:Hyperparameters: {'learning_rate': 0.001, 'batch_size': 256, 'dropout_rate': 0.5, 'weight_decay': 0.005}
INFO:__main__:Using device: cuda
INFO:__main__:Results: Accuracy = 58.51% ± 1.03%
INFO:__main__:         F1-Macro = 0.5603 ± 0.0110
INFO:__main__:         Score = 57.48
INFO:__main__:         Time = 46.3s
INFO:__main__:
--------------------------------------------------
INFO:__main__:COMBINATION 5/50
INFO:__main__:--------------------------------------------------
INFO:__main__:Hyperparameters: {'learning_rate': 0.001, 'batch_size': 64, 'dropout_rate': 0.3, 'weight_decay': 0.0001}
INFO:__main__:Using device: cuda
INFO:__main__:Results: Accuracy = 58.65% ± 0.89%
INFO:__main__:         F1-Macro = 0.5644 ± 0.0124
INFO:__main__:         Score = 57.76
INFO:__main__:         Time = 90.1s
INFO:__main__:
--------------------------------------------------
INFO:__main__:COMBINATION 6/50
INFO:__main__:--------------------------------------------------
INFO:__main__:Hyperparameters: {'learning_rate': 0.005, 'batch_size': 128, 'dropout_rate': 0.5, 'weight_decay': 0.0001}
INFO:__main__:Using device: cuda
INFO:__main__:Results: Accuracy = 58.66% ± 0.86%
INFO:__main__:         F1-Macro = 0.5592 ± 0.0108
INFO:__main__:         Score = 57.80
INFO:__main__:         Time = 72.3s
INFO:__main__:
--------------------------------------------------
INFO:__main__:COMBINATION 7/50
INFO:__main__:--------------------------------------------------
INFO:__main__:Hyperparameters: {'learning_rate': 1e-05, 'batch_size': 64, 'dropout_rate': 0.1, 'weight_decay': 0.005}
INFO:__main__:Using device: cuda
INFO:__main__:Results: Accuracy = 57.91% ± 0.89%
INFO:__main__:         F1-Macro = 0.5587 ± 0.0122
INFO:__main__:         Score = 57.02
INFO:__main__:         Time = 177.5s
INFO:__main__:
--------------------------------------------------
INFO:__main__:COMBINATION 8/50
INFO:__main__:--------------------------------------------------
INFO:__main__:Hyperparameters: {'learning_rate': 1e-05, 'batch_size': 64, 'dropout_rate': 0.3, 'weight_decay': 0.001}
INFO:__main__:Using device: cuda
INFO:__main__:Results: Accuracy = 57.72% ± 0.75%
INFO:__main__:         F1-Macro = 0.5553 ± 0.0108
INFO:__main__:         Score = 56.97
INFO:__main__:         Time = 178.7s
INFO:__main__:
--------------------------------------------------
INFO:__main__:COMBINATION 9/50
INFO:__main__:--------------------------------------------------
INFO:__main__:Hyperparameters: {'learning_rate': 1e-05, 'batch_size': 64, 'dropout_rate': 0.3, 'weight_decay': 1e-05}
INFO:__main__:Using device: cuda
INFO:__main__:Results: Accuracy = 57.67% ± 0.76%
INFO:__main__:         F1-Macro = 0.5549 ± 0.0109
INFO:__main__:         Score = 56.91
INFO:__main__:         Time = 176.1s
INFO:__main__:
--------------------------------------------------
INFO:__main__:COMBINATION 10/50
INFO:__main__:--------------------------------------------------
INFO:__main__:Hyperparameters: {'learning_rate': 1e-05, 'batch_size': 32, 'dropout_rate': 0.5, 'weight_decay': 0.0001}
INFO:__main__:Using device: cuda
INFO:__main__:Results: Accuracy = 57.13% ± 0.89%
INFO:__main__:         F1-Macro = 0.5473 ± 0.0115
INFO:__main__:         Score = 56.24
INFO:__main__:         Time = 357.7s
INFO:__main__:
--------------------------------------------------
INFO:__main__:COMBINATION 11/50
INFO:__main__:--------------------------------------------------
INFO:__main__:Hyperparameters: {'learning_rate': 0.0005, 'batch_size': 128, 'dropout_rate': 0.3, 'weight_decay': 0.001}
INFO:__main__:Using device: cuda
INFO:__main__:Results: Accuracy = 58.63% ± 0.92%
INFO:__main__:         F1-Macro = 0.5585 ± 0.0095
INFO:__main__:         Score = 57.71
INFO:__main__:         Time = 60.7s
INFO:__main__:
--------------------------------------------------
INFO:__main__:COMBINATION 12/50
INFO:__main__:--------------------------------------------------
INFO:__main__:Hyperparameters: {'learning_rate': 0.001, 'batch_size': 64, 'dropout_rate': 0.3, 'weight_decay': 1e-05}
INFO:__main__:Using device: cuda
INFO:__main__:Results: Accuracy = 58.61% ± 1.01%
INFO:__main__:         F1-Macro = 0.5621 ± 0.0133
INFO:__main__:         Score = 57.60
INFO:__main__:         Time = 95.6s
INFO:__main__:
--------------------------------------------------
INFO:__main__:COMBINATION 13/50
INFO:__main__:--------------------------------------------------
INFO:__main__:Hyperparameters: {'learning_rate': 0.0005, 'batch_size': 64, 'dropout_rate': 0.3, 'weight_decay': 0.001}
INFO:__main__:Using device: cuda
INFO:__main__:Results: Accuracy = 58.90% ± 1.01%
INFO:__main__:         F1-Macro = 0.5652 ± 0.0100
INFO:__main__:         Score = 57.89
INFO:__main__:         Time = 103.4s
INFO:__main__:
--------------------------------------------------
INFO:__main__:COMBINATION 14/50
INFO:__main__:--------------------------------------------------
INFO:__main__:Hyperparameters: {'learning_rate': 0.0005, 'batch_size': 64, 'dropout_rate': 0.3, 'weight_decay': 0.0001}
INFO:__main__:Using device: cuda
INFO:__main__:Results: Accuracy = 58.87% ± 1.17%
INFO:__main__:         F1-Macro = 0.5630 ± 0.0148
INFO:__main__:         Score = 57.70
INFO:__main__:         Time = 106.2s
INFO:__main__:
--------------------------------------------------
INFO:__main__:COMBINATION 15/50
INFO:__main__:--------------------------------------------------
INFO:__main__:Hyperparameters: {'learning_rate': 0.005, 'batch_size': 32, 'dropout_rate': 0.5, 'weight_decay': 0.0001}
INFO:__main__:Using device: cuda
INFO:__main__:Results: Accuracy = 58.39% ± 0.83%
INFO:__main__:         F1-Macro = 0.5574 ± 0.0081
INFO:__main__:         Score = 57.56
INFO:__main__:         Time = 205.5s
INFO:__main__:
--------------------------------------------------
INFO:__main__:COMBINATION 16/50
INFO:__main__:--------------------------------------------------
INFO:__main__:Hyperparameters: {'learning_rate': 1e-05, 'batch_size': 128, 'dropout_rate': 0.3, 'weight_decay': 0.001}
INFO:__main__:Using device: cuda
INFO:__main__:Results: Accuracy = 57.36% ± 0.75%
INFO:__main__:         F1-Macro = 0.5571 ± 0.0078
INFO:__main__:         Score = 56.60
INFO:__main__:         Time = 103.0s
INFO:__main__:
--------------------------------------------------
INFO:__main__:COMBINATION 17/50
INFO:__main__:--------------------------------------------------
INFO:__main__:Hyperparameters: {'learning_rate': 0.005, 'batch_size': 32, 'dropout_rate': 0.1, 'weight_decay': 0.0001}
INFO:__main__:Using device: cuda
INFO:__main__:Results: Accuracy = 58.53% ± 1.20%
INFO:__main__:         F1-Macro = 0.5670 ± 0.0128
INFO:__main__:         Score = 57.33
INFO:__main__:         Time = 161.4s
INFO:__main__:
--------------------------------------------------
INFO:__main__:COMBINATION 18/50
INFO:__main__:--------------------------------------------------
INFO:__main__:Hyperparameters: {'learning_rate': 0.0005, 'batch_size': 64, 'dropout_rate': 0.5, 'weight_decay': 0.0001}
INFO:__main__:Using device: cuda
INFO:__main__:Results: Accuracy = 58.56% ± 0.82%
INFO:__main__:         F1-Macro = 0.5534 ± 0.0077
INFO:__main__:         Score = 57.73
INFO:__main__:         Time = 139.0s
INFO:__main__:
--------------------------------------------------
INFO:__main__:COMBINATION 19/50
INFO:__main__:--------------------------------------------------
INFO:__main__:Hyperparameters: {'learning_rate': 0.001, 'batch_size': 64, 'dropout_rate': 0.1, 'weight_decay': 0.005}
INFO:__main__:Using device: cuda
INFO:__main__:Results: Accuracy = 58.29% ± 1.21%
INFO:__main__:         F1-Macro = 0.5606 ± 0.0133
INFO:__main__:         Score = 57.08
INFO:__main__:         Time = 80.2s
INFO:__main__:
--------------------------------------------------
INFO:__main__:COMBINATION 20/50
INFO:__main__:--------------------------------------------------
INFO:__main__:Hyperparameters: {'learning_rate': 0.0005, 'batch_size': 64, 'dropout_rate': 0.5, 'weight_decay': 1e-05}
INFO:__main__:Using device: cuda
INFO:__main__:Results: Accuracy = 58.51% ± 0.99%
INFO:__main__:         F1-Macro = 0.5530 ± 0.0088
INFO:__main__:         Score = 57.52
INFO:__main__:         Time = 127.7s
INFO:__main__:
--------------------------------------------------
INFO:__main__:COMBINATION 21/50
INFO:__main__:--------------------------------------------------
INFO:__main__:Hyperparameters: {'learning_rate': 0.005, 'batch_size': 128, 'dropout_rate': 0.1, 'weight_decay': 0.005}
INFO:__main__:Using device: cuda
INFO:__main__:Results: Accuracy = 58.16% ± 1.19%
INFO:__main__:         F1-Macro = 0.5618 ± 0.0135
INFO:__main__:         Score = 56.97
INFO:__main__:         Time = 53.9s
INFO:__main__:
--------------------------------------------------
INFO:__main__:COMBINATION 22/50
INFO:__main__:--------------------------------------------------
INFO:__main__:Hyperparameters: {'learning_rate': 0.005, 'batch_size': 32, 'dropout_rate': 0.5, 'weight_decay': 0.001}
INFO:__main__:Using device: cuda
INFO:__main__:Results: Accuracy = 58.22% ± 1.22%
INFO:__main__:         F1-Macro = 0.5600 ± 0.0116
INFO:__main__:         Score = 57.00
INFO:__main__:         Time = 198.7s
INFO:__main__:
--------------------------------------------------
INFO:__main__:COMBINATION 23/50
INFO:__main__:--------------------------------------------------
INFO:__main__:Hyperparameters: {'learning_rate': 0.001, 'batch_size': 64, 'dropout_rate': 0.5, 'weight_decay': 0.001}
INFO:__main__:Using device: cuda
INFO:__main__:Results: Accuracy = 58.61% ± 1.11%
INFO:__main__:         F1-Macro = 0.5598 ± 0.0130
INFO:__main__:         Score = 57.50
INFO:__main__:         Time = 111.8s
INFO:__main__:
--------------------------------------------------
INFO:__main__:COMBINATION 24/50
INFO:__main__:--------------------------------------------------
INFO:__main__:Hyperparameters: {'learning_rate': 0.001, 'batch_size': 32, 'dropout_rate': 0.1, 'weight_decay': 0.001}
INFO:__main__:Using device: cuda
INFO:__main__:Results: Accuracy = 58.51% ± 0.94%
INFO:__main__:         F1-Macro = 0.5657 ± 0.0095
INFO:__main__:         Score = 57.56
INFO:__main__:         Time = 158.9s
INFO:__main__:
--------------------------------------------------
INFO:__main__:COMBINATION 25/50
INFO:__main__:--------------------------------------------------
INFO:__main__:Hyperparameters: {'learning_rate': 0.0005, 'batch_size': 64, 'dropout_rate': 0.3, 'weight_decay': 0.005}
INFO:__main__:Using device: cuda
INFO:__main__:Results: Accuracy = 58.42% ± 1.16%
INFO:__main__:         F1-Macro = 0.5624 ± 0.0131
INFO:__main__:         Score = 57.26
INFO:__main__:         Time = 80.3s
INFO:__main__:
--------------------------------------------------
INFO:__main__:COMBINATION 26/50
INFO:__main__:--------------------------------------------------
INFO:__main__:Hyperparameters: {'learning_rate': 0.001, 'batch_size': 64, 'dropout_rate': 0.3, 'weight_decay': 0.005}
INFO:__main__:Using device: cuda
INFO:__main__:Results: Accuracy = 58.08% ± 0.99%
INFO:__main__:         F1-Macro = 0.5594 ± 0.0105
INFO:__main__:         Score = 57.09
INFO:__main__:         Time = 87.6s
INFO:__main__:
--------------------------------------------------
INFO:__main__:COMBINATION 27/50
INFO:__main__:--------------------------------------------------
INFO:__main__:Hyperparameters: {'learning_rate': 1e-05, 'batch_size': 128, 'dropout_rate': 0.1, 'weight_decay': 1e-05}
INFO:__main__:Using device: cuda
INFO:__main__:Results: Accuracy = 57.70% ± 0.94%
INFO:__main__:         F1-Macro = 0.5579 ± 0.0091
INFO:__main__:         Score = 56.76
INFO:__main__:         Time = 112.3s
INFO:__main__:
--------------------------------------------------
INFO:__main__:COMBINATION 28/50
INFO:__main__:--------------------------------------------------
INFO:__main__:Hyperparameters: {'learning_rate': 0.005, 'batch_size': 64, 'dropout_rate': 0.1, 'weight_decay': 0.001}
INFO:__main__:Using device: cuda
INFO:__main__:Results: Accuracy = 58.49% ± 0.95%
INFO:__main__:         F1-Macro = 0.5641 ± 0.0113
INFO:__main__:         Score = 57.54
INFO:__main__:         Time = 93.0s
INFO:__main__:
--------------------------------------------------
INFO:__main__:COMBINATION 29/50
INFO:__main__:--------------------------------------------------
INFO:__main__:Hyperparameters: {'learning_rate': 0.0005, 'batch_size': 64, 'dropout_rate': 0.1, 'weight_decay': 1e-05}
INFO:__main__:Using device: cuda
INFO:__main__:Results: Accuracy = 58.88% ± 0.93%
INFO:__main__:         F1-Macro = 0.5700 ± 0.0095
INFO:__main__:         Score = 57.95
INFO:__main__:         Time = 77.8s
INFO:__main__:
--------------------------------------------------
INFO:__main__:COMBINATION 30/50
INFO:__main__:--------------------------------------------------
INFO:__main__:Hyperparameters: {'learning_rate': 0.001, 'batch_size': 256, 'dropout_rate': 0.5, 'weight_decay': 0.0001}
INFO:__main__:Using device: cuda
INFO:__main__:Results: Accuracy = 58.66% ± 1.03%
INFO:__main__:         F1-Macro = 0.5566 ± 0.0113
INFO:__main__:         Score = 57.63
INFO:__main__:         Time = 43.3s
INFO:__main__:
--------------------------------------------------
INFO:__main__:COMBINATION 31/50
INFO:__main__:--------------------------------------------------
INFO:__main__:Hyperparameters: {'learning_rate': 0.001, 'batch_size': 64, 'dropout_rate': 0.3, 'weight_decay': 0.001}
INFO:__main__:Using device: cuda
INFO:__main__:Results: Accuracy = 58.79% ± 0.91%
INFO:__main__:         F1-Macro = 0.5658 ± 0.0092
INFO:__main__:         Score = 57.88
INFO:__main__:         Time = 93.8s
INFO:__main__:
--------------------------------------------------
INFO:__main__:COMBINATION 32/50
INFO:__main__:--------------------------------------------------
INFO:__main__:Hyperparameters: {'learning_rate': 0.005, 'batch_size': 64, 'dropout_rate': 0.5, 'weight_decay': 0.001}
INFO:__main__:Using device: cuda
INFO:__main__:Results: Accuracy = 58.21% ± 1.38%
INFO:__main__:         F1-Macro = 0.5593 ± 0.0134
INFO:__main__:         Score = 56.83
INFO:__main__:         Time = 128.3s
INFO:__main__:
--------------------------------------------------
INFO:__main__:COMBINATION 33/50
INFO:__main__:--------------------------------------------------
INFO:__main__:Hyperparameters: {'learning_rate': 1e-05, 'batch_size': 64, 'dropout_rate': 0.3, 'weight_decay': 0.005}
INFO:__main__:Using device: cuda
INFO:__main__:Results: Accuracy = 57.47% ± 1.02%
INFO:__main__:         F1-Macro = 0.5559 ± 0.0123
INFO:__main__:         Score = 56.45
INFO:__main__:         Time = 175.7s
INFO:__main__:
--------------------------------------------------
INFO:__main__:COMBINATION 34/50
INFO:__main__:--------------------------------------------------
INFO:__main__:Hyperparameters: {'learning_rate': 0.0005, 'batch_size': 256, 'dropout_rate': 0.3, 'weight_decay': 0.001}
INFO:__main__:Using device: cuda
INFO:__main__:Results: Accuracy = 58.82% ± 0.86%
INFO:__main__:         F1-Macro = 0.5638 ± 0.0117
INFO:__main__:         Score = 57.95
INFO:__main__:         Time = 50.6s
INFO:__main__:
--------------------------------------------------
INFO:__main__:COMBINATION 35/50
INFO:__main__:--------------------------------------------------
INFO:__main__:Hyperparameters: {'learning_rate': 0.005, 'batch_size': 128, 'dropout_rate': 0.1, 'weight_decay': 0.001}
INFO:__main__:Using device: cuda
INFO:__main__:Results: Accuracy = 58.67% ± 1.13%
INFO:__main__:         F1-Macro = 0.5653 ± 0.0133
INFO:__main__:         Score = 57.54
INFO:__main__:         Time = 64.8s
INFO:__main__:
--------------------------------------------------
INFO:__main__:COMBINATION 36/50
INFO:__main__:--------------------------------------------------
INFO:__main__:Hyperparameters: {'learning_rate': 1e-05, 'batch_size': 32, 'dropout_rate': 0.3, 'weight_decay': 0.0001}
INFO:__main__:Using device: cuda
INFO:__main__:Results: Accuracy = 57.25% ± 0.77%
INFO:__main__:         F1-Macro = 0.5517 ± 0.0102
INFO:__main__:         Score = 56.47
INFO:__main__:         Time = 301.4s
INFO:__main__:
--------------------------------------------------
INFO:__main__:COMBINATION 37/50
INFO:__main__:--------------------------------------------------
INFO:__main__:Hyperparameters: {'learning_rate': 0.001, 'batch_size': 256, 'dropout_rate': 0.1, 'weight_decay': 0.0001}
INFO:__main__:Using device: cuda
INFO:__main__:Results: Accuracy = 58.80% ± 1.06%
INFO:__main__:         F1-Macro = 0.5702 ± 0.0105
INFO:__main__:         Score = 57.74
INFO:__main__:         Time = 26.3s
INFO:__main__:
--------------------------------------------------
INFO:__main__:COMBINATION 38/50
INFO:__main__:--------------------------------------------------
INFO:__main__:Hyperparameters: {'learning_rate': 0.001, 'batch_size': 256, 'dropout_rate': 0.5, 'weight_decay': 0.001}
INFO:__main__:Using device: cuda
INFO:__main__:Results: Accuracy = 58.54% ± 0.88%
INFO:__main__:         F1-Macro = 0.5567 ± 0.0093
INFO:__main__:         Score = 57.66
INFO:__main__:         Time = 49.8s
INFO:__main__:
--------------------------------------------------
INFO:__main__:COMBINATION 39/50
INFO:__main__:--------------------------------------------------
INFO:__main__:Hyperparameters: {'learning_rate': 0.005, 'batch_size': 64, 'dropout_rate': 0.5, 'weight_decay': 0.0001}
INFO:__main__:Using device: cuda
INFO:__main__:Results: Accuracy = 58.77% ± 1.06%
INFO:__main__:         F1-Macro = 0.5645 ± 0.0117
INFO:__main__:         Score = 57.71
INFO:__main__:         Time = 88.5s
INFO:__main__:
--------------------------------------------------
INFO:__main__:COMBINATION 40/50
INFO:__main__:--------------------------------------------------
INFO:__main__:Hyperparameters: {'learning_rate': 0.0005, 'batch_size': 128, 'dropout_rate': 0.5, 'weight_decay': 0.001}
INFO:__main__:Using device: cuda
INFO:__main__:Results: Accuracy = 58.49% ± 0.86%
INFO:__main__:         F1-Macro = 0.5535 ± 0.0079
INFO:__main__:         Score = 57.63
INFO:__main__:         Time = 81.6s
INFO:__main__:
--------------------------------------------------
INFO:__main__:COMBINATION 41/50
INFO:__main__:--------------------------------------------------
INFO:__main__:Hyperparameters: {'learning_rate': 0.001, 'batch_size': 64, 'dropout_rate': 0.1, 'weight_decay': 0.0001}
INFO:__main__:Using device: cuda
INFO:__main__:Results: Accuracy = 58.51% ± 0.96%
INFO:__main__:         F1-Macro = 0.5662 ± 0.0101
INFO:__main__:         Score = 57.55
INFO:__main__:         Time = 72.1s
INFO:__main__:
--------------------------------------------------
INFO:__main__:COMBINATION 42/50
INFO:__main__:--------------------------------------------------
INFO:__main__:Hyperparameters: {'learning_rate': 0.005, 'batch_size': 64, 'dropout_rate': 0.3, 'weight_decay': 0.001}
INFO:__main__:Using device: cuda
INFO:__main__:Results: Accuracy = 58.37% ± 1.11%
INFO:__main__:         F1-Macro = 0.5607 ± 0.0114
INFO:__main__:         Score = 57.26
INFO:__main__:         Time = 94.9s
INFO:__main__:
--------------------------------------------------
INFO:__main__:COMBINATION 43/50
INFO:__main__:--------------------------------------------------
INFO:__main__:Hyperparameters: {'learning_rate': 1e-05, 'batch_size': 128, 'dropout_rate': 0.5, 'weight_decay': 0.005}
INFO:__main__:Using device: cuda
INFO:__main__:Results: Accuracy = 56.68% ± 0.60%
INFO:__main__:         F1-Macro = 0.5514 ± 0.0105
INFO:__main__:         Score = 56.08
INFO:__main__:         Time = 114.5s
INFO:__main__:
--------------------------------------------------
INFO:__main__:COMBINATION 44/50
INFO:__main__:--------------------------------------------------
INFO:__main__:Hyperparameters: {'learning_rate': 0.001, 'batch_size': 256, 'dropout_rate': 0.1, 'weight_decay': 0.005}
INFO:__main__:Using device: cuda
INFO:__main__:NEW BEST RESULT!
INFO:__main__:Results: Accuracy = 58.89% ± 0.74%
INFO:__main__:         F1-Macro = 0.5702 ± 0.0081
INFO:__main__:         Score = 58.15
INFO:__main__:         Time = 32.6s
INFO:__main__:
--------------------------------------------------
INFO:__main__:COMBINATION 45/50
INFO:__main__:--------------------------------------------------
INFO:__main__:Hyperparameters: {'learning_rate': 1e-05, 'batch_size': 256, 'dropout_rate': 0.3, 'weight_decay': 0.001}
INFO:__main__:Using device: cuda
INFO:__main__:Results: Accuracy = 56.44% ± 0.82%
INFO:__main__:         F1-Macro = 0.5416 ± 0.0128
INFO:__main__:         Score = 55.61
INFO:__main__:         Time = 73.9s
INFO:__main__:
--------------------------------------------------
INFO:__main__:COMBINATION 46/50
INFO:__main__:--------------------------------------------------
INFO:__main__:Hyperparameters: {'learning_rate': 0.005, 'batch_size': 256, 'dropout_rate': 0.1, 'weight_decay': 0.001}
INFO:__main__:Using device: cuda
INFO:__main__:Results: Accuracy = 58.78% ± 0.84%
INFO:__main__:         F1-Macro = 0.5664 ± 0.0096
INFO:__main__:         Score = 57.94
INFO:__main__:         Time = 44.8s
INFO:__main__:
--------------------------------------------------
INFO:__main__:COMBINATION 47/50
INFO:__main__:--------------------------------------------------
INFO:__main__:Hyperparameters: {'learning_rate': 0.001, 'batch_size': 32, 'dropout_rate': 0.3, 'weight_decay': 0.0001}
INFO:__main__:Using device: cuda
INFO:__main__:Results: Accuracy = 58.70% ± 0.97%
INFO:__main__:         F1-Macro = 0.5649 ± 0.0115
INFO:__main__:         Score = 57.73
INFO:__main__:         Time = 174.4s
INFO:__main__:
--------------------------------------------------
INFO:__main__:COMBINATION 48/50
INFO:__main__:--------------------------------------------------
INFO:__main__:Hyperparameters: {'learning_rate': 0.0005, 'batch_size': 32, 'dropout_rate': 0.3, 'weight_decay': 0.005}
INFO:__main__:Using device: cuda
INFO:__main__:Results: Accuracy = 58.31% ± 1.21%
INFO:__main__:         F1-Macro = 0.5615 ± 0.0128
INFO:__main__:         Score = 57.10
INFO:__main__:         Time = 175.2s
INFO:__main__:
--------------------------------------------------
INFO:__main__:COMBINATION 49/50
INFO:__main__:--------------------------------------------------
INFO:__main__:Hyperparameters: {'learning_rate': 0.0005, 'batch_size': 128, 'dropout_rate': 0.1, 'weight_decay': 0.005}
INFO:__main__:Using device: cuda
INFO:__main__:Results: Accuracy = 58.70% ± 0.93%
INFO:__main__:         F1-Macro = 0.5693 ± 0.0103
INFO:__main__:         Score = 57.77
INFO:__main__:         Time = 52.8s
INFO:__main__:
--------------------------------------------------
INFO:__main__:COMBINATION 50/50
INFO:__main__:--------------------------------------------------
INFO:__main__:Hyperparameters: {'learning_rate': 0.001, 'batch_size': 128, 'dropout_rate': 0.3, 'weight_decay': 0.001}
INFO:__main__:Using device: cuda
INFO:__main__:Results: Accuracy = 58.69% ± 0.96%
INFO:__main__:         F1-Macro = 0.5629 ± 0.0097
INFO:__main__:         Score = 57.73
INFO:__main__:         Time = 61.0s
INFO:__main__:
======================================================================
INFO:__main__:HYPERPARAMETER SEARCH COMPLETED
INFO:__main__:======================================================================
INFO:__main__:
Top 5 Hyperparameter Combinations:
INFO:__main__:1. Score: 58.15 | Accuracy: 58.89% ± 0.74% | Params: {'learning_rate': 0.001, 'batch_size': 256, 'dropout_rate': 0.1, 'weight_decay': 0.005}
INFO:__main__:2. Score: 58.12 | Accuracy: 58.93% ± 0.81% | Params: {'learning_rate': 0.001, 'batch_size': 256, 'dropout_rate': 0.3, 'weight_decay': 1e-05}
INFO:__main__:3. Score: 57.95 | Accuracy: 58.82% ± 0.86% | Params: {'learning_rate': 0.0005, 'batch_size': 256, 'dropout_rate': 0.3, 'weight_decay': 0.001}
INFO:__main__:4. Score: 57.95 | Accuracy: 58.88% ± 0.93% | Params: {'learning_rate': 0.0005, 'batch_size': 64, 'dropout_rate': 0.1, 'weight_decay': 1e-05}
INFO:__main__:5. Score: 57.94 | Accuracy: 58.78% ± 0.84% | Params: {'learning_rate': 0.005, 'batch_size': 256, 'dropout_rate': 0.1, 'weight_decay': 0.001}
INFO:__main__:
BEST HYPERPARAMETERS:
INFO:__main__:Parameters: {'learning_rate': 0.001, 'batch_size': 256, 'dropout_rate': 0.1, 'weight_decay': 0.005}
INFO:__main__:Validation Accuracy: 58.89% ± 0.74%
INFO:__main__:Validation F1-Macro: 0.5702 ± 0.0081
INFO:__main__:Optimization Score: 58.15
INFO:__main__:
Hyperparameter search results saved to results/overnight_enhanced_hyperparam_search_asymmetry/hyperparameter_search_results.json
INFO:__main__:
Training final model with best hyperparameters...
INFO:__main__:Best hyperparameters: {'learning_rate': 0.001, 'batch_size': 256, 'dropout_rate': 0.1, 'weight_decay': 0.005}
INFO:__main__:Using device: cuda
INFO:__main__:
Preparing fold 1/5
INFO:__main__:
==================================================
INFO:__main__:TRAINING FOLD 1
INFO:__main__:==================================================
INFO:__main__:Epoch   1/100 | Train Loss: 1.0201 | Val Loss: 0.8953 | Train Acc: 51.50% | Val Acc: 56.36% | LR: 0.001000
INFO:__main__:Epoch  10/100 | Train Loss: 0.8570 | Val Loss: 0.8543 | Train Acc: 58.26% | Val Acc: 58.31% | LR: 0.001000
INFO:__main__:Epoch  20/100 | Train Loss: 0.8490 | Val Loss: 0.8478 | Train Acc: 58.66% | Val Acc: 58.56% | LR: 0.000500
INFO:__main__:Epoch  30/100 | Train Loss: 0.8432 | Val Loss: 0.8490 | Train Acc: 59.30% | Val Acc: 58.16% | LR: 0.000250
INFO:__main__:Epoch  40/100 | Train Loss: 0.8420 | Val Loss: 0.8477 | Train Acc: 58.95% | Val Acc: 58.26% | LR: 0.000063
INFO:__main__:Early stopping triggered at epoch 48
INFO:__main__:
Fold 1 Results:
INFO:__main__:Training Time: 7.29 seconds
INFO:__main__:Epochs Trained: 48
INFO:__main__:Final Train Accuracy: 59.91%
INFO:__main__:Final Val Accuracy: 58.41%
INFO:__main__:Validation F1-Macro: 0.5668
INFO:__main__:Best Val Accuracy: 59.36%
INFO:__main__:
Detailed Classification Report:
INFO:__main__:
               precision    recall  f1-score   support

   entailment       0.66      0.81      0.73       666
      neutral       0.49      0.63      0.55       666
contradiction       0.64      0.32      0.42       666

     accuracy                           0.58      1998
    macro avg       0.60      0.58      0.57      1998
 weighted avg       0.60      0.58      0.57      1998

INFO:__main__:Saved model checkpoint: results/overnight_enhanced_hyperparam_search_asymmetry/final_model/model_fold_1.pt
INFO:__main__:
Preparing fold 2/5
INFO:__main__:
==================================================
INFO:__main__:TRAINING FOLD 2
INFO:__main__:==================================================
INFO:__main__:Epoch   1/100 | Train Loss: 0.9683 | Val Loss: 0.8757 | Train Acc: 52.01% | Val Acc: 57.56% | LR: 0.001000
INFO:__main__:Epoch  10/100 | Train Loss: 0.8563 | Val Loss: 0.8588 | Train Acc: 58.12% | Val Acc: 59.96% | LR: 0.001000
INFO:__main__:Epoch  20/100 | Train Loss: 0.8534 | Val Loss: 0.8598 | Train Acc: 58.36% | Val Acc: 58.61% | LR: 0.001000
INFO:__main__:Epoch  30/100 | Train Loss: 0.8461 | Val Loss: 0.8616 | Train Acc: 58.98% | Val Acc: 59.21% | LR: 0.000500
INFO:__main__:Epoch  40/100 | Train Loss: 0.8398 | Val Loss: 0.8563 | Train Acc: 59.41% | Val Acc: 59.01% | LR: 0.000125
INFO:__main__:Early stopping triggered at epoch 49
INFO:__main__:
Fold 2 Results:
INFO:__main__:Training Time: 7.59 seconds
INFO:__main__:Epochs Trained: 49
INFO:__main__:Final Train Accuracy: 60.14%
INFO:__main__:Final Val Accuracy: 59.26%
INFO:__main__:Validation F1-Macro: 0.5751
INFO:__main__:Best Val Accuracy: 59.96%
INFO:__main__:
Detailed Classification Report:
INFO:__main__:
               precision    recall  f1-score   support

   entailment       0.66      0.83      0.73       666
      neutral       0.52      0.61      0.56       666
contradiction       0.60      0.33      0.43       666

     accuracy                           0.59      1998
    macro avg       0.59      0.59      0.58      1998
 weighted avg       0.59      0.59      0.58      1998

INFO:__main__:Saved model checkpoint: results/overnight_enhanced_hyperparam_search_asymmetry/final_model/model_fold_2.pt
INFO:__main__:
Preparing fold 3/5
INFO:__main__:
==================================================
INFO:__main__:TRAINING FOLD 3
INFO:__main__:==================================================
INFO:__main__:Epoch   1/100 | Train Loss: 1.0035 | Val Loss: 0.8799 | Train Acc: 51.36% | Val Acc: 58.41% | LR: 0.001000
INFO:__main__:Epoch  10/100 | Train Loss: 0.8681 | Val Loss: 0.8306 | Train Acc: 58.27% | Val Acc: 60.01% | LR: 0.001000
INFO:__main__:Epoch  20/100 | Train Loss: 0.8597 | Val Loss: 0.8333 | Train Acc: 58.07% | Val Acc: 59.76% | LR: 0.001000
INFO:__main__:Epoch  30/100 | Train Loss: 0.8520 | Val Loss: 0.8254 | Train Acc: 58.66% | Val Acc: 59.61% | LR: 0.000500
INFO:__main__:Epoch  40/100 | Train Loss: 0.8508 | Val Loss: 0.8256 | Train Acc: 59.01% | Val Acc: 60.61% | LR: 0.000250
INFO:__main__:Epoch  50/100 | Train Loss: 0.8462 | Val Loss: 0.8254 | Train Acc: 59.26% | Val Acc: 60.16% | LR: 0.000063
INFO:__main__:Early stopping triggered at epoch 52
INFO:__main__:
Fold 3 Results:
INFO:__main__:Training Time: 7.86 seconds
INFO:__main__:Epochs Trained: 52
INFO:__main__:Final Train Accuracy: 59.56%
INFO:__main__:Final Val Accuracy: 59.91%
INFO:__main__:Validation F1-Macro: 0.5812
INFO:__main__:Best Val Accuracy: 60.71%
INFO:__main__:
Detailed Classification Report:
INFO:__main__:
               precision    recall  f1-score   support

   entailment       0.67      0.85      0.75       666
      neutral       0.52      0.61      0.56       666
contradiction       0.60      0.34      0.43       666

     accuracy                           0.60      1998
    macro avg       0.60      0.60      0.58      1998
 weighted avg       0.60      0.60      0.58      1998

INFO:__main__:Saved model checkpoint: results/overnight_enhanced_hyperparam_search_asymmetry/final_model/model_fold_3.pt
INFO:__main__:
Preparing fold 4/5
INFO:__main__:
==================================================
INFO:__main__:TRAINING FOLD 4
INFO:__main__:==================================================
INFO:__main__:Epoch   1/100 | Train Loss: 1.0175 | Val Loss: 0.8921 | Train Acc: 49.27% | Val Acc: 57.11% | LR: 0.001000
INFO:__main__:Epoch  10/100 | Train Loss: 0.8553 | Val Loss: 0.8675 | Train Acc: 58.03% | Val Acc: 58.81% | LR: 0.001000
INFO:__main__:Epoch  20/100 | Train Loss: 0.8464 | Val Loss: 0.8665 | Train Acc: 58.56% | Val Acc: 59.11% | LR: 0.000500
INFO:__main__:Epoch  30/100 | Train Loss: 0.8392 | Val Loss: 0.8648 | Train Acc: 59.17% | Val Acc: 58.86% | LR: 0.000250
INFO:__main__:Early stopping triggered at epoch 38
INFO:__main__:
Fold 4 Results:
INFO:__main__:Training Time: 6.09 seconds
INFO:__main__:Epochs Trained: 38
INFO:__main__:Final Train Accuracy: 60.14%
INFO:__main__:Final Val Accuracy: 59.11%
INFO:__main__:Validation F1-Macro: 0.5710
INFO:__main__:Best Val Accuracy: 59.51%
INFO:__main__:
Detailed Classification Report:
INFO:__main__:
               precision    recall  f1-score   support

   entailment       0.64      0.83      0.72       666
      neutral       0.52      0.62      0.57       666
contradiction       0.64      0.32      0.42       666

     accuracy                           0.59      1998
    macro avg       0.60      0.59      0.57      1998
 weighted avg       0.60      0.59      0.57      1998

INFO:__main__:Saved model checkpoint: results/overnight_enhanced_hyperparam_search_asymmetry/final_model/model_fold_4.pt
INFO:__main__:
Preparing fold 5/5
INFO:__main__:
==================================================
INFO:__main__:TRAINING FOLD 5
INFO:__main__:==================================================
INFO:__main__:Epoch   1/100 | Train Loss: 0.9583 | Val Loss: 0.8829 | Train Acc: 53.58% | Val Acc: 55.71% | LR: 0.001000
INFO:__main__:Epoch  10/100 | Train Loss: 0.8504 | Val Loss: 0.8624 | Train Acc: 59.43% | Val Acc: 57.36% | LR: 0.001000
INFO:__main__:Epoch  20/100 | Train Loss: 0.8447 | Val Loss: 0.8644 | Train Acc: 59.28% | Val Acc: 57.21% | LR: 0.000500
INFO:__main__:Early stopping triggered at epoch 25
INFO:__main__:
Fold 5 Results:
INFO:__main__:Training Time: 4.07 seconds
INFO:__main__:Epochs Trained: 25
INFO:__main__:Final Train Accuracy: 60.36%
INFO:__main__:Final Val Accuracy: 57.76%
INFO:__main__:Validation F1-Macro: 0.5571
INFO:__main__:Best Val Accuracy: 58.06%
INFO:__main__:
Detailed Classification Report:
INFO:__main__:
               precision    recall  f1-score   support

   entailment       0.66      0.80      0.72       666
      neutral       0.50      0.64      0.56       666
contradiction       0.58      0.29      0.39       666

     accuracy                           0.58      1998
    macro avg       0.58      0.58      0.56      1998
 weighted avg       0.58      0.58      0.56      1998

INFO:__main__:Saved model checkpoint: results/overnight_enhanced_hyperparam_search_asymmetry/final_model/model_fold_5.pt
INFO:__main__:
============================================================
INFO:__main__:CROSS-VALIDATION SUMMARY
INFO:__main__:============================================================
INFO:__main__:Validation Accuracy: 58.89% ± 0.74%
INFO:__main__:Range: 57.76% - 59.91%
INFO:__main__:Validation F1-Macro: 0.5702 ± 0.0081
INFO:__main__:Total Training Time: 32.90 seconds
INFO:__main__:Average Epochs: 42.4
INFO:__main__:
Per-Fold Results:
INFO:__main__:Fold 1: Val Acc = 58.41%, F1 = 0.5668, Epochs = 48
INFO:__main__:Fold 2: Val Acc = 59.26%, F1 = 0.5751, Epochs = 49
INFO:__main__:Fold 3: Val Acc = 59.91%, F1 = 0.5812, Epochs = 52
INFO:__main__:Fold 4: Val Acc = 59.11%, F1 = 0.5710, Epochs = 38
INFO:__main__:Fold 5: Val Acc = 57.76%, F1 = 0.5571, Epochs = 25
INFO:__main__:
Diagnostic Analysis:
INFO:__main__:Train-Val gap is reasonable: 1.13%
INFO:__main__:Low variance across folds: 0.74%
INFO:__main__:
PERFORMANCE COMPARISON:
INFO:__main__:Enhanced Accuracy: 58.89%
INFO:__main__:Original Baseline: 52.00%
INFO:__main__:Improvement: +6.89 percentage points
INFO:__main__:GOOD: Enhanced accuracy > 55%! Modest improvement from enhanced features
INFO:__main__:Final model results saved to results/overnight_enhanced_hyperparam_search_asymmetry/final_model/final_cv_results.json
INFO:__main__:
🎉 Enhanced training completed successfully!
