Job ID: 175920
Job started at: Wed 18 Jun 21:29:21 BST 2025
Running on node: gpuvm02
Working directory: /homes/ahb24/MSc_Topology_Codebase/slurm
Loading CUDA...
Activating conda environment...
Activated conda environment: /vol/bitbucket/ahb24/tda_entailment_new
Python location: /vol/bitbucket/ahb24/tda_entailment_new/bin/python
Conda info:

# conda environments:
#
base                   /homes/ahb24/miniconda3
                     * /vol/bitbucket/ahb24/tda_entailment_new

Checking GPU availability...
Wed Jun 18 21:29:25 2025       
+-----------------------------------------------------------------------------------------+
| NVIDIA-SMI 550.120                Driver Version: 550.120        CUDA Version: 12.4     |
|-----------------------------------------+------------------------+----------------------+
| GPU  Name                 Persistence-M | Bus-Id          Disp.A | Volatile Uncorr. ECC |
| Fan  Temp   Perf          Pwr:Usage/Cap |           Memory-Usage | GPU-Util  Compute M. |
|                                         |                        |               MIG M. |
|=========================================+========================+======================|
|   0  NVIDIA A30                     Off |   00000000:02:00.0 Off |                    0 |
| N/A   33C    P0             30W /  165W |       1MiB /  24576MiB |      0%      Default |
|                                         |                        |             Disabled |
+-----------------------------------------+------------------------+----------------------+
                                                                                         
+-----------------------------------------------------------------------------------------+
| Processes:                                                                              |
|  GPU   GI   CI        PID   Type   Process name                              GPU Memory |
|        ID   ID                                                               Usage      |
|=========================================================================================|
|  No running processes found                                                             |
+-----------------------------------------------------------------------------------------+

Starting enhanced hyperparameter search with 50 combinations...
Expected runtime: 8-12 hours
Data path: results/tda_integration/landmark_tda_features/enhanced_neural_network_features_snli_10k.pt
Hyperparameter search completed successfully at: Wed 18 Jun 23:00:49 BST 2025
Results saved in: results/overnight_enhanced_hyperparam_search/
=== QUICK RESULTS SUMMARY ===
Job finished at: Wed 18 Jun 23:00:49 BST 2025
Total runtime: 5488 seconds
Check detailed results in: results/overnight_enhanced_hyperparam_search/
