INFO:__main__:Starting comprehensive feature ablation analysis...
INFO:__main__:Loading data from: results/tda_integration/landmark_tda_features/enhanced_neural_network_features_snli_10k.pt
/homes/ahb24/MSc_Topology_Codebase/classifiers/feature_ablation.py:104: FutureWarning: You are using `torch.load` with `weights_only=False` (the current default value), which uses the default pickle module implicitly. It is possible to construct malicious pickle data which will execute arbitrary code during unpickling (See https://github.com/pytorch/pytorch/blob/main/SECURITY.md#untrusted-models for more details). In a future release, the default value for `weights_only` will be flipped to `True`. This limits the functions that could be executed during unpickling. Arbitrary objects will no longer be allowed to be loaded via this mode unless they are explicitly allowlisted by the user via `torch.serialization.add_safe_globals`. We recommend you start setting `weights_only=True` for any use case where you don't have full control of the loaded file. Please open an issue on GitHub for any issues related to this experimental feature.
  data = torch.load(self.data_path, map_location='cpu')  # Load to CPU first
INFO:__main__:Loaded data: 9990 samples, 14 features
INFO:__main__:Class distribution: [3330 3330 3330]
INFO:__main__:[1/10] Testing: all_features
INFO:__main__:Evaluating feature set: all_features
INFO:__main__:Features (14): ['cone_energy', 'order_energy', 'hyperbolic_distance', 'entailment_score', 'violation_count', 'forward_cone', 'backward_cone', 'cone_asymmetry', 'forward_energy', 'backward_energy', 'h0_persistence', 'h1_persistence', 'h1_max_persistence', 'h1_feature_count']
INFO:__main__:  Fold 1/5
INFO:__main__:    Accuracy: 0.5736, F1: 0.5439
INFO:__main__:  Fold 2/5
INFO:__main__:    Accuracy: 0.5736, F1: 0.5483
INFO:__main__:  Fold 3/5
INFO:__main__:    Accuracy: 0.5826, F1: 0.5620
INFO:__main__:  Fold 4/5
INFO:__main__:    Accuracy: 0.5736, F1: 0.5516
INFO:__main__:  Fold 5/5
INFO:__main__:    Accuracy: 0.5626, F1: 0.5429
INFO:__main__:  Results: 57.32±0.63% accuracy
INFO:__main__:[2/10] Testing: geometric_only
INFO:__main__:Evaluating feature set: geometric_only
INFO:__main__:Features (10): ['cone_energy', 'order_energy', 'hyperbolic_distance', 'entailment_score', 'violation_count', 'forward_cone', 'backward_cone', 'cone_asymmetry', 'forward_energy', 'backward_energy']
INFO:__main__:  Fold 1/5
INFO:__main__:    Accuracy: 0.5766, F1: 0.5467
INFO:__main__:  Fold 2/5
INFO:__main__:    Accuracy: 0.5861, F1: 0.5614
INFO:__main__:  Fold 3/5
INFO:__main__:    Accuracy: 0.5871, F1: 0.5578
INFO:__main__:  Fold 4/5
INFO:__main__:    Accuracy: 0.5811, F1: 0.5486
INFO:__main__:  Fold 5/5
INFO:__main__:    Accuracy: 0.5736, F1: 0.5517
INFO:__main__:  Results: 58.09±0.52% accuracy
INFO:__main__:[3/10] Testing: topological_only
INFO:__main__:Evaluating feature set: topological_only
INFO:__main__:Features (4): ['h0_persistence', 'h1_persistence', 'h1_max_persistence', 'h1_feature_count']
INFO:__main__:  Fold 1/5
INFO:__main__:    Accuracy: 0.5220, F1: 0.5072
INFO:__main__:  Fold 2/5
INFO:__main__:    Accuracy: 0.5335, F1: 0.5215
INFO:__main__:  Fold 3/5
INFO:__main__:    Accuracy: 0.5330, F1: 0.5129
INFO:__main__:  Fold 4/5
INFO:__main__:    Accuracy: 0.5110, F1: 0.4925
INFO:__main__:  Fold 5/5
INFO:__main__:    Accuracy: 0.5130, F1: 0.4906
INFO:__main__:  Results: 52.25±0.95% accuracy
INFO:__main__:[4/10] Testing: core_geometric
INFO:__main__:Evaluating feature set: core_geometric
INFO:__main__:Features (5): ['cone_energy', 'order_energy', 'hyperbolic_distance', 'entailment_score', 'violation_count']
INFO:__main__:  Fold 1/5
INFO:__main__:    Accuracy: 0.5781, F1: 0.5538
INFO:__main__:  Fold 2/5
INFO:__main__:    Accuracy: 0.5721, F1: 0.5270
INFO:__main__:  Fold 3/5
INFO:__main__:    Accuracy: 0.5886, F1: 0.5563
INFO:__main__:  Fold 4/5
INFO:__main__:    Accuracy: 0.5761, F1: 0.5430
INFO:__main__:  Fold 5/5
INFO:__main__:    Accuracy: 0.5546, F1: 0.5101
INFO:__main__:  Results: 57.39±1.11% accuracy
INFO:__main__:[5/10] Testing: asymmetric_only
INFO:__main__:Evaluating feature set: asymmetric_only
INFO:__main__:Features (5): ['forward_cone', 'backward_cone', 'cone_asymmetry', 'forward_energy', 'backward_energy']
INFO:__main__:  Fold 1/5
INFO:__main__:    Accuracy: 0.5776, F1: 0.5456
INFO:__main__:  Fold 2/5
INFO:__main__:    Accuracy: 0.5811, F1: 0.5560
INFO:__main__:  Fold 3/5
INFO:__main__:    Accuracy: 0.5906, F1: 0.5599
INFO:__main__:  Fold 4/5
INFO:__main__:    Accuracy: 0.5806, F1: 0.5459
INFO:__main__:  Fold 5/5
INFO:__main__:    Accuracy: 0.5741, F1: 0.5335
INFO:__main__:  Results: 58.08±0.55% accuracy
INFO:__main__:[6/10] Testing: persistence_only
INFO:__main__:Evaluating feature set: persistence_only
INFO:__main__:Features (2): ['h0_persistence', 'h1_persistence']
INFO:__main__:  Fold 1/5
INFO:__main__:    Accuracy: 0.5110, F1: 0.4928
INFO:__main__:  Fold 2/5
INFO:__main__:    Accuracy: 0.5100, F1: 0.4864
INFO:__main__:  Fold 3/5
INFO:__main__:    Accuracy: 0.5260, F1: 0.5200
INFO:__main__:  Fold 4/5
INFO:__main__:    Accuracy: 0.5105, F1: 0.4912
INFO:__main__:  Fold 5/5
INFO:__main__:    Accuracy: 0.4980, F1: 0.4785
INFO:__main__:  Results: 51.11±0.89% accuracy
INFO:__main__:[7/10] Testing: tda_structure
INFO:__main__:Evaluating feature set: tda_structure
INFO:__main__:Features (2): ['h1_max_persistence', 'h1_feature_count']
INFO:__main__:  Fold 1/5
INFO:__main__:    Accuracy: 0.5055, F1: 0.4913
INFO:__main__:  Fold 2/5
INFO:__main__:    Accuracy: 0.5215, F1: 0.5061
INFO:__main__:  Fold 3/5
INFO:__main__:    Accuracy: 0.5190, F1: 0.5105
INFO:__main__:  Fold 4/5
INFO:__main__:    Accuracy: 0.5000, F1: 0.4897
INFO:__main__:  Fold 5/5
INFO:__main__:    Accuracy: 0.4980, F1: 0.4841
INFO:__main__:  Results: 50.88±0.97% accuracy
INFO:__main__:[8/10] Testing: no_tda
INFO:__main__:Evaluating feature set: no_tda
INFO:__main__:Features (10): ['cone_energy', 'order_energy', 'hyperbolic_distance', 'entailment_score', 'violation_count', 'forward_cone', 'backward_cone', 'cone_asymmetry', 'forward_energy', 'backward_energy']
INFO:__main__:  Fold 1/5
INFO:__main__:    Accuracy: 0.5696, F1: 0.5436
INFO:__main__:  Fold 2/5
INFO:__main__:    Accuracy: 0.5791, F1: 0.5562
INFO:__main__:  Fold 3/5
INFO:__main__:    Accuracy: 0.5891, F1: 0.5632
INFO:__main__:  Fold 4/5
INFO:__main__:    Accuracy: 0.5831, F1: 0.5524
INFO:__main__:  Fold 5/5
INFO:__main__:    Accuracy: 0.5651, F1: 0.5442
INFO:__main__:  Results: 57.72±0.88% accuracy
INFO:__main__:[9/10] Testing: no_asymmetric
INFO:__main__:Evaluating feature set: no_asymmetric
INFO:__main__:Features (9): ['cone_energy', 'order_energy', 'hyperbolic_distance', 'entailment_score', 'violation_count', 'h0_persistence', 'h1_persistence', 'h1_max_persistence', 'h1_feature_count']
INFO:__main__:  Fold 1/5
INFO:__main__:    Accuracy: 0.5641, F1: 0.5273
INFO:__main__:  Fold 2/5
INFO:__main__:    Accuracy: 0.5831, F1: 0.5613
INFO:__main__:  Fold 3/5
INFO:__main__:    Accuracy: 0.5981, F1: 0.5759
INFO:__main__:  Fold 4/5
INFO:__main__:    Accuracy: 0.5751, F1: 0.5442
INFO:__main__:  Fold 5/5
INFO:__main__:    Accuracy: 0.5686, F1: 0.5358
INFO:__main__:  Results: 57.78±1.20% accuracy
INFO:__main__:[10/10] Testing: minimal_set
INFO:__main__:Evaluating feature set: minimal_set
INFO:__main__:Features (4): ['cone_energy', 'order_energy', 'h0_persistence', 'h1_persistence']
INFO:__main__:  Fold 1/5
INFO:__main__:    Accuracy: 0.5661, F1: 0.5396
INFO:__main__:  Fold 2/5
INFO:__main__:    Accuracy: 0.5771, F1: 0.5426
INFO:__main__:  Fold 3/5
INFO:__main__:    Accuracy: 0.5886, F1: 0.5640
INFO:__main__:  Fold 4/5
INFO:__main__:    Accuracy: 0.5761, F1: 0.5469
INFO:__main__:  Fold 5/5
INFO:__main__:    Accuracy: 0.5696, F1: 0.5415
INFO:__main__:  Results: 57.55±0.77% accuracy
INFO:__main__:Visualization saved to: results/feature_ablation/feature_ablation_results.png
