==========================================
Feature Ablation Analysis Job
==========================================
Job ID: 176690
Job started at: Mon 23 Jun 11:44:21 BST 2025
Running on node: gpuvm17
Working directory: /homes/ahb24/MSc_Topology_Codebase/slurm
Submit directory: /homes/ahb24/MSc_Topology_Codebase/slurm
Loading CUDA...
Activating conda environment...
Activated conda environment: /vol/bitbucket/ahb24/tda_entailment_new
Python location: /vol/bitbucket/ahb24/tda_entailment_new/bin/python
Checking GPU availability...
Mon Jun 23 11:44:23 2025       
+-----------------------------------------------------------------------------------------+
| NVIDIA-SMI 550.120                Driver Version: 550.120        CUDA Version: 12.4     |
|-----------------------------------------+------------------------+----------------------+
| GPU  Name                 Persistence-M | Bus-Id          Disp.A | Volatile Uncorr. ECC |
| Fan  Temp   Perf          Pwr:Usage/Cap |           Memory-Usage | GPU-Util  Compute M. |
|                                         |                        |               MIG M. |
|=========================================+========================+======================|
|   0  Tesla T4                       Off |   00000000:00:06.0 Off |                    0 |
| N/A   30C    P8              9W /   70W |       1MiB /  15360MiB |      0%      Default |
|                                         |                        |                  N/A |
+-----------------------------------------+------------------------+----------------------+
                                                                                         
+-----------------------------------------------------------------------------------------+
| Processes:                                                                              |
|  GPU   GI   CI        PID   Type   Process name                              GPU Memory |
|        ID   ID                                                               Usage      |
|=========================================================================================|
|  No running processes found                                                             |
+-----------------------------------------------------------------------------------------+

Changing to project directory...
Using data file: results/tda_integration/landmark_tda_features/enhanced_neural_network_features_snli_10k.pt
File size: 3.8M
==========================================
Starting feature ablation analysis...
==========================================
Starting feature ablation analysis...
Data path: results/tda_integration/landmark_tda_features/enhanced_neural_network_features_snli_10k.pt
Output directory: results/feature_ablation
Random seed: 42
Cross-validation folds: 5

================================================================================
FEATURE ABLATION ANALYSIS RESULTS
================================================================================
     Feature Set  Num Features Accuracy (%)      F1 Score
  geometric_only            10 58.09 ± 0.52 0.553 ± 0.006
 asymmetric_only             5 58.08 ± 0.55 0.548 ± 0.009
   no_asymmetric             9 57.78 ± 1.20 0.549 ± 0.018
          no_tda            10 57.72 ± 0.88 0.552 ± 0.007
     minimal_set             4 57.55 ± 0.77 0.547 ± 0.009
  core_geometric             5 57.39 ± 1.11 0.538 ± 0.017
    all_features            14 57.32 ± 0.63 0.550 ± 0.007
topological_only             4 52.25 ± 0.95 0.505 ± 0.012
persistence_only             2 51.11 ± 0.89 0.494 ± 0.014
   tda_structure             2 50.88 ± 0.97 0.496 ± 0.010

================================================================================
KEY INSIGHTS
================================================================================
Best performing feature set: geometric_only
Best accuracy: 58.09 ± 0.52

TDA FEATURES HINDER: -0.40% decrease
Without TDA: 57.72%
With TDA: 57.32%

TDA-only performance: 52.25%

Results saved to: results/feature_ablation/feature_ablation_results.csv
Summary saved to: results/feature_ablation/analysis_summary.json
==========================================
Feature ablation completed successfully!
==========================================
Top 5 performing feature combinations:
Feature Set,Num Features,Accuracy (%),F1 Score,Accuracy Mean,F1 Mean,Features Used,Improvement vs Geometric (%)
geometric_only,10,58.09 ± 0.52,0.553 ± 0.006,0.580880880880881,0.553243533928303,"['cone_energy', 'order_energy', 'hyperbolic_distance', 'entailment_score', 'violation_count', 'forward_cone', 'backward_cone', 'cone_asymmetry', 'forward_energy', 'backward_energy']",0.0
asymmetric_only,5,58.08 ± 0.55,0.548 ± 0.009,0.5807807807807808,0.5482082163097259,"['forward_cone', 'backward_cone', 'cone_asymmetry', 'forward_energy', 'backward_energy']",-0.010010010010019776
no_asymmetric,9,57.78 ± 1.20,0.549 ± 0.018,0.5777777777777777,0.5488935605156171,"['cone_energy', 'order_energy', 'hyperbolic_distance', 'entailment_score', 'violation_count', 'h0_persistence', 'h1_persistence', 'h1_max_persistence', 'h1_feature_count']",-0.3103103103103244
no_tda,10,57.72 ± 0.88,0.552 ± 0.007,0.5771771771771771,0.551915684984462,"['cone_energy', 'order_energy', 'hyperbolic_distance', 'entailment_score', 'violation_count', 'forward_cone', 'backward_cone', 'cone_asymmetry', 'forward_energy', 'backward_energy']",-0.37037037037038756
minimal_set,4,57.55 ± 0.77,0.547 ± 0.009,0.5754754754754755,0.5469242996946418,"['cone_energy', 'order_energy', 'h0_persistence', 'h1_persistence']",-0.5405405405405461

Analysis summary:
{
  "best_feature_set": "geometric_only",
  "best_accuracy": 0.580880880880881,
  "tda_helps": false,
  "tda_improvement_percent": -0.4004004004004025,
  "geometric_vs_all": {
    "geometric_only": 0.580880880880881,
    "all_features": 0.5731731731731731,
    "improvement": -0.77077077077079,
    "tda_helps": false
  },
  "timestamp": "2025-06-23 11:45:13"
}
Generated files:
total 368
drwxr-xr-x  2 ahb24 mcs    135 Jun 23 11:40 .
drwxr-xr-x 14 ahb24 mcs   4096 Jun 23 11:33 ..
-rw-r--r--  1 ahb24 mcs    361 Jun 23 11:45 analysis_summary.json
-rw-r--r--  1 ahb24 mcs      0 Jun 23 11:35 feature_ablation.log
-rw-r--r--  1 ahb24 mcs   2349 Jun 23 11:45 feature_ablation_results.csv
-rw-r--r--  1 ahb24 mcs 361377 Jun 23 11:45 feature_ablation_results.png
Results archived to: results/feature_ablation_20250623_114515
Job completed at: Mon 23 Jun 11:45:15 BST 2025
Total runtime: 54 seconds
==========================================
JOB SUMMARY
==========================================
Job ID: 176690
Status: SUCCESS
Runtime: 54 seconds
Results: results/feature_ablation_20250623_114515
Main results: results/feature_ablation/
==========================================
