Starting order embeddings training job...
Job ID: 178830
Node: gpuvm10
Time: Tue  1 Jul 16:35:55 BST 2025
Loading CUDA...
Activating conda environment...
Activated conda environment: /vol/bitbucket/ahb24/tda_entailment_new
Python location: /vol/bitbucket/ahb24/tda_entailment_new/bin/python
Checking GPU availability...
Tue Jul  1 16:35:56 2025       
+-----------------------------------------------------------------------------------------+
| NVIDIA-SMI 550.120                Driver Version: 550.120        CUDA Version: 12.4     |
|-----------------------------------------+------------------------+----------------------+
| GPU  Name                 Persistence-M | Bus-Id          Disp.A | Volatile Uncorr. ECC |
| Fan  Temp   Perf          Pwr:Usage/Cap |           Memory-Usage | GPU-Util  Compute M. |
|                                         |                        |               MIG M. |
|=========================================+========================+======================|
|   0  NVIDIA A30                     Off |   00000000:01:00.0 Off |                    0 |
| N/A   37C    P0             31W /  165W |       1MiB /  24576MiB |      0%      Default |
|                                         |                        |             Disabled |
+-----------------------------------------+------------------------+----------------------+
                                                                                         
+-----------------------------------------------------------------------------------------+
| Processes:                                                                              |
|  GPU   GI   CI        PID   Type   Process name                              GPU Memory |
|        ID   ID                                                               Usage      |
|=========================================================================================|
|  No running processes found                                                             |
+-----------------------------------------------------------------------------------------+

Testing PyTorch and CUDA...
PyTorch version: 2.4.1
CUDA available: True
CUDA device: NVIDIA A30
GPU memory: 25.2 GB
PyTorch setup verified!

Checking for required input data...

Starting order embeddings training...
Training parameters:
  - Epochs: 50
  - Batch size: 32
  - Order dimension: 50
  - Random seed: 42

=== TESTING LARGE HYPERBOLIC EMBEDDING VARIATION ===
Premise embeddings 1: tensor([-0.0013,  0.0013, -0.0204], grad_fn=<SliceBackward0>)
Premise embeddings 2: tensor([-0.0380, -0.0064, -0.0010], grad_fn=<SliceBackward0>)
Hypothesis embeddings 1: tensor([0.0135, 0.0163, 0.0006], grad_fn=<SliceBackward0>)
Hypothesis embeddings 2: tensor([ 0.0419, -0.0199, -0.0027], grad_fn=<SliceBackward0>)

Embedding norms:
Premise 1 norm: 0.040766
Premise 2 norm: 0.074985
Hypothesis 1 norm: 0.039451
Hypothesis 2 norm: 0.072909

Embedding differences:
Premise difference: 0.097355
Hypothesis difference: 0.076940
DEBUG: Distance range: 0.097875 to 0.139105
DEBUG: Norm range: 0.069639 to 0.081578
DEBUG: Distance range: 0.097875 to 0.139105
DEBUG: Norm range: 0.078943 to 0.087851
DEBUG: Distance range: 0.267244 to 0.279190
DEBUG: Norm range: 0.136343 to 0.150253
DEBUG: Distance range: 0.267244 to 0.279190
DEBUG: Norm range: 0.146077 to 0.155283

Energy comparison:
Energy set 1: tensor([1.9867, 2.4457], grad_fn=<ClampBackward1>)
Energy set 2: tensor([3.8044, 3.7293], grad_fn=<ClampBackward1>)
Energy difference: 2.225274
✅ SUCCESS: Large embeddings and meaningful energy differences!

Training completed with exit code: 0
Time: Tue  1 Jul 16:36:03 BST 2025

Files created in models/:
total 10300
drwxr-xr-x  2 ahb24 mcs    4096 Jul  1 14:52 .
drwxr-xr-x 17 ahb24 mcs    4096 Jun 28 19:41 ..
-rw-r--r--  1 ahb24 mcs  368674 Jul  1 15:48 best_pure_hyperbolic_order_embedding_model.pt
-rw-r--r--  1 ahb24 mcs  956050 Jun 18 19:19 enhanced_order_embeddings_snli_10k_asymmetry.pt
-rw-r--r--  1 ahb24 mcs  880806 Jun 18 19:37 enhanced_order_embeddings_snli_10k_tests_2.pt
-rw-r--r--  1 ahb24 mcs  680226 Jun 20 09:46 enhanced_order_embeddings_snli_10k_tests_roberta.pt
-rw-r--r--  1 ahb24 mcs 1050848 Jun 30 18:09 enhanced_order_embeddings_snli_full.pt
-rw-r--r--  1 ahb24 mcs  765094 Jul  1 16:36 enhanced_order_embeddings_snli_SBERT_full_3way.pt
-rw-r--r--  1 ahb24 mcs 4038556 Jun 30 18:38 enhanced_order_embeddings_snli_SBERT_full_5e-4lr_1.5marge.pt
-rw-r--r--  1 ahb24 mcs 1443356 Jul  1 10:31 enhanced_order_embeddings_snli_SBERT_full.pt
-rw-r--r--  1 ahb24 mcs  333472 Jun 18 12:18 order_embeddings_snli_10k.pt

Files created in plots/:
total 10756
drwxr-xr-x  4 ahb24 mcs    4096 Jul  1 11:43 .
drwxr-xr-x 17 ahb24 mcs    4096 Jun 28 19:41 ..
drwxr-xr-x  2 ahb24 mcs     142 Jun 17 16:42 cone_visualizations
-rw-r--r--  1 ahb24 mcs 1419633 Jun 18 19:59 enhanced_hyperbolic_projection_analysis_snli_10k_asymmetry.png
-rw-r--r--  1 ahb24 mcs  690964 Jun 26 16:24 enhanced_order_embedding_snli_full.png
-rw-r--r--  1 ahb24 mcs  520842 Jun 30 21:07 enhanced_order_embedding_snli_SBERT_full_1e-4lr_1.0marge.png
-rw-r--r--  1 ahb24 mcs  573297 Jul  1 11:43 enhanced_order_embedding_snli_SBERT_full_3way.png
-rw-r--r--  1 ahb24 mcs  525984 Jun 30 19:17 enhanced_order_embedding_snli_SBERT_full_5e-4lr_1.5marge.png
-rw-r--r--  1 ahb24 mcs 1053203 Jun 19 10:54 enhanced_order_embedding_training_snli_10k_asymmetry.png
-rw-r--r--  1 ahb24 mcs  860949 Jun 20 09:47 enhanced_order_embedding_training_snli_10k_tests_roberta.png
-rw-r--r--  1 ahb24 mcs 1031417 Jun 18 19:38 enhanced_order_embedding_training_snli_10_tests_2.png
-rw-r--r--  1 ahb24 mcs  546301 Jun 17 16:42 hyperbolic_projection_analysis_large.png
-rw-r--r--  1 ahb24 mcs  546385 Jun 17 16:42 hyperbolic_projection_analysis_small.png
-rw-r--r--  1 ahb24 mcs 1026788 Jun 18 14:24 hyperbolic_projection_analysis_snli_10k.png
-rw-r--r--  1 ahb24 mcs  770151 Jun 17 16:42 hyperbolic_projection_analysis_SNLI_1k.png
-rw-r--r--  1 ahb24 mcs  218635 Jun 17 16:42 order_embedding_training_large.png
-rw-r--r--  1 ahb24 mcs  239648 Jun 17 16:42 order_embedding_training_small.png
-rw-r--r--  1 ahb24 mcs  296186 Jun 18 12:18 order_embedding_training_snli_10k.png
-rw-r--r--  1 ahb24 mcs  334974 Jun 18 19:04 order_embedding_training_snli_10k_tests.png
-rw-r--r--  1 ahb24 mcs  307996 Jun 17 16:42 order_embedding_training_SNLI_1k.png
drwxr-xr-x  2 ahb24 mcs    4096 Jun 24 17:18 real_data_cone_visualizations

=== TRAINING SUCCESSFUL ===
Order embeddings model has been trained and saved.
Check the output above for energy rankings validation.
Training plots should be available in plots/order_embedding_training.png

Job finished.
