Starting order embeddings training job...
Job ID: 177698
Node: gpuvm08
Time: Thu 26 Jun 15:24:00 BST 2025
Loading CUDA...
Activating conda environment...
Activated conda environment: /vol/bitbucket/ahb24/tda_entailment_new
Python location: /vol/bitbucket/ahb24/tda_entailment_new/bin/python
Checking GPU availability...
Thu Jun 26 15:24:02 2025       
+-----------------------------------------------------------------------------------------+
| NVIDIA-SMI 550.120                Driver Version: 550.120        CUDA Version: 12.4     |
|-----------------------------------------+------------------------+----------------------+
| GPU  Name                 Persistence-M | Bus-Id          Disp.A | Volatile Uncorr. ECC |
| Fan  Temp   Perf          Pwr:Usage/Cap |           Memory-Usage | GPU-Util  Compute M. |
|                                         |                        |               MIG M. |
|=========================================+========================+======================|
|   0  NVIDIA A30                     Off |   00000000:00:11.0 Off |                    0 |
| N/A   39C    P0             31W /  165W |       1MiB /  24576MiB |      0%      Default |
|                                         |                        |             Disabled |
+-----------------------------------------+------------------------+----------------------+
                                                                                         
+-----------------------------------------------------------------------------------------+
| Processes:                                                                              |
|  GPU   GI   CI        PID   Type   Process name                              GPU Memory |
|        ID   ID                                                               Usage      |
|=========================================================================================|
|  No running processes found                                                             |
+-----------------------------------------------------------------------------------------+

Testing PyTorch and CUDA...
PyTorch version: 2.4.1
CUDA available: True
CUDA device: NVIDIA A30
GPU memory: 25.2 GB
PyTorch setup verified!

Checking for required input data...
Required data file found: data/processed/snli_full_standard_BERT.pt

Starting order embeddings training...
Training parameters:
  - Epochs: 50
  - Batch size: 32
  - Order dimension: 50
  - Random seed: 42

Loading data from data/processed/snli_full_standard_BERT.pt
Training on 439493 samples, validating on 109874 samples
Training on cuda with asymmetry_weight=0.3
Epoch 5 / 80
Train Loss: 0.8798, Val Loss: 1.6769
  Energy Rankings:
    entailment: 0.0967 ± 0.1163
    neutral: 0.2832 ± 0.2205
    contradiction: 0.3318 ± 0.3066
Epoch 10 / 80
Train Loss: 0.8783, Val Loss: 1.6944
  Energy Rankings:
    entailment: 0.0813 ± 0.1039
    neutral: 0.2510 ± 0.2010
    contradiction: 0.2967 ± 0.3011
Epoch 15 / 80
Train Loss: 0.8769, Val Loss: 1.7548
  Energy Rankings:
    entailment: 0.0701 ± 0.0850
    neutral: 0.2011 ± 0.1556
    contradiction: 0.2520 ± 0.2458
Early stopping at epoch 15
Training completed
Final Energy Rankings:
    Entailment: 0.0701
    Neutral: 0.2011
    Contradiction: 0.2520
Binary separation (entailment vs others): False
Neutral vs Contradiction gap: 0.0509
⚠ Energy rankings may need adjustment

Asymmetry Analysis:
  entailment:
    Forward Energy: 0.0700
    Backward Energy: 0.3097
    Asymmetric Energy: 0.2008
    Asymmetry Measure: 0.2524
  neutral:
    Forward Energy: 0.2012
    Backward Energy: 0.2967
    Asymmetric Energy: 0.1325
    Asymmetry Measure: 0.1745
  contradiction:
    Forward Energy: 0.2521
    Backward Energy: 0.3257
    Asymmetric Energy: 0.1348
    Asymmetry Measure: 0.2041
Enhanced training plots saved to plots/
⚠ Warning: Energy rankings may need further tuning

Training completed with exit code: 0
Time: Thu 26 Jun 16:24:25 BST 2025

Files created in models/:
total 6360
drwxr-xr-x  2 ahb24 mcs    4096 Jun 26 15:28 .
drwxr-xr-x 17 ahb24 mcs    4096 Jun 25 16:52 ..
-rw-r--r--  1 ahb24 mcs  956050 Jun 18 19:19 enhanced_order_embeddings_snli_10k_asymmetry.pt
-rw-r--r--  1 ahb24 mcs  880806 Jun 18 19:37 enhanced_order_embeddings_snli_10k_tests_2.pt
-rw-r--r--  1 ahb24 mcs  680226 Jun 20 09:46 enhanced_order_embeddings_snli_10k_tests_roberta.pt
-rw-r--r--  1 ahb24 mcs 3640416 Jun 26 15:44 enhanced_order_embeddings_snli_full.pt
-rw-r--r--  1 ahb24 mcs  333472 Jun 18 12:18 order_embeddings_snli_10k.pt

Files created in plots/:
total 9168
drwxr-xr-x  4 ahb24 mcs    4096 Jun 26 16:24 .
drwxr-xr-x 17 ahb24 mcs    4096 Jun 25 16:52 ..
drwxr-xr-x  2 ahb24 mcs     142 Jun 17 16:42 cone_visualizations
-rw-r--r--  1 ahb24 mcs 1419633 Jun 18 19:59 enhanced_hyperbolic_projection_analysis_snli_10k_asymmetry.png
-rw-r--r--  1 ahb24 mcs  690964 Jun 26 16:24 enhanced_order_embedding_snli_full.png
-rw-r--r--  1 ahb24 mcs 1053203 Jun 19 10:54 enhanced_order_embedding_training_snli_10k_asymmetry.png
-rw-r--r--  1 ahb24 mcs  860949 Jun 20 09:47 enhanced_order_embedding_training_snli_10k_tests_roberta.png
-rw-r--r--  1 ahb24 mcs 1031417 Jun 18 19:38 enhanced_order_embedding_training_snli_10_tests_2.png
-rw-r--r--  1 ahb24 mcs  546301 Jun 17 16:42 hyperbolic_projection_analysis_large.png
-rw-r--r--  1 ahb24 mcs  546385 Jun 17 16:42 hyperbolic_projection_analysis_small.png
-rw-r--r--  1 ahb24 mcs 1026788 Jun 18 14:24 hyperbolic_projection_analysis_snli_10k.png
-rw-r--r--  1 ahb24 mcs  770151 Jun 17 16:42 hyperbolic_projection_analysis_SNLI_1k.png
-rw-r--r--  1 ahb24 mcs  218635 Jun 17 16:42 order_embedding_training_large.png
-rw-r--r--  1 ahb24 mcs  239648 Jun 17 16:42 order_embedding_training_small.png
-rw-r--r--  1 ahb24 mcs  296186 Jun 18 12:18 order_embedding_training_snli_10k.png
-rw-r--r--  1 ahb24 mcs  334974 Jun 18 19:04 order_embedding_training_snli_10k_tests.png
-rw-r--r--  1 ahb24 mcs  307996 Jun 17 16:42 order_embedding_training_SNLI_1k.png
drwxr-xr-x  2 ahb24 mcs    4096 Jun 24 17:18 real_data_cone_visualizations

=== TRAINING SUCCESSFUL ===
Order embeddings model has been trained and saved.
Check the output above for energy rankings validation.
Training plots should be available in plots/order_embedding_training.png

Job finished.
