Starting text processing test job...
Job ID: 177679
Node: gpuvm08
Time: Thu 26 Jun 14:29:02 BST 2025
Loading CUDA...
Activating conda environment...
Activated conda environment: /vol/bitbucket/ahb24/tda_entailment_new
Python location: /vol/bitbucket/ahb24/tda_entailment_new/bin/python
Conda info:

# conda environments:
#
base                   /homes/ahb24/miniconda3
                     * /vol/bitbucket/ahb24/tda_entailment_new

Checking GPU availability...
Thu Jun 26 14:29:05 2025       
+-----------------------------------------------------------------------------------------+
| NVIDIA-SMI 550.120                Driver Version: 550.120        CUDA Version: 12.4     |
|-----------------------------------------+------------------------+----------------------+
| GPU  Name                 Persistence-M | Bus-Id          Disp.A | Volatile Uncorr. ECC |
| Fan  Temp   Perf          Pwr:Usage/Cap |           Memory-Usage | GPU-Util  Compute M. |
|                                         |                        |               MIG M. |
|=========================================+========================+======================|
|   0  NVIDIA A30                     Off |   00000000:00:11.0 Off |                    0 |
| N/A   37C    P0             31W /  165W |       1MiB /  24576MiB |      0%      Default |
|                                         |                        |             Disabled |
+-----------------------------------------+------------------------+----------------------+
                                                                                         
+-----------------------------------------------------------------------------------------+
| Processes:                                                                              |
|  GPU   GI   CI        PID   Type   Process name                              GPU Memory |
|        ID   ID                                                               Usage      |
|=========================================================================================|
|  No running processes found                                                             |
+-----------------------------------------------------------------------------------------+

Running text_processing.py...
Loading bert-base-uncased on cuda...
Text processing pipeline ready
Single pair test - Premise shape: torch.Size([768]), Hypothesis shape: torch.Size([768])
Processing dataset: data/raw/snli/train/snli_full_train.json...
Dataset contains 549367 premise-hypothesis pairs
Generating premise embeddings...
Generating hypothesis embeddings...
Dataset processing complete
Premise embeddings shape: torch.Size([549367, 768])
Hypothesis embeddings shape: torch.Size([549367, 768])
Embedding dimension: 768
Premise embedding range: [-9.805, 4.630]
Hypothesis embedding range: [-10.101, 4.797]
Saved processed data to data/processed/snli_full_standard_BERT.pt
Text processing pipeline test completed successfully

Text processing completed!
Time: Thu 26 Jun 14:43:33 BST 2025
Files created in data/processed:
total 3496024
drwxr-xr-x 2 ahb24 mcs        134 Jun 26 14:43 .
drwxr-xr-x 5 ahb24 mcs        159 Jun 25 17:02 ..
-rw-r--r-- 1 ahb24 mcs   62817406 Jun 18 12:12 snli_10k_subset_balanced.pt
-rw-r--r-- 1 ahb24 mcs   62817454 Jun 20 09:43 snli_10k_subset_balanced_roberta.pt
-rw-r--r-- 1 ahb24 mcs 3454287032 Jun 26 14:43 snli_full_standard_BERT.pt
Job finished.
