Starting order embeddings training job...
Job ID: 178565
Node: gpuvm12
Time: Mon 30 Jun 19:45:09 BST 2025
Loading CUDA...
Activating conda environment...
Activated conda environment: /vol/bitbucket/ahb24/tda_entailment_new
Python location: /vol/bitbucket/ahb24/tda_entailment_new/bin/python
Checking GPU availability...
Mon Jun 30 19:45:11 2025       
+-----------------------------------------------------------------------------------------+
| NVIDIA-SMI 550.120                Driver Version: 550.120        CUDA Version: 12.4     |
|-----------------------------------------+------------------------+----------------------+
| GPU  Name                 Persistence-M | Bus-Id          Disp.A | Volatile Uncorr. ECC |
| Fan  Temp   Perf          Pwr:Usage/Cap |           Memory-Usage | GPU-Util  Compute M. |
|                                         |                        |               MIG M. |
|=========================================+========================+======================|
|   0  NVIDIA A30                     Off |   00000000:02:00.0 Off |                    0 |
| N/A   33C    P0             30W /  165W |       1MiB /  24576MiB |      0%      Default |
|                                         |                        |             Disabled |
+-----------------------------------------+------------------------+----------------------+
                                                                                         
+-----------------------------------------------------------------------------------------+
| Processes:                                                                              |
|  GPU   GI   CI        PID   Type   Process name                              GPU Memory |
|        ID   ID                                                               Usage      |
|=========================================================================================|
|  No running processes found                                                             |
+-----------------------------------------------------------------------------------------+

Testing PyTorch and CUDA...
PyTorch version: 2.4.1
CUDA available: True
CUDA device: NVIDIA A30
GPU memory: 25.2 GB
PyTorch setup verified!

Checking for required input data...
Required data file found: data/processed/snli_full_standard_BERT.pt

Starting order embeddings training...
Training parameters:
  - Epochs: 50
  - Batch size: 32
  - Order dimension: 50
  - Random seed: 42

Loading data from data/processed/snli_full_standard_SBERT.pt
Training on 439493 samples, validating on 109874 samples
Training on cuda with asymmetry_weight=1.7
Epoch 5 / 100
Train Loss: 1.2320, Val Loss: 1.9609
  Energy Rankings:
    entailment: 0.1704 ± 0.1484
    neutral: 0.5155 ± 0.3011
    contradiction: 1.1577 ± 0.5868
Epoch 10 / 100
Train Loss: 1.2042, Val Loss: 1.9497
  Energy Rankings:
    entailment: 0.1575 ± 0.1530
    neutral: 0.5220 ± 0.3172
    contradiction: 1.1786 ± 0.6168
Epoch 15 / 100
Train Loss: 1.1914, Val Loss: 1.9637
  Energy Rankings:
    entailment: 0.1616 ± 0.1559
    neutral: 0.5292 ± 0.3202
    contradiction: 1.1810 ± 0.6113
Epoch 20 / 100
Train Loss: 1.1871, Val Loss: 1.9779
  Energy Rankings:
    entailment: 0.1578 ± 0.1544
    neutral: 0.5208 ± 0.3169
    contradiction: 1.1758 ± 0.6169
Early stopping at epoch 20
Training completed
Final Energy Rankings:
    Entailment: 0.1578
    Neutral: 0.5208
    Contradiction: 1.1758
Binary separation (entailment vs others): False
Neutral vs Contradiction gap: 0.6550
⚠ Energy rankings may need adjustment

Asymmetry Analysis:
  entailment:
    Forward Energy: 0.1576
    Backward Energy: 0.6214
    Asymmetric Energy: 0.2408
    Asymmetry Measure: 0.4851
  neutral:
    Forward Energy: 0.5208
    Backward Energy: 0.5231
    Asymmetric Energy: 0.1045
    Asymmetry Measure: 0.2398
  contradiction:
    Forward Energy: 1.1760
    Backward Energy: 0.9382
    Asymmetric Energy: 0.1179
    Asymmetry Measure: 0.4280
Enhanced training plots saved to plots/
⚠ Warning: Energy rankings may need further tuning

Training completed with exit code: 0
Time: Mon 30 Jun 21:07:12 BST 2025

Files created in models/:
total 14944
drwxr-xr-x  2 ahb24 mcs    4096 Jun 30 19:50 .
drwxr-xr-x 17 ahb24 mcs    4096 Jun 28 19:41 ..
-rw-r--r--  1 ahb24 mcs  956050 Jun 18 19:19 enhanced_order_embeddings_snli_10k_asymmetry.pt
-rw-r--r--  1 ahb24 mcs  880806 Jun 18 19:37 enhanced_order_embeddings_snli_10k_tests_2.pt
-rw-r--r--  1 ahb24 mcs  680226 Jun 20 09:46 enhanced_order_embeddings_snli_10k_tests_roberta.pt
-rw-r--r--  1 ahb24 mcs 1050848 Jun 30 18:09 enhanced_order_embeddings_snli_full.pt
-rw-r--r--  1 ahb24 mcs 4038556 Jun 30 18:38 enhanced_order_embeddings_snli_SBERT_full_5e-4lr_1.5marge.pt
-rw-r--r--  1 ahb24 mcs 7337500 Jun 30 20:27 enhanced_order_embeddings_snli_SBERT_full.pt
-rw-r--r--  1 ahb24 mcs  333472 Jun 18 12:18 order_embeddings_snli_10k.pt

Files created in plots/:
total 10196
drwxr-xr-x  4 ahb24 mcs    4096 Jun 30 21:07 .
drwxr-xr-x 17 ahb24 mcs    4096 Jun 28 19:41 ..
drwxr-xr-x  2 ahb24 mcs     142 Jun 17 16:42 cone_visualizations
-rw-r--r--  1 ahb24 mcs 1419633 Jun 18 19:59 enhanced_hyperbolic_projection_analysis_snli_10k_asymmetry.png
-rw-r--r--  1 ahb24 mcs  690964 Jun 26 16:24 enhanced_order_embedding_snli_full.png
-rw-r--r--  1 ahb24 mcs  525984 Jun 30 19:17 enhanced_order_embedding_snli_SBERT_full_5e-4lr_1.5marge.png
-rw-r--r--  1 ahb24 mcs  520842 Jun 30 21:07 enhanced_order_embedding_snli_SBERT_full.png
-rw-r--r--  1 ahb24 mcs 1053203 Jun 19 10:54 enhanced_order_embedding_training_snli_10k_asymmetry.png
-rw-r--r--  1 ahb24 mcs  860949 Jun 20 09:47 enhanced_order_embedding_training_snli_10k_tests_roberta.png
-rw-r--r--  1 ahb24 mcs 1031417 Jun 18 19:38 enhanced_order_embedding_training_snli_10_tests_2.png
-rw-r--r--  1 ahb24 mcs  546301 Jun 17 16:42 hyperbolic_projection_analysis_large.png
-rw-r--r--  1 ahb24 mcs  546385 Jun 17 16:42 hyperbolic_projection_analysis_small.png
-rw-r--r--  1 ahb24 mcs 1026788 Jun 18 14:24 hyperbolic_projection_analysis_snli_10k.png
-rw-r--r--  1 ahb24 mcs  770151 Jun 17 16:42 hyperbolic_projection_analysis_SNLI_1k.png
-rw-r--r--  1 ahb24 mcs  218635 Jun 17 16:42 order_embedding_training_large.png
-rw-r--r--  1 ahb24 mcs  239648 Jun 17 16:42 order_embedding_training_small.png
-rw-r--r--  1 ahb24 mcs  296186 Jun 18 12:18 order_embedding_training_snli_10k.png
-rw-r--r--  1 ahb24 mcs  334974 Jun 18 19:04 order_embedding_training_snli_10k_tests.png
-rw-r--r--  1 ahb24 mcs  307996 Jun 17 16:42 order_embedding_training_SNLI_1k.png
drwxr-xr-x  2 ahb24 mcs    4096 Jun 24 17:18 real_data_cone_visualizations

=== TRAINING SUCCESSFUL ===
Order embeddings model has been trained and saved.
Check the output above for energy rankings validation.
Training plots should be available in plots/order_embedding_training.png

Job finished.
