Starting order embeddings training job...
Job ID: 178697
Node: gpuvm02
Time: Tue  1 Jul 10:44:14 BST 2025
Loading CUDA...
Activating conda environment...
Activated conda environment: /vol/bitbucket/ahb24/tda_entailment_new
Python location: /vol/bitbucket/ahb24/tda_entailment_new/bin/python
Checking GPU availability...
Tue Jul  1 10:44:16 2025       
+-----------------------------------------------------------------------------------------+
| NVIDIA-SMI 550.120                Driver Version: 550.120        CUDA Version: 12.4     |
|-----------------------------------------+------------------------+----------------------+
| GPU  Name                 Persistence-M | Bus-Id          Disp.A | Volatile Uncorr. ECC |
| Fan  Temp   Perf          Pwr:Usage/Cap |           Memory-Usage | GPU-Util  Compute M. |
|                                         |                        |               MIG M. |
|=========================================+========================+======================|
|   0  NVIDIA A30                     Off |   00000000:02:00.0 Off |                    0 |
| N/A   35C    P0             30W /  165W |       1MiB /  24576MiB |      0%      Default |
|                                         |                        |             Disabled |
+-----------------------------------------+------------------------+----------------------+
                                                                                         
+-----------------------------------------------------------------------------------------+
| Processes:                                                                              |
|  GPU   GI   CI        PID   Type   Process name                              GPU Memory |
|        ID   ID                                                               Usage      |
|=========================================================================================|
|  No running processes found                                                             |
+-----------------------------------------------------------------------------------------+

Testing PyTorch and CUDA...
PyTorch version: 2.4.1
CUDA available: True
CUDA device: NVIDIA A30
GPU memory: 25.2 GB
PyTorch setup verified!

Checking for required input data...
Required data file found: data/processed/snli_full_standard_BERT.pt

Starting order embeddings training...
Training parameters:
  - Epochs: 50
  - Batch size: 32
  - Order dimension: 50
  - Random seed: 42

Loading data from data/processed/snli_full_standard_SBERT.pt
Training on 439493 samples, validating on 109874 samples
Training on cuda with asymmetry_weight=1.9
Epoch 5 / 100
Train Loss: 2.2138, Val Loss: 2.9420
  Energy Rankings:
    entailment: 0.2242 ± 0.2159
    neutral: 0.6200 ± 0.4331
    contradiction: 1.6213 ± 1.0174
Epoch 10 / 100
Train Loss: 2.2102, Val Loss: 2.9960
  Energy Rankings:
    entailment: 0.2441 ± 0.2154
    neutral: 0.5946 ± 0.4106
    contradiction: 1.6468 ± 1.0529
Early stopping at epoch 12
Training completed
Final Energy Rankings:
    Entailment: 0.2354
    Neutral: 0.6026
    Contradiction: 1.5699
Binary separation (entailment vs others): False
Neutral vs Contradiction gap: 0.9673
⚠ Energy rankings may need adjustment

Asymmetry Analysis:
  entailment:
    Forward Energy: 0.2353
    Backward Energy: 0.6068
    Asymmetric Energy: 0.2019
    Asymmetry Measure: 0.4137
  neutral:
    Forward Energy: 0.6022
    Backward Energy: 0.5843
    Asymmetric Energy: 0.1203
    Asymmetry Measure: 0.2530
  contradiction:
    Forward Energy: 1.5706
    Backward Energy: 1.1366
    Asymmetric Energy: 0.1625
    Asymmetry Measure: 0.6245
Enhanced training plots saved to plots/
⚠ Warning: Energy rankings may need further tuning

Training completed with exit code: 0
Time: Tue  1 Jul 11:43:36 BST 2025

Files created in models/:
total 10756
drwxr-xr-x  2 ahb24 mcs    4096 Jul  1 10:49 .
drwxr-xr-x 17 ahb24 mcs    4096 Jun 28 19:41 ..
-rw-r--r--  1 ahb24 mcs  956050 Jun 18 19:19 enhanced_order_embeddings_snli_10k_asymmetry.pt
-rw-r--r--  1 ahb24 mcs  880806 Jun 18 19:37 enhanced_order_embeddings_snli_10k_tests_2.pt
-rw-r--r--  1 ahb24 mcs  680226 Jun 20 09:46 enhanced_order_embeddings_snli_10k_tests_roberta.pt
-rw-r--r--  1 ahb24 mcs 1050848 Jun 30 18:09 enhanced_order_embeddings_snli_full.pt
-rw-r--r--  1 ahb24 mcs 1605518 Jul  1 10:54 enhanced_order_embeddings_snli_SBERT_full_3way.pt
-rw-r--r--  1 ahb24 mcs 4038556 Jun 30 18:38 enhanced_order_embeddings_snli_SBERT_full_5e-4lr_1.5marge.pt
-rw-r--r--  1 ahb24 mcs 1443356 Jul  1 10:31 enhanced_order_embeddings_snli_SBERT_full.pt
-rw-r--r--  1 ahb24 mcs  333472 Jun 18 12:18 order_embeddings_snli_10k.pt

Files created in plots/:
total 10756
drwxr-xr-x  4 ahb24 mcs    4096 Jul  1 11:43 .
drwxr-xr-x 17 ahb24 mcs    4096 Jun 28 19:41 ..
drwxr-xr-x  2 ahb24 mcs     142 Jun 17 16:42 cone_visualizations
-rw-r--r--  1 ahb24 mcs 1419633 Jun 18 19:59 enhanced_hyperbolic_projection_analysis_snli_10k_asymmetry.png
-rw-r--r--  1 ahb24 mcs  690964 Jun 26 16:24 enhanced_order_embedding_snli_full.png
-rw-r--r--  1 ahb24 mcs  520842 Jun 30 21:07 enhanced_order_embedding_snli_SBERT_full_1e-4lr_1.0marge.png
-rw-r--r--  1 ahb24 mcs  573297 Jul  1 11:43 enhanced_order_embedding_snli_SBERT_full_3way.png
-rw-r--r--  1 ahb24 mcs  525984 Jun 30 19:17 enhanced_order_embedding_snli_SBERT_full_5e-4lr_1.5marge.png
-rw-r--r--  1 ahb24 mcs 1053203 Jun 19 10:54 enhanced_order_embedding_training_snli_10k_asymmetry.png
-rw-r--r--  1 ahb24 mcs  860949 Jun 20 09:47 enhanced_order_embedding_training_snli_10k_tests_roberta.png
-rw-r--r--  1 ahb24 mcs 1031417 Jun 18 19:38 enhanced_order_embedding_training_snli_10_tests_2.png
-rw-r--r--  1 ahb24 mcs  546301 Jun 17 16:42 hyperbolic_projection_analysis_large.png
-rw-r--r--  1 ahb24 mcs  546385 Jun 17 16:42 hyperbolic_projection_analysis_small.png
-rw-r--r--  1 ahb24 mcs 1026788 Jun 18 14:24 hyperbolic_projection_analysis_snli_10k.png
-rw-r--r--  1 ahb24 mcs  770151 Jun 17 16:42 hyperbolic_projection_analysis_SNLI_1k.png
-rw-r--r--  1 ahb24 mcs  218635 Jun 17 16:42 order_embedding_training_large.png
-rw-r--r--  1 ahb24 mcs  239648 Jun 17 16:42 order_embedding_training_small.png
-rw-r--r--  1 ahb24 mcs  296186 Jun 18 12:18 order_embedding_training_snli_10k.png
-rw-r--r--  1 ahb24 mcs  334974 Jun 18 19:04 order_embedding_training_snli_10k_tests.png
-rw-r--r--  1 ahb24 mcs  307996 Jun 17 16:42 order_embedding_training_SNLI_1k.png
drwxr-xr-x  2 ahb24 mcs    4096 Jun 24 17:18 real_data_cone_visualizations

=== TRAINING SUCCESSFUL ===
Order embeddings model has been trained and saved.
Check the output above for energy rankings validation.
Training plots should be available in plots/order_embedding_training.png

Job finished.
