Starting text processing test job...
Job ID: 175726
Node: gpuvm09
Time: Wed 18 Jun 12:11:31 BST 2025
Loading CUDA...
Activating conda environment...
Activated conda environment: /vol/bitbucket/ahb24/tda_entailment_new
Python location: /vol/bitbucket/ahb24/tda_entailment_new/bin/python
Conda info:

# conda environments:
#
base                   /homes/ahb24/miniconda3
                     * /vol/bitbucket/ahb24/tda_entailment_new

Checking GPU availability...
Wed Jun 18 12:11:34 2025       
+-----------------------------------------------------------------------------------------+
| NVIDIA-SMI 550.120                Driver Version: 550.120        CUDA Version: 12.4     |
|-----------------------------------------+------------------------+----------------------+
| GPU  Name                 Persistence-M | Bus-Id          Disp.A | Volatile Uncorr. ECC |
| Fan  Temp   Perf          Pwr:Usage/Cap |           Memory-Usage | GPU-Util  Compute M. |
|                                         |                        |               MIG M. |
|=========================================+========================+======================|
|   0  NVIDIA A30                     Off |   00000000:02:00.0 Off |                    0 |
| N/A   31C    P0             27W /  165W |       1MiB /  24576MiB |      0%      Default |
|                                         |                        |             Disabled |
+-----------------------------------------+------------------------+----------------------+
                                                                                         
+-----------------------------------------------------------------------------------------+
| Processes:                                                                              |
|  GPU   GI   CI        PID   Type   Process name                              GPU Memory |
|        ID   ID                                                               Usage      |
|=========================================================================================|
|  No running processes found                                                             |
+-----------------------------------------------------------------------------------------+

Testing Python packages...
PyTorch version: 2.4.1
CUDA available: True
CUDA device: NVIDIA A30
CUDA memory: 25.2 GB
Transformers version: 4.52.4
All packages loaded successfully!
Python package test succeeded!

Running text_processing.py...
Loading bert-base-uncased on cuda...
Text processing pipeline ready
Single pair test - Premise shape: torch.Size([768]), Hypothesis shape: torch.Size([768])
Processing dataset: data/raw/snli/train/snli_10k_subset_balanced.json...
Dataset contains 9990 premise-hypothesis pairs
Generating premise embeddings...
Generating hypothesis embeddings...
Dataset processing complete
Premise embeddings shape: torch.Size([9990, 768])
Hypothesis embeddings shape: torch.Size([9990, 768])
Embedding dimension: 768
Premise embedding range: [-9.515, 4.493]
Hypothesis embedding range: [-9.872, 4.658]
Saved processed data to data/processed/snli_10k_subset_balanced.pt
Text processing pipeline test completed successfully

Text processing completed!
Time: Wed 18 Jun 12:12:24 BST 2025
Files created in data/processed:
total 61348
drwxr-xr-x 2 ahb24 mcs       49 Jun 18 12:12 .
drwxr-xr-x 5 ahb24 mcs      127 Jun 18 12:07 ..
-rw-r--r-- 1 ahb24 mcs 62817406 Jun 18 12:12 snli_10k_subset_balanced.pt
Job finished.
