Starting real data cone visualizations job...
Job ID: 175779
Node: gpuvm01
Time: Wed 18 Jun 14:30:14 BST 2025
Loading CUDA...
Activating conda environment...
Activated conda environment: /vol/bitbucket/ahb24/tda_entailment_new
Python location: /vol/bitbucket/ahb24/tda_entailment_new/bin/python
Checking GPU availability...
Wed Jun 18 14:30:15 2025       
+-----------------------------------------------------------------------------------------+
| NVIDIA-SMI 550.120                Driver Version: 550.120        CUDA Version: 12.4     |
|-----------------------------------------+------------------------+----------------------+
| GPU  Name                 Persistence-M | Bus-Id          Disp.A | Volatile Uncorr. ECC |
| Fan  Temp   Perf          Pwr:Usage/Cap |           Memory-Usage | GPU-Util  Compute M. |
|                                         |                        |               MIG M. |
|=========================================+========================+======================|
|   0  NVIDIA A30                     Off |   00000000:01:00.0 Off |                    0 |
| N/A   29C    P0             28W /  165W |       1MiB /  24576MiB |      0%      Default |
|                                         |                        |             Disabled |
+-----------------------------------------+------------------------+----------------------+
                                                                                         
+-----------------------------------------------------------------------------------------+
| Processes:                                                                              |
|  GPU   GI   CI        PID   Type   Process name                              GPU Memory |
|        ID   ID                                                               Usage      |
|=========================================================================================|
|  No running processes found                                                             |
+-----------------------------------------------------------------------------------------+

Testing required packages...
PyTorch version: 2.4.1
CUDA available: True
CUDA device: NVIDIA A30
GPU memory: 25.2 GB
Geoopt version: 0.5.0
All required packages loaded successfully!

Checking for required input files...
All required files found!

Starting real data cone visualizations...
Visualization parameters:
  - Input: SNLI 10k subset
  - Representative examples: 5 per label
  - PCA projection: 2D visualization
  - Energy distribution analysis
  - Cone violation energy computation


Creating Improved Real Data Cone Visualizations
============================================================
Hyperbolic Entailment Cones using device: cuda
Loaded order model (val_loss: 0.6916)
Pipeline initialized: 50D → 30D hyperbolic
Running on: cuda
Successfuly loaded hyperbolic projection of order embeddings
Selecting representative examples...
Entailment energy range: 0.000 - 2.491
Neutral energy range: 0.000 - 2.601
Contradiction energy range: 0.000 - 2.631
Creating PCA projection visualization...
PCA explained variance ratio: [0.54186165 0.1914655 ]
Saved PCA projection visualization to plots/real_data_cone_visualizations/pca_projection_comparison_snli_10k.png
Creating energy distribution analysis...
Saved energy distribution plot to plots/real_data_cone_visualizations/energy_distribution_analysis_snli_10k.png
Improved real data visualizations completed!

Cone visualizations completed with exit code: 0
Time: Wed 18 Jun 14:32:30 BST 2025

Generated visualizations:
total 2268
drwxr-xr-x 2 ahb24 mcs   4096 Jun 18 14:32 .
drwxr-xr-x 4 ahb24 mcs   4096 Jun 18 14:19 ..
-rw-r--r-- 1 ahb24 mcs 242752 Jun 18 14:32 energy_distribution_analysis_snli_10k.png
-rw-r--r-- 1 ahb24 mcs 262690 Jun 17 16:42 energy_distribution_analysis_SNLI_1k.png
-rw-r--r-- 1 ahb24 mcs 236213 Jun 17 16:42 energy_distribution_analysis_toy_large.png
-rw-r--r-- 1 ahb24 mcs 229177 Jun 17 16:42 energy_distribution_analysis_toy_small.png
-rw-r--r-- 1 ahb24 mcs 375009 Jun 18 14:31 pca_projection_comparison_snli_10k.png
-rw-r--r-- 1 ahb24 mcs 313599 Jun 17 16:42 pca_projection_comparison_SNLI_1k.png
-rw-r--r-- 1 ahb24 mcs 314139 Jun 17 16:42 pca_projection_comparison_toy_large.png
-rw-r--r-- 1 ahb24 mcs 327583 Jun 17 16:42 pca_projection_comparison_toy_small.png

Directory structure:
Plots:
total 3892
drwxr-xr-x  4 ahb24 mcs    4096 Jun 18 14:19 .
drwxr-xr-x 14 ahb24 mcs    4096 Jun 18 14:08 ..
drwxr-xr-x  2 ahb24 mcs     142 Jun 17 16:42 cone_visualizations
-rw-r--r--  1 ahb24 mcs  546301 Jun 17 16:42 hyperbolic_projection_analysis_large.png
-rw-r--r--  1 ahb24 mcs  546385 Jun 17 16:42 hyperbolic_projection_analysis_small.png
-rw-r--r--  1 ahb24 mcs 1026788 Jun 18 14:24 hyperbolic_projection_analysis_snli_10k.png
-rw-r--r--  1 ahb24 mcs  770151 Jun 17 16:42 hyperbolic_projection_analysis_SNLI_1k.png
-rw-r--r--  1 ahb24 mcs  218635 Jun 17 16:42 order_embedding_training_large.png
-rw-r--r--  1 ahb24 mcs  239648 Jun 17 16:42 order_embedding_training_small.png
-rw-r--r--  1 ahb24 mcs  296186 Jun 18 12:18 order_embedding_training_snli_10k.png
-rw-r--r--  1 ahb24 mcs  307996 Jun 17 16:42 order_embedding_training_SNLI_1k.png
drwxr-xr-x  2 ahb24 mcs    4096 Jun 18 14:32 real_data_cone_visualizations

=== CONE VISUALIZATIONS SUCCESSFUL ===
Real data cone visualizations have been generated successfully.

Generated outputs:
  ✓ PCA projection comparison plots
  ✓ Energy distribution analysis
  ✓ Representative example selections
  ✓ Statistical validation of cone properties

Key analyses performed:
  - Cone violation energy ranking validation
  - PCA-based 2D projections preserving cone structure
  - Distribution analysis across entailment types
  - Representative example identification

Expected results:
  - Entailment: Low cone violation energies (green)
  - Neutral: Medium cone violation energies (blue)
  - Contradiction: High cone violation energies (red)

Next steps:
  1. Review generated plots for cone structure validation
  2. Proceed to TDA persistent homology analysis
  3. Apply topological feature extraction

Job finished.
