Starting hyperbolic projection job...
Job ID: 175892
Node: gpuvm01
Time: Wed 18 Jun 19:59:24 BST 2025
Loading CUDA...
Activating conda environment...
Activated conda environment: /vol/bitbucket/ahb24/tda_entailment_new
Python location: /vol/bitbucket/ahb24/tda_entailment_new/bin/python
Checking GPU availability...
Wed Jun 18 19:59:25 2025       
+-----------------------------------------------------------------------------------------+
| NVIDIA-SMI 550.120                Driver Version: 550.120        CUDA Version: 12.4     |
|-----------------------------------------+------------------------+----------------------+
| GPU  Name                 Persistence-M | Bus-Id          Disp.A | Volatile Uncorr. ECC |
| Fan  Temp   Perf          Pwr:Usage/Cap |           Memory-Usage | GPU-Util  Compute M. |
|                                         |                        |               MIG M. |
|=========================================+========================+======================|
|   0  NVIDIA A30                     Off |   00000000:01:00.0 Off |                    0 |
| N/A   29C    P0             27W /  165W |       1MiB /  24576MiB |      0%      Default |
|                                         |                        |             Disabled |
+-----------------------------------------+------------------------+----------------------+
                                                                                         
+-----------------------------------------------------------------------------------------+
| Processes:                                                                              |
|  GPU   GI   CI        PID   Type   Process name                              GPU Memory |
|        ID   ID                                                               Usage      |
|=========================================================================================|
|  No running processes found                                                             |
+-----------------------------------------------------------------------------------------+

Testing required packages...
PyTorch version: 2.4.1
Geoopt version: 0.5.0
CUDA available: True
CUDA device: NVIDIA A30
GPU memory: 25.2 GB
All packages loaded successfully!

Checking for required input files...
All required files found!

Starting hyperbolic projection analysis...
Analysis parameters:
  - Input: SNLI 10k subset
  - Order model: Pre-trained order embeddings
  - Hyperbolic dimension: 30D
  - Target space: Poincaré ball

Found model at: models/enhanced_order_embeddings_snli_10k_asymmetry.pt
Loaded enhanced order model (val_loss: 0.9982)
Model asymmetry_weight: 0.2
Pipeline initialized: 50D → 30D hyperbolic
Running on: cuda
Enhanced model with asymmetry_weight: 0.2
Testing enhanced pipeline on batch: 9990 examples

DEBUG: First 5 examples with asymmetric features:
Example 0 (neutral):
  Premise norm: 0.1170
  Hypothesis norm: 0.0808
  Order energy: 0.0988
  Forward energy: 0.0988
  Backward energy: 0.3684
  Asymmetric energy: 0.1970
  Asymmetry measure: 0.2696

Example 1 (neutral):
  Premise norm: 0.1083
  Hypothesis norm: 0.1806
  Order energy: 0.7657
  Forward energy: 0.7657
  Backward energy: 0.2079
  Asymmetric energy: 0.2133
  Asymmetry measure: 0.5578

Example 2 (entailment):
  Premise norm: 0.1435
  Hypothesis norm: 0.1805
  Order energy: 0.4765
  Forward energy: 0.4765
  Backward energy: 0.1439
  Asymmetric energy: 0.0640
  Asymmetry measure: 0.3326

Example 3 (entailment):
  Premise norm: 0.1113
  Hypothesis norm: 0.1013
  Order energy: 0.2106
  Forward energy: 0.2106
  Backward energy: 0.3045
  Asymmetric energy: 0.1009
  Asymmetry measure: 0.0940

Example 4 (contradiction):
  Premise norm: 0.1219
  Hypothesis norm: 0.2092
  Order energy: 0.7393
  Forward energy: 0.7393
  Backward energy: 0.2742
  Asymmetric energy: 0.0916
  Asymmetry measure: 0.4651

Enhanced Hyperbolic Projection Results:
--------------------------------------------------------------------------------

NEUTRAL:
  Hyperbolic Distance:  0.1220 ± 0.0378
  Order Energy:         0.4431 ± 0.3013
  Forward Energy:       0.4431 ± 0.3013
  Backward Energy:      0.3474 ± 0.2383
  Asymmetric Energy:    0.1220 ± 0.0852
  Asymmetry Measure:    0.2851 ± 0.2492
  Premise Norm:         0.1291 ± 0.0338
  Hypothesis Norm:      0.1399 ± 0.0398

ENTAILMENT:
  Hyperbolic Distance:  0.0957 ± 0.0330
  Order Energy:         0.1092 ± 0.1396
  Forward Energy:       0.1092 ± 0.1396
  Backward Energy:      0.4011 ± 0.2861
  Asymmetric Energy:    0.1783 ± 0.1179
  Asymmetry Measure:    0.3298 ± 0.2852
  Premise Norm:         0.1300 ± 0.0346
  Hypothesis Norm:      0.0873 ± 0.0383

CONTRADICTION:
  Hyperbolic Distance:  0.1337 ± 0.0478
  Order Energy:         0.5915 ± 0.5406
  Forward Energy:       0.5915 ± 0.5406
  Backward Energy:      0.3822 ± 0.2818
  Asymmetric Energy:    0.1493 ± 0.1110
  Asymmetry Measure:    0.4365 ± 0.4695
  Premise Norm:         0.1290 ± 0.0346
  Hypothesis Norm:      0.1434 ± 0.0457

Validation Checks:
✓ All points inside unit ball (max norm: 0.3058)
✓ Order energy hierarchy maintained in hyperbolic space

Asymmetry Pattern Analysis:
  entailment: Forward=0.1092, Backward=0.4011, Asymmetry=0.3298
  neutral: Forward=0.4431, Backward=0.3474, Asymmetry=0.2851
  contradiction: Forward=0.5915, Backward=0.3822, Asymmetry=0.4365
✓ Hyperbolic distance range: 0.0000 - 0.3413
Enhanced hyperbolic visualization saved to plots/

Hyperbolic projection completed with exit code: 0
Time: Wed 18 Jun 19:59:39 BST 2025

Files created in plots/:
-rw-r--r-- 1 ahb24 mcs 1419633 Jun 18 19:59 plots/enhanced_hyperbolic_projection_analysis_snli_10k_asymmetry.png
-rw-r--r-- 1 ahb24 mcs  546301 Jun 17 16:42 plots/hyperbolic_projection_analysis_large.png
-rw-r--r-- 1 ahb24 mcs  546385 Jun 17 16:42 plots/hyperbolic_projection_analysis_small.png
-rw-r--r-- 1 ahb24 mcs 1026788 Jun 18 14:24 plots/hyperbolic_projection_analysis_snli_10k.png
-rw-r--r-- 1 ahb24 mcs  770151 Jun 17 16:42 plots/hyperbolic_projection_analysis_SNLI_1k.png

Current directory contents:
Models:
total 2132
drwxr-xr-x  2 ahb24 mcs    166 Jun 18 19:43 .
drwxr-xr-x 14 ahb24 mcs   4096 Jun 18 19:18 ..
-rw-r--r--  1 ahb24 mcs 956050 Jun 18 19:19 enhanced_order_embeddings_snli_10k_asymmetry.pt
-rw-r--r--  1 ahb24 mcs 880806 Jun 18 19:37 enhanced_order_embeddings_snli_10k_tests_2.pt
-rw-r--r--  1 ahb24 mcs 333472 Jun 18 12:18 order_embeddings_snli_10k.pt
Plots:
total 7796
drwxr-xr-x  4 ahb24 mcs    4096 Jun 18 19:59 .
drwxr-xr-x 14 ahb24 mcs    4096 Jun 18 19:18 ..
drwxr-xr-x  2 ahb24 mcs     142 Jun 17 16:42 cone_visualizations
-rw-r--r--  1 ahb24 mcs 1419633 Jun 18 19:59 enhanced_hyperbolic_projection_analysis_snli_10k_asymmetry.png
-rw-r--r--  1 ahb24 mcs 1031417 Jun 18 19:38 enhanced_order_embedding_training_snli_10_tests_2.png
-rw-r--r--  1 ahb24 mcs 1053203 Jun 18 19:20 enhanced_order_embedding_training_snli_10_tests.png
-rw-r--r--  1 ahb24 mcs  546301 Jun 17 16:42 hyperbolic_projection_analysis_large.png
-rw-r--r--  1 ahb24 mcs  546385 Jun 17 16:42 hyperbolic_projection_analysis_small.png
-rw-r--r--  1 ahb24 mcs 1026788 Jun 18 14:24 hyperbolic_projection_analysis_snli_10k.png
-rw-r--r--  1 ahb24 mcs  770151 Jun 17 16:42 hyperbolic_projection_analysis_SNLI_1k.png
-rw-r--r--  1 ahb24 mcs  218635 Jun 17 16:42 order_embedding_training_large.png
-rw-r--r--  1 ahb24 mcs  239648 Jun 17 16:42 order_embedding_training_small.png
-rw-r--r--  1 ahb24 mcs  296186 Jun 18 12:18 order_embedding_training_snli_10k.png
-rw-r--r--  1 ahb24 mcs  334974 Jun 18 19:04 order_embedding_training_snli_10k_tests.png
-rw-r--r--  1 ahb24 mcs  307996 Jun 17 16:42 order_embedding_training_SNLI_1k.png
drwxr-xr-x  2 ahb24 mcs    4096 Jun 18 14:32 real_data_cone_visualizations

=== HYPERBOLIC PROJECTION SUCCESSFUL ===
The hyperbolic projection has been completed successfully.

Key validation checks performed:
  ✓ All points projected inside Poincaré ball unit sphere
  ✓ Order energy hierarchy preservation verified
  ✓ Hyperbolic distance statistics computed
  ✓ Visualizations generated

Generated outputs:
  - Hyperbolic projection analysis plots
  - Statistical validation of geometric properties
  - Distance and energy distribution analysis

Next steps:
  1. Review the generated plots for geometric validation
  2. Proceed to TDA cone analysis
  3. Apply persistent homology to hyperbolic structures

Job finished.
