Starting order embeddings training job...
Job ID: 175728
Node: gpuvm08
Time: Wed 18 Jun 12:17:52 BST 2025
Loading CUDA...
Activating conda environment...
Activated conda environment: /vol/bitbucket/ahb24/tda_entailment_new
Python location: /vol/bitbucket/ahb24/tda_entailment_new/bin/python
Checking GPU availability...
Wed Jun 18 12:17:53 2025       
+-----------------------------------------------------------------------------------------+
| NVIDIA-SMI 550.120                Driver Version: 550.120        CUDA Version: 12.4     |
|-----------------------------------------+------------------------+----------------------+
| GPU  Name                 Persistence-M | Bus-Id          Disp.A | Volatile Uncorr. ECC |
| Fan  Temp   Perf          Pwr:Usage/Cap |           Memory-Usage | GPU-Util  Compute M. |
|                                         |                        |               MIG M. |
|=========================================+========================+======================|
|   0  NVIDIA A30                     Off |   00000000:00:10.0 Off |                    0 |
| N/A   32C    P0             28W /  165W |       1MiB /  24576MiB |      0%      Default |
|                                         |                        |             Disabled |
+-----------------------------------------+------------------------+----------------------+
                                                                                         
+-----------------------------------------------------------------------------------------+
| Processes:                                                                              |
|  GPU   GI   CI        PID   Type   Process name                              GPU Memory |
|        ID   ID                                                               Usage      |
|=========================================================================================|
|  No running processes found                                                             |
+-----------------------------------------------------------------------------------------+

Testing PyTorch and CUDA...
PyTorch version: 2.4.1
CUDA available: True
CUDA device: NVIDIA A30
GPU memory: 25.2 GB
PyTorch setup verified!

Checking for required input data...
Required data file found: data/processed/snli_10k_subset_balanced.pt

Starting order embeddings training...
Training parameters:
  - Epochs: 50
  - Batch size: 32
  - Order dimension: 50
  - Random seed: 42

Loading data from data/processed/snli_10k_subset_balanced.pt
Training on 7992 sample, validating on 1998 samples
Training on cuda
Epoch 5 / 50
Train Loss: 0.6286, Val Loss: 0.7137
  Energy Rankings:
    entailment: 0.2632 ± 0.4989
    neutral: 0.9852 ± 1.1476
    contradiction: 0.9538 ± 1.2497
Epoch 10 / 50
Train Loss: 0.5552, Val Loss: 0.7109
  Energy Rankings:
    entailment: 0.2330 ± 0.5116
    neutral: 0.9664 ± 1.1902
    contradiction: 0.9432 ± 1.3055
Epoch 15 / 50
Train Loss: 0.4998, Val Loss: 0.7064
  Energy Rankings:
    entailment: 0.3052 ± 0.5432
    neutral: 1.0823 ± 1.2155
    contradiction: 1.2334 ± 1.5194
Early stopping at epoch 18
Training completed
Final Rankings:
    Entailment: 0.4098
    Neutral: 1.4472
    Contradiction: 1.5132
Energy Rankings correct!
Training plots saved to plots/
Success: Order embeddings working!

Training completed with exit code: 0
Time: Wed 18 Jun 12:19:00 BST 2025

Files created in models/:
total 332
drwxr-xr-x  2 ahb24 mcs     50 Jun 18 12:18 .
drwxr-xr-x 13 ahb24 mcs   4096 Jun 18 12:17 ..
-rw-r--r--  1 ahb24 mcs 333472 Jun 18 12:18 order_embeddings_snli_10k.pt

Files created in plots/:
total 2888
drwxr-xr-x  4 ahb24 mcs   4096 Jun 18 12:18 .
drwxr-xr-x 13 ahb24 mcs   4096 Jun 18 12:17 ..
drwxr-xr-x  2 ahb24 mcs    142 Jun 17 16:42 cone_visualizations
-rw-r--r--  1 ahb24 mcs 546301 Jun 17 16:42 hyperbolic_projection_analysis_large.png
-rw-r--r--  1 ahb24 mcs 546385 Jun 17 16:42 hyperbolic_projection_analysis_small.png
-rw-r--r--  1 ahb24 mcs 770151 Jun 17 16:42 hyperbolic_projection_analysis_SNLI_1k.png
-rw-r--r--  1 ahb24 mcs 218635 Jun 17 16:42 order_embedding_training_large.png
-rw-r--r--  1 ahb24 mcs 296186 Jun 18 12:18 order_embedding_training.png
-rw-r--r--  1 ahb24 mcs 239648 Jun 17 16:42 order_embedding_training_small.png
-rw-r--r--  1 ahb24 mcs 307996 Jun 17 16:42 order_embedding_training_SNLI_1k.png
drwxr-xr-x  2 ahb24 mcs   4096 Jun 17 16:42 real_data_cone_visualizations

=== TRAINING SUCCESSFUL ===
Order embeddings model has been trained and saved.
Check the output above for energy rankings validation.
Training plots should be available in plots/order_embedding_training.png

Job finished.
