Starting TDA integration job...
Job ID: 176805
Node: gpuvm18
Time: Mon 23 Jun 16:37:46 BST 2025
Loading CUDA...
Activating conda environment...
Activated conda environment: /vol/bitbucket/ahb24/tda_entailment_new
Python location: /vol/bitbucket/ahb24/tda_entailment_new/bin/python
Checking GPU availability...
Mon Jun 23 16:37:48 2025       
+-----------------------------------------------------------------------------------------+
| NVIDIA-SMI 550.120                Driver Version: 550.120        CUDA Version: 12.4     |
|-----------------------------------------+------------------------+----------------------+
| GPU  Name                 Persistence-M | Bus-Id          Disp.A | Volatile Uncorr. ECC |
| Fan  Temp   Perf          Pwr:Usage/Cap |           Memory-Usage | GPU-Util  Compute M. |
|                                         |                        |               MIG M. |
|=========================================+========================+======================|
|   0  Tesla T4                       Off |   00000000:00:06.0 Off |                    0 |
| N/A   32C    P8              9W /   70W |       1MiB /  15360MiB |      0%      Default |
|                                         |                        |                  N/A |
+-----------------------------------------+------------------------+----------------------+
                                                                                         
+-----------------------------------------------------------------------------------------+
| Processes:                                                                              |
|  GPU   GI   CI        PID   Type   Process name                              GPU Memory |
|        ID   ID                                                               Usage      |
|=========================================================================================|
|  No running processes found                                                             |
+-----------------------------------------------------------------------------------------+

Testing required packages...

Starting embedding tests...
Subtoken PHD Classifier Initialized:
  Individual sample params: 10-100 points
  Homology dimension: H0
  Point jump: 5
Loading global baselines from: phd_method/class_phd_results/snli_10k_subset_enhanced_multilayer_hdim0.pt
Loading subtoken data from: phd_method/phd_data/processed/snli_10k_enhanced_multilayer.pt

Testing classification performance...
Using 2997 samples for testing
  Testing sample 1/2997
  Testing sample 51/2997
  Testing sample 101/2997
  Testing sample 151/2997
  Testing sample 201/2997
  Testing sample 251/2997
  Testing sample 301/2997
  Testing sample 351/2997
  Testing sample 401/2997
  Testing sample 451/2997
  Testing sample 501/2997
  Testing sample 551/2997
  Testing sample 601/2997
  Testing sample 651/2997
  Testing sample 701/2997
  Testing sample 751/2997
  Testing sample 801/2997
  Testing sample 851/2997
  Testing sample 901/2997
  Testing sample 951/2997
  Testing sample 1001/2997
  Testing sample 1051/2997
  Testing sample 1101/2997
  Testing sample 1151/2997
  Testing sample 1201/2997
  Testing sample 1251/2997
  Testing sample 1301/2997
  Testing sample 1351/2997
  Testing sample 1401/2997
  Testing sample 1451/2997
  Testing sample 1501/2997
  Testing sample 1551/2997
  Testing sample 1601/2997
  Testing sample 1651/2997
  Testing sample 1701/2997
  Testing sample 1751/2997
  Testing sample 1801/2997
  Testing sample 1851/2997
  Testing sample 1901/2997
  Testing sample 1951/2997
  Testing sample 2001/2997
  Testing sample 2051/2997
  Testing sample 2101/2997
  Testing sample 2151/2997
  Testing sample 2201/2997
  Testing sample 2251/2997
  Testing sample 2301/2997
  Testing sample 2351/2997
  Testing sample 2401/2997
  Testing sample 2451/2997
  Testing sample 2501/2997
  Testing sample 2551/2997
  Testing sample 2601/2997
  Testing sample 2651/2997
  Testing sample 2701/2997
  Testing sample 2751/2997
  Testing sample 2801/2997
  Testing sample 2851/2997
  Testing sample 2901/2997
  Testing sample 2951/2997

Classification Summary:
  Successful classifications: 2997
  Failed computations: 0
  Success rate: 100.0%

============================================================
CLASSIFICATION PERFORMANCE ANALYSIS
============================================================
Overall Accuracy: 0.333 (999/2997)

Detailed Classification Report:
               precision    recall  f1-score   support

contradiction       0.33      1.00      0.50       999
   entailment       0.00      0.00      0.00       999
      neutral       0.00      0.00      0.00       999

     accuracy                           0.33      2997
    macro avg       0.11      0.33      0.17      2997
 weighted avg       0.11      0.33      0.17      2997


Confusion Matrix:
               contradiction  entailment     neutral
  contradiction         999           0           0
     entailment         999           0           0
        neutral         999           0           0

============================================================
PHD DISTRIBUTION ANALYSIS
============================================================
Individual PHD Statistics vs Global Baselines:
          Class     Global   Ind.Mean    Ind.Std      Min      Max
-----------------------------------------------------------------
  contradiction     10.156      4.028      0.775    2.149    8.382
     entailment     13.302      3.794      0.752    2.230    8.059
        neutral     11.580      4.033      0.783    2.427    8.510

Range Comparison:
  Individual PHD range: 6.360298
  Global baseline range: 3.145861
  Range ratio (ind/global): 2.022

Results saved to: phd_method/individual_classification_results/enhanced_subtoken_classification_test_results.pt

=== TESTS RAN SUCCESSFULLY ===

Job finished.
