Starting TDA integration job...
Job ID: 176800
Node: gpuvm18
Time: Mon 23 Jun 16:31:41 BST 2025
Loading CUDA...
Activating conda environment...
Activated conda environment: /vol/bitbucket/ahb24/tda_entailment_new
Python location: /vol/bitbucket/ahb24/tda_entailment_new/bin/python
Checking GPU availability...
Mon Jun 23 16:31:43 2025       
+-----------------------------------------------------------------------------------------+
| NVIDIA-SMI 550.120                Driver Version: 550.120        CUDA Version: 12.4     |
|-----------------------------------------+------------------------+----------------------+
| GPU  Name                 Persistence-M | Bus-Id          Disp.A | Volatile Uncorr. ECC |
| Fan  Temp   Perf          Pwr:Usage/Cap |           Memory-Usage | GPU-Util  Compute M. |
|                                         |                        |               MIG M. |
|=========================================+========================+======================|
|   0  Tesla T4                       Off |   00000000:00:06.0 Off |                    0 |
| N/A   37C    P8             10W /   70W |       1MiB /  15360MiB |      0%      Default |
|                                         |                        |                  N/A |
+-----------------------------------------+------------------------+----------------------+
                                                                                         
+-----------------------------------------------------------------------------------------+
| Processes:                                                                              |
|  GPU   GI   CI        PID   Type   Process name                              GPU Memory |
|        ID   ID                                                               Usage      |
|=========================================================================================|
|  No running processes found                                                             |
+-----------------------------------------------------------------------------------------+

Testing required packages...

Checking for required input files...
All required files found!

Starting PHD computation...
PHD Computation Initialized:
Point range: 200 to 1000 (step: 50)
Homology dimension: 0
Alpha: 1.0, Seed: 42
Processing class: entailment
    Combining 3330 point clouds...
    Combined shape: torch.Size([351644, 768])
    Total points: 351,644
Computing PHD for class entailment...
Input shape: torch.Size([351644, 768])
Using direct PHD computation
PHD Value for 'entailment' = 13.302325
Processing class: contradiction
    Combining 3330 point clouds...
    Combined shape: torch.Size([363924, 768])
    Total points: 363,924
Computing PHD for class contradiction...
Input shape: torch.Size([363924, 768])
Using direct PHD computation
PHD Value for 'contradiction' = 10.156465
Processing class: neutral
    Combining 3330 point clouds...
    Combined shape: torch.Size([374700, 768])
    Total points: 374,700
Computing PHD for class neutral...
Input shape: torch.Size([374700, 768])
Using direct PHD computation
PHD Value for 'neutral' = 11.579885
========================================
PHD COMPUTATION SUMMARY
========================================
     entailment: 13.302325
  contradiction: 10.156465
        neutral: 11.579885
========================================
PHD PATTERN ANALYSIS
========================================
  1. contradiction: 10.156465
  2. entailment: 13.302325
  3. neutral: 11.579885

=== PHD Comptutation SUCCESSFUL ===

Job finished.
