Starting text processing test job...
Job ID: 177649
Node: gpuvm08
Time: Thu 26 Jun 13:12:48 BST 2025
Loading CUDA...
Activating conda environment...
Activated conda environment: /vol/bitbucket/ahb24/tda_entailment_new
Python location: /vol/bitbucket/ahb24/tda_entailment_new/bin/python
Conda info:

# conda environments:
#
base                   /homes/ahb24/miniconda3
                     * /vol/bitbucket/ahb24/tda_entailment_new

Checking GPU availability...
Thu Jun 26 13:12:51 2025       
+-----------------------------------------------------------------------------------------+
| NVIDIA-SMI 550.120                Driver Version: 550.120        CUDA Version: 12.4     |
|-----------------------------------------+------------------------+----------------------+
| GPU  Name                 Persistence-M | Bus-Id          Disp.A | Volatile Uncorr. ECC |
| Fan  Temp   Perf          Pwr:Usage/Cap |           Memory-Usage | GPU-Util  Compute M. |
|                                         |                        |               MIG M. |
|=========================================+========================+======================|
|   0  NVIDIA A30                     Off |   00000000:00:11.0 Off |                    0 |
| N/A   38C    P0             30W /  165W |       1MiB /  24576MiB |      0%      Default |
|                                         |                        |             Disabled |
+-----------------------------------------+------------------------+----------------------+
                                                                                         
+-----------------------------------------------------------------------------------------+
| Processes:                                                                              |
|  GPU   GI   CI        PID   Type   Process name                              GPU Memory |
|        ID   ID                                                               Usage      |
|=========================================================================================|
|  No running processes found                                                             |
+-----------------------------------------------------------------------------------------+

Running text_processing.py...

Text processing completed!
Time: Thu 26 Jun 13:36:12 BST 2025
Files created in data/processed:
total 122696
drwxr-xr-x 2 ahb24 mcs       96 Jun 26 10:12 .
drwxr-xr-x 5 ahb24 mcs      159 Jun 25 17:02 ..
-rw-r--r-- 1 ahb24 mcs 62817406 Jun 18 12:12 snli_10k_subset_balanced.pt
-rw-r--r-- 1 ahb24 mcs 62817454 Jun 20 09:43 snli_10k_subset_balanced_roberta.pt
Job finished.
