Starting text processing test job...
Job ID: 177588
Node: gpuvm07
Time: Thu 26 Jun 10:38:04 BST 2025
Loading CUDA...
Activating conda environment...
Activated conda environment: /vol/bitbucket/ahb24/tda_entailment_new
Python location: /vol/bitbucket/ahb24/tda_entailment_new/bin/python
Conda info:

# conda environments:
#
base                   /homes/ahb24/miniconda3
                     * /vol/bitbucket/ahb24/tda_entailment_new

Checking GPU availability...
Thu Jun 26 10:38:06 2025       
+-----------------------------------------------------------------------------------------+
| NVIDIA-SMI 550.120                Driver Version: 550.120        CUDA Version: 12.4     |
|-----------------------------------------+------------------------+----------------------+
| GPU  Name                 Persistence-M | Bus-Id          Disp.A | Volatile Uncorr. ECC |
| Fan  Temp   Perf          Pwr:Usage/Cap |           Memory-Usage | GPU-Util  Compute M. |
|                                         |                        |               MIG M. |
|=========================================+========================+======================|
|   0  NVIDIA A30                     Off |   00000000:00:10.0 Off |                    0 |
| N/A   29C    P0             25W /  165W |       1MiB /  24576MiB |      0%      Default |
|                                         |                        |             Disabled |
+-----------------------------------------+------------------------+----------------------+
                                                                                         
+-----------------------------------------------------------------------------------------+
| Processes:                                                                              |
|  GPU   GI   CI        PID   Type   Process name                              GPU Memory |
|        ID   ID                                                               Usage      |
|=========================================================================================|
|  No running processes found                                                             |
+-----------------------------------------------------------------------------------------+

Running text_processing.py...
Loading roberta-base on cuda...
Text processing pipeline ready
Single pair test - Premise shape: torch.Size([768]), Hypothesis shape: torch.Size([768])
Output directory found: /vol/bitbucket/ahb24/phd_processed_data
Processing dataset: data/raw/snli/train/snli_full_train.json...
Large dataset detected (549367 samples). Using chunked processing...
Processing dataset in chunks: data/raw/snli/train/snli_full_train.json...
Dataset contains 549367 premise-hypothesis pairs
Processing in chunks of 2000 samples...

Processing chunk 1/275
  Generating premise embeddings...
  Generating hypothesis embeddings...

Processing chunk 2/275
  Generating premise embeddings...
  Generating hypothesis embeddings...

Processing chunk 3/275
  Generating premise embeddings...
  Generating hypothesis embeddings...

Processing chunk 4/275
  Generating premise embeddings...
  Generating hypothesis embeddings...

Processing chunk 5/275
  Generating premise embeddings...
  Generating hypothesis embeddings...

Processing chunk 6/275
  Generating premise embeddings...
  Generating hypothesis embeddings...

Processing chunk 7/275
  Generating premise embeddings...
  Generating hypothesis embeddings...

Processing chunk 8/275
  Generating premise embeddings...
  Generating hypothesis embeddings...

Processing chunk 9/275
  Generating premise embeddings...
  Generating hypothesis embeddings...

Processing chunk 10/275
  Generating premise embeddings...
  Generating hypothesis embeddings...

Processing chunk 11/275
  Generating premise embeddings...
  Generating hypothesis embeddings...

Processing chunk 12/275
  Generating premise embeddings...
  Generating hypothesis embeddings...

Processing chunk 13/275
  Generating premise embeddings...
  Generating hypothesis embeddings...

Processing chunk 14/275
  Generating premise embeddings...
  Generating hypothesis embeddings...

Processing chunk 15/275
  Generating premise embeddings...
  Generating hypothesis embeddings...

Processing chunk 16/275
  Generating premise embeddings...
  Generating hypothesis embeddings...

Processing chunk 17/275
  Generating premise embeddings...
  Generating hypothesis embeddings...

Processing chunk 18/275
  Generating premise embeddings...
  Generating hypothesis embeddings...

Processing chunk 19/275
  Generating premise embeddings...
  Generating hypothesis embeddings...

Processing chunk 20/275
  Generating premise embeddings...
  Generating hypothesis embeddings...

Processing chunk 21/275
  Generating premise embeddings...
  Generating hypothesis embeddings...

Processing chunk 22/275
  Generating premise embeddings...
  Generating hypothesis embeddings...

Processing chunk 23/275
  Generating premise embeddings...
  Generating hypothesis embeddings...

Processing chunk 24/275
  Generating premise embeddings...
  Generating hypothesis embeddings...

Processing chunk 25/275
  Generating premise embeddings...
  Generating hypothesis embeddings...

Processing chunk 26/275
  Generating premise embeddings...
  Generating hypothesis embeddings...

Processing chunk 27/275
  Generating premise embeddings...
  Generating hypothesis embeddings...

Processing chunk 28/275
  Generating premise embeddings...
  Generating hypothesis embeddings...

Processing chunk 29/275
  Generating premise embeddings...
  Generating hypothesis embeddings...

Processing chunk 30/275
  Generating premise embeddings...
  Generating hypothesis embeddings...

Processing chunk 31/275
  Generating premise embeddings...
  Generating hypothesis embeddings...

Processing chunk 32/275
  Generating premise embeddings...
  Generating hypothesis embeddings...

Processing chunk 33/275
  Generating premise embeddings...
  Generating hypothesis embeddings...

Processing chunk 34/275
  Generating premise embeddings...
  Generating hypothesis embeddings...

Processing chunk 35/275
  Generating premise embeddings...
  Generating hypothesis embeddings...

Processing chunk 36/275
  Generating premise embeddings...
  Generating hypothesis embeddings...

Processing chunk 37/275
  Generating premise embeddings...
  Generating hypothesis embeddings...

Processing chunk 38/275
  Generating premise embeddings...
  Generating hypothesis embeddings...

Processing chunk 39/275
  Generating premise embeddings...
  Generating hypothesis embeddings...

Processing chunk 40/275
  Generating premise embeddings...
  Generating hypothesis embeddings...

Processing chunk 41/275
  Generating premise embeddings...
  Generating hypothesis embeddings...

Processing chunk 42/275
  Generating premise embeddings...
  Generating hypothesis embeddings...

Processing chunk 43/275
  Generating premise embeddings...
  Generating hypothesis embeddings...

Processing chunk 44/275
  Generating premise embeddings...
  Generating hypothesis embeddings...

Processing chunk 45/275
  Generating premise embeddings...
  Generating hypothesis embeddings...

Processing chunk 46/275
  Generating premise embeddings...
  Generating hypothesis embeddings...

Processing chunk 47/275
  Generating premise embeddings...
  Generating hypothesis embeddings...

Processing chunk 48/275
  Generating premise embeddings...
  Generating hypothesis embeddings...

Processing chunk 49/275
  Generating premise embeddings...
  Generating hypothesis embeddings...

Processing chunk 50/275
  Generating premise embeddings...
  Generating hypothesis embeddings...

Processing chunk 51/275
  Generating premise embeddings...
  Generating hypothesis embeddings...

Processing chunk 52/275
  Generating premise embeddings...
  Generating hypothesis embeddings...

Processing chunk 53/275
  Generating premise embeddings...
  Generating hypothesis embeddings...

Processing chunk 54/275
  Generating premise embeddings...
  Generating hypothesis embeddings...

Processing chunk 55/275
  Generating premise embeddings...
  Generating hypothesis embeddings...

Processing chunk 56/275
  Generating premise embeddings...
  Generating hypothesis embeddings...

Processing chunk 57/275
  Generating premise embeddings...
  Generating hypothesis embeddings...

Processing chunk 58/275
  Generating premise embeddings...
  Generating hypothesis embeddings...

Processing chunk 59/275
  Generating premise embeddings...
  Generating hypothesis embeddings...

Processing chunk 60/275
  Generating premise embeddings...
  Generating hypothesis embeddings...

Processing chunk 61/275
  Generating premise embeddings...
  Generating hypothesis embeddings...

Processing chunk 62/275
  Generating premise embeddings...
  Generating hypothesis embeddings...

Processing chunk 63/275
  Generating premise embeddings...
  Generating hypothesis embeddings...

Processing chunk 64/275
  Generating premise embeddings...
  Generating hypothesis embeddings...

Processing chunk 65/275
  Generating premise embeddings...
  Generating hypothesis embeddings...

Processing chunk 66/275
  Generating premise embeddings...
  Generating hypothesis embeddings...

Processing chunk 67/275
  Generating premise embeddings...
  Generating hypothesis embeddings...

Processing chunk 68/275
  Generating premise embeddings...
  Generating hypothesis embeddings...

Processing chunk 69/275
  Generating premise embeddings...
  Generating hypothesis embeddings...

Processing chunk 70/275
  Generating premise embeddings...
  Generating hypothesis embeddings...

Processing chunk 71/275
  Generating premise embeddings...
  Generating hypothesis embeddings...

Processing chunk 72/275
  Generating premise embeddings...
  Generating hypothesis embeddings...

Processing chunk 73/275
  Generating premise embeddings...
  Generating hypothesis embeddings...

Processing chunk 74/275
  Generating premise embeddings...
  Generating hypothesis embeddings...

Processing chunk 75/275
  Generating premise embeddings...
  Generating hypothesis embeddings...

Processing chunk 76/275
  Generating premise embeddings...
  Generating hypothesis embeddings...

Processing chunk 77/275
  Generating premise embeddings...
  Generating hypothesis embeddings...

Processing chunk 78/275
  Generating premise embeddings...
  Generating hypothesis embeddings...

Processing chunk 79/275
  Generating premise embeddings...
  Generating hypothesis embeddings...

Processing chunk 80/275
  Generating premise embeddings...
  Generating hypothesis embeddings...

Processing chunk 81/275
  Generating premise embeddings...
  Generating hypothesis embeddings...

Processing chunk 82/275
  Generating premise embeddings...
  Generating hypothesis embeddings...

Processing chunk 83/275
  Generating premise embeddings...
  Generating hypothesis embeddings...

Processing chunk 84/275
  Generating premise embeddings...
  Generating hypothesis embeddings...

Processing chunk 85/275
  Generating premise embeddings...
  Generating hypothesis embeddings...

Processing chunk 86/275
  Generating premise embeddings...
  Generating hypothesis embeddings...

Processing chunk 87/275
  Generating premise embeddings...
  Generating hypothesis embeddings...

Processing chunk 88/275
  Generating premise embeddings...
  Generating hypothesis embeddings...

Processing chunk 89/275
  Generating premise embeddings...
  Generating hypothesis embeddings...

Processing chunk 90/275
  Generating premise embeddings...
  Generating hypothesis embeddings...

Processing chunk 91/275
  Generating premise embeddings...
  Generating hypothesis embeddings...

Processing chunk 92/275
  Generating premise embeddings...
  Generating hypothesis embeddings...

Processing chunk 93/275
  Generating premise embeddings...
  Generating hypothesis embeddings...

Processing chunk 94/275
  Generating premise embeddings...
  Generating hypothesis embeddings...

Processing chunk 95/275
  Generating premise embeddings...
  Generating hypothesis embeddings...

Processing chunk 96/275
  Generating premise embeddings...
  Generating hypothesis embeddings...

Processing chunk 97/275
  Generating premise embeddings...
  Generating hypothesis embeddings...

Processing chunk 98/275
  Generating premise embeddings...
  Generating hypothesis embeddings...

Processing chunk 99/275
  Generating premise embeddings...
  Generating hypothesis embeddings...

Processing chunk 100/275
  Generating premise embeddings...
  Generating hypothesis embeddings...

Processing chunk 101/275
  Generating premise embeddings...
  Generating hypothesis embeddings...

Processing chunk 102/275
  Generating premise embeddings...
  Generating hypothesis embeddings...

Processing chunk 103/275
  Generating premise embeddings...
  Generating hypothesis embeddings...

Processing chunk 104/275
  Generating premise embeddings...
  Generating hypothesis embeddings...

Processing chunk 105/275
  Generating premise embeddings...
  Generating hypothesis embeddings...

Processing chunk 106/275
  Generating premise embeddings...
  Generating hypothesis embeddings...

Processing chunk 107/275
  Generating premise embeddings...
  Generating hypothesis embeddings...

Processing chunk 108/275
  Generating premise embeddings...
  Generating hypothesis embeddings...

Processing chunk 109/275
  Generating premise embeddings...
  Generating hypothesis embeddings...

Processing chunk 110/275
  Generating premise embeddings...
  Generating hypothesis embeddings...

Processing chunk 111/275
  Generating premise embeddings...
  Generating hypothesis embeddings...

Processing chunk 112/275
  Generating premise embeddings...
  Generating hypothesis embeddings...

Processing chunk 113/275
  Generating premise embeddings...
  Generating hypothesis embeddings...

Processing chunk 114/275
  Generating premise embeddings...
  Generating hypothesis embeddings...

Processing chunk 115/275
  Generating premise embeddings...
  Generating hypothesis embeddings...

Processing chunk 116/275
  Generating premise embeddings...
  Generating hypothesis embeddings...

Processing chunk 117/275
  Generating premise embeddings...
  Generating hypothesis embeddings...

Processing chunk 118/275
  Generating premise embeddings...
  Generating hypothesis embeddings...

Processing chunk 119/275
  Generating premise embeddings...
  Generating hypothesis embeddings...

Processing chunk 120/275
  Generating premise embeddings...
  Generating hypothesis embeddings...

Processing chunk 121/275
  Generating premise embeddings...
  Generating hypothesis embeddings...

Processing chunk 122/275
  Generating premise embeddings...
  Generating hypothesis embeddings...

Processing chunk 123/275
  Generating premise embeddings...
  Generating hypothesis embeddings...

Processing chunk 124/275
  Generating premise embeddings...
  Generating hypothesis embeddings...

Processing chunk 125/275
  Generating premise embeddings...
  Generating hypothesis embeddings...

Processing chunk 126/275
  Generating premise embeddings...
  Generating hypothesis embeddings...

Processing chunk 127/275
  Generating premise embeddings...
  Generating hypothesis embeddings...

Processing chunk 128/275
  Generating premise embeddings...
  Generating hypothesis embeddings...

Processing chunk 129/275
  Generating premise embeddings...
  Generating hypothesis embeddings...

Processing chunk 130/275
  Generating premise embeddings...
  Generating hypothesis embeddings...

Processing chunk 131/275
  Generating premise embeddings...
  Generating hypothesis embeddings...

Processing chunk 132/275
  Generating premise embeddings...
  Generating hypothesis embeddings...

Processing chunk 133/275
  Generating premise embeddings...
  Generating hypothesis embeddings...

Processing chunk 134/275
  Generating premise embeddings...
  Generating hypothesis embeddings...

Processing chunk 135/275
  Generating premise embeddings...
  Generating hypothesis embeddings...

Processing chunk 136/275
  Generating premise embeddings...
  Generating hypothesis embeddings...

Processing chunk 137/275
  Generating premise embeddings...
  Generating hypothesis embeddings...

Processing chunk 138/275
  Generating premise embeddings...
  Generating hypothesis embeddings...

Processing chunk 139/275
  Generating premise embeddings...
  Generating hypothesis embeddings...

Processing chunk 140/275
  Generating premise embeddings...
  Generating hypothesis embeddings...

Processing chunk 141/275
  Generating premise embeddings...
  Generating hypothesis embeddings...

Processing chunk 142/275
  Generating premise embeddings...
  Generating hypothesis embeddings...

Processing chunk 143/275
  Generating premise embeddings...
  Generating hypothesis embeddings...

Processing chunk 144/275
  Generating premise embeddings...
  Generating hypothesis embeddings...

Processing chunk 145/275
  Generating premise embeddings...
  Generating hypothesis embeddings...

Processing chunk 146/275
  Generating premise embeddings...
  Generating hypothesis embeddings...

Processing chunk 147/275
  Generating premise embeddings...
  Generating hypothesis embeddings...

Processing chunk 148/275
  Generating premise embeddings...
  Generating hypothesis embeddings...

Processing chunk 149/275
  Generating premise embeddings...
  Generating hypothesis embeddings...

Processing chunk 150/275
  Generating premise embeddings...
  Generating hypothesis embeddings...

Processing chunk 151/275
  Generating premise embeddings...
  Generating hypothesis embeddings...

Processing chunk 152/275
  Generating premise embeddings...
  Generating hypothesis embeddings...

Processing chunk 153/275
  Generating premise embeddings...
  Generating hypothesis embeddings...

Processing chunk 154/275
  Generating premise embeddings...
  Generating hypothesis embeddings...

Processing chunk 155/275
  Generating premise embeddings...
  Generating hypothesis embeddings...

Processing chunk 156/275
  Generating premise embeddings...
  Generating hypothesis embeddings...

Processing chunk 157/275
  Generating premise embeddings...
  Generating hypothesis embeddings...

Processing chunk 158/275
  Generating premise embeddings...
  Generating hypothesis embeddings...

Processing chunk 159/275
  Generating premise embeddings...
  Generating hypothesis embeddings...

Processing chunk 160/275
  Generating premise embeddings...
  Generating hypothesis embeddings...

Processing chunk 161/275
  Generating premise embeddings...
  Generating hypothesis embeddings...

Processing chunk 162/275
  Generating premise embeddings...
  Generating hypothesis embeddings...

Processing chunk 163/275
  Generating premise embeddings...
  Generating hypothesis embeddings...

Processing chunk 164/275
  Generating premise embeddings...
  Generating hypothesis embeddings...

Processing chunk 165/275
  Generating premise embeddings...
  Generating hypothesis embeddings...

Processing chunk 166/275
  Generating premise embeddings...
  Generating hypothesis embeddings...

Processing chunk 167/275
  Generating premise embeddings...
  Generating hypothesis embeddings...

Processing chunk 168/275
  Generating premise embeddings...
  Generating hypothesis embeddings...

Processing chunk 169/275
  Generating premise embeddings...
  Generating hypothesis embeddings...

Processing chunk 170/275
  Generating premise embeddings...
  Generating hypothesis embeddings...

Processing chunk 171/275
  Generating premise embeddings...
  Generating hypothesis embeddings...

Processing chunk 172/275
  Generating premise embeddings...
  Generating hypothesis embeddings...

Processing chunk 173/275
  Generating premise embeddings...
  Generating hypothesis embeddings...

Processing chunk 174/275
  Generating premise embeddings...
  Generating hypothesis embeddings...

Processing chunk 175/275
  Generating premise embeddings...
  Generating hypothesis embeddings...

Processing chunk 176/275
  Generating premise embeddings...
  Generating hypothesis embeddings...

Processing chunk 177/275
  Generating premise embeddings...
  Generating hypothesis embeddings...

Processing chunk 178/275
  Generating premise embeddings...
  Generating hypothesis embeddings...

Processing chunk 179/275
  Generating premise embeddings...
  Generating hypothesis embeddings...

Processing chunk 180/275
  Generating premise embeddings...
  Generating hypothesis embeddings...

Processing chunk 181/275
  Generating premise embeddings...
  Generating hypothesis embeddings...

Processing chunk 182/275
  Generating premise embeddings...
  Generating hypothesis embeddings...

Processing chunk 183/275
  Generating premise embeddings...
  Generating hypothesis embeddings...

Processing chunk 184/275
  Generating premise embeddings...
  Generating hypothesis embeddings...

Processing chunk 185/275
  Generating premise embeddings...
  Generating hypothesis embeddings...

Processing chunk 186/275
  Generating premise embeddings...
  Generating hypothesis embeddings...

Processing chunk 187/275
  Generating premise embeddings...
  Generating hypothesis embeddings...

Processing chunk 188/275
  Generating premise embeddings...
  Generating hypothesis embeddings...

Processing chunk 189/275
  Generating premise embeddings...
  Generating hypothesis embeddings...

Processing chunk 190/275
  Generating premise embeddings...
  Generating hypothesis embeddings...

Processing chunk 191/275
  Generating premise embeddings...
  Generating hypothesis embeddings...

Processing chunk 192/275
  Generating premise embeddings...
  Generating hypothesis embeddings...

Processing chunk 193/275
  Generating premise embeddings...
  Generating hypothesis embeddings...

Processing chunk 194/275
  Generating premise embeddings...
  Generating hypothesis embeddings...

Processing chunk 195/275
  Generating premise embeddings...
  Generating hypothesis embeddings...

Processing chunk 196/275
  Generating premise embeddings...
  Generating hypothesis embeddings...

Processing chunk 197/275
  Generating premise embeddings...
  Generating hypothesis embeddings...

Processing chunk 198/275
  Generating premise embeddings...
  Generating hypothesis embeddings...

Processing chunk 199/275
  Generating premise embeddings...
  Generating hypothesis embeddings...

Processing chunk 200/275
  Generating premise embeddings...
  Generating hypothesis embeddings...

Processing chunk 201/275
  Generating premise embeddings...
  Generating hypothesis embeddings...

Processing chunk 202/275
  Generating premise embeddings...
  Generating hypothesis embeddings...

Processing chunk 203/275
  Generating premise embeddings...
  Generating hypothesis embeddings...

Processing chunk 204/275
  Generating premise embeddings...
  Generating hypothesis embeddings...

Processing chunk 205/275
  Generating premise embeddings...
  Generating hypothesis embeddings...

Processing chunk 206/275
  Generating premise embeddings...
  Generating hypothesis embeddings...

Processing chunk 207/275
  Generating premise embeddings...
  Generating hypothesis embeddings...

Processing chunk 208/275
  Generating premise embeddings...
  Generating hypothesis embeddings...

Processing chunk 209/275
  Generating premise embeddings...
  Generating hypothesis embeddings...

Processing chunk 210/275
  Generating premise embeddings...
  Generating hypothesis embeddings...

Processing chunk 211/275
  Generating premise embeddings...
  Generating hypothesis embeddings...

Processing chunk 212/275
  Generating premise embeddings...
  Generating hypothesis embeddings...

Processing chunk 213/275
  Generating premise embeddings...
  Generating hypothesis embeddings...

Processing chunk 214/275
  Generating premise embeddings...
  Generating hypothesis embeddings...

Processing chunk 215/275
  Generating premise embeddings...
  Generating hypothesis embeddings...

Processing chunk 216/275
  Generating premise embeddings...
  Generating hypothesis embeddings...

Processing chunk 217/275
  Generating premise embeddings...
  Generating hypothesis embeddings...

Processing chunk 218/275
  Generating premise embeddings...
  Generating hypothesis embeddings...

Processing chunk 219/275
  Generating premise embeddings...
  Generating hypothesis embeddings...

Processing chunk 220/275
  Generating premise embeddings...
  Generating hypothesis embeddings...

Processing chunk 221/275
  Generating premise embeddings...
  Generating hypothesis embeddings...

Processing chunk 222/275
  Generating premise embeddings...
  Generating hypothesis embeddings...

Processing chunk 223/275
  Generating premise embeddings...
  Generating hypothesis embeddings...

Processing chunk 224/275
  Generating premise embeddings...
  Generating hypothesis embeddings...

Processing chunk 225/275
  Generating premise embeddings...
  Generating hypothesis embeddings...

Processing chunk 226/275
  Generating premise embeddings...
  Generating hypothesis embeddings...

Processing chunk 227/275
  Generating premise embeddings...
  Generating hypothesis embeddings...

Processing chunk 228/275
  Generating premise embeddings...
  Generating hypothesis embeddings...

Processing chunk 229/275
  Generating premise embeddings...
  Generating hypothesis embeddings...

Processing chunk 230/275
  Generating premise embeddings...
  Generating hypothesis embeddings...

Processing chunk 231/275
  Generating premise embeddings...
  Generating hypothesis embeddings...

Processing chunk 232/275
  Generating premise embeddings...
  Generating hypothesis embeddings...

Processing chunk 233/275
  Generating premise embeddings...
  Generating hypothesis embeddings...

Processing chunk 234/275
  Generating premise embeddings...
  Generating hypothesis embeddings...

Processing chunk 235/275
  Generating premise embeddings...
  Generating hypothesis embeddings...

Processing chunk 236/275
  Generating premise embeddings...
  Generating hypothesis embeddings...

Processing chunk 237/275
  Generating premise embeddings...
  Generating hypothesis embeddings...

Processing chunk 238/275
  Generating premise embeddings...
  Generating hypothesis embeddings...

Processing chunk 239/275
  Generating premise embeddings...
  Generating hypothesis embeddings...

Processing chunk 240/275
  Generating premise embeddings...
  Generating hypothesis embeddings...

Processing chunk 241/275
  Generating premise embeddings...
  Generating hypothesis embeddings...

Processing chunk 242/275
  Generating premise embeddings...
  Generating hypothesis embeddings...

Processing chunk 243/275
  Generating premise embeddings...
  Generating hypothesis embeddings...

Processing chunk 244/275
  Generating premise embeddings...
  Generating hypothesis embeddings...

Processing chunk 245/275
  Generating premise embeddings...
  Generating hypothesis embeddings...

Processing chunk 246/275
  Generating premise embeddings...
  Generating hypothesis embeddings...

Processing chunk 247/275
  Generating premise embeddings...
  Generating hypothesis embeddings...

Processing chunk 248/275
  Generating premise embeddings...
  Generating hypothesis embeddings...

Processing chunk 249/275
  Generating premise embeddings...
  Generating hypothesis embeddings...

Processing chunk 250/275
  Generating premise embeddings...
  Generating hypothesis embeddings...

Processing chunk 251/275
  Generating premise embeddings...
  Generating hypothesis embeddings...

Processing chunk 252/275
  Generating premise embeddings...
  Generating hypothesis embeddings...

Processing chunk 253/275
  Generating premise embeddings...
  Generating hypothesis embeddings...

Processing chunk 254/275
  Generating premise embeddings...
  Generating hypothesis embeddings...

Processing chunk 255/275
  Generating premise embeddings...
  Generating hypothesis embeddings...

Processing chunk 256/275
  Generating premise embeddings...
  Generating hypothesis embeddings...

Processing chunk 257/275
  Generating premise embeddings...
  Generating hypothesis embeddings...

Processing chunk 258/275
  Generating premise embeddings...
  Generating hypothesis embeddings...

Processing chunk 259/275
  Generating premise embeddings...
  Generating hypothesis embeddings...

Processing chunk 260/275
  Generating premise embeddings...
  Generating hypothesis embeddings...

Processing chunk 261/275
  Generating premise embeddings...
  Generating hypothesis embeddings...

Processing chunk 262/275
  Generating premise embeddings...
  Generating hypothesis embeddings...

Processing chunk 263/275
  Generating premise embeddings...
  Generating hypothesis embeddings...

Processing chunk 264/275
  Generating premise embeddings...
  Generating hypothesis embeddings...

Processing chunk 265/275
  Generating premise embeddings...
  Generating hypothesis embeddings...

Processing chunk 266/275
  Generating premise embeddings...
  Generating hypothesis embeddings...

Processing chunk 267/275
  Generating premise embeddings...
  Generating hypothesis embeddings...

Processing chunk 268/275
  Generating premise embeddings...
  Generating hypothesis embeddings...

Processing chunk 269/275
  Generating premise embeddings...
  Generating hypothesis embeddings...

Processing chunk 270/275
  Generating premise embeddings...
  Generating hypothesis embeddings...

Processing chunk 271/275
  Generating premise embeddings...
  Generating hypothesis embeddings...

Processing chunk 272/275
  Generating premise embeddings...
  Generating hypothesis embeddings...

Processing chunk 273/275
  Generating premise embeddings...
  Generating hypothesis embeddings...

Processing chunk 274/275
  Generating premise embeddings...
  Generating hypothesis embeddings...

Processing chunk 275/275
  Generating premise embeddings...
  Generating hypothesis embeddings...

Combining all chunks...
Concatenating premise and hypothesis embeddings...
Concatenated embeddings shape: torch.Size([549367, 1536])
Class 'contradiction': 183187 samples, embedding dim: 1536
Class 'neutral': 182764 samples, embedding dim: 1536
Class 'entailment': 183416 samples, embedding dim: 1536
Dataset processing complete
Premise embeddings shape: torch.Size([549367, 768])
Hypothesis embeddings shape: torch.Size([549367, 768])
Concatenated embeddings shape: torch.Size([549367, 1536])
Concatenated embedding dimension: 1536
Premise embedding range: [-0.877, 12.576]
Hypothesis embedding range: [-0.872, 12.672]
Concatenated embedding range: [-0.877, 12.672]

Class embedding validation:
  contradiction: 183187 samples, dim 1536
  neutral: 182764 samples, dim 1536
  entailment: 183416 samples, dim 1536

Class organization summary:
  contradiction: 183187 samples with 1536D embeddings
  neutral: 182764 samples with 1536D embeddings
  entailment: 183416 samples with 1536D embeddings
Saved processed data to /vol/bitbucket/ahb24/phd_processed_data/snli_full_phd_roberta.pt
Text processing pipeline test completed successfully

Text processing completed!
Time: Thu 26 Jun 10:56:57 BST 2025
Files created in data/processed:
total 122696
drwxr-xr-x 2 ahb24 mcs       96 Jun 26 10:12 .
drwxr-xr-x 5 ahb24 mcs      159 Jun 25 17:02 ..
-rw-r--r-- 1 ahb24 mcs 62817406 Jun 18 12:12 snli_10k_subset_balanced.pt
-rw-r--r-- 1 ahb24 mcs 62817454 Jun 20 09:43 snli_10k_subset_balanced_roberta.pt
Job finished.
