Starting TDA integration job...
Job ID: 176783
Node: gpuvm17
Time: Mon 23 Jun 15:52:34 BST 2025
Loading CUDA...
Activating conda environment...
Activated conda environment: /vol/bitbucket/ahb24/tda_entailment_new
Python location: /vol/bitbucket/ahb24/tda_entailment_new/bin/python
Checking GPU availability...
Mon Jun 23 15:52:36 2025       
+-----------------------------------------------------------------------------------------+
| NVIDIA-SMI 550.120                Driver Version: 550.120        CUDA Version: 12.4     |
|-----------------------------------------+------------------------+----------------------+
| GPU  Name                 Persistence-M | Bus-Id          Disp.A | Volatile Uncorr. ECC |
| Fan  Temp   Perf          Pwr:Usage/Cap |           Memory-Usage | GPU-Util  Compute M. |
|                                         |                        |               MIG M. |
|=========================================+========================+======================|
|   0  Tesla T4                       Off |   00000000:00:07.0 Off |                    0 |
| N/A   32C    P8              9W /   70W |       1MiB /  15360MiB |      0%      Default |
|                                         |                        |                  N/A |
+-----------------------------------------+------------------------+----------------------+
                                                                                         
+-----------------------------------------------------------------------------------------+
| Processes:                                                                              |
|  GPU   GI   CI        PID   Type   Process name                              GPU Memory |
|        ID   ID                                                               Usage      |
|=========================================================================================|
|  No running processes found                                                             |
+-----------------------------------------------------------------------------------------+

Testing required packages...

Starting embedding tests...
Subtoken PHD Classifier Initialized:
  Individual sample params: 10-100 points
  Homology dimension: H0
  Point jump: 5
Loading global baselines from: phd_method/class_phd_results/snli_10k_subset_balanced_phd_results_subtokenized_hdim0.pt
Loading subtoken data from: phd_method/phd_data/processed/snli_10k_subset_balanced_roberta_subtokenized.pt

Testing classification performance...
Using 2997 samples for testing
  Testing sample 1/2997
  Testing sample 51/2997
  Testing sample 101/2997
  Testing sample 151/2997
  Testing sample 201/2997
  Testing sample 251/2997
  Testing sample 301/2997
  Testing sample 351/2997
  Testing sample 401/2997
  Testing sample 451/2997
  Testing sample 501/2997
  Testing sample 551/2997
  Testing sample 601/2997
  Testing sample 651/2997
  Testing sample 701/2997
  Testing sample 751/2997
  Testing sample 801/2997
  Testing sample 851/2997
  Testing sample 901/2997
  Testing sample 951/2997
  Testing sample 1001/2997
  Testing sample 1051/2997
  Testing sample 1101/2997
  Testing sample 1151/2997
  Testing sample 1201/2997
  Testing sample 1251/2997
  Testing sample 1301/2997
  Testing sample 1351/2997
  Testing sample 1401/2997
  Testing sample 1451/2997
  Testing sample 1501/2997
  Testing sample 1551/2997
  Testing sample 1601/2997
  Testing sample 1651/2997
  Testing sample 1701/2997
  Testing sample 1751/2997
  Testing sample 1801/2997
  Testing sample 1851/2997
  Testing sample 1901/2997
  Testing sample 1951/2997
  Testing sample 2001/2997
  Testing sample 2051/2997
  Testing sample 2101/2997
  Testing sample 2151/2997
  Testing sample 2201/2997
  Testing sample 2251/2997
  Testing sample 2301/2997
  Testing sample 2351/2997
  Testing sample 2401/2997
  Testing sample 2451/2997
  Testing sample 2501/2997
  Testing sample 2551/2997
  Testing sample 2601/2997
  Testing sample 2651/2997
  Testing sample 2701/2997
  Testing sample 2751/2997
  Testing sample 2801/2997
  Testing sample 2851/2997
  Testing sample 2901/2997
  Testing sample 2951/2997

Classification Summary:
  Successful classifications: 2997
  Failed computations: 0
  Success rate: 100.0%

============================================================
CLASSIFICATION PERFORMANCE ANALYSIS
============================================================
Overall Accuracy: 0.305 (915/2997)

Detailed Classification Report:
               precision    recall  f1-score   support

contradiction       0.32      0.67      0.43       999
   entailment       0.28      0.21      0.24       999
      neutral       0.33      0.03      0.05       999
      unknown       0.00      0.00      0.00         0

     accuracy                           0.31      2997
    macro avg       0.23      0.23      0.18      2997
 weighted avg       0.31      0.31      0.24      2997


Confusion Matrix:
               contradiction  entailment     neutral
  contradiction         674         275          38
     entailment         747         213          20
        neutral         694         267          28

============================================================
PHD DISTRIBUTION ANALYSIS
============================================================
Individual PHD Statistics vs Global Baselines:
          Class     Global   Ind.Mean    Ind.Std      Min      Max
-----------------------------------------------------------------
  contradiction      9.407        nan        nan      nan      nan
     entailment     11.036        nan        nan      nan      nan
        neutral     10.419        nan        nan      nan      nan

Range Comparison:
  Individual PHD range: 68820.120338
  Global baseline range: 1.628684
  Range ratio (ind/global): 42255.047

Results saved to: phd_method/individual_classification_results/subtoken_classification_test_results.pt

=== TESTS RAN SUCCESSFULLY ===

Job finished.
