Starting TDA integration job...
Job ID: 176835
Node: gpuvm17
Time: Mon 23 Jun 17:25:12 BST 2025
Loading CUDA...
Activating conda environment...
Activated conda environment: /vol/bitbucket/ahb24/tda_entailment_new
Python location: /vol/bitbucket/ahb24/tda_entailment_new/bin/python
Checking GPU availability...
Mon Jun 23 17:25:14 2025       
+-----------------------------------------------------------------------------------------+
| NVIDIA-SMI 550.120                Driver Version: 550.120        CUDA Version: 12.4     |
|-----------------------------------------+------------------------+----------------------+
| GPU  Name                 Persistence-M | Bus-Id          Disp.A | Volatile Uncorr. ECC |
| Fan  Temp   Perf          Pwr:Usage/Cap |           Memory-Usage | GPU-Util  Compute M. |
|                                         |                        |               MIG M. |
|=========================================+========================+======================|
|   0  Tesla T4                       Off |   00000000:00:07.0 Off |                    0 |
| N/A   32C    P8              9W /   70W |       1MiB /  15360MiB |      0%      Default |
|                                         |                        |                  N/A |
+-----------------------------------------+------------------------+----------------------+
                                                                                         
+-----------------------------------------------------------------------------------------+
| Processes:                                                                              |
|  GPU   GI   CI        PID   Type   Process name                              GPU Memory |
|        ID   ID                                                               Usage      |
|=========================================================================================|
|  No running processes found                                                             |
+-----------------------------------------------------------------------------------------+


Starting embedding tests...
Loading global baselines from: phd_method/class_phd_results/snli_10k_subset_enhanced_multilayer_hdim0.pt
Loaded global baselines:
  entailment: 13.302325
  contradiction: 10.156465
  neutral: 11.579885
Loading enhanced subtoken data...

Computing individual PHDs for calibration...
Using 500 samples per class

Processing class: neutral
  Computing PHD 1/500
  Computing PHD 51/500
  Computing PHD 101/500
  Computing PHD 151/500
  Computing PHD 201/500
  Computing PHD 251/500
  Computing PHD 301/500
  Computing PHD 351/500
  Computing PHD 401/500
  Computing PHD 451/500
  Successful computations: 500/500
  NaN computations: 0
  PHD range: 1.706 - 8.344
  Mean PHD: 3.126

Processing class: entailment
  Computing PHD 1/500
  Computing PHD 51/500
  Computing PHD 101/500
  Computing PHD 151/500
  Computing PHD 201/500
  Computing PHD 251/500
  Computing PHD 301/500
  Computing PHD 351/500
  Computing PHD 401/500
  Computing PHD 451/500
  Successful computations: 499/500
  NaN computations: 1
  PHD range: 1.606 - 10.459
  Mean PHD: 3.120

Processing class: contradiction
  Computing PHD 1/500
  Computing PHD 51/500
  Computing PHD 101/500
  Computing PHD 151/500
  Computing PHD 201/500
  Computing PHD 251/500
  Computing PHD 301/500
  Computing PHD 351/500
  Computing PHD 401/500
  Computing PHD 451/500
  Successful computations: 500/500
  NaN computations: 0
  PHD range: 1.484 - 109.722
  Mean PHD: 3.326

============================================================
COMPUTING CALIBRATION STATISTICS
============================================================
Overall Statistics:
  Individual PHDs - Mean: 3.190509, Std: 2.829805
  Global Baselines - Mean: 11.679558
  Scale Factor (Global/Individual): 3.661

Class-Specific Calibration:
          Class     Global   Ind.Mean    Ind.Std    Scale     Offset
---------------------------------------------------------------------------
     entailment     13.302      3.120      0.820    4.264     10.182
  contradiction     10.156      3.326      4.794    3.054      6.831
        neutral     11.580      3.126      0.573    3.705      8.454

Calibration factors computed successfully!

================================================================================
TESTING CALIBRATION METHOD: GLOBAL_OFFSET
================================================================================

Testing calibrated classification with method: global_offset
Using 2997 samples for testing
  Testing sample 1/2997
  Testing sample 101/2997
  Testing sample 201/2997
  Testing sample 301/2997
  Testing sample 401/2997
  Testing sample 501/2997
  Testing sample 601/2997
  Testing sample 701/2997
  Testing sample 801/2997
  Testing sample 901/2997
  Testing sample 1001/2997
  Testing sample 1101/2997
  Testing sample 1201/2997
  Testing sample 1301/2997
  Testing sample 1401/2997
  Testing sample 1501/2997
  Testing sample 1601/2997
  Testing sample 1701/2997
  Testing sample 1801/2997
  Testing sample 1901/2997
  Testing sample 2001/2997
  Testing sample 2101/2997
  Testing sample 2201/2997
  Testing sample 2301/2997
  Testing sample 2401/2997
  Testing sample 2501/2997
  Testing sample 2601/2997
  Testing sample 2701/2997
  Testing sample 2801/2997
  Testing sample 2901/2997

Classification Summary:
  Successful classifications: 2997
  Failed computations: 0

============================================================
CALIBRATED CLASSIFICATION ANALYSIS
============================================================
Overall Accuracy: 0.328 (983/2997)

Detailed Classification Report:
               precision    recall  f1-score   support

contradiction       0.29      0.07      0.12       999
   entailment       0.28      0.06      0.09       999
      neutral       0.34      0.86      0.48       999
      unknown       0.00      0.00      0.00         0

     accuracy                           0.33      2997
    macro avg       0.23      0.25      0.17      2997
 weighted avg       0.30      0.33      0.23      2997


Calibrated PHD Distribution Analysis:
          Class     Global   Cal.Mean    Cal.Std      Min      Max
----------------------------------------------------------------------
  contradiction     10.156     11.671      0.700    9.853   17.142
     entailment     13.302        nan        nan      nan      nan
        neutral     11.580        nan        nan      nan      nan

Range Comparison After Calibration:
  Calibrated PHD range: 17.555831
  Global baseline range: 3.145861
  Range ratio (cal/global): 5.581

================================================================================
TESTING CALIBRATION METHOD: GLOBAL_SCALING
================================================================================

Testing calibrated classification with method: global_scaling
Using 2997 samples for testing
  Testing sample 1/2997
  Testing sample 101/2997
  Testing sample 201/2997
  Testing sample 301/2997
  Testing sample 401/2997
  Testing sample 501/2997
  Testing sample 601/2997
  Testing sample 701/2997
  Testing sample 801/2997
  Testing sample 901/2997
  Testing sample 1001/2997
  Testing sample 1101/2997
  Testing sample 1201/2997
  Testing sample 1301/2997
  Testing sample 1401/2997
  Testing sample 1501/2997
  Testing sample 1601/2997
  Testing sample 1701/2997
  Testing sample 1801/2997
  Testing sample 1901/2997
  Testing sample 2001/2997
  Testing sample 2101/2997
  Testing sample 2201/2997
  Testing sample 2301/2997
  Testing sample 2401/2997
  Testing sample 2501/2997
  Testing sample 2601/2997
  Testing sample 2701/2997
  Testing sample 2801/2997
  Testing sample 2901/2997

Classification Summary:
  Successful classifications: 2997
  Failed computations: 0

============================================================
CALIBRATED CLASSIFICATION ANALYSIS
============================================================
Overall Accuracy: 0.315 (943/2997)

Detailed Classification Report:
               precision    recall  f1-score   support

contradiction       0.30      0.37      0.33       999
   entailment       0.29      0.23      0.26       999
      neutral       0.35      0.35      0.35       999
      unknown       0.00      0.00      0.00         0

     accuracy                           0.31      2997
    macro avg       0.24      0.24      0.23      2997
 weighted avg       0.31      0.31      0.31      2997


Calibrated PHD Distribution Analysis:
          Class     Global   Cal.Mean    Cal.Std      Min      Max
----------------------------------------------------------------------
  contradiction     10.156     11.649      2.561    4.994   31.677
     entailment     13.302        nan        nan      nan      nan
        neutral     11.580        nan        nan      nan      nan

Range Comparison After Calibration:
  Calibrated PHD range: 64.266970
  Global baseline range: 3.145861
  Range ratio (cal/global): 20.429

Calibration system saved to: phd_method/phd_data/individual_classification_results/phd_calibration_system.pt

============================================================
CALIBRATION SYSTEM COMPLETE
============================================================
Individual PHDs computed for training samples
Calibration factors calculated
Multiple calibration methods tested
System saved for future use

=== TESTS RAN SUCCESSFULLY ===

Job finished.
