Starting TDA integration job...
Job ID: 176666
Node: gpuvm17
Time: Mon 23 Jun 09:04:03 BST 2025
Loading CUDA...
Activating conda environment...
Activated conda environment: /vol/bitbucket/ahb24/tda_entailment_new
Python location: /vol/bitbucket/ahb24/tda_entailment_new/bin/python
Checking GPU availability...
Mon Jun 23 09:04:05 2025       
+-----------------------------------------------------------------------------------------+
| NVIDIA-SMI 550.120                Driver Version: 550.120        CUDA Version: 12.4     |
|-----------------------------------------+------------------------+----------------------+
| GPU  Name                 Persistence-M | Bus-Id          Disp.A | Volatile Uncorr. ECC |
| Fan  Temp   Perf          Pwr:Usage/Cap |           Memory-Usage | GPU-Util  Compute M. |
|                                         |                        |               MIG M. |
|=========================================+========================+======================|
|   0  Tesla T4                       Off |   00000000:00:06.0 Off |                    0 |
| N/A   30C    P8              9W /   70W |       1MiB /  15360MiB |      0%      Default |
|                                         |                        |                  N/A |
+-----------------------------------------+------------------------+----------------------+
                                                                                         
+-----------------------------------------------------------------------------------------+
| Processes:                                                                              |
|  GPU   GI   CI        PID   Type   Process name                              GPU Memory |
|        ID   ID                                                               Usage      |
|=========================================================================================|
|  No running processes found                                                             |
+-----------------------------------------------------------------------------------------+

Testing required packages...
All required files found!

Starting embedding tests...
Loading processed data...
============================================================
COMPARING PHD CLASSIFICATION METHODS
============================================================
Testing Synthetic Neighbourhood method...

SYNTHETIC NEIGHBOURHOOD RESULTS:
Overall accuracy: 0.322
  entailment: 0.096 (n=177)
  neutral: 0.000 (n=165)
  contradiction: 0.911 (n=158)
Testing Multi-Scale Decomposition method...
ERROR - PHD SCORE FOR SAMPLE RETURNED AS NAN

Job finished.
