Starting TDA integration job...
Job ID: 176751
Node: gpuvm24
Time: Mon 23 Jun 14:48:09 BST 2025
Loading CUDA...
Activating conda environment...
Activated conda environment: /vol/bitbucket/ahb24/tda_entailment_new
Python location: /vol/bitbucket/ahb24/tda_entailment_new/bin/python
Checking GPU availability...
Mon Jun 23 14:48:11 2025       
+-----------------------------------------------------------------------------------------+
| NVIDIA-SMI 550.120                Driver Version: 550.120        CUDA Version: 12.4     |
|-----------------------------------------+------------------------+----------------------+
| GPU  Name                 Persistence-M | Bus-Id          Disp.A | Volatile Uncorr. ECC |
| Fan  Temp   Perf          Pwr:Usage/Cap |           Memory-Usage | GPU-Util  Compute M. |
|                                         |                        |               MIG M. |
|=========================================+========================+======================|
|   0  Tesla T4                       Off |   00000000:00:07.0 Off |                    0 |
| N/A   32C    P8             10W /   70W |       1MiB /  15360MiB |      0%      Default |
|                                         |                        |                  N/A |
+-----------------------------------------+------------------------+----------------------+
                                                                                         
+-----------------------------------------------------------------------------------------+
| Processes:                                                                              |
|  GPU   GI   CI        PID   Type   Process name                              GPU Memory |
|        ID   ID                                                               Usage      |
|=========================================================================================|
|  No running processes found                                                             |
+-----------------------------------------------------------------------------------------+

Testing required packages...

Checking for required input files...
All required files found!

Starting PHD computation...
PHD Computation Initialized:
Point range: 200 to 1000 (step: 50)
Homology dimension: 0
Alpha: 1.0, Seed: 42
Computing PHD for class contradiction...
Input shape: torch.Size([3330, 1536])
Using direct PHD computation
PHD Value for 'contradiction' = 22.791120
Computing PHD for class entailment...
Input shape: torch.Size([3330, 1536])
Using direct PHD computation
PHD Value for 'entailment' = 18.960741
Computing PHD for class neutral...
Input shape: torch.Size([3330, 1536])
Using direct PHD computation
PHD Value for 'neutral' = 20.814201
========================================
PHD COMPUTATION SUMMARY
========================================
  contradiction: 22.791120
     entailment: 18.960741
        neutral: 20.814201
========================================
PHD PATTERN ANALYSIS
========================================
  1. contradiction: 22.791120
  2. entailment: 18.960741
  3. neutral: 20.814201

=== PHD Comptutation SUCCESSFUL ===

Job finished.
