Starting TDA integration job...
Job ID: 176667
Node: gpuvm04
Time: Mon 23 Jun 09:12:47 BST 2025
Loading CUDA...
Activating conda environment...
Activated conda environment: /vol/bitbucket/ahb24/tda_entailment_new
Python location: /vol/bitbucket/ahb24/tda_entailment_new/bin/python
Checking GPU availability...
Mon Jun 23 09:12:49 2025       
+-----------------------------------------------------------------------------------------+
| NVIDIA-SMI 550.120                Driver Version: 550.120        CUDA Version: 12.4     |
|-----------------------------------------+------------------------+----------------------+
| GPU  Name                 Persistence-M | Bus-Id          Disp.A | Volatile Uncorr. ECC |
| Fan  Temp   Perf          Pwr:Usage/Cap |           Memory-Usage | GPU-Util  Compute M. |
|                                         |                        |               MIG M. |
|=========================================+========================+======================|
|   0  NVIDIA A30                     Off |   00000000:01:00.0 Off |                    0 |
| N/A   35C    P0             31W /  165W |       1MiB /  24576MiB |      0%      Default |
|                                         |                        |             Disabled |
+-----------------------------------------+------------------------+----------------------+
                                                                                         
+-----------------------------------------------------------------------------------------+
| Processes:                                                                              |
|  GPU   GI   CI        PID   Type   Process name                              GPU Memory |
|        ID   ID                                                               Usage      |
|=========================================================================================|
|  No running processes found                                                             |
+-----------------------------------------------------------------------------------------+

Testing required packages...

Checking for required input files...
All required files found!

Starting PHD computation...
PHD Computation Initialized:
Point range: 200 to 1000 (step: 50)
Homology dimension: 1
Alpha: 1.0, Seed: 42
Computing PHD for class contradiction...
Input shape: torch.Size([3330, 1536])
Using direct PHD computation
PHD Value for 'contradiction' = -7.284000
Computing PHD for class entailment...
Input shape: torch.Size([3330, 1536])
Using direct PHD computation
PHD Value for 'entailment' = -11.612353
Computing PHD for class neutral...
Input shape: torch.Size([3330, 1536])
Using direct PHD computation
PHD Value for 'neutral' = -5.416701
========================================
PHD COMPUTATION SUMMARY
========================================
  contradiction: -7.284000
     entailment: -11.612353
        neutral: -5.416701
========================================
PHD PATTERN ANALYSIS
========================================
  1. contradiction: -7.284000
  2. entailment: -11.612353
  3. neutral: -5.416701

=== PHD Comptutation SUCCESSFUL ===

Job finished.
