Starting TDA integration job...
Job ID: 176764
Node: gpuvm17
Time: Mon 23 Jun 15:03:43 BST 2025
Loading CUDA...
Activating conda environment...
Activated conda environment: /vol/bitbucket/ahb24/tda_entailment_new
Python location: /vol/bitbucket/ahb24/tda_entailment_new/bin/python
Checking GPU availability...
Mon Jun 23 15:03:45 2025       
+-----------------------------------------------------------------------------------------+
| NVIDIA-SMI 550.120                Driver Version: 550.120        CUDA Version: 12.4     |
|-----------------------------------------+------------------------+----------------------+
| GPU  Name                 Persistence-M | Bus-Id          Disp.A | Volatile Uncorr. ECC |
| Fan  Temp   Perf          Pwr:Usage/Cap |           Memory-Usage | GPU-Util  Compute M. |
|                                         |                        |               MIG M. |
|=========================================+========================+======================|
|   0  Tesla T4                       Off |   00000000:00:07.0 Off |                    0 |
| N/A   32C    P8              9W /   70W |       1MiB /  15360MiB |      0%      Default |
|                                         |                        |                  N/A |
+-----------------------------------------+------------------------+----------------------+
                                                                                         
+-----------------------------------------------------------------------------------------+
| Processes:                                                                              |
|  GPU   GI   CI        PID   Type   Process name                              GPU Memory |
|        ID   ID                                                               Usage      |
|=========================================================================================|
|  No running processes found                                                             |
+-----------------------------------------------------------------------------------------+

Testing required packages...

Checking for required input files...
All required files found!

Starting PHD computation...
PHD Computation Initialized:
Point range: 200 to 1000 (step: 50)
Homology dimension: 0
Alpha: 1.0, Seed: 42
Processing class: neutral
    Combining 3330 point clouds...
    Combined shape: torch.Size([93675, 768])
    Total points: 93,675
Computing PHD for class neutral...
Input shape: torch.Size([93675, 768])
Using direct PHD computation
PHD Value for 'neutral' = 10.419075
Processing class: entailment
    Combining 3330 point clouds...
    Combined shape: torch.Size([87911, 768])
    Total points: 87,911
Computing PHD for class entailment...
Input shape: torch.Size([87911, 768])
Using direct PHD computation
PHD Value for 'entailment' = 11.036059
Processing class: contradiction
    Combining 3330 point clouds...
    Combined shape: torch.Size([90981, 768])
    Total points: 90,981
Computing PHD for class contradiction...
Input shape: torch.Size([90981, 768])
Using direct PHD computation
PHD Value for 'contradiction' = 9.407375
========================================
PHD COMPUTATION SUMMARY
========================================
        neutral: 10.419075
     entailment: 11.036059
  contradiction: 9.407375
========================================
PHD PATTERN ANALYSIS
========================================
  1. contradiction: 9.407375
  2. entailment: 11.036059
  3. neutral: 10.419075

=== PHD Comptutation SUCCESSFUL ===

Job finished.
