Starting text processing test job...
Job ID: 176734
Node: gpuvm24
Time: Mon 23 Jun 14:22:38 BST 2025
Loading CUDA...
Activating conda environment...
Activated conda environment: /vol/bitbucket/ahb24/tda_entailment_new
Python location: /vol/bitbucket/ahb24/tda_entailment_new/bin/python
Conda info:

# conda environments:
#
base                   /homes/ahb24/miniconda3
                     * /vol/bitbucket/ahb24/tda_entailment_new

Checking GPU availability...
Mon Jun 23 14:22:41 2025       
+-----------------------------------------------------------------------------------------+
| NVIDIA-SMI 550.120                Driver Version: 550.120        CUDA Version: 12.4     |
|-----------------------------------------+------------------------+----------------------+
| GPU  Name                 Persistence-M | Bus-Id          Disp.A | Volatile Uncorr. ECC |
| Fan  Temp   Perf          Pwr:Usage/Cap |           Memory-Usage | GPU-Util  Compute M. |
|                                         |                        |               MIG M. |
|=========================================+========================+======================|
|   0  Tesla T4                       Off |   00000000:00:07.0 Off |                    0 |
| N/A   39C    P8              9W /   70W |       1MiB /  15360MiB |      0%      Default |
|                                         |                        |                  N/A |
+-----------------------------------------+------------------------+----------------------+
                                                                                         
+-----------------------------------------------------------------------------------------+
| Processes:                                                                              |
|  GPU   GI   CI        PID   Type   Process name                              GPU Memory |
|        ID   ID                                                               Usage      |
|=========================================================================================|
|  No running processes found                                                             |
+-----------------------------------------------------------------------------------------+

Running text_processing.py...
=== Testing single pair processing ===

Premise tokenization:
Text: 'A man is walking in the park.'
Number of tokens: 8
Tokens (first 20): ['A', 'Ġman', 'Ġis', 'Ġwalking', 'Ġin', 'Ġthe', 'Ġpark', '.']
Token IDs (first 20): [0, 250, 313, 16, 3051, 11, 5, 2221, 4, 2]

Hypothesis tokenization:
Text: 'Someone is outside.'
Number of tokens: 4
Tokens (first 20): ['Someone', 'Ġis', 'Ġoutside', '.']
Token IDs (first 20): [0, 29375, 16, 751, 4, 2]

=== Processing full dataset ===
Processing dataset: data/raw/snli/train/snli_10k_subset_balanced.json
Processing dataset with subtoken-level embeddings: data/raw/snli/train/snli_10k_subset_balanced.json...
Dataset contains 9990 premise-hypothesis pairs
Using concatenation method: sequential
Processing sample 0/9990
Processing sample 100/9990
Processing sample 200/9990
Processing sample 300/9990
Processing sample 400/9990
Processing sample 500/9990
Processing sample 600/9990
Processing sample 700/9990
Processing sample 800/9990
Processing sample 900/9990
Processing sample 1000/9990
Processing sample 1100/9990
Processing sample 1200/9990
Processing sample 1300/9990
Processing sample 1400/9990
Processing sample 1500/9990
Processing sample 1600/9990
Processing sample 1700/9990
Processing sample 1800/9990
Processing sample 1900/9990
Processing sample 2000/9990
Processing sample 2100/9990
Processing sample 2200/9990
Processing sample 2300/9990
Processing sample 2400/9990
Processing sample 2500/9990
Processing sample 2600/9990
Processing sample 2700/9990
Processing sample 2800/9990
Processing sample 2900/9990
Processing sample 3000/9990
Processing sample 3100/9990
Processing sample 3200/9990
Processing sample 3300/9990
Processing sample 3400/9990
Processing sample 3500/9990
Processing sample 3600/9990
Processing sample 3700/9990
Processing sample 3800/9990
Processing sample 3900/9990
Processing sample 4000/9990
Processing sample 4100/9990
Processing sample 4200/9990
Processing sample 4300/9990
Processing sample 4400/9990
Processing sample 4500/9990
Processing sample 4600/9990
Processing sample 4700/9990
Processing sample 4800/9990
Processing sample 4900/9990
Processing sample 5000/9990
Processing sample 5100/9990
Processing sample 5200/9990
Processing sample 5300/9990
Processing sample 5400/9990
Processing sample 5500/9990
Processing sample 5600/9990
Processing sample 5700/9990
Processing sample 5800/9990
Processing sample 5900/9990
Processing sample 6000/9990
Processing sample 6100/9990
Processing sample 6200/9990
Processing sample 6300/9990
Processing sample 6400/9990
Processing sample 6500/9990
Processing sample 6600/9990
Processing sample 6700/9990
Processing sample 6800/9990
Processing sample 6900/9990
Processing sample 7000/9990
Processing sample 7100/9990
Processing sample 7200/9990
Processing sample 7300/9990
Processing sample 7400/9990
Processing sample 7500/9990
Processing sample 7600/9990
Processing sample 7700/9990
Processing sample 7800/9990
Processing sample 7900/9990
Processing sample 8000/9990
Processing sample 8100/9990
Processing sample 8200/9990
Processing sample 8300/9990
Processing sample 8400/9990
Processing sample 8500/9990
Processing sample 8600/9990
Processing sample 8700/9990
Processing sample 8800/9990
Processing sample 8900/9990
Processing sample 9000/9990
Processing sample 9100/9990
Processing sample 9200/9990
Processing sample 9300/9990
Processing sample 9400/9990
Processing sample 9500/9990
Processing sample 9600/9990
Processing sample 9700/9990
Processing sample 9800/9990
Processing sample 9900/9990
Point cloud statistics:
  Average points per sample: 27.3
  Min points: 11
  Max points: 96
  Embedding dimension: 768
Class 'neutral': 3330 samples, avg 28.1 points per sample
Class 'entailment': 3330 samples, avg 26.4 points per sample
Class 'contradiction': 3330 samples, avg 27.3 points per sample
Subtoken-level dataset processing complete

=== Validating processed data ===
Point cloud validation:
  Total samples: 9990
  Average points per sample: 27.283983983983983
  Min/Max points: 11/96
  Embedding dimension: 768
Minimum points (11) should be sufficient for PHD
No NaN values detected in sample point clouds
Sample embedding range: [-8.702, 12.201]
Point cloud validation complete
Saved processed subtoken-level data to phd_method/phd_data/processed/snli_10k_subset_balanced_roberta_subtokenized.pt

Text processing completed!
Time: Mon 23 Jun 14:26:18 BST 2025
Files created in data/processed:
total 122696
drwxr-xr-x 2 ahb24 mcs       96 Jun 20 09:43 .
drwxr-xr-x 5 ahb24 mcs      127 Jun 18 12:07 ..
-rw-r--r-- 1 ahb24 mcs 62817406 Jun 18 12:12 snli_10k_subset_balanced.pt
-rw-r--r-- 1 ahb24 mcs 62817454 Jun 20 09:43 snli_10k_subset_balanced_roberta.pt
Job finished.
