Starting TDA integration job...
Job ID: 177688
Node: gpuvm13
Time: Thu 26 Jun 14:51:09 BST 2025
Loading CUDA...
Activating conda environment...
Activated conda environment: /vol/bitbucket/ahb24/tda_entailment_new
Python location: /vol/bitbucket/ahb24/tda_entailment_new/bin/python
Checking GPU availability...
Thu Jun 26 14:51:11 2025       
+-----------------------------------------------------------------------------------------+
| NVIDIA-SMI 550.120                Driver Version: 550.120        CUDA Version: 12.4     |
|-----------------------------------------+------------------------+----------------------+
| GPU  Name                 Persistence-M | Bus-Id          Disp.A | Volatile Uncorr. ECC |
| Fan  Temp   Perf          Pwr:Usage/Cap |           Memory-Usage | GPU-Util  Compute M. |
|                                         |                        |               MIG M. |
|=========================================+========================+======================|
|   0  Tesla T4                       Off |   00000000:00:08.0 Off |                    0 |
| N/A   34C    P8             10W /   70W |       1MiB /  15360MiB |      0%      Default |
|                                         |                        |                  N/A |
+-----------------------------------------+------------------------+----------------------+
                                                                                         
+-----------------------------------------------------------------------------------------+
| Processes:                                                                              |
|  GPU   GI   CI        PID   Type   Process name                              GPU Memory |
|        ID   ID                                                               Usage      |
|=========================================================================================|
|  No running processes found                                                             |
+-----------------------------------------------------------------------------------------+

Testing required packages...

Checking for required input files...
All required files found!

Starting PHD computation...
PHD Computation Initialized:
Point range: 200 to 1000 (step: 50)
Homology dimension: 2
Alpha: 1.0, Seed: 42
Computing PHD for class contradiction...
Input shape: torch.Size([183187, 1536])
Using direct PHD computation
PHD Value for 'contradiction' = -2.993101
Computing PHD for class neutral...
Input shape: torch.Size([182764, 1536])
Using direct PHD computation
PHD Value for 'neutral' = -1.701399
Computing PHD for class entailment...
Input shape: torch.Size([183416, 1536])
Using direct PHD computation
PHD Value for 'entailment' = -1.434053
========================================
PHD COMPUTATION SUMMARY
========================================
  contradiction: -2.993101
        neutral: -1.701399
     entailment: -1.434053
========================================
PHD PATTERN ANALYSIS
========================================
  1. contradiction: -2.993101
  2. entailment: -1.434053
  3. neutral: -1.701399

=== PHD Comptutation SUCCESSFUL ===

Job finished.
