Starting Surface Distance Metric Analysis job...
Job ID: 181759
Node: gpuvm15
Time: Fri 11 Jul 23:04:34 BST 2025
Loading CUDA...
Activating conda environment...
Activated conda environment: /vol/bitbucket/ahb24/tda_entailment_new
Python location: /vol/bitbucket/ahb24/tda_entailment_new/bin/python
Checking GPU availability...
Fri Jul 11 23:04:36 2025       
+-----------------------------------------------------------------------------------------+
| NVIDIA-SMI 570.133.07             Driver Version: 570.133.07     CUDA Version: 12.8     |
|-----------------------------------------+------------------------+----------------------+
| GPU  Name                 Persistence-M | Bus-Id          Disp.A | Volatile Uncorr. ECC |
| Fan  Temp   Perf          Pwr:Usage/Cap |           Memory-Usage | GPU-Util  Compute M. |
|                                         |                        |               MIG M. |
|=========================================+========================+======================|
|   0  Tesla T4                       Off |   00000000:00:06.0 Off |                    0 |
| N/A   40C    P8              9W /   70W |       0MiB /  15360MiB |      0%      Default |
|                                         |                        |                  N/A |
+-----------------------------------------+------------------------+----------------------+
                                                                                         
+-----------------------------------------------------------------------------------------+
| Processes:                                                                              |
|  GPU   GI   CI              PID   Type   Process name                        GPU Memory |
|        ID   ID                                                               Usage      |
|=========================================================================================|
|  No running processes found                                                             |
+-----------------------------------------------------------------------------------------+

Testing PyTorch and CUDA...
PyTorch version: 2.4.1
CUDA available: True
CUDA device: Tesla T4
GPU memory: 15.6 GB
PyTorch setup verified!

Starting AutoEncoder Pipeline...

SUPERVISED CONTRASTIVE AUTOENCODER - FULL PIPELINE
============================================================
Start time: 2025-07-11 23:05:22.854276

Using device: cuda
Experiment setup complete: entailment_surfaces/supervised_contrastive_autoencoder/experiments/contrastive_autoencoder_20250711_230522
Loading SNLI data...
==================================================
Starting data loading pipeline...
==================================================
Loading training data from data/processed/snli_full_standard_SBERT.pt
Loaded 549367 training samples
Loading validation data from data/processed/snli_full_standard_SBERT_validation.pt
Loaded 9842 validation samples
Loading test data from data/processed/snli_full_standard_SBERT_test.pt
Loaded 9824 test samples
Generating lattice containment embeddings for training...
Generating lattice containment embeddings on cuda
Processing 549367 samples in batches of 1000
Processing batch 1/550
Processing batch 2/550
Processing batch 3/550
Processing batch 4/550
Processing batch 5/550
Processing batch 6/550
Processing batch 7/550
Processing batch 8/550
Processing batch 9/550
Processing batch 10/550
Processing batch 11/550
Processing batch 12/550
Processing batch 13/550
Processing batch 14/550
Processing batch 15/550
Processing batch 16/550
Processing batch 17/550
Processing batch 18/550
Processing batch 19/550
Processing batch 20/550
Processing batch 21/550
Processing batch 22/550
Processing batch 23/550
Processing batch 24/550
Processing batch 25/550
Processing batch 26/550
Processing batch 27/550
Processing batch 28/550
Processing batch 29/550
Processing batch 30/550
Processing batch 31/550
Processing batch 32/550
Processing batch 33/550
Processing batch 34/550
Processing batch 35/550
Processing batch 36/550
Processing batch 37/550
Processing batch 38/550
Processing batch 39/550
Processing batch 40/550
Processing batch 41/550
Processing batch 42/550
Processing batch 43/550
Processing batch 44/550
Processing batch 45/550
Processing batch 46/550
Processing batch 47/550
Processing batch 48/550
Processing batch 49/550
Processing batch 50/550
Processing batch 51/550
Processing batch 52/550
Processing batch 53/550
Processing batch 54/550
Processing batch 55/550
Processing batch 56/550
Processing batch 57/550
Processing batch 58/550
Processing batch 59/550
Processing batch 60/550
Processing batch 61/550
Processing batch 62/550
Processing batch 63/550
Processing batch 64/550
Processing batch 65/550
Processing batch 66/550
Processing batch 67/550
Processing batch 68/550
Processing batch 69/550
Processing batch 70/550
Processing batch 71/550
Processing batch 72/550
Processing batch 73/550
Processing batch 74/550
Processing batch 75/550
Processing batch 76/550
Processing batch 77/550
Processing batch 78/550
Processing batch 79/550
Processing batch 80/550
Processing batch 81/550
Processing batch 82/550
Processing batch 83/550
Processing batch 84/550
Processing batch 85/550
Processing batch 86/550
Processing batch 87/550
Processing batch 88/550
Processing batch 89/550
Processing batch 90/550
Processing batch 91/550
Processing batch 92/550
Processing batch 93/550
Processing batch 94/550
Processing batch 95/550
Processing batch 96/550
Processing batch 97/550
Processing batch 98/550
Processing batch 99/550
Processing batch 100/550
Processing batch 101/550
Processing batch 102/550
Processing batch 103/550
Processing batch 104/550
Processing batch 105/550
Processing batch 106/550
Processing batch 107/550
Processing batch 108/550
Processing batch 109/550
Processing batch 110/550
Processing batch 111/550
Processing batch 112/550
Processing batch 113/550
Processing batch 114/550
Processing batch 115/550
Processing batch 116/550
Processing batch 117/550
Processing batch 118/550
Processing batch 119/550
Processing batch 120/550
Processing batch 121/550
Processing batch 122/550
Processing batch 123/550
Processing batch 124/550
Processing batch 125/550
Processing batch 126/550
Processing batch 127/550
Processing batch 128/550
Processing batch 129/550
Processing batch 130/550
Processing batch 131/550
Processing batch 132/550
Processing batch 133/550
Processing batch 134/550
Processing batch 135/550
Processing batch 136/550
Processing batch 137/550
Processing batch 138/550
Processing batch 139/550
Processing batch 140/550
Processing batch 141/550
Processing batch 142/550
Processing batch 143/550
Processing batch 144/550
Processing batch 145/550
Processing batch 146/550
Processing batch 147/550
Processing batch 148/550
Processing batch 149/550
Processing batch 150/550
Processing batch 151/550
Processing batch 152/550
Processing batch 153/550
Processing batch 154/550
Processing batch 155/550
Processing batch 156/550
Processing batch 157/550
Processing batch 158/550
Processing batch 159/550
Processing batch 160/550
Processing batch 161/550
Processing batch 162/550
Processing batch 163/550
Processing batch 164/550
Processing batch 165/550
Processing batch 166/550
Processing batch 167/550
Processing batch 168/550
Processing batch 169/550
Processing batch 170/550
Processing batch 171/550
Processing batch 172/550
Processing batch 173/550
Processing batch 174/550
Processing batch 175/550
Processing batch 176/550
Processing batch 177/550
Processing batch 178/550
Processing batch 179/550
Processing batch 180/550
Processing batch 181/550
Processing batch 182/550
Processing batch 183/550
Processing batch 184/550
Processing batch 185/550
Processing batch 186/550
Processing batch 187/550
Processing batch 188/550
Processing batch 189/550
Processing batch 190/550
Processing batch 191/550
Processing batch 192/550
Processing batch 193/550
Processing batch 194/550
Processing batch 195/550
Processing batch 196/550
Processing batch 197/550
Processing batch 198/550
Processing batch 199/550
Processing batch 200/550
Processing batch 201/550
Processing batch 202/550
Processing batch 203/550
Processing batch 204/550
Processing batch 205/550
Processing batch 206/550
Processing batch 207/550
Processing batch 208/550
Processing batch 209/550
Processing batch 210/550
Processing batch 211/550
Processing batch 212/550
Processing batch 213/550
Processing batch 214/550
Processing batch 215/550
Processing batch 216/550
Processing batch 217/550
Processing batch 218/550
Processing batch 219/550
Processing batch 220/550
Processing batch 221/550
Processing batch 222/550
Processing batch 223/550
Processing batch 224/550
Processing batch 225/550
Processing batch 226/550
Processing batch 227/550
Processing batch 228/550
Processing batch 229/550
Processing batch 230/550
Processing batch 231/550
Processing batch 232/550
Processing batch 233/550
Processing batch 234/550
Processing batch 235/550
Processing batch 236/550
Processing batch 237/550
Processing batch 238/550
Processing batch 239/550
Processing batch 240/550
Processing batch 241/550
Processing batch 242/550
Processing batch 243/550
Processing batch 244/550
Processing batch 245/550
Processing batch 246/550
Processing batch 247/550
Processing batch 248/550
Processing batch 249/550
Processing batch 250/550
Processing batch 251/550
Processing batch 252/550
Processing batch 253/550
Processing batch 254/550
Processing batch 255/550
Processing batch 256/550
Processing batch 257/550
Processing batch 258/550
Processing batch 259/550
Processing batch 260/550
Processing batch 261/550
Processing batch 262/550
Processing batch 263/550
Processing batch 264/550
Processing batch 265/550
Processing batch 266/550
Processing batch 267/550
Processing batch 268/550
Processing batch 269/550
Processing batch 270/550
Processing batch 271/550
Processing batch 272/550
Processing batch 273/550
Processing batch 274/550
Processing batch 275/550
Processing batch 276/550
Processing batch 277/550
Processing batch 278/550
Processing batch 279/550
Processing batch 280/550
Processing batch 281/550
Processing batch 282/550
Processing batch 283/550
Processing batch 284/550
Processing batch 285/550
Processing batch 286/550
Processing batch 287/550
Processing batch 288/550
Processing batch 289/550
Processing batch 290/550
Processing batch 291/550
Processing batch 292/550
Processing batch 293/550
Processing batch 294/550
Processing batch 295/550
Processing batch 296/550
Processing batch 297/550
Processing batch 298/550
Processing batch 299/550
Processing batch 300/550
Processing batch 301/550
Processing batch 302/550
Processing batch 303/550
Processing batch 304/550
Processing batch 305/550
Processing batch 306/550
Processing batch 307/550
Processing batch 308/550
Processing batch 309/550
Processing batch 310/550
Processing batch 311/550
Processing batch 312/550
Processing batch 313/550
Processing batch 314/550
Processing batch 315/550
Processing batch 316/550
Processing batch 317/550
Processing batch 318/550
Processing batch 319/550
Processing batch 320/550
Processing batch 321/550
Processing batch 322/550
Processing batch 323/550
Processing batch 324/550
Processing batch 325/550
Processing batch 326/550
Processing batch 327/550
Processing batch 328/550
Processing batch 329/550
Processing batch 330/550
Processing batch 331/550
Processing batch 332/550
Processing batch 333/550
Processing batch 334/550
Processing batch 335/550
Processing batch 336/550
Processing batch 337/550
Processing batch 338/550
Processing batch 339/550
Processing batch 340/550
Processing batch 341/550
Processing batch 342/550
Processing batch 343/550
Processing batch 344/550
Processing batch 345/550
Processing batch 346/550
Processing batch 347/550
Processing batch 348/550
Processing batch 349/550
Processing batch 350/550
Processing batch 351/550
Processing batch 352/550
Processing batch 353/550
Processing batch 354/550
Processing batch 355/550
Processing batch 356/550
Processing batch 357/550
Processing batch 358/550
Processing batch 359/550
Processing batch 360/550
Processing batch 361/550
Processing batch 362/550
Processing batch 363/550
Processing batch 364/550
Processing batch 365/550
Processing batch 366/550
Processing batch 367/550
Processing batch 368/550
Processing batch 369/550
Processing batch 370/550
Processing batch 371/550
Processing batch 372/550
Processing batch 373/550
Processing batch 374/550
Processing batch 375/550
Processing batch 376/550
Processing batch 377/550
Processing batch 378/550
Processing batch 379/550
Processing batch 380/550
Processing batch 381/550
Processing batch 382/550
Processing batch 383/550
Processing batch 384/550
Processing batch 385/550
Processing batch 386/550
Processing batch 387/550
Processing batch 388/550
Processing batch 389/550
Processing batch 390/550
Processing batch 391/550
Processing batch 392/550
Processing batch 393/550
Processing batch 394/550
Processing batch 395/550
Processing batch 396/550
Processing batch 397/550
Processing batch 398/550
Processing batch 399/550
Processing batch 400/550
Processing batch 401/550
Processing batch 402/550
Processing batch 403/550
Processing batch 404/550
Processing batch 405/550
Processing batch 406/550
Processing batch 407/550
Processing batch 408/550
Processing batch 409/550
Processing batch 410/550
Processing batch 411/550
Processing batch 412/550
Processing batch 413/550
Processing batch 414/550
Processing batch 415/550
Processing batch 416/550
Processing batch 417/550
Processing batch 418/550
Processing batch 419/550
Processing batch 420/550
Processing batch 421/550
Processing batch 422/550
Processing batch 423/550
Processing batch 424/550
Processing batch 425/550
Processing batch 426/550
Processing batch 427/550
Processing batch 428/550
Processing batch 429/550
Processing batch 430/550
Processing batch 431/550
Processing batch 432/550
Processing batch 433/550
Processing batch 434/550
Processing batch 435/550
Processing batch 436/550
Processing batch 437/550
Processing batch 438/550
Processing batch 439/550
Processing batch 440/550
Processing batch 441/550
Processing batch 442/550
Processing batch 443/550
Processing batch 444/550
Processing batch 445/550
Processing batch 446/550
Processing batch 447/550
Processing batch 448/550
Processing batch 449/550
Processing batch 450/550
Processing batch 451/550
Processing batch 452/550
Processing batch 453/550
Processing batch 454/550
Processing batch 455/550
Processing batch 456/550
Processing batch 457/550
Processing batch 458/550
Processing batch 459/550
Processing batch 460/550
Processing batch 461/550
Processing batch 462/550
Processing batch 463/550
Processing batch 464/550
Processing batch 465/550
Processing batch 466/550
Processing batch 467/550
Processing batch 468/550
Processing batch 469/550
Processing batch 470/550
Processing batch 471/550
Processing batch 472/550
Processing batch 473/550
Processing batch 474/550
Processing batch 475/550
Processing batch 476/550
Processing batch 477/550
Processing batch 478/550
Processing batch 479/550
Processing batch 480/550
Processing batch 481/550
Processing batch 482/550
Processing batch 483/550
Processing batch 484/550
Processing batch 485/550
Processing batch 486/550
Processing batch 487/550
Processing batch 488/550
Processing batch 489/550
Processing batch 490/550
Processing batch 491/550
Processing batch 492/550
Processing batch 493/550
Processing batch 494/550
Processing batch 495/550
Processing batch 496/550
Processing batch 497/550
Processing batch 498/550
Processing batch 499/550
Processing batch 500/550
Processing batch 501/550
Processing batch 502/550
Processing batch 503/550
Processing batch 504/550
Processing batch 505/550
Processing batch 506/550
Processing batch 507/550
Processing batch 508/550
Processing batch 509/550
Processing batch 510/550
Processing batch 511/550
Processing batch 512/550
Processing batch 513/550
Processing batch 514/550
Processing batch 515/550
Processing batch 516/550
Processing batch 517/550
Processing batch 518/550
Processing batch 519/550
Processing batch 520/550
Processing batch 521/550
Processing batch 522/550
Processing batch 523/550
Processing batch 524/550
Processing batch 525/550
Processing batch 526/550
Processing batch 527/550
Processing batch 528/550
Processing batch 529/550
Processing batch 530/550
Processing batch 531/550
Processing batch 532/550
Processing batch 533/550
Processing batch 534/550
Processing batch 535/550
Processing batch 536/550
Processing batch 537/550
Processing batch 538/550
Processing batch 539/550
Processing batch 540/550
Processing batch 541/550
Processing batch 542/550
Processing batch 543/550
Processing batch 544/550
Processing batch 545/550
Processing batch 546/550
Processing batch 547/550
Processing batch 548/550
Processing batch 549/550
Processing batch 550/550
Generated lattice embeddings shape: torch.Size([549367, 768])
Generating lattice containment embeddings for validation...
Generating lattice containment embeddings on cuda
Processing 9842 samples in batches of 1000
Processing batch 1/10
Processing batch 2/10
Processing batch 3/10
Processing batch 4/10
Processing batch 5/10
Processing batch 6/10
Processing batch 7/10
Processing batch 8/10
Processing batch 9/10
Processing batch 10/10
Generated lattice embeddings shape: torch.Size([9842, 768])
Generating lattice containment embeddings for test...
Generating lattice containment embeddings on cuda
Processing 9824 samples in batches of 1000
Processing batch 1/10
Processing batch 2/10
Processing batch 3/10
Processing batch 4/10
Processing batch 5/10
Processing batch 6/10
Processing batch 7/10
Processing batch 8/10
Processing batch 9/10
Processing batch 10/10
Generated lattice embeddings shape: torch.Size([9824, 768])

Dataset Statistics:
------------------------------
Train: {'entailment': 183416, 'neutral': 182764, 'contradiction': 183187}
Validation: {'entailment': 3329, 'neutral': 3235, 'contradiction': 3278}
Test: {'entailment': 3368, 'neutral': 3219, 'contradiction': 3237}

Data loading pipeline completed!
Creating balanced data loaders...
Batch size: 30
Samples per class per batch: 10
Effective batch size: 30
BalancedBatchSampler initialized:
  Classes: [2, 0, 1]
  Samples per class: 10
  Batch size: 30
  Number of batches: 18276
  Class 2: 183187 samples
  Class 0: 183416 samples
  Class 1: 182764 samples
BalancedBatchSampler initialized:
  Classes: [2, 0, 1]
  Samples per class: 10
  Batch size: 30
  Number of batches: 323
  Class 2: 3278 samples
  Class 0: 3329 samples
  Class 1: 3235 samples
Data loading completed!
Train: 549367 samples
Val: 9842 samples
Test: 9824 samples
Creating model and trainer...
==================================================
Model created with 1,089,355 parameters
Loss function created (α=1.0)
Optimizer created (lr=0.001)
Trainer initialized on device: cuda
Model parameters: 1,089,355
Starting model training...
==================================================
Starting SIMPLIFIED training (pure contrastive loss)...
==================================================

Epoch 1/50
------------------------------
Batch 0/18276: Loss = 24.8457 (C: 24.8457, R: 0.0000)
Batch 100/18276: Loss = 22.9810 (C: 22.9810, R: 0.0000)
Batch 200/18276: Loss = 23.4779 (C: 23.4779, R: 0.0000)
Batch 300/18276: Loss = 23.3437 (C: 23.3437, R: 0.0000)
Batch 400/18276: Loss = 23.4069 (C: 23.4069, R: 0.0000)
Batch 500/18276: Loss = 23.9328 (C: 23.9328, R: 0.0000)
Batch 600/18276: Loss = 23.5601 (C: 23.5601, R: 0.0000)
Batch 700/18276: Loss = 22.9070 (C: 22.9070, R: 0.0000)
Batch 800/18276: Loss = 23.8696 (C: 23.8696, R: 0.0000)
Batch 900/18276: Loss = 24.1026 (C: 24.1026, R: 0.0000)
Batch 1000/18276: Loss = 23.3953 (C: 23.3953, R: 0.0000)
Batch 1100/18276: Loss = 23.5105 (C: 23.5105, R: 0.0000)
Batch 1200/18276: Loss = 24.0224 (C: 24.0224, R: 0.0000)
Batch 1300/18276: Loss = 23.2961 (C: 23.2961, R: 0.0000)
Batch 1400/18276: Loss = 23.9229 (C: 23.9229, R: 0.0000)
Batch 1500/18276: Loss = 23.0641 (C: 23.0641, R: 0.0000)
Batch 1600/18276: Loss = 23.3649 (C: 23.3649, R: 0.0000)
Batch 1700/18276: Loss = 23.4240 (C: 23.4240, R: 0.0000)
Batch 1800/18276: Loss = 23.0957 (C: 23.0957, R: 0.0000)
Batch 1900/18276: Loss = 22.9043 (C: 22.9043, R: 0.0000)
Batch 2000/18276: Loss = 23.8027 (C: 23.8027, R: 0.0000)
Batch 2100/18276: Loss = 23.5051 (C: 23.5051, R: 0.0000)
Batch 2200/18276: Loss = 23.6417 (C: 23.6417, R: 0.0000)
Batch 2300/18276: Loss = 22.7422 (C: 22.7422, R: 0.0000)
Batch 2400/18276: Loss = 24.7006 (C: 24.7006, R: 0.0000)
Batch 2500/18276: Loss = 24.6755 (C: 24.6755, R: 0.0000)
Batch 2600/18276: Loss = 23.2343 (C: 23.2343, R: 0.0000)
Batch 2700/18276: Loss = 23.1692 (C: 23.1692, R: 0.0000)
Batch 2800/18276: Loss = 23.1209 (C: 23.1209, R: 0.0000)
Batch 2900/18276: Loss = 23.3180 (C: 23.3180, R: 0.0000)
Batch 3000/18276: Loss = 23.4947 (C: 23.4947, R: 0.0000)
Batch 3100/18276: Loss = 23.1479 (C: 23.1479, R: 0.0000)
Batch 3200/18276: Loss = 23.7822 (C: 23.7822, R: 0.0000)
Batch 3300/18276: Loss = 23.3513 (C: 23.3513, R: 0.0000)
Batch 3400/18276: Loss = 22.9555 (C: 22.9555, R: 0.0000)
Batch 3500/18276: Loss = 22.6336 (C: 22.6336, R: 0.0000)
Batch 3600/18276: Loss = 23.9858 (C: 23.9858, R: 0.0000)
Batch 3700/18276: Loss = 23.1221 (C: 23.1221, R: 0.0000)
Batch 3800/18276: Loss = 23.7459 (C: 23.7459, R: 0.0000)
Batch 3900/18276: Loss = 23.0387 (C: 23.0387, R: 0.0000)
Batch 4000/18276: Loss = 23.9846 (C: 23.9846, R: 0.0000)
Batch 4100/18276: Loss = 23.3854 (C: 23.3854, R: 0.0000)
Batch 4200/18276: Loss = 22.9782 (C: 22.9782, R: 0.0000)
Batch 4300/18276: Loss = 23.6033 (C: 23.6033, R: 0.0000)
Batch 4400/18276: Loss = 23.5736 (C: 23.5736, R: 0.0000)
Batch 4500/18276: Loss = 24.3468 (C: 24.3468, R: 0.0000)
Batch 4600/18276: Loss = 23.3702 (C: 23.3702, R: 0.0000)
Batch 4700/18276: Loss = 24.1157 (C: 24.1157, R: 0.0000)
Batch 4800/18276: Loss = 23.5794 (C: 23.5794, R: 0.0000)
Batch 4900/18276: Loss = 22.8406 (C: 22.8406, R: 0.0000)
Batch 5000/18276: Loss = 23.1724 (C: 23.1724, R: 0.0000)
Batch 5100/18276: Loss = 23.9278 (C: 23.9278, R: 0.0000)
Batch 5200/18276: Loss = 23.1881 (C: 23.1881, R: 0.0000)
Batch 5300/18276: Loss = 23.6924 (C: 23.6924, R: 0.0000)
Batch 5400/18276: Loss = 22.5667 (C: 22.5667, R: 0.0000)
Batch 5500/18276: Loss = 23.2901 (C: 23.2901, R: 0.0000)
Batch 5600/18276: Loss = 24.2907 (C: 24.2907, R: 0.0000)
Batch 5700/18276: Loss = 24.0239 (C: 24.0239, R: 0.0000)
Batch 5800/18276: Loss = 23.7417 (C: 23.7417, R: 0.0000)
Batch 5900/18276: Loss = 22.3852 (C: 22.3852, R: 0.0000)
Batch 6000/18276: Loss = 23.6579 (C: 23.6579, R: 0.0000)
Batch 6100/18276: Loss = 22.5975 (C: 22.5975, R: 0.0000)
Batch 6200/18276: Loss = 23.5487 (C: 23.5487, R: 0.0000)
Batch 6300/18276: Loss = 24.2591 (C: 24.2591, R: 0.0000)
Batch 6400/18276: Loss = 24.5436 (C: 24.5436, R: 0.0000)
Batch 6500/18276: Loss = 23.8403 (C: 23.8403, R: 0.0000)
Batch 6600/18276: Loss = 21.7518 (C: 21.7518, R: 0.0000)
Batch 6700/18276: Loss = 24.3369 (C: 24.3369, R: 0.0000)
Batch 6800/18276: Loss = 22.3727 (C: 22.3727, R: 0.0000)
Batch 6900/18276: Loss = 23.8021 (C: 23.8021, R: 0.0000)
Batch 7000/18276: Loss = 23.0409 (C: 23.0409, R: 0.0000)
Batch 7100/18276: Loss = 22.4522 (C: 22.4522, R: 0.0000)
Batch 7200/18276: Loss = 24.3365 (C: 24.3365, R: 0.0000)
Batch 7300/18276: Loss = 23.3151 (C: 23.3151, R: 0.0000)
Batch 7400/18276: Loss = 23.7054 (C: 23.7054, R: 0.0000)
Batch 7500/18276: Loss = 21.9134 (C: 21.9134, R: 0.0000)
Batch 7600/18276: Loss = 23.0727 (C: 23.0727, R: 0.0000)
Batch 7700/18276: Loss = 23.3046 (C: 23.3046, R: 0.0000)
Batch 7800/18276: Loss = 23.6942 (C: 23.6942, R: 0.0000)
Batch 7900/18276: Loss = 23.3199 (C: 23.3199, R: 0.0000)
Batch 8000/18276: Loss = 23.4085 (C: 23.4085, R: 0.0000)
Batch 8100/18276: Loss = 23.6143 (C: 23.6143, R: 0.0000)
Batch 8200/18276: Loss = 22.9506 (C: 22.9506, R: 0.0000)
Batch 8300/18276: Loss = 21.8920 (C: 21.8920, R: 0.0000)
Batch 8400/18276: Loss = 23.1690 (C: 23.1690, R: 0.0000)
Batch 8500/18276: Loss = 23.3873 (C: 23.3873, R: 0.0000)
Batch 8600/18276: Loss = 23.6362 (C: 23.6362, R: 0.0000)
Batch 8700/18276: Loss = 22.8296 (C: 22.8296, R: 0.0000)
Batch 8800/18276: Loss = 22.8777 (C: 22.8777, R: 0.0000)
Batch 8900/18276: Loss = 23.4749 (C: 23.4749, R: 0.0000)
Batch 9000/18276: Loss = 23.6446 (C: 23.6446, R: 0.0000)
Batch 9100/18276: Loss = 24.0201 (C: 24.0201, R: 0.0000)
Batch 9200/18276: Loss = 24.4375 (C: 24.4375, R: 0.0000)
Batch 9300/18276: Loss = 23.6079 (C: 23.6079, R: 0.0000)
Batch 9400/18276: Loss = 23.8937 (C: 23.8937, R: 0.0000)
Batch 9500/18276: Loss = 24.4313 (C: 24.4313, R: 0.0000)
Batch 9600/18276: Loss = 24.0811 (C: 24.0811, R: 0.0000)
Batch 9700/18276: Loss = 22.5077 (C: 22.5077, R: 0.0000)
Batch 9800/18276: Loss = 23.4869 (C: 23.4869, R: 0.0000)
Batch 9900/18276: Loss = 23.6626 (C: 23.6626, R: 0.0000)
Batch 10000/18276: Loss = 23.3837 (C: 23.3837, R: 0.0000)
Batch 10100/18276: Loss = 24.1243 (C: 24.1243, R: 0.0000)
Batch 10200/18276: Loss = 23.8531 (C: 23.8531, R: 0.0000)
Batch 10300/18276: Loss = 23.0373 (C: 23.0373, R: 0.0000)
Batch 10400/18276: Loss = 24.0530 (C: 24.0530, R: 0.0000)
Batch 10500/18276: Loss = 22.8416 (C: 22.8416, R: 0.0000)
Batch 10600/18276: Loss = 24.4729 (C: 24.4729, R: 0.0000)
Batch 10700/18276: Loss = 22.7032 (C: 22.7032, R: 0.0000)
Batch 10800/18276: Loss = 24.1354 (C: 24.1354, R: 0.0000)
Batch 10900/18276: Loss = 23.7418 (C: 23.7418, R: 0.0000)
Batch 11000/18276: Loss = 23.2192 (C: 23.2192, R: 0.0000)
Batch 11100/18276: Loss = 23.5171 (C: 23.5171, R: 0.0000)
Batch 11200/18276: Loss = 23.4029 (C: 23.4029, R: 0.0000)
Batch 11300/18276: Loss = 23.0935 (C: 23.0935, R: 0.0000)
Batch 11400/18276: Loss = 23.4089 (C: 23.4089, R: 0.0000)
Batch 11500/18276: Loss = 23.4954 (C: 23.4954, R: 0.0000)
Batch 11600/18276: Loss = 23.2254 (C: 23.2254, R: 0.0000)
Batch 11700/18276: Loss = 23.3155 (C: 23.3155, R: 0.0000)
Batch 11800/18276: Loss = 24.3291 (C: 24.3291, R: 0.0000)
Batch 11900/18276: Loss = 23.4451 (C: 23.4451, R: 0.0000)
Batch 12000/18276: Loss = 24.7652 (C: 24.7652, R: 0.0000)
Batch 12100/18276: Loss = 23.0129 (C: 23.0129, R: 0.0000)
Batch 12200/18276: Loss = 23.7242 (C: 23.7242, R: 0.0000)
Batch 12300/18276: Loss = 23.5861 (C: 23.5861, R: 0.0000)
Batch 12400/18276: Loss = 23.0322 (C: 23.0322, R: 0.0000)
Batch 12500/18276: Loss = 23.3266 (C: 23.3266, R: 0.0000)
Batch 12600/18276: Loss = 22.6128 (C: 22.6128, R: 0.0000)
Batch 12700/18276: Loss = 24.1711 (C: 24.1711, R: 0.0000)
Batch 12800/18276: Loss = 23.1885 (C: 23.1885, R: 0.0000)
Batch 12900/18276: Loss = 22.8233 (C: 22.8233, R: 0.0000)
Batch 13000/18276: Loss = 23.2909 (C: 23.2909, R: 0.0000)
Batch 13100/18276: Loss = 23.4453 (C: 23.4453, R: 0.0000)
Batch 13200/18276: Loss = 23.0637 (C: 23.0637, R: 0.0000)
Batch 13300/18276: Loss = 24.3610 (C: 24.3610, R: 0.0000)
Batch 13400/18276: Loss = 22.4185 (C: 22.4185, R: 0.0000)
Batch 13500/18276: Loss = 23.0719 (C: 23.0719, R: 0.0000)
Batch 13600/18276: Loss = 23.4155 (C: 23.4155, R: 0.0000)
Batch 13700/18276: Loss = 23.8526 (C: 23.8526, R: 0.0000)
Batch 13800/18276: Loss = 22.8168 (C: 22.8168, R: 0.0000)
Batch 13900/18276: Loss = 23.8703 (C: 23.8703, R: 0.0000)
Batch 14000/18276: Loss = 22.9995 (C: 22.9995, R: 0.0000)
Batch 14100/18276: Loss = 22.4678 (C: 22.4678, R: 0.0000)
Batch 14200/18276: Loss = 22.8709 (C: 22.8709, R: 0.0000)
Batch 14300/18276: Loss = 22.6245 (C: 22.6245, R: 0.0000)
Batch 14400/18276: Loss = 24.1729 (C: 24.1729, R: 0.0000)
Batch 14500/18276: Loss = 23.0281 (C: 23.0281, R: 0.0000)
Batch 14600/18276: Loss = 23.2739 (C: 23.2739, R: 0.0000)
Batch 14700/18276: Loss = 23.1565 (C: 23.1565, R: 0.0000)
Batch 14800/18276: Loss = 22.6122 (C: 22.6122, R: 0.0000)
Batch 14900/18276: Loss = 23.3900 (C: 23.3900, R: 0.0000)
Batch 15000/18276: Loss = 22.5251 (C: 22.5251, R: 0.0000)
Batch 15100/18276: Loss = 22.9235 (C: 22.9235, R: 0.0000)
Batch 15200/18276: Loss = 23.2920 (C: 23.2920, R: 0.0000)
Batch 15300/18276: Loss = 22.3948 (C: 22.3948, R: 0.0000)
Batch 15400/18276: Loss = 23.8142 (C: 23.8142, R: 0.0000)
Batch 15500/18276: Loss = 21.9383 (C: 21.9383, R: 0.0000)
Batch 15600/18276: Loss = 22.6122 (C: 22.6122, R: 0.0000)
Batch 15700/18276: Loss = 22.9801 (C: 22.9801, R: 0.0000)
Batch 15800/18276: Loss = 23.4670 (C: 23.4670, R: 0.0000)
Batch 15900/18276: Loss = 22.5202 (C: 22.5202, R: 0.0000)
Batch 16000/18276: Loss = 24.5764 (C: 24.5764, R: 0.0000)
Batch 16100/18276: Loss = 21.9800 (C: 21.9800, R: 0.0000)
Batch 16200/18276: Loss = 22.3204 (C: 22.3204, R: 0.0000)
Batch 16300/18276: Loss = 23.5946 (C: 23.5946, R: 0.0000)
Batch 16400/18276: Loss = 23.3170 (C: 23.3170, R: 0.0000)
Batch 16500/18276: Loss = 23.8653 (C: 23.8653, R: 0.0000)
Batch 16600/18276: Loss = 23.8742 (C: 23.8742, R: 0.0000)
Batch 16700/18276: Loss = 24.4299 (C: 24.4299, R: 0.0000)
Batch 16800/18276: Loss = 22.9117 (C: 22.9117, R: 0.0000)
Batch 16900/18276: Loss = 23.2938 (C: 23.2938, R: 0.0000)
Batch 17000/18276: Loss = 23.1530 (C: 23.1530, R: 0.0000)
Batch 17100/18276: Loss = 22.7726 (C: 22.7726, R: 0.0000)
Batch 17200/18276: Loss = 24.1003 (C: 24.1003, R: 0.0000)
Batch 17300/18276: Loss = 23.2901 (C: 23.2901, R: 0.0000)
Batch 17400/18276: Loss = 23.8936 (C: 23.8936, R: 0.0000)
Batch 17500/18276: Loss = 23.5905 (C: 23.5905, R: 0.0000)
Batch 17600/18276: Loss = 22.9303 (C: 22.9303, R: 0.0000)
Batch 17700/18276: Loss = 24.1943 (C: 24.1943, R: 0.0000)
Batch 17800/18276: Loss = 24.3530 (C: 24.3530, R: 0.0000)
Batch 17900/18276: Loss = 22.0461 (C: 22.0461, R: 0.0000)
Batch 18000/18276: Loss = 22.8178 (C: 22.8178, R: 0.0000)
Batch 18100/18276: Loss = 23.6055 (C: 23.6055, R: 0.0000)
Batch 18200/18276: Loss = 22.7904 (C: 22.7904, R: 0.0000)
DEBUG: First validation batch:
  contrastive_loss raw: 23.27367401123047
  reconstruction_loss raw: 0.0
  total_loss raw: 23.27367401123047
Epoch 1 completed in 69.55s
Train Loss: 23.3763 (C: 23.3763)
Val Loss: 23.2080 (C: 23.2080)
Checkpoint saved: entailment_surfaces/supervised_contrastive_autoencoder/experiments/contrastive_autoencoder_20250711_230522/checkpoints/best_model.pt
New best model saved (Val Loss: 23.2080)

Epoch 2/50
------------------------------
Batch 0/18276: Loss = 24.4131 (C: 24.4131, R: 0.0000)
Batch 100/18276: Loss = 24.1983 (C: 24.1983, R: 0.0000)
Batch 200/18276: Loss = 24.0679 (C: 24.0679, R: 0.0000)
Batch 300/18276: Loss = 24.0180 (C: 24.0180, R: 0.0000)
Batch 400/18276: Loss = 22.9647 (C: 22.9647, R: 0.0000)
Batch 500/18276: Loss = 23.1118 (C: 23.1118, R: 0.0000)
Batch 600/18276: Loss = 21.9129 (C: 21.9129, R: 0.0000)
Batch 700/18276: Loss = 23.9225 (C: 23.9225, R: 0.0000)
Batch 800/18276: Loss = 23.2105 (C: 23.2105, R: 0.0000)
Batch 900/18276: Loss = 22.8187 (C: 22.8187, R: 0.0000)
Batch 1000/18276: Loss = 24.6820 (C: 24.6820, R: 0.0000)
Batch 1100/18276: Loss = 24.5470 (C: 24.5470, R: 0.0000)
Batch 1200/18276: Loss = 23.7048 (C: 23.7048, R: 0.0000)
Batch 1300/18276: Loss = 22.3959 (C: 22.3959, R: 0.0000)
Batch 1400/18276: Loss = 23.0019 (C: 23.0019, R: 0.0000)
Batch 1500/18276: Loss = 22.7572 (C: 22.7572, R: 0.0000)
Batch 1600/18276: Loss = 23.7954 (C: 23.7954, R: 0.0000)
Batch 1700/18276: Loss = 24.9909 (C: 24.9909, R: 0.0000)
Batch 1800/18276: Loss = 23.6252 (C: 23.6252, R: 0.0000)
Batch 1900/18276: Loss = 24.7001 (C: 24.7001, R: 0.0000)
Batch 2000/18276: Loss = 22.4134 (C: 22.4134, R: 0.0000)
Batch 2100/18276: Loss = 24.7042 (C: 24.7042, R: 0.0000)
Batch 2200/18276: Loss = 23.1002 (C: 23.1002, R: 0.0000)
Batch 2300/18276: Loss = 24.3739 (C: 24.3739, R: 0.0000)
Batch 2400/18276: Loss = 22.9401 (C: 22.9401, R: 0.0000)
Batch 2500/18276: Loss = 23.7869 (C: 23.7869, R: 0.0000)
Batch 2600/18276: Loss = 23.4839 (C: 23.4839, R: 0.0000)
Batch 2700/18276: Loss = 24.2228 (C: 24.2228, R: 0.0000)
Batch 2800/18276: Loss = 22.4583 (C: 22.4583, R: 0.0000)
Batch 2900/18276: Loss = 23.0521 (C: 23.0521, R: 0.0000)
Batch 3000/18276: Loss = 24.7903 (C: 24.7903, R: 0.0000)
Batch 3100/18276: Loss = 22.2406 (C: 22.2406, R: 0.0000)
Batch 3200/18276: Loss = 22.9537 (C: 22.9537, R: 0.0000)
Batch 3300/18276: Loss = 24.0632 (C: 24.0632, R: 0.0000)
Batch 3400/18276: Loss = 23.8849 (C: 23.8849, R: 0.0000)
Batch 3500/18276: Loss = 22.6422 (C: 22.6422, R: 0.0000)
Batch 3600/18276: Loss = 22.3657 (C: 22.3657, R: 0.0000)
Batch 3700/18276: Loss = 22.6513 (C: 22.6513, R: 0.0000)
Batch 3800/18276: Loss = 21.7625 (C: 21.7625, R: 0.0000)
Batch 3900/18276: Loss = 23.8491 (C: 23.8491, R: 0.0000)
Batch 4000/18276: Loss = 22.2990 (C: 22.2990, R: 0.0000)
Batch 4100/18276: Loss = 22.8919 (C: 22.8919, R: 0.0000)
Batch 4200/18276: Loss = 24.0798 (C: 24.0798, R: 0.0000)
Batch 4300/18276: Loss = 23.7660 (C: 23.7660, R: 0.0000)
Batch 4400/18276: Loss = 23.3044 (C: 23.3044, R: 0.0000)
Batch 4500/18276: Loss = 23.9898 (C: 23.9898, R: 0.0000)
Batch 4600/18276: Loss = 23.3669 (C: 23.3669, R: 0.0000)
Batch 4700/18276: Loss = 22.7459 (C: 22.7459, R: 0.0000)
Batch 4800/18276: Loss = 22.3878 (C: 22.3878, R: 0.0000)
Batch 4900/18276: Loss = 22.4855 (C: 22.4855, R: 0.0000)
Batch 5000/18276: Loss = 23.9592 (C: 23.9592, R: 0.0000)
Batch 5100/18276: Loss = 24.2469 (C: 24.2469, R: 0.0000)
Batch 5200/18276: Loss = 23.9251 (C: 23.9251, R: 0.0000)
Batch 5300/18276: Loss = 22.2232 (C: 22.2232, R: 0.0000)
Batch 5400/18276: Loss = 23.3549 (C: 23.3549, R: 0.0000)
Batch 5500/18276: Loss = 23.3873 (C: 23.3873, R: 0.0000)
Batch 5600/18276: Loss = 22.8241 (C: 22.8241, R: 0.0000)
Batch 5700/18276: Loss = 23.2084 (C: 23.2084, R: 0.0000)
Batch 5800/18276: Loss = 22.8446 (C: 22.8446, R: 0.0000)
Batch 5900/18276: Loss = 23.3695 (C: 23.3695, R: 0.0000)
Batch 6000/18276: Loss = 22.8366 (C: 22.8366, R: 0.0000)
Batch 6100/18276: Loss = 21.7610 (C: 21.7610, R: 0.0000)
Batch 6200/18276: Loss = 22.7402 (C: 22.7402, R: 0.0000)
Batch 6300/18276: Loss = 22.5870 (C: 22.5870, R: 0.0000)
Batch 6400/18276: Loss = 22.0132 (C: 22.0132, R: 0.0000)
Batch 6500/18276: Loss = 23.6977 (C: 23.6977, R: 0.0000)
Batch 6600/18276: Loss = 22.3166 (C: 22.3166, R: 0.0000)
Batch 6700/18276: Loss = 23.7005 (C: 23.7005, R: 0.0000)
Batch 6800/18276: Loss = 23.4907 (C: 23.4907, R: 0.0000)
Batch 6900/18276: Loss = 22.1599 (C: 22.1599, R: 0.0000)
Batch 7000/18276: Loss = 23.0752 (C: 23.0752, R: 0.0000)
Batch 7100/18276: Loss = 22.7257 (C: 22.7257, R: 0.0000)
Batch 7200/18276: Loss = 23.0322 (C: 23.0322, R: 0.0000)
Batch 7300/18276: Loss = 22.2116 (C: 22.2116, R: 0.0000)
Batch 7400/18276: Loss = 22.9394 (C: 22.9394, R: 0.0000)
Batch 7500/18276: Loss = 22.3409 (C: 22.3409, R: 0.0000)
Batch 7600/18276: Loss = 22.7579 (C: 22.7579, R: 0.0000)
Batch 7700/18276: Loss = 21.7685 (C: 21.7685, R: 0.0000)
Batch 7800/18276: Loss = 22.7235 (C: 22.7235, R: 0.0000)
Batch 7900/18276: Loss = 23.7311 (C: 23.7311, R: 0.0000)
Batch 8000/18276: Loss = 21.9084 (C: 21.9084, R: 0.0000)
Batch 8100/18276: Loss = 23.3168 (C: 23.3168, R: 0.0000)
Batch 8200/18276: Loss = 23.7461 (C: 23.7461, R: 0.0000)
Batch 8300/18276: Loss = 23.8974 (C: 23.8974, R: 0.0000)
Batch 8400/18276: Loss = 24.3649 (C: 24.3649, R: 0.0000)
Batch 8500/18276: Loss = 21.9738 (C: 21.9738, R: 0.0000)
Batch 8600/18276: Loss = 24.7239 (C: 24.7239, R: 0.0000)
Batch 8700/18276: Loss = 23.7503 (C: 23.7503, R: 0.0000)
Batch 8800/18276: Loss = 22.8711 (C: 22.8711, R: 0.0000)
Batch 8900/18276: Loss = 24.4499 (C: 24.4499, R: 0.0000)
Batch 9000/18276: Loss = 22.2746 (C: 22.2746, R: 0.0000)
Batch 9100/18276: Loss = 22.3341 (C: 22.3341, R: 0.0000)
Batch 9200/18276: Loss = 22.5108 (C: 22.5108, R: 0.0000)
Batch 9300/18276: Loss = 22.4212 (C: 22.4212, R: 0.0000)
Batch 9400/18276: Loss = 22.6020 (C: 22.6020, R: 0.0000)
Batch 9500/18276: Loss = 23.2179 (C: 23.2179, R: 0.0000)
Batch 9600/18276: Loss = 23.0972 (C: 23.0972, R: 0.0000)
Batch 9700/18276: Loss = 23.6629 (C: 23.6629, R: 0.0000)
Batch 9800/18276: Loss = 22.7436 (C: 22.7436, R: 0.0000)
Batch 9900/18276: Loss = 24.3008 (C: 24.3008, R: 0.0000)
Batch 10000/18276: Loss = 23.7377 (C: 23.7377, R: 0.0000)
Batch 10100/18276: Loss = 23.3601 (C: 23.3601, R: 0.0000)
Batch 10200/18276: Loss = 23.3704 (C: 23.3704, R: 0.0000)
Batch 10300/18276: Loss = 23.7337 (C: 23.7337, R: 0.0000)
Batch 10400/18276: Loss = 23.0990 (C: 23.0990, R: 0.0000)
Batch 10500/18276: Loss = 22.7858 (C: 22.7858, R: 0.0000)
Batch 10600/18276: Loss = 22.4298 (C: 22.4298, R: 0.0000)
Batch 10700/18276: Loss = 22.7065 (C: 22.7065, R: 0.0000)
Batch 10800/18276: Loss = 22.0630 (C: 22.0630, R: 0.0000)
Batch 10900/18276: Loss = 22.9143 (C: 22.9143, R: 0.0000)
Batch 11000/18276: Loss = 23.7504 (C: 23.7504, R: 0.0000)
Batch 11100/18276: Loss = 21.6789 (C: 21.6789, R: 0.0000)
Batch 11200/18276: Loss = 22.9556 (C: 22.9556, R: 0.0000)
Batch 11300/18276: Loss = 22.5707 (C: 22.5707, R: 0.0000)
Batch 11400/18276: Loss = 22.6193 (C: 22.6193, R: 0.0000)
Batch 11500/18276: Loss = 24.7030 (C: 24.7030, R: 0.0000)
Batch 11600/18276: Loss = 23.2719 (C: 23.2719, R: 0.0000)
Batch 11700/18276: Loss = 22.9641 (C: 22.9641, R: 0.0000)
Batch 11800/18276: Loss = 22.1852 (C: 22.1852, R: 0.0000)
Batch 11900/18276: Loss = 23.4782 (C: 23.4782, R: 0.0000)
Batch 12000/18276: Loss = 23.5620 (C: 23.5620, R: 0.0000)
Batch 12100/18276: Loss = 22.8113 (C: 22.8113, R: 0.0000)
Batch 12200/18276: Loss = 24.0296 (C: 24.0296, R: 0.0000)
Batch 12300/18276: Loss = 22.5188 (C: 22.5188, R: 0.0000)
Batch 12400/18276: Loss = 22.4756 (C: 22.4756, R: 0.0000)
Batch 12500/18276: Loss = 22.6868 (C: 22.6868, R: 0.0000)
Batch 12600/18276: Loss = 23.6674 (C: 23.6674, R: 0.0000)
Batch 12700/18276: Loss = 23.3783 (C: 23.3783, R: 0.0000)
Batch 12800/18276: Loss = 23.1690 (C: 23.1690, R: 0.0000)
Batch 12900/18276: Loss = 22.9320 (C: 22.9320, R: 0.0000)
Batch 13000/18276: Loss = 23.4774 (C: 23.4774, R: 0.0000)
Batch 13100/18276: Loss = 24.0544 (C: 24.0544, R: 0.0000)
Batch 13200/18276: Loss = 22.4474 (C: 22.4474, R: 0.0000)
Batch 13300/18276: Loss = 22.7498 (C: 22.7498, R: 0.0000)
Batch 13400/18276: Loss = 23.0986 (C: 23.0986, R: 0.0000)
Batch 13500/18276: Loss = 23.9724 (C: 23.9724, R: 0.0000)
Batch 13600/18276: Loss = 23.2600 (C: 23.2600, R: 0.0000)
Batch 13700/18276: Loss = 22.3416 (C: 22.3416, R: 0.0000)
Batch 13800/18276: Loss = 22.5555 (C: 22.5555, R: 0.0000)
Batch 13900/18276: Loss = 22.9293 (C: 22.9293, R: 0.0000)
Batch 14000/18276: Loss = 23.6803 (C: 23.6803, R: 0.0000)
Batch 14100/18276: Loss = 22.5288 (C: 22.5288, R: 0.0000)
Batch 14200/18276: Loss = 24.2973 (C: 24.2973, R: 0.0000)
Batch 14300/18276: Loss = 22.9276 (C: 22.9276, R: 0.0000)
Batch 14400/18276: Loss = 23.9512 (C: 23.9512, R: 0.0000)
Batch 14500/18276: Loss = 22.0519 (C: 22.0519, R: 0.0000)
Batch 14600/18276: Loss = 23.3612 (C: 23.3612, R: 0.0000)
Batch 14700/18276: Loss = 23.1839 (C: 23.1839, R: 0.0000)
Batch 14800/18276: Loss = 23.9304 (C: 23.9304, R: 0.0000)
Batch 14900/18276: Loss = 22.4444 (C: 22.4444, R: 0.0000)
Batch 15000/18276: Loss = 24.4486 (C: 24.4486, R: 0.0000)
Batch 15100/18276: Loss = 24.8059 (C: 24.8059, R: 0.0000)
Batch 15200/18276: Loss = 22.8764 (C: 22.8764, R: 0.0000)
Batch 15300/18276: Loss = 22.2350 (C: 22.2350, R: 0.0000)
Batch 15400/18276: Loss = 23.6884 (C: 23.6884, R: 0.0000)
Batch 15500/18276: Loss = 23.8279 (C: 23.8279, R: 0.0000)
Batch 15600/18276: Loss = 22.9422 (C: 22.9422, R: 0.0000)
Batch 15700/18276: Loss = 22.4072 (C: 22.4072, R: 0.0000)
Batch 15800/18276: Loss = 22.9536 (C: 22.9536, R: 0.0000)
Batch 15900/18276: Loss = 23.1678 (C: 23.1678, R: 0.0000)
Batch 16000/18276: Loss = 23.3181 (C: 23.3181, R: 0.0000)
Batch 16100/18276: Loss = 21.9726 (C: 21.9726, R: 0.0000)
Batch 16200/18276: Loss = 23.1164 (C: 23.1164, R: 0.0000)
Batch 16300/18276: Loss = 24.8888 (C: 24.8888, R: 0.0000)
Batch 16400/18276: Loss = 21.5499 (C: 21.5499, R: 0.0000)
Batch 16500/18276: Loss = 24.1649 (C: 24.1649, R: 0.0000)
Batch 16600/18276: Loss = 22.8946 (C: 22.8946, R: 0.0000)
Batch 16700/18276: Loss = 22.7398 (C: 22.7398, R: 0.0000)
Batch 16800/18276: Loss = 23.5950 (C: 23.5950, R: 0.0000)
Batch 16900/18276: Loss = 23.8323 (C: 23.8323, R: 0.0000)
Batch 17000/18276: Loss = 23.3402 (C: 23.3402, R: 0.0000)
Batch 17100/18276: Loss = 22.2180 (C: 22.2180, R: 0.0000)
Batch 17200/18276: Loss = 23.0550 (C: 23.0550, R: 0.0000)
Batch 17300/18276: Loss = 23.2447 (C: 23.2447, R: 0.0000)
Batch 17400/18276: Loss = 23.4113 (C: 23.4113, R: 0.0000)
Batch 17500/18276: Loss = 22.3612 (C: 22.3612, R: 0.0000)
Batch 17600/18276: Loss = 22.9772 (C: 22.9772, R: 0.0000)
Batch 17700/18276: Loss = 22.2528 (C: 22.2528, R: 0.0000)
Batch 17800/18276: Loss = 22.1079 (C: 22.1079, R: 0.0000)
Batch 17900/18276: Loss = 22.2830 (C: 22.2830, R: 0.0000)
Batch 18000/18276: Loss = 22.4937 (C: 22.4937, R: 0.0000)
Batch 18100/18276: Loss = 23.4387 (C: 23.4387, R: 0.0000)
Batch 18200/18276: Loss = 21.8217 (C: 21.8217, R: 0.0000)
DEBUG: First validation batch:
  contrastive_loss raw: 23.230194091796875
  reconstruction_loss raw: 0.0
  total_loss raw: 23.230194091796875
Epoch 2 completed in 67.55s
Train Loss: 23.1882 (C: 23.1882)
Val Loss: 23.1710 (C: 23.1710)
Checkpoint saved: entailment_surfaces/supervised_contrastive_autoencoder/experiments/contrastive_autoencoder_20250711_230522/checkpoints/best_model.pt
New best model saved (Val Loss: 23.1710)

Epoch 3/50
------------------------------
Batch 0/18276: Loss = 22.5085 (C: 22.5085, R: 0.0000)
Batch 100/18276: Loss = 23.0825 (C: 23.0825, R: 0.0000)
Batch 200/18276: Loss = 22.8098 (C: 22.8098, R: 0.0000)
Batch 300/18276: Loss = 23.9424 (C: 23.9424, R: 0.0000)
Batch 400/18276: Loss = 24.4542 (C: 24.4542, R: 0.0000)
Batch 500/18276: Loss = 23.4148 (C: 23.4148, R: 0.0000)
Batch 600/18276: Loss = 24.1011 (C: 24.1011, R: 0.0000)
Batch 700/18276: Loss = 23.1638 (C: 23.1638, R: 0.0000)
Batch 800/18276: Loss = 23.0154 (C: 23.0154, R: 0.0000)
Batch 900/18276: Loss = 21.5708 (C: 21.5708, R: 0.0000)
Batch 1000/18276: Loss = 23.6879 (C: 23.6879, R: 0.0000)
Batch 1100/18276: Loss = 23.9364 (C: 23.9364, R: 0.0000)
Batch 1200/18276: Loss = 22.6075 (C: 22.6075, R: 0.0000)
Batch 1300/18276: Loss = 24.2194 (C: 24.2194, R: 0.0000)
Batch 1400/18276: Loss = 22.6984 (C: 22.6984, R: 0.0000)
Batch 1500/18276: Loss = 22.6180 (C: 22.6180, R: 0.0000)
Batch 1600/18276: Loss = 22.2470 (C: 22.2470, R: 0.0000)
Batch 1700/18276: Loss = 22.4821 (C: 22.4821, R: 0.0000)
Batch 1800/18276: Loss = 22.8056 (C: 22.8056, R: 0.0000)
Batch 1900/18276: Loss = 23.4941 (C: 23.4941, R: 0.0000)
Batch 2000/18276: Loss = 22.3342 (C: 22.3342, R: 0.0000)
Batch 2100/18276: Loss = 23.8828 (C: 23.8828, R: 0.0000)
Batch 2200/18276: Loss = 23.4483 (C: 23.4483, R: 0.0000)
Batch 2300/18276: Loss = 23.8264 (C: 23.8264, R: 0.0000)
Batch 2400/18276: Loss = 22.3631 (C: 22.3631, R: 0.0000)
Batch 2500/18276: Loss = 22.4143 (C: 22.4143, R: 0.0000)
Batch 2600/18276: Loss = 22.3476 (C: 22.3476, R: 0.0000)
Batch 2700/18276: Loss = 23.3950 (C: 23.3950, R: 0.0000)
Batch 2800/18276: Loss = 21.5310 (C: 21.5310, R: 0.0000)
Batch 2900/18276: Loss = 22.4340 (C: 22.4340, R: 0.0000)
Batch 3000/18276: Loss = 23.8902 (C: 23.8902, R: 0.0000)
Batch 3100/18276: Loss = 22.9998 (C: 22.9998, R: 0.0000)
Batch 3200/18276: Loss = 21.8689 (C: 21.8689, R: 0.0000)
Batch 3300/18276: Loss = 23.2754 (C: 23.2754, R: 0.0000)
Batch 3400/18276: Loss = 23.3375 (C: 23.3375, R: 0.0000)
Batch 3500/18276: Loss = 21.6248 (C: 21.6248, R: 0.0000)
Batch 3600/18276: Loss = 23.8897 (C: 23.8897, R: 0.0000)
Batch 3700/18276: Loss = 22.9921 (C: 22.9921, R: 0.0000)
Batch 3800/18276: Loss = 24.3376 (C: 24.3376, R: 0.0000)
Batch 3900/18276: Loss = 22.1422 (C: 22.1422, R: 0.0000)
Batch 4000/18276: Loss = 21.6219 (C: 21.6219, R: 0.0000)
Batch 4100/18276: Loss = 22.8779 (C: 22.8779, R: 0.0000)
Batch 4200/18276: Loss = 22.5425 (C: 22.5425, R: 0.0000)
Batch 4300/18276: Loss = 22.9640 (C: 22.9640, R: 0.0000)
Batch 4400/18276: Loss = 22.1987 (C: 22.1987, R: 0.0000)
Batch 4500/18276: Loss = 23.0487 (C: 23.0487, R: 0.0000)
Batch 4600/18276: Loss = 22.8895 (C: 22.8895, R: 0.0000)
Batch 4700/18276: Loss = 23.1659 (C: 23.1659, R: 0.0000)
Batch 4800/18276: Loss = 23.2480 (C: 23.2480, R: 0.0000)
Batch 4900/18276: Loss = 23.2090 (C: 23.2090, R: 0.0000)
Batch 5000/18276: Loss = 22.6209 (C: 22.6209, R: 0.0000)
Batch 5100/18276: Loss = 24.0635 (C: 24.0635, R: 0.0000)
Batch 5200/18276: Loss = 22.1240 (C: 22.1240, R: 0.0000)
Batch 5300/18276: Loss = 23.2881 (C: 23.2881, R: 0.0000)
Batch 5400/18276: Loss = 21.5968 (C: 21.5968, R: 0.0000)
Batch 5500/18276: Loss = 24.1841 (C: 24.1841, R: 0.0000)
Batch 5600/18276: Loss = 22.8676 (C: 22.8676, R: 0.0000)
Batch 5700/18276: Loss = 22.9377 (C: 22.9377, R: 0.0000)
Batch 5800/18276: Loss = 24.3128 (C: 24.3128, R: 0.0000)
Batch 5900/18276: Loss = 22.3388 (C: 22.3388, R: 0.0000)
Batch 6000/18276: Loss = 21.8241 (C: 21.8241, R: 0.0000)
Batch 6100/18276: Loss = 23.1686 (C: 23.1686, R: 0.0000)
Batch 6200/18276: Loss = 22.5574 (C: 22.5574, R: 0.0000)
Batch 6300/18276: Loss = 23.9334 (C: 23.9334, R: 0.0000)
Batch 6400/18276: Loss = 23.5413 (C: 23.5413, R: 0.0000)
Batch 6500/18276: Loss = 23.2643 (C: 23.2643, R: 0.0000)
Batch 6600/18276: Loss = 23.0841 (C: 23.0841, R: 0.0000)
Batch 6700/18276: Loss = 23.5115 (C: 23.5115, R: 0.0000)
Batch 6800/18276: Loss = 23.5210 (C: 23.5210, R: 0.0000)
Batch 6900/18276: Loss = 24.9337 (C: 24.9337, R: 0.0000)
Batch 7000/18276: Loss = 23.2562 (C: 23.2562, R: 0.0000)
Batch 7100/18276: Loss = 23.4079 (C: 23.4079, R: 0.0000)
Batch 7200/18276: Loss = 24.0658 (C: 24.0658, R: 0.0000)
Batch 7300/18276: Loss = 22.3995 (C: 22.3995, R: 0.0000)
Batch 7400/18276: Loss = 23.6595 (C: 23.6595, R: 0.0000)
Batch 7500/18276: Loss = 23.8200 (C: 23.8200, R: 0.0000)
Batch 7600/18276: Loss = 22.2322 (C: 22.2322, R: 0.0000)
Batch 7700/18276: Loss = 23.2528 (C: 23.2528, R: 0.0000)
Batch 7800/18276: Loss = 23.7932 (C: 23.7932, R: 0.0000)
Batch 7900/18276: Loss = 23.8157 (C: 23.8157, R: 0.0000)
Batch 8000/18276: Loss = 22.4653 (C: 22.4653, R: 0.0000)
Batch 8100/18276: Loss = 23.5197 (C: 23.5197, R: 0.0000)
Batch 8200/18276: Loss = 23.3615 (C: 23.3615, R: 0.0000)
Batch 8300/18276: Loss = 23.6248 (C: 23.6248, R: 0.0000)
Batch 8400/18276: Loss = 22.8255 (C: 22.8255, R: 0.0000)
Batch 8500/18276: Loss = 23.4692 (C: 23.4692, R: 0.0000)
Batch 8600/18276: Loss = 24.0443 (C: 24.0443, R: 0.0000)
Batch 8700/18276: Loss = 23.6269 (C: 23.6269, R: 0.0000)
Batch 8800/18276: Loss = 23.4525 (C: 23.4525, R: 0.0000)
Batch 8900/18276: Loss = 23.0624 (C: 23.0624, R: 0.0000)
Batch 9000/18276: Loss = 22.6389 (C: 22.6389, R: 0.0000)
Batch 9100/18276: Loss = 23.0027 (C: 23.0027, R: 0.0000)
Batch 9200/18276: Loss = 23.2209 (C: 23.2209, R: 0.0000)
Batch 9300/18276: Loss = 23.8738 (C: 23.8738, R: 0.0000)
Batch 9400/18276: Loss = 23.3035 (C: 23.3035, R: 0.0000)
Batch 9500/18276: Loss = 22.8277 (C: 22.8277, R: 0.0000)
Batch 9600/18276: Loss = 21.4259 (C: 21.4259, R: 0.0000)
Batch 9700/18276: Loss = 22.5074 (C: 22.5074, R: 0.0000)
Batch 9800/18276: Loss = 21.8490 (C: 21.8490, R: 0.0000)
Batch 9900/18276: Loss = 23.1992 (C: 23.1992, R: 0.0000)
Batch 10000/18276: Loss = 23.0200 (C: 23.0200, R: 0.0000)
Batch 10100/18276: Loss = 22.3159 (C: 22.3159, R: 0.0000)
Batch 10200/18276: Loss = 23.0251 (C: 23.0251, R: 0.0000)
Batch 10300/18276: Loss = 21.5573 (C: 21.5573, R: 0.0000)
Batch 10400/18276: Loss = 22.3205 (C: 22.3205, R: 0.0000)
Batch 10500/18276: Loss = 24.0396 (C: 24.0396, R: 0.0000)
Batch 10600/18276: Loss = 23.1064 (C: 23.1064, R: 0.0000)
Batch 10700/18276: Loss = 25.2384 (C: 25.2384, R: 0.0000)
Batch 10800/18276: Loss = 23.6786 (C: 23.6786, R: 0.0000)
Batch 10900/18276: Loss = 22.4646 (C: 22.4646, R: 0.0000)
Batch 11000/18276: Loss = 23.0105 (C: 23.0105, R: 0.0000)
Batch 11100/18276: Loss = 23.2056 (C: 23.2056, R: 0.0000)
Batch 11200/18276: Loss = 23.2733 (C: 23.2733, R: 0.0000)
Batch 11300/18276: Loss = 22.8913 (C: 22.8913, R: 0.0000)
Batch 11400/18276: Loss = 23.4890 (C: 23.4890, R: 0.0000)
Batch 11500/18276: Loss = 23.8487 (C: 23.8487, R: 0.0000)
Batch 11600/18276: Loss = 22.4241 (C: 22.4241, R: 0.0000)
Batch 11700/18276: Loss = 23.0143 (C: 23.0143, R: 0.0000)
Batch 11800/18276: Loss = 23.9509 (C: 23.9509, R: 0.0000)
Batch 11900/18276: Loss = 23.5356 (C: 23.5356, R: 0.0000)
Batch 12000/18276: Loss = 23.3193 (C: 23.3193, R: 0.0000)
Batch 12100/18276: Loss = 22.6283 (C: 22.6283, R: 0.0000)
Batch 12200/18276: Loss = 22.8403 (C: 22.8403, R: 0.0000)
Batch 12300/18276: Loss = 22.7610 (C: 22.7610, R: 0.0000)
Batch 12400/18276: Loss = 23.9400 (C: 23.9400, R: 0.0000)
Batch 12500/18276: Loss = 22.4737 (C: 22.4737, R: 0.0000)
Batch 12600/18276: Loss = 23.8399 (C: 23.8399, R: 0.0000)
Batch 12700/18276: Loss = 23.4588 (C: 23.4588, R: 0.0000)
Batch 12800/18276: Loss = 24.2989 (C: 24.2989, R: 0.0000)
Batch 12900/18276: Loss = 24.0846 (C: 24.0846, R: 0.0000)
Batch 13000/18276: Loss = 23.1634 (C: 23.1634, R: 0.0000)
Batch 13100/18276: Loss = 22.9898 (C: 22.9898, R: 0.0000)
Batch 13200/18276: Loss = 22.5268 (C: 22.5268, R: 0.0000)
Batch 13300/18276: Loss = 23.4505 (C: 23.4505, R: 0.0000)
Batch 13400/18276: Loss = 22.7687 (C: 22.7687, R: 0.0000)
Batch 13500/18276: Loss = 22.0567 (C: 22.0567, R: 0.0000)
Batch 13600/18276: Loss = 23.0416 (C: 23.0416, R: 0.0000)
Batch 13700/18276: Loss = 22.9346 (C: 22.9346, R: 0.0000)
Batch 13800/18276: Loss = 23.8866 (C: 23.8866, R: 0.0000)
Batch 13900/18276: Loss = 23.0401 (C: 23.0401, R: 0.0000)
Batch 14000/18276: Loss = 21.7777 (C: 21.7777, R: 0.0000)
Batch 14100/18276: Loss = 23.7890 (C: 23.7890, R: 0.0000)
Batch 14200/18276: Loss = 22.5943 (C: 22.5943, R: 0.0000)
Batch 14300/18276: Loss = 22.9672 (C: 22.9672, R: 0.0000)
Batch 14400/18276: Loss = 23.9293 (C: 23.9293, R: 0.0000)
Batch 14500/18276: Loss = 23.8229 (C: 23.8229, R: 0.0000)
Batch 14600/18276: Loss = 23.5736 (C: 23.5736, R: 0.0000)
Batch 14700/18276: Loss = 24.5236 (C: 24.5236, R: 0.0000)
Batch 14800/18276: Loss = 23.0627 (C: 23.0627, R: 0.0000)
Batch 14900/18276: Loss = 23.3789 (C: 23.3789, R: 0.0000)
Batch 15000/18276: Loss = 23.4239 (C: 23.4239, R: 0.0000)
Batch 15100/18276: Loss = 23.1710 (C: 23.1710, R: 0.0000)
Batch 15200/18276: Loss = 23.8289 (C: 23.8289, R: 0.0000)
Batch 15300/18276: Loss = 24.0802 (C: 24.0802, R: 0.0000)
Batch 15400/18276: Loss = 22.4554 (C: 22.4554, R: 0.0000)
Batch 15500/18276: Loss = 24.0117 (C: 24.0117, R: 0.0000)
Batch 15600/18276: Loss = 23.4642 (C: 23.4642, R: 0.0000)
Batch 15700/18276: Loss = 23.2316 (C: 23.2316, R: 0.0000)
Batch 15800/18276: Loss = 22.8096 (C: 22.8096, R: 0.0000)
Batch 15900/18276: Loss = 21.7986 (C: 21.7986, R: 0.0000)
Batch 16000/18276: Loss = 22.1329 (C: 22.1329, R: 0.0000)
Batch 16100/18276: Loss = 21.1943 (C: 21.1943, R: 0.0000)
Batch 16200/18276: Loss = 23.5924 (C: 23.5924, R: 0.0000)
Batch 16300/18276: Loss = 23.6377 (C: 23.6377, R: 0.0000)
Batch 16400/18276: Loss = 23.4028 (C: 23.4028, R: 0.0000)
Batch 16500/18276: Loss = 24.7226 (C: 24.7226, R: 0.0000)
Batch 16600/18276: Loss = 22.1451 (C: 22.1451, R: 0.0000)
Batch 16700/18276: Loss = 23.4845 (C: 23.4845, R: 0.0000)
Batch 16800/18276: Loss = 22.3433 (C: 22.3433, R: 0.0000)
Batch 16900/18276: Loss = 24.0343 (C: 24.0343, R: 0.0000)
Batch 17000/18276: Loss = 22.6357 (C: 22.6357, R: 0.0000)
Batch 17100/18276: Loss = 23.0930 (C: 23.0930, R: 0.0000)
Batch 17200/18276: Loss = 23.9800 (C: 23.9800, R: 0.0000)
Batch 17300/18276: Loss = 23.7269 (C: 23.7269, R: 0.0000)
Batch 17400/18276: Loss = 22.0607 (C: 22.0607, R: 0.0000)
Batch 17500/18276: Loss = 23.1709 (C: 23.1709, R: 0.0000)
Batch 17600/18276: Loss = 24.4834 (C: 24.4834, R: 0.0000)
Batch 17700/18276: Loss = 23.0740 (C: 23.0740, R: 0.0000)
Batch 17800/18276: Loss = 24.2918 (C: 24.2918, R: 0.0000)
Batch 17900/18276: Loss = 22.7671 (C: 22.7671, R: 0.0000)
Batch 18000/18276: Loss = 23.6551 (C: 23.6551, R: 0.0000)
Batch 18100/18276: Loss = 23.0304 (C: 23.0304, R: 0.0000)
Batch 18200/18276: Loss = 21.5314 (C: 21.5314, R: 0.0000)
DEBUG: First validation batch:
  contrastive_loss raw: 23.659706115722656
  reconstruction_loss raw: 0.0
  total_loss raw: 23.659706115722656
Epoch 3 completed in 67.41s
Train Loss: 23.0948 (C: 23.0948)
Val Loss: 23.1023 (C: 23.1023)
Checkpoint saved: entailment_surfaces/supervised_contrastive_autoencoder/experiments/contrastive_autoencoder_20250711_230522/checkpoints/best_model.pt
New best model saved (Val Loss: 23.1023)

Epoch 4/50
------------------------------
Batch 0/18276: Loss = 24.2625 (C: 24.2625, R: 0.0000)
Batch 100/18276: Loss = 24.1398 (C: 24.1398, R: 0.0000)
Batch 200/18276: Loss = 24.1893 (C: 24.1893, R: 0.0000)
Batch 300/18276: Loss = 23.3199 (C: 23.3199, R: 0.0000)
Batch 400/18276: Loss = 22.2237 (C: 22.2237, R: 0.0000)
Batch 500/18276: Loss = 23.6289 (C: 23.6289, R: 0.0000)
Batch 600/18276: Loss = 23.8081 (C: 23.8081, R: 0.0000)
Batch 700/18276: Loss = 24.4862 (C: 24.4862, R: 0.0000)
Batch 800/18276: Loss = 23.3181 (C: 23.3181, R: 0.0000)
Batch 900/18276: Loss = 24.4346 (C: 24.4346, R: 0.0000)
Batch 1000/18276: Loss = 23.9141 (C: 23.9141, R: 0.0000)
Batch 1100/18276: Loss = 23.3964 (C: 23.3964, R: 0.0000)
Batch 1200/18276: Loss = 23.3033 (C: 23.3033, R: 0.0000)
Batch 1300/18276: Loss = 22.6257 (C: 22.6257, R: 0.0000)
Batch 1400/18276: Loss = 23.9441 (C: 23.9441, R: 0.0000)
Batch 1500/18276: Loss = 21.4755 (C: 21.4755, R: 0.0000)
Batch 1600/18276: Loss = 22.7217 (C: 22.7217, R: 0.0000)
Batch 1700/18276: Loss = 23.1887 (C: 23.1887, R: 0.0000)
Batch 1800/18276: Loss = 23.4585 (C: 23.4585, R: 0.0000)
Batch 1900/18276: Loss = 22.3179 (C: 22.3179, R: 0.0000)
Batch 2000/18276: Loss = 23.5584 (C: 23.5584, R: 0.0000)
Batch 2100/18276: Loss = 24.1641 (C: 24.1641, R: 0.0000)
Batch 2200/18276: Loss = 22.6833 (C: 22.6833, R: 0.0000)
Batch 2300/18276: Loss = 21.5455 (C: 21.5455, R: 0.0000)
Batch 2400/18276: Loss = 23.4750 (C: 23.4750, R: 0.0000)
Batch 2500/18276: Loss = 22.7749 (C: 22.7749, R: 0.0000)
Batch 2600/18276: Loss = 23.8302 (C: 23.8302, R: 0.0000)
Batch 2700/18276: Loss = 22.2583 (C: 22.2583, R: 0.0000)
Batch 2800/18276: Loss = 24.4191 (C: 24.4191, R: 0.0000)
Batch 2900/18276: Loss = 23.6138 (C: 23.6138, R: 0.0000)
Batch 3000/18276: Loss = 23.0627 (C: 23.0627, R: 0.0000)
Batch 3100/18276: Loss = 21.4597 (C: 21.4597, R: 0.0000)
Batch 3200/18276: Loss = 22.3272 (C: 22.3272, R: 0.0000)
Batch 3300/18276: Loss = 23.5775 (C: 23.5775, R: 0.0000)
Batch 3400/18276: Loss = 22.2979 (C: 22.2979, R: 0.0000)
Batch 3500/18276: Loss = 23.1724 (C: 23.1724, R: 0.0000)
Batch 3600/18276: Loss = 22.9083 (C: 22.9083, R: 0.0000)
Batch 3700/18276: Loss = 23.0375 (C: 23.0375, R: 0.0000)
Batch 3800/18276: Loss = 22.7925 (C: 22.7925, R: 0.0000)
Batch 3900/18276: Loss = 23.6711 (C: 23.6711, R: 0.0000)
Batch 4000/18276: Loss = 21.2842 (C: 21.2842, R: 0.0000)
Batch 4100/18276: Loss = 23.0210 (C: 23.0210, R: 0.0000)
Batch 4200/18276: Loss = 22.4471 (C: 22.4471, R: 0.0000)
Batch 4300/18276: Loss = 23.3862 (C: 23.3862, R: 0.0000)
Batch 4400/18276: Loss = 22.7652 (C: 22.7652, R: 0.0000)
Batch 4500/18276: Loss = 21.9333 (C: 21.9333, R: 0.0000)
Batch 4600/18276: Loss = 23.5815 (C: 23.5815, R: 0.0000)
Batch 4700/18276: Loss = 23.2187 (C: 23.2187, R: 0.0000)
Batch 4800/18276: Loss = 22.5215 (C: 22.5215, R: 0.0000)
Batch 4900/18276: Loss = 21.5264 (C: 21.5264, R: 0.0000)
Batch 5000/18276: Loss = 23.3357 (C: 23.3357, R: 0.0000)
Batch 5100/18276: Loss = 21.7743 (C: 21.7743, R: 0.0000)
Batch 5200/18276: Loss = 21.6305 (C: 21.6305, R: 0.0000)
Batch 5300/18276: Loss = 22.1687 (C: 22.1687, R: 0.0000)
Batch 5400/18276: Loss = 23.0128 (C: 23.0128, R: 0.0000)
Batch 5500/18276: Loss = 22.3812 (C: 22.3812, R: 0.0000)
Batch 5600/18276: Loss = 23.1710 (C: 23.1710, R: 0.0000)
Batch 5700/18276: Loss = 23.0536 (C: 23.0536, R: 0.0000)
Batch 5800/18276: Loss = 23.2688 (C: 23.2688, R: 0.0000)
Batch 5900/18276: Loss = 23.5755 (C: 23.5755, R: 0.0000)
Batch 6000/18276: Loss = 24.1230 (C: 24.1230, R: 0.0000)
Batch 6100/18276: Loss = 23.1273 (C: 23.1273, R: 0.0000)
Batch 6200/18276: Loss = 23.3841 (C: 23.3841, R: 0.0000)
Batch 6300/18276: Loss = 23.2098 (C: 23.2098, R: 0.0000)
Batch 6400/18276: Loss = 22.1762 (C: 22.1762, R: 0.0000)
Batch 6500/18276: Loss = 23.5404 (C: 23.5404, R: 0.0000)
Batch 6600/18276: Loss = 22.2122 (C: 22.2122, R: 0.0000)
Batch 6700/18276: Loss = 22.0993 (C: 22.0993, R: 0.0000)
Batch 6800/18276: Loss = 23.3201 (C: 23.3201, R: 0.0000)
Batch 6900/18276: Loss = 23.8568 (C: 23.8568, R: 0.0000)
Batch 7000/18276: Loss = 22.5915 (C: 22.5915, R: 0.0000)
Batch 7100/18276: Loss = 22.2537 (C: 22.2537, R: 0.0000)
Batch 7200/18276: Loss = 23.8765 (C: 23.8765, R: 0.0000)
Batch 7300/18276: Loss = 22.0415 (C: 22.0415, R: 0.0000)
Batch 7400/18276: Loss = 22.8133 (C: 22.8133, R: 0.0000)
Batch 7500/18276: Loss = 22.9489 (C: 22.9489, R: 0.0000)
Batch 7600/18276: Loss = 22.8674 (C: 22.8674, R: 0.0000)
Batch 7700/18276: Loss = 23.3028 (C: 23.3028, R: 0.0000)
Batch 7800/18276: Loss = 22.8410 (C: 22.8410, R: 0.0000)
Batch 7900/18276: Loss = 21.6954 (C: 21.6954, R: 0.0000)
Batch 8000/18276: Loss = 23.0325 (C: 23.0325, R: 0.0000)
Batch 8100/18276: Loss = 22.7300 (C: 22.7300, R: 0.0000)
Batch 8200/18276: Loss = 22.9081 (C: 22.9081, R: 0.0000)
Batch 8300/18276: Loss = 21.3868 (C: 21.3868, R: 0.0000)
Batch 8400/18276: Loss = 24.1268 (C: 24.1268, R: 0.0000)
Batch 8500/18276: Loss = 22.7051 (C: 22.7051, R: 0.0000)
Batch 8600/18276: Loss = 22.9931 (C: 22.9931, R: 0.0000)
Batch 8700/18276: Loss = 23.6906 (C: 23.6906, R: 0.0000)
Batch 8800/18276: Loss = 22.8395 (C: 22.8395, R: 0.0000)
Batch 8900/18276: Loss = 22.4297 (C: 22.4297, R: 0.0000)
Batch 9000/18276: Loss = 22.4731 (C: 22.4731, R: 0.0000)
Batch 9100/18276: Loss = 22.4931 (C: 22.4931, R: 0.0000)
Batch 9200/18276: Loss = 23.8743 (C: 23.8743, R: 0.0000)
Batch 9300/18276: Loss = 21.8461 (C: 21.8461, R: 0.0000)
Batch 9400/18276: Loss = 22.7193 (C: 22.7193, R: 0.0000)
Batch 9500/18276: Loss = 22.5537 (C: 22.5537, R: 0.0000)
Batch 9600/18276: Loss = 22.6492 (C: 22.6492, R: 0.0000)
Batch 9700/18276: Loss = 22.8768 (C: 22.8768, R: 0.0000)
Batch 9800/18276: Loss = 23.4062 (C: 23.4062, R: 0.0000)
Batch 9900/18276: Loss = 22.3430 (C: 22.3430, R: 0.0000)
Batch 10000/18276: Loss = 21.8201 (C: 21.8201, R: 0.0000)
Batch 10100/18276: Loss = 22.1287 (C: 22.1287, R: 0.0000)
Batch 10200/18276: Loss = 23.0321 (C: 23.0321, R: 0.0000)
Batch 10300/18276: Loss = 22.9343 (C: 22.9343, R: 0.0000)
Batch 10400/18276: Loss = 23.4924 (C: 23.4924, R: 0.0000)
Batch 10500/18276: Loss = 23.2449 (C: 23.2449, R: 0.0000)
Batch 10600/18276: Loss = 22.3433 (C: 22.3433, R: 0.0000)
Batch 10700/18276: Loss = 21.7788 (C: 21.7788, R: 0.0000)
Batch 10800/18276: Loss = 21.4648 (C: 21.4648, R: 0.0000)
Batch 10900/18276: Loss = 23.7429 (C: 23.7429, R: 0.0000)
Batch 11000/18276: Loss = 22.3164 (C: 22.3164, R: 0.0000)
Batch 11100/18276: Loss = 22.7556 (C: 22.7556, R: 0.0000)
Batch 11200/18276: Loss = 22.3333 (C: 22.3333, R: 0.0000)
Batch 11300/18276: Loss = 22.4811 (C: 22.4811, R: 0.0000)
Batch 11400/18276: Loss = 22.3956 (C: 22.3956, R: 0.0000)
Batch 11500/18276: Loss = 22.7168 (C: 22.7168, R: 0.0000)
Batch 11600/18276: Loss = 23.1524 (C: 23.1524, R: 0.0000)
Batch 11700/18276: Loss = 22.7410 (C: 22.7410, R: 0.0000)
Batch 11800/18276: Loss = 23.0168 (C: 23.0168, R: 0.0000)
Batch 11900/18276: Loss = 22.8267 (C: 22.8267, R: 0.0000)
Batch 12000/18276: Loss = 22.6679 (C: 22.6679, R: 0.0000)
Batch 12100/18276: Loss = 24.1097 (C: 24.1097, R: 0.0000)
Batch 12200/18276: Loss = 22.4798 (C: 22.4798, R: 0.0000)
Batch 12300/18276: Loss = 24.5651 (C: 24.5651, R: 0.0000)
Batch 12400/18276: Loss = 22.9391 (C: 22.9391, R: 0.0000)
Batch 12500/18276: Loss = 22.4104 (C: 22.4104, R: 0.0000)
Batch 12600/18276: Loss = 24.3363 (C: 24.3363, R: 0.0000)
Batch 12700/18276: Loss = 22.8145 (C: 22.8145, R: 0.0000)
Batch 12800/18276: Loss = 23.6253 (C: 23.6253, R: 0.0000)
Batch 12900/18276: Loss = 23.0928 (C: 23.0928, R: 0.0000)
Batch 13000/18276: Loss = 23.2513 (C: 23.2513, R: 0.0000)
Batch 13100/18276: Loss = 23.8654 (C: 23.8654, R: 0.0000)
Batch 13200/18276: Loss = 23.5389 (C: 23.5389, R: 0.0000)
Batch 13300/18276: Loss = 22.9150 (C: 22.9150, R: 0.0000)
Batch 13400/18276: Loss = 23.0430 (C: 23.0430, R: 0.0000)
Batch 13500/18276: Loss = 23.1646 (C: 23.1646, R: 0.0000)
Batch 13600/18276: Loss = 24.2733 (C: 24.2733, R: 0.0000)
Batch 13700/18276: Loss = 22.3723 (C: 22.3723, R: 0.0000)
Batch 13800/18276: Loss = 23.2961 (C: 23.2961, R: 0.0000)
Batch 13900/18276: Loss = 21.8769 (C: 21.8769, R: 0.0000)
Batch 14000/18276: Loss = 23.3732 (C: 23.3732, R: 0.0000)
Batch 14100/18276: Loss = 22.4221 (C: 22.4221, R: 0.0000)
Batch 14200/18276: Loss = 22.3468 (C: 22.3468, R: 0.0000)
Batch 14300/18276: Loss = 21.7539 (C: 21.7539, R: 0.0000)
Batch 14400/18276: Loss = 23.2453 (C: 23.2453, R: 0.0000)
Batch 14500/18276: Loss = 23.5731 (C: 23.5731, R: 0.0000)
Batch 14600/18276: Loss = 21.4185 (C: 21.4185, R: 0.0000)
Batch 14700/18276: Loss = 22.0202 (C: 22.0202, R: 0.0000)
Batch 14800/18276: Loss = 22.1988 (C: 22.1988, R: 0.0000)
Batch 14900/18276: Loss = 21.7197 (C: 21.7197, R: 0.0000)
Batch 15000/18276: Loss = 21.9820 (C: 21.9820, R: 0.0000)
Batch 15100/18276: Loss = 23.5399 (C: 23.5399, R: 0.0000)
Batch 15200/18276: Loss = 22.5942 (C: 22.5942, R: 0.0000)
Batch 15300/18276: Loss = 23.2844 (C: 23.2844, R: 0.0000)
Batch 15400/18276: Loss = 22.7395 (C: 22.7395, R: 0.0000)
Batch 15500/18276: Loss = 22.8102 (C: 22.8102, R: 0.0000)
Batch 15600/18276: Loss = 23.1241 (C: 23.1241, R: 0.0000)
Batch 15700/18276: Loss = 23.0892 (C: 23.0892, R: 0.0000)
Batch 15800/18276: Loss = 23.5634 (C: 23.5634, R: 0.0000)
Batch 15900/18276: Loss = 23.2874 (C: 23.2874, R: 0.0000)
Batch 16000/18276: Loss = 23.7689 (C: 23.7689, R: 0.0000)
Batch 16100/18276: Loss = 22.2724 (C: 22.2724, R: 0.0000)
Batch 16200/18276: Loss = 22.8507 (C: 22.8507, R: 0.0000)
Batch 16300/18276: Loss = 22.8914 (C: 22.8914, R: 0.0000)
Batch 16400/18276: Loss = 22.6541 (C: 22.6541, R: 0.0000)
Batch 16500/18276: Loss = 23.7564 (C: 23.7564, R: 0.0000)
Batch 16600/18276: Loss = 23.5658 (C: 23.5658, R: 0.0000)
Batch 16700/18276: Loss = 22.7000 (C: 22.7000, R: 0.0000)
Batch 16800/18276: Loss = 22.5336 (C: 22.5336, R: 0.0000)
Batch 16900/18276: Loss = 23.5737 (C: 23.5737, R: 0.0000)
Batch 17000/18276: Loss = 23.0716 (C: 23.0716, R: 0.0000)
Batch 17100/18276: Loss = 23.0367 (C: 23.0367, R: 0.0000)
Batch 17200/18276: Loss = 22.1793 (C: 22.1793, R: 0.0000)
Batch 17300/18276: Loss = 22.7009 (C: 22.7009, R: 0.0000)
Batch 17400/18276: Loss = 21.9641 (C: 21.9641, R: 0.0000)
Batch 17500/18276: Loss = 22.4334 (C: 22.4334, R: 0.0000)
Batch 17600/18276: Loss = 23.7770 (C: 23.7770, R: 0.0000)
Batch 17700/18276: Loss = 23.4648 (C: 23.4648, R: 0.0000)
Batch 17800/18276: Loss = 23.3046 (C: 23.3046, R: 0.0000)
Batch 17900/18276: Loss = 22.2065 (C: 22.2065, R: 0.0000)
Batch 18000/18276: Loss = 23.2702 (C: 23.2702, R: 0.0000)
Batch 18100/18276: Loss = 23.2219 (C: 23.2219, R: 0.0000)
Batch 18200/18276: Loss = 23.0236 (C: 23.0236, R: 0.0000)
DEBUG: First validation batch:
  contrastive_loss raw: 23.11917495727539
  reconstruction_loss raw: 0.0
  total_loss raw: 23.11917495727539
Epoch 4 completed in 67.59s
Train Loss: 23.0263 (C: 23.0263)
Val Loss: 23.0842 (C: 23.0842)
Checkpoint saved: entailment_surfaces/supervised_contrastive_autoencoder/experiments/contrastive_autoencoder_20250711_230522/checkpoints/best_model.pt
New best model saved (Val Loss: 23.0842)

Epoch 5/50
------------------------------
Batch 0/18276: Loss = 22.9282 (C: 22.9282, R: 0.0000)
Batch 100/18276: Loss = 22.1823 (C: 22.1823, R: 0.0000)
Batch 200/18276: Loss = 23.2782 (C: 23.2782, R: 0.0000)
Batch 300/18276: Loss = 23.2463 (C: 23.2463, R: 0.0000)
Batch 400/18276: Loss = 22.4196 (C: 22.4196, R: 0.0000)
Batch 500/18276: Loss = 22.2605 (C: 22.2605, R: 0.0000)
Batch 600/18276: Loss = 22.8401 (C: 22.8401, R: 0.0000)
Batch 700/18276: Loss = 22.3259 (C: 22.3259, R: 0.0000)
Batch 800/18276: Loss = 23.0522 (C: 23.0522, R: 0.0000)
Batch 900/18276: Loss = 23.4021 (C: 23.4021, R: 0.0000)
Batch 1000/18276: Loss = 22.5325 (C: 22.5325, R: 0.0000)
Batch 1100/18276: Loss = 23.1644 (C: 23.1644, R: 0.0000)
Batch 1200/18276: Loss = 22.0306 (C: 22.0306, R: 0.0000)
Batch 1300/18276: Loss = 22.6747 (C: 22.6747, R: 0.0000)
Batch 1400/18276: Loss = 23.0032 (C: 23.0032, R: 0.0000)
Batch 1500/18276: Loss = 22.8175 (C: 22.8175, R: 0.0000)
Batch 1600/18276: Loss = 23.7061 (C: 23.7061, R: 0.0000)
Batch 1700/18276: Loss = 22.9968 (C: 22.9968, R: 0.0000)
Batch 1800/18276: Loss = 23.2266 (C: 23.2266, R: 0.0000)
Batch 1900/18276: Loss = 22.4139 (C: 22.4139, R: 0.0000)
Batch 2000/18276: Loss = 23.0571 (C: 23.0571, R: 0.0000)
Batch 2100/18276: Loss = 24.0835 (C: 24.0835, R: 0.0000)
Batch 2200/18276: Loss = 23.6126 (C: 23.6126, R: 0.0000)
Batch 2300/18276: Loss = 22.8323 (C: 22.8323, R: 0.0000)
Batch 2400/18276: Loss = 23.9039 (C: 23.9039, R: 0.0000)
Batch 2500/18276: Loss = 23.1371 (C: 23.1371, R: 0.0000)
Batch 2600/18276: Loss = 24.4276 (C: 24.4276, R: 0.0000)
Batch 2700/18276: Loss = 22.2277 (C: 22.2277, R: 0.0000)
Batch 2800/18276: Loss = 22.4749 (C: 22.4749, R: 0.0000)
Batch 2900/18276: Loss = 23.9232 (C: 23.9232, R: 0.0000)
Batch 3000/18276: Loss = 22.2046 (C: 22.2046, R: 0.0000)
Batch 3100/18276: Loss = 23.4112 (C: 23.4112, R: 0.0000)
Batch 3200/18276: Loss = 24.4843 (C: 24.4843, R: 0.0000)
Batch 3300/18276: Loss = 22.4543 (C: 22.4543, R: 0.0000)
Batch 3400/18276: Loss = 21.4435 (C: 21.4435, R: 0.0000)
Batch 3500/18276: Loss = 22.9848 (C: 22.9848, R: 0.0000)
Batch 3600/18276: Loss = 22.9845 (C: 22.9845, R: 0.0000)
Batch 3700/18276: Loss = 24.0657 (C: 24.0657, R: 0.0000)
Batch 3800/18276: Loss = 23.4132 (C: 23.4132, R: 0.0000)
Batch 3900/18276: Loss = 21.3221 (C: 21.3221, R: 0.0000)
Batch 4000/18276: Loss = 22.7400 (C: 22.7400, R: 0.0000)
Batch 4100/18276: Loss = 22.4358 (C: 22.4358, R: 0.0000)
Batch 4200/18276: Loss = 22.1967 (C: 22.1967, R: 0.0000)
Batch 4300/18276: Loss = 22.9035 (C: 22.9035, R: 0.0000)
Batch 4400/18276: Loss = 22.3683 (C: 22.3683, R: 0.0000)
Batch 4500/18276: Loss = 21.7702 (C: 21.7702, R: 0.0000)
Batch 4600/18276: Loss = 23.1218 (C: 23.1218, R: 0.0000)
Batch 4700/18276: Loss = 23.4745 (C: 23.4745, R: 0.0000)
Batch 4800/18276: Loss = 23.3717 (C: 23.3717, R: 0.0000)
Batch 4900/18276: Loss = 22.9537 (C: 22.9537, R: 0.0000)
Batch 5000/18276: Loss = 24.0040 (C: 24.0040, R: 0.0000)
Batch 5100/18276: Loss = 23.4551 (C: 23.4551, R: 0.0000)
Batch 5200/18276: Loss = 23.4737 (C: 23.4737, R: 0.0000)
Batch 5300/18276: Loss = 22.6088 (C: 22.6088, R: 0.0000)
Batch 5400/18276: Loss = 23.1683 (C: 23.1683, R: 0.0000)
Batch 5500/18276: Loss = 21.8167 (C: 21.8167, R: 0.0000)
Batch 5600/18276: Loss = 22.5654 (C: 22.5654, R: 0.0000)
Batch 5700/18276: Loss = 24.6138 (C: 24.6138, R: 0.0000)
Batch 5800/18276: Loss = 22.6472 (C: 22.6472, R: 0.0000)
Batch 5900/18276: Loss = 23.6430 (C: 23.6430, R: 0.0000)
Batch 6000/18276: Loss = 23.7229 (C: 23.7229, R: 0.0000)
Batch 6100/18276: Loss = 22.8377 (C: 22.8377, R: 0.0000)
Batch 6200/18276: Loss = 23.6843 (C: 23.6843, R: 0.0000)
Batch 6300/18276: Loss = 24.2908 (C: 24.2908, R: 0.0000)
Batch 6400/18276: Loss = 22.2488 (C: 22.2488, R: 0.0000)
Batch 6500/18276: Loss = 23.6164 (C: 23.6164, R: 0.0000)
Batch 6600/18276: Loss = 22.7384 (C: 22.7384, R: 0.0000)
Batch 6700/18276: Loss = 22.4081 (C: 22.4081, R: 0.0000)
Batch 6800/18276: Loss = 22.9353 (C: 22.9353, R: 0.0000)
Batch 6900/18276: Loss = 22.9831 (C: 22.9831, R: 0.0000)
Batch 7000/18276: Loss = 24.7593 (C: 24.7593, R: 0.0000)
Batch 7100/18276: Loss = 23.5394 (C: 23.5394, R: 0.0000)
Batch 7200/18276: Loss = 22.2969 (C: 22.2969, R: 0.0000)
Batch 7300/18276: Loss = 23.3101 (C: 23.3101, R: 0.0000)
Batch 7400/18276: Loss = 23.3621 (C: 23.3621, R: 0.0000)
Batch 7500/18276: Loss = 23.0706 (C: 23.0706, R: 0.0000)
Batch 7600/18276: Loss = 24.5527 (C: 24.5527, R: 0.0000)
Batch 7700/18276: Loss = 23.3373 (C: 23.3373, R: 0.0000)
Batch 7800/18276: Loss = 23.5153 (C: 23.5153, R: 0.0000)
Batch 7900/18276: Loss = 21.9724 (C: 21.9724, R: 0.0000)
Batch 8000/18276: Loss = 22.5093 (C: 22.5093, R: 0.0000)
Batch 8100/18276: Loss = 24.2610 (C: 24.2610, R: 0.0000)
Batch 8200/18276: Loss = 23.6014 (C: 23.6014, R: 0.0000)
Batch 8300/18276: Loss = 22.3514 (C: 22.3514, R: 0.0000)
Batch 8400/18276: Loss = 23.6352 (C: 23.6352, R: 0.0000)
Batch 8500/18276: Loss = 22.3635 (C: 22.3635, R: 0.0000)
Batch 8600/18276: Loss = 22.9731 (C: 22.9731, R: 0.0000)
Batch 8700/18276: Loss = 23.7254 (C: 23.7254, R: 0.0000)
Batch 8800/18276: Loss = 22.5992 (C: 22.5992, R: 0.0000)
Batch 8900/18276: Loss = 23.1244 (C: 23.1244, R: 0.0000)
Batch 9000/18276: Loss = 22.1751 (C: 22.1751, R: 0.0000)
Batch 9100/18276: Loss = 22.1786 (C: 22.1786, R: 0.0000)
Batch 9200/18276: Loss = 21.6042 (C: 21.6042, R: 0.0000)
Batch 9300/18276: Loss = 23.4122 (C: 23.4122, R: 0.0000)
Batch 9400/18276: Loss = 21.7460 (C: 21.7460, R: 0.0000)
Batch 9500/18276: Loss = 22.0540 (C: 22.0540, R: 0.0000)
Batch 9600/18276: Loss = 23.5103 (C: 23.5103, R: 0.0000)
Batch 9700/18276: Loss = 22.8224 (C: 22.8224, R: 0.0000)
Batch 9800/18276: Loss = 23.0250 (C: 23.0250, R: 0.0000)
Batch 9900/18276: Loss = 23.6005 (C: 23.6005, R: 0.0000)
Batch 10000/18276: Loss = 22.5642 (C: 22.5642, R: 0.0000)
Batch 10100/18276: Loss = 22.2914 (C: 22.2914, R: 0.0000)
Batch 10200/18276: Loss = 22.3745 (C: 22.3745, R: 0.0000)
Batch 10300/18276: Loss = 22.7201 (C: 22.7201, R: 0.0000)
Batch 10400/18276: Loss = 23.5925 (C: 23.5925, R: 0.0000)
Batch 10500/18276: Loss = 23.7189 (C: 23.7189, R: 0.0000)
Batch 10600/18276: Loss = 23.7374 (C: 23.7374, R: 0.0000)
Batch 10700/18276: Loss = 22.3757 (C: 22.3757, R: 0.0000)
Batch 10800/18276: Loss = 22.2522 (C: 22.2522, R: 0.0000)
Batch 10900/18276: Loss = 23.3986 (C: 23.3986, R: 0.0000)
Batch 11000/18276: Loss = 21.2623 (C: 21.2623, R: 0.0000)
Batch 11100/18276: Loss = 22.2438 (C: 22.2438, R: 0.0000)
Batch 11200/18276: Loss = 21.7666 (C: 21.7666, R: 0.0000)
Batch 11300/18276: Loss = 22.2968 (C: 22.2968, R: 0.0000)
Batch 11400/18276: Loss = 24.2994 (C: 24.2994, R: 0.0000)
Batch 11500/18276: Loss = 23.3883 (C: 23.3883, R: 0.0000)
Batch 11600/18276: Loss = 23.6766 (C: 23.6766, R: 0.0000)
Batch 11700/18276: Loss = 24.1067 (C: 24.1067, R: 0.0000)
Batch 11800/18276: Loss = 24.2748 (C: 24.2748, R: 0.0000)
Batch 11900/18276: Loss = 23.5966 (C: 23.5966, R: 0.0000)
Batch 12000/18276: Loss = 22.1499 (C: 22.1499, R: 0.0000)
Batch 12100/18276: Loss = 21.8366 (C: 21.8366, R: 0.0000)
Batch 12200/18276: Loss = 22.2170 (C: 22.2170, R: 0.0000)
Batch 12300/18276: Loss = 21.7393 (C: 21.7393, R: 0.0000)
Batch 12400/18276: Loss = 23.4700 (C: 23.4700, R: 0.0000)
Batch 12500/18276: Loss = 23.0128 (C: 23.0128, R: 0.0000)
Batch 12600/18276: Loss = 22.7855 (C: 22.7855, R: 0.0000)
Batch 12700/18276: Loss = 22.1555 (C: 22.1555, R: 0.0000)
Batch 12800/18276: Loss = 22.1072 (C: 22.1072, R: 0.0000)
Batch 12900/18276: Loss = 23.8275 (C: 23.8275, R: 0.0000)
Batch 13000/18276: Loss = 23.3482 (C: 23.3482, R: 0.0000)
Batch 13100/18276: Loss = 23.5497 (C: 23.5497, R: 0.0000)
Batch 13200/18276: Loss = 22.2450 (C: 22.2450, R: 0.0000)
Batch 13300/18276: Loss = 24.0043 (C: 24.0043, R: 0.0000)
Batch 13400/18276: Loss = 23.6700 (C: 23.6700, R: 0.0000)
Batch 13500/18276: Loss = 22.3729 (C: 22.3729, R: 0.0000)
Batch 13600/18276: Loss = 22.0941 (C: 22.0941, R: 0.0000)
Batch 13700/18276: Loss = 23.6176 (C: 23.6176, R: 0.0000)
Batch 13800/18276: Loss = 22.6296 (C: 22.6296, R: 0.0000)
Batch 13900/18276: Loss = 23.1278 (C: 23.1278, R: 0.0000)
Batch 14000/18276: Loss = 23.8284 (C: 23.8284, R: 0.0000)
Batch 14100/18276: Loss = 23.2429 (C: 23.2429, R: 0.0000)
Batch 14200/18276: Loss = 21.8959 (C: 21.8959, R: 0.0000)
Batch 14300/18276: Loss = 22.6230 (C: 22.6230, R: 0.0000)
Batch 14400/18276: Loss = 24.5992 (C: 24.5992, R: 0.0000)
Batch 14500/18276: Loss = 23.4169 (C: 23.4169, R: 0.0000)
Batch 14600/18276: Loss = 23.8443 (C: 23.8443, R: 0.0000)
Batch 14700/18276: Loss = 22.4802 (C: 22.4802, R: 0.0000)
Batch 14800/18276: Loss = 23.0764 (C: 23.0764, R: 0.0000)
Batch 14900/18276: Loss = 23.6406 (C: 23.6406, R: 0.0000)
Batch 15000/18276: Loss = 23.3569 (C: 23.3569, R: 0.0000)
Batch 15100/18276: Loss = 23.0208 (C: 23.0208, R: 0.0000)
Batch 15200/18276: Loss = 23.0702 (C: 23.0702, R: 0.0000)
Batch 15300/18276: Loss = 23.1238 (C: 23.1238, R: 0.0000)
Batch 15400/18276: Loss = 22.3988 (C: 22.3988, R: 0.0000)
Batch 15500/18276: Loss = 22.4257 (C: 22.4257, R: 0.0000)
Batch 15600/18276: Loss = 24.3221 (C: 24.3221, R: 0.0000)
Batch 15700/18276: Loss = 22.2421 (C: 22.2421, R: 0.0000)
Batch 15800/18276: Loss = 22.6237 (C: 22.6237, R: 0.0000)
Batch 15900/18276: Loss = 23.2571 (C: 23.2571, R: 0.0000)
Batch 16000/18276: Loss = 22.5141 (C: 22.5141, R: 0.0000)
Batch 16100/18276: Loss = 24.8300 (C: 24.8300, R: 0.0000)
Batch 16200/18276: Loss = 22.2819 (C: 22.2819, R: 0.0000)
Batch 16300/18276: Loss = 22.8943 (C: 22.8943, R: 0.0000)
Batch 16400/18276: Loss = 21.2533 (C: 21.2533, R: 0.0000)
Batch 16500/18276: Loss = 21.7756 (C: 21.7756, R: 0.0000)
Batch 16600/18276: Loss = 22.1720 (C: 22.1720, R: 0.0000)
Batch 16700/18276: Loss = 21.5864 (C: 21.5864, R: 0.0000)
