Starting Surface Distance Metric Analysis job...
Job ID: 181844
Node: gpuvm15
Time: Sat 12 Jul 11:51:51 BST 2025
Loading CUDA...
Activating conda environment...
Activated conda environment: /vol/bitbucket/ahb24/tda_entailment_new
Python location: /vol/bitbucket/ahb24/tda_entailment_new/bin/python
Checking GPU availability...
Sat Jul 12 11:51:53 2025       
+-----------------------------------------------------------------------------------------+
| NVIDIA-SMI 570.133.07             Driver Version: 570.133.07     CUDA Version: 12.8     |
|-----------------------------------------+------------------------+----------------------+
| GPU  Name                 Persistence-M | Bus-Id          Disp.A | Volatile Uncorr. ECC |
| Fan  Temp   Perf          Pwr:Usage/Cap |           Memory-Usage | GPU-Util  Compute M. |
|                                         |                        |               MIG M. |
|=========================================+========================+======================|
|   0  Tesla T4                       Off |   00000000:00:06.0 Off |                    0 |
| N/A   33C    P8              9W /   70W |       0MiB /  15360MiB |      0%      Default |
|                                         |                        |                  N/A |
+-----------------------------------------+------------------------+----------------------+
                                                                                         
+-----------------------------------------------------------------------------------------+
| Processes:                                                                              |
|  GPU   GI   CI              PID   Type   Process name                        GPU Memory |
|        ID   ID                                                               Usage      |
|=========================================================================================|
|  No running processes found                                                             |
+-----------------------------------------------------------------------------------------+

Testing PyTorch and CUDA...
PyTorch version: 2.4.1
CUDA available: True
CUDA device: Tesla T4
GPU memory: 15.6 GB
PyTorch setup verified!

Starting AutoEncoder Pipeline...

GLOBAL DATASET CONTRASTIVE AUTOENCODER PIPELINE
============================================================
Start time: 2025-07-12 11:52:44.618692
Using device: cuda

Configuration:
  Embedding type: lattice
  Batch size: 1020
  Global update frequency: 3 epochs
  Training epochs: 20
Experiment setup completed:
  Experiment directory: experiments/global_lattice_test_20250712_115244
  Config saved to: experiments/global_lattice_test_20250712_115244/config.json
Loading data...
========================================
FlexibleEmbedder initialized with type: 'lattice'
Output dimension will be: 768
GlobalDataLoader initialized:
  Embedding type: lattice
  Output dimension: 768
  Sample size: All
Starting data loading pipeline...
============================================================
Loading training data from data/processed/snli_full_standard_SBERT.pt
  Loaded keys: ['premise_embeddings', 'hypothesis_embeddings', 'labels', 'texts', 'metadata']
  Final dataset: 549367 training samples
Loading validation data from data/processed/snli_full_standard_SBERT.pt
  Loaded keys: ['premise_embeddings', 'hypothesis_embeddings', 'labels', 'texts', 'metadata']
  Final dataset: 549367 validation samples
Loading test data from data/processed/snli_full_standard_SBERT.pt
  Loaded keys: ['premise_embeddings', 'hypothesis_embeddings', 'labels', 'texts', 'metadata']
  Final dataset: 549367 test samples
Generating embeddings for training...
Generating lattice embeddings on cuda
Processing 549367 samples in batches of 1000
  Processing batch 1/550
  Processing batch 6/550
  Processing batch 11/550
  Processing batch 16/550
  Processing batch 21/550
  Processing batch 26/550
  Processing batch 31/550
  Processing batch 36/550
  Processing batch 41/550
  Processing batch 46/550
  Processing batch 51/550
  Processing batch 56/550
  Processing batch 61/550
  Processing batch 66/550
  Processing batch 71/550
  Processing batch 76/550
  Processing batch 81/550
  Processing batch 86/550
  Processing batch 91/550
  Processing batch 96/550
  Processing batch 101/550
  Processing batch 106/550
  Processing batch 111/550
  Processing batch 116/550
  Processing batch 121/550
  Processing batch 126/550
  Processing batch 131/550
  Processing batch 136/550
  Processing batch 141/550
  Processing batch 146/550
  Processing batch 151/550
  Processing batch 156/550
  Processing batch 161/550
  Processing batch 166/550
  Processing batch 171/550
  Processing batch 176/550
  Processing batch 181/550
  Processing batch 186/550
  Processing batch 191/550
  Processing batch 196/550
  Processing batch 201/550
  Processing batch 206/550
  Processing batch 211/550
  Processing batch 216/550
  Processing batch 221/550
  Processing batch 226/550
  Processing batch 231/550
  Processing batch 236/550
  Processing batch 241/550
  Processing batch 246/550
  Processing batch 251/550
  Processing batch 256/550
  Processing batch 261/550
  Processing batch 266/550
  Processing batch 271/550
  Processing batch 276/550
  Processing batch 281/550
  Processing batch 286/550
  Processing batch 291/550
  Processing batch 296/550
  Processing batch 301/550
  Processing batch 306/550
  Processing batch 311/550
  Processing batch 316/550
  Processing batch 321/550
  Processing batch 326/550
  Processing batch 331/550
  Processing batch 336/550
  Processing batch 341/550
  Processing batch 346/550
  Processing batch 351/550
  Processing batch 356/550
  Processing batch 361/550
  Processing batch 366/550
  Processing batch 371/550
  Processing batch 376/550
  Processing batch 381/550
  Processing batch 386/550
  Processing batch 391/550
  Processing batch 396/550
  Processing batch 401/550
  Processing batch 406/550
  Processing batch 411/550
  Processing batch 416/550
  Processing batch 421/550
  Processing batch 426/550
  Processing batch 431/550
  Processing batch 436/550
  Processing batch 441/550
  Processing batch 446/550
  Processing batch 451/550
  Processing batch 456/550
  Processing batch 461/550
  Processing batch 466/550
  Processing batch 471/550
  Processing batch 476/550
  Processing batch 481/550
  Processing batch 486/550
  Processing batch 491/550
  Processing batch 496/550
  Processing batch 501/550
  Processing batch 506/550
  Processing batch 511/550
  Processing batch 516/550
  Processing batch 521/550
  Processing batch 526/550
  Processing batch 531/550
  Processing batch 536/550
  Processing batch 541/550
  Processing batch 546/550
Generated lattice embeddings: torch.Size([549367, 768])
Generating embeddings for validation...
Generating lattice embeddings on cuda
Processing 549367 samples in batches of 1000
  Processing batch 1/550
  Processing batch 6/550
  Processing batch 11/550
  Processing batch 16/550
  Processing batch 21/550
  Processing batch 26/550
  Processing batch 31/550
  Processing batch 36/550
  Processing batch 41/550
  Processing batch 46/550
  Processing batch 51/550
  Processing batch 56/550
  Processing batch 61/550
  Processing batch 66/550
  Processing batch 71/550
  Processing batch 76/550
  Processing batch 81/550
  Processing batch 86/550
  Processing batch 91/550
  Processing batch 96/550
  Processing batch 101/550
  Processing batch 106/550
  Processing batch 111/550
  Processing batch 116/550
  Processing batch 121/550
  Processing batch 126/550
  Processing batch 131/550
  Processing batch 136/550
  Processing batch 141/550
  Processing batch 146/550
  Processing batch 151/550
  Processing batch 156/550
  Processing batch 161/550
  Processing batch 166/550
  Processing batch 171/550
  Processing batch 176/550
  Processing batch 181/550
  Processing batch 186/550
  Processing batch 191/550
  Processing batch 196/550
  Processing batch 201/550
  Processing batch 206/550
  Processing batch 211/550
  Processing batch 216/550
  Processing batch 221/550
  Processing batch 226/550
  Processing batch 231/550
  Processing batch 236/550
  Processing batch 241/550
  Processing batch 246/550
  Processing batch 251/550
  Processing batch 256/550
  Processing batch 261/550
  Processing batch 266/550
  Processing batch 271/550
  Processing batch 276/550
  Processing batch 281/550
  Processing batch 286/550
  Processing batch 291/550
  Processing batch 296/550
  Processing batch 301/550
  Processing batch 306/550
  Processing batch 311/550
  Processing batch 316/550
  Processing batch 321/550
  Processing batch 326/550
  Processing batch 331/550
  Processing batch 336/550
  Processing batch 341/550
  Processing batch 346/550
  Processing batch 351/550
  Processing batch 356/550
  Processing batch 361/550
  Processing batch 366/550
  Processing batch 371/550
  Processing batch 376/550
  Processing batch 381/550
  Processing batch 386/550
  Processing batch 391/550
  Processing batch 396/550
  Processing batch 401/550
  Processing batch 406/550
  Processing batch 411/550
  Processing batch 416/550
  Processing batch 421/550
  Processing batch 426/550
  Processing batch 431/550
  Processing batch 436/550
  Processing batch 441/550
  Processing batch 446/550
  Processing batch 451/550
  Processing batch 456/550
  Processing batch 461/550
  Processing batch 466/550
  Processing batch 471/550
  Processing batch 476/550
  Processing batch 481/550
  Processing batch 486/550
  Processing batch 491/550
  Processing batch 496/550
  Processing batch 501/550
  Processing batch 506/550
  Processing batch 511/550
  Processing batch 516/550
  Processing batch 521/550
  Processing batch 526/550
  Processing batch 531/550
  Processing batch 536/550
  Processing batch 541/550
  Processing batch 546/550
Generated lattice embeddings: torch.Size([549367, 768])
Generating embeddings for test...
Generating lattice embeddings on cuda
Processing 549367 samples in batches of 1000
  Processing batch 1/550
  Processing batch 6/550
  Processing batch 11/550
  Processing batch 16/550
  Processing batch 21/550
  Processing batch 26/550
  Processing batch 31/550
  Processing batch 36/550
  Processing batch 41/550
  Processing batch 46/550
  Processing batch 51/550
  Processing batch 56/550
  Processing batch 61/550
  Processing batch 66/550
  Processing batch 71/550
  Processing batch 76/550
  Processing batch 81/550
  Processing batch 86/550
  Processing batch 91/550
  Processing batch 96/550
  Processing batch 101/550
  Processing batch 106/550
  Processing batch 111/550
  Processing batch 116/550
  Processing batch 121/550
  Processing batch 126/550
  Processing batch 131/550
  Processing batch 136/550
  Processing batch 141/550
  Processing batch 146/550
  Processing batch 151/550
  Processing batch 156/550
  Processing batch 161/550
  Processing batch 166/550
  Processing batch 171/550
  Processing batch 176/550
  Processing batch 181/550
  Processing batch 186/550
  Processing batch 191/550
  Processing batch 196/550
  Processing batch 201/550
  Processing batch 206/550
  Processing batch 211/550
  Processing batch 216/550
  Processing batch 221/550
  Processing batch 226/550
  Processing batch 231/550
  Processing batch 236/550
  Processing batch 241/550
  Processing batch 246/550
  Processing batch 251/550
  Processing batch 256/550
  Processing batch 261/550
  Processing batch 266/550
  Processing batch 271/550
  Processing batch 276/550
  Processing batch 281/550
  Processing batch 286/550
  Processing batch 291/550
  Processing batch 296/550
  Processing batch 301/550
  Processing batch 306/550
  Processing batch 311/550
  Processing batch 316/550
  Processing batch 321/550
  Processing batch 326/550
  Processing batch 331/550
  Processing batch 336/550
  Processing batch 341/550
  Processing batch 346/550
  Processing batch 351/550
  Processing batch 356/550
  Processing batch 361/550
  Processing batch 366/550
  Processing batch 371/550
  Processing batch 376/550
  Processing batch 381/550
  Processing batch 386/550
  Processing batch 391/550
  Processing batch 396/550
  Processing batch 401/550
  Processing batch 406/550
  Processing batch 411/550
  Processing batch 416/550
  Processing batch 421/550
  Processing batch 426/550
  Processing batch 431/550
  Processing batch 436/550
  Processing batch 441/550
  Processing batch 446/550
  Processing batch 451/550
  Processing batch 456/550
  Processing batch 461/550
  Processing batch 466/550
  Processing batch 471/550
  Processing batch 476/550
  Processing batch 481/550
  Processing batch 486/550
  Processing batch 491/550
  Processing batch 496/550
  Processing batch 501/550
  Processing batch 506/550
  Processing batch 511/550
  Processing batch 516/550
  Processing batch 521/550
  Processing batch 526/550
  Processing batch 531/550
  Processing batch 536/550
  Processing batch 541/550
  Processing batch 546/550
Generated lattice embeddings: torch.Size([549367, 768])
EntailmentDataset created: 549367 samples
  Embedding shape: torch.Size([549367, 768])
  Class distribution: {'entailment': 183416, 'neutral': 182764, 'contradiction': 183187}
EntailmentDataset created: 549367 samples
  Embedding shape: torch.Size([549367, 768])
  Class distribution: {'entailment': 183416, 'neutral': 182764, 'contradiction': 183187}
EntailmentDataset created: 549367 samples
  Embedding shape: torch.Size([549367, 768])
  Class distribution: {'entailment': 183416, 'neutral': 182764, 'contradiction': 183187}

Data loading pipeline completed!
Output embedding dimension: 768
Updated model input_dim to: 768
BalancedBatchSampler initialized:
  Classes: [2, 0, 1]
  Samples per class per batch: 340
  Effective batch size: 1020
  Number of batches: 537
  Class 2: 183187 samples
  Class 0: 183416 samples
  Class 1: 182764 samples
BalancedBatchSampler initialized:
  Classes: [2, 0, 1]
  Samples per class per batch: 340
  Effective batch size: 1020
  Number of batches: 537
  Class 2: 183187 samples
  Class 0: 183416 samples
  Class 1: 182764 samples
DataLoaders created:
  Batch size: 1020
  Balanced sampling: True
  Train batches: 537
  Val batches: 537
  Test batches: 539
Data loading completed!
  Train: 549367 samples, 537 batches
  Val: 549367 samples, 537 batches
  Test: 549367 samples, 539 batches
Creating model and trainer...
========================================
ContrastiveAutoencoder initialized:
  Input dim: 768
  Latent dim: 75
  Hidden dims: [512, 256]
  Dropout rate: 0.2
  Total parameters: 1,089,355
Model created with 1,089,355 parameters
FullDatasetContrastiveLoss initialized:
  Margin: 2.0
  Update frequency: 3 epochs
  Max global samples: 3000
FullDatasetCombinedLoss initialized:
  Contrastive weight: 1.0
  Reconstruction weight: 0.0
Optimizer created (lr=0.0001)
GlobalDatasetTrainer initialized on device: cuda
Model parameters: 1,089,355
Starting training...
========================================
Starting Global Dataset Training...
============================================================

🌍 Updating global dataset at epoch 1
🌍 Extracting features for entire dataset...
  Processed 1/537 batches
  Processed 51/537 batches
  Processed 101/537 batches
  Processed 151/537 batches
  Processed 201/537 batches
  Processed 251/537 batches
  Processed 301/537 batches
  Processed 351/537 batches
  Processed 401/537 batches
  Processed 451/537 batches
  Processed 501/537 batches
  Global dataset updated: 547740 samples
  Analyzing global separation...

PIPELINE FAILED: CUDA out of memory. Tried to allocate 1117.66 GiB. GPU 0 has a total capacity of 14.56 GiB of which 13.93 GiB is free. Including non-PyTorch memory, this process has 650.00 MiB memory in use. Of the allocated memory 502.13 MiB is allocated by PyTorch, and 21.87 MiB is reserved by PyTorch but unallocated. If reserved but unallocated memory is large try setting PYTORCH_CUDA_ALLOC_CONF=expandable_segments:True to avoid fragmentation.  See documentation for Memory Management  (https://pytorch.org/docs/stable/notes/cuda.html#environment-variables)

Analysis completed with exit code: 0
Time: Sat 12 Jul 11:53:22 BST 2025

=== ANALYSIS SUCCESSFUL ===
Autoencoder pipeline successful!


Job finished.
