Starting Surface Distance Metric Analysis job...
Job ID: 189095
Node: gpuvm17
Time: Fri  1 Aug 11:59:19 BST 2025
Loading CUDA...
Activating conda environment...
Activated conda environment: /vol/bitbucket/ahb24/tda_entailment_new
Python location: /vol/bitbucket/ahb24/tda_entailment_new/bin/python
Checking GPU availability...
Fri Aug  1 11:59:21 2025       
+-----------------------------------------------------------------------------------------+
| NVIDIA-SMI 570.133.07             Driver Version: 570.133.07     CUDA Version: 12.8     |
|-----------------------------------------+------------------------+----------------------+
| GPU  Name                 Persistence-M | Bus-Id          Disp.A | Volatile Uncorr. ECC |
| Fan  Temp   Perf          Pwr:Usage/Cap |           Memory-Usage | GPU-Util  Compute M. |
|                                         |                        |               MIG M. |
|=========================================+========================+======================|
|   0  Tesla T4                       Off |   00000000:00:06.0 Off |                    0 |
| N/A   33C    P8             13W /   70W |       0MiB /  15360MiB |      0%      Default |
|                                         |                        |                  N/A |
+-----------------------------------------+------------------------+----------------------+
                                                                                         
+-----------------------------------------------------------------------------------------+
| Processes:                                                                              |
|  GPU   GI   CI              PID   Type   Process name                        GPU Memory |
|        ID   ID                                                               Usage      |
|=========================================================================================|
|  No running processes found                                                             |
+-----------------------------------------------------------------------------------------+

Testing PyTorch and CUDA...
PyTorch version: 2.4.1
CUDA available: True
CUDA device: Tesla T4
GPU memory: 15.6 GB
PyTorch setup verified!

Starting SBERT Token Extraction...

Loading SBERT model: sentence-transformers/all-distilroberta-v1
Device: cuda
Hidden size: 768
SBERT token extractor ready
Processing SNLI training data...
Processing dataset: MSc_Topology_Codebase/data/raw/snli/train/snli_full_train.json
Processing first 150000 samples
Total samples to process: 150000
Processed 100/150000 samples
Processed 200/150000 samples
Processed 300/150000 samples
Processed 400/150000 samples
Processed 500/150000 samples
Processed 600/150000 samples
Processed 700/150000 samples
Processed 800/150000 samples
Processed 900/150000 samples
Processed 1000/150000 samples
Processed 1100/150000 samples
Processed 1200/150000 samples
Processed 1300/150000 samples
Processed 1400/150000 samples
Processed 1500/150000 samples
Processed 1600/150000 samples
Processed 1700/150000 samples
Processed 1800/150000 samples
Processed 1900/150000 samples
Processed 2000/150000 samples
Processed 2100/150000 samples
Processed 2200/150000 samples
Processed 2300/150000 samples
Processed 2400/150000 samples
Processed 2500/150000 samples
Processed 2600/150000 samples
Processed 2700/150000 samples
Processed 2800/150000 samples
Processed 2900/150000 samples
Processed 3000/150000 samples
Processed 3100/150000 samples
Processed 3200/150000 samples
Processed 3300/150000 samples
Processed 3400/150000 samples
Processed 3500/150000 samples
Processed 3600/150000 samples
Processed 3700/150000 samples
Processed 3800/150000 samples
Processed 3900/150000 samples
Processed 4000/150000 samples
Processed 4100/150000 samples
Processed 4200/150000 samples
Processed 4300/150000 samples
Processed 4400/150000 samples
Processed 4500/150000 samples
Processed 4600/150000 samples
Processed 4700/150000 samples
Processed 4800/150000 samples
Processed 4900/150000 samples
Processed 5000/150000 samples
Processed 5100/150000 samples
Processed 5200/150000 samples
Processed 5300/150000 samples
Processed 5400/150000 samples
Processed 5500/150000 samples
Processed 5600/150000 samples
Processed 5700/150000 samples
Processed 5800/150000 samples
Processed 5900/150000 samples
Processed 6000/150000 samples
Processed 6100/150000 samples
Processed 6200/150000 samples
Processed 6300/150000 samples
Processed 6400/150000 samples
Processed 6500/150000 samples
Processed 6600/150000 samples
Processed 6700/150000 samples
Processed 6800/150000 samples
Processed 6900/150000 samples
Processed 7000/150000 samples
Processed 7100/150000 samples
Processed 7200/150000 samples
Processed 7300/150000 samples
Processed 7400/150000 samples
Processed 7500/150000 samples
Processed 7600/150000 samples
Processed 7700/150000 samples
Processed 7800/150000 samples
Processed 7900/150000 samples
Processed 8000/150000 samples
Processed 8100/150000 samples
Processed 8200/150000 samples
Processed 8300/150000 samples
Processed 8400/150000 samples
Processed 8500/150000 samples
Processed 8600/150000 samples
Processed 8700/150000 samples
Processed 8800/150000 samples
Processed 8900/150000 samples
Processed 9000/150000 samples
Processed 9100/150000 samples
Processed 9200/150000 samples
Processed 9300/150000 samples
Processed 9400/150000 samples
Processed 9500/150000 samples
Processed 9600/150000 samples
Processed 9700/150000 samples
Processed 9800/150000 samples
Processed 9900/150000 samples
Processed 10000/150000 samples
Processed 10100/150000 samples
Processed 10200/150000 samples
Processed 10300/150000 samples
Processed 10400/150000 samples
Processed 10500/150000 samples
Processed 10600/150000 samples
Processed 10700/150000 samples
Processed 10800/150000 samples
Processed 10900/150000 samples
Processed 11000/150000 samples
Processed 11100/150000 samples
Processed 11200/150000 samples
Processed 11300/150000 samples
Processed 11400/150000 samples
Processed 11500/150000 samples
Processed 11600/150000 samples
Processed 11700/150000 samples
Processed 11800/150000 samples
Processed 11900/150000 samples
Processed 12000/150000 samples
Processed 12100/150000 samples
Processed 12200/150000 samples
Processed 12300/150000 samples
Processed 12400/150000 samples
Processed 12500/150000 samples
Processed 12600/150000 samples
Processed 12700/150000 samples
Processed 12800/150000 samples
Processed 12900/150000 samples
Processed 13000/150000 samples
Processed 13100/150000 samples
Processed 13200/150000 samples
Processed 13300/150000 samples
Processed 13400/150000 samples
Processed 13500/150000 samples
Processed 13600/150000 samples
Processed 13700/150000 samples
Processed 13800/150000 samples
Processed 13900/150000 samples
Processed 14000/150000 samples
Processed 14100/150000 samples
Processed 14200/150000 samples
Processed 14300/150000 samples
Processed 14400/150000 samples
Processed 14500/150000 samples
Processed 14600/150000 samples
Processed 14700/150000 samples
Processed 14800/150000 samples
Processed 14900/150000 samples
Processed 15000/150000 samples
Processed 15100/150000 samples
Processed 15200/150000 samples
Processed 15300/150000 samples
Processed 15400/150000 samples
Processed 15500/150000 samples
Processed 15600/150000 samples
Processed 15700/150000 samples
Processed 15800/150000 samples
Processed 15900/150000 samples
Processed 16000/150000 samples
Processed 16100/150000 samples
Processed 16200/150000 samples
Processed 16300/150000 samples
Processed 16400/150000 samples
Processed 16500/150000 samples
Processed 16600/150000 samples
Processed 16700/150000 samples
Processed 16800/150000 samples
Processed 16900/150000 samples
Processed 17000/150000 samples
Processed 17100/150000 samples
Processed 17200/150000 samples
Processed 17300/150000 samples
Processed 17400/150000 samples
Processed 17500/150000 samples
Processed 17600/150000 samples
Processed 17700/150000 samples
Processed 17800/150000 samples
Processed 17900/150000 samples
Processed 18000/150000 samples
Processed 18100/150000 samples
Processed 18200/150000 samples
Processed 18300/150000 samples
Processed 18400/150000 samples
Processed 18500/150000 samples
Processed 18600/150000 samples
Processed 18700/150000 samples
Processed 18800/150000 samples
Processed 18900/150000 samples
Processed 19000/150000 samples
Processed 19100/150000 samples
Processed 19200/150000 samples
Processed 19300/150000 samples
Processed 19400/150000 samples
Processed 19500/150000 samples
Processed 19600/150000 samples
Processed 19700/150000 samples
Processed 19800/150000 samples
Processed 19900/150000 samples
Processed 20000/150000 samples
Processed 20100/150000 samples
Processed 20200/150000 samples
Processed 20300/150000 samples
Processed 20400/150000 samples
Processed 20500/150000 samples
Processed 20600/150000 samples
Processed 20700/150000 samples
Processed 20800/150000 samples
Processed 20900/150000 samples
Processed 21000/150000 samples
Processed 21100/150000 samples
Processed 21200/150000 samples
Processed 21300/150000 samples
Processed 21400/150000 samples
Processed 21500/150000 samples
Processed 21600/150000 samples
Processed 21700/150000 samples
Processed 21800/150000 samples
Processed 21900/150000 samples
Processed 22000/150000 samples
Processed 22100/150000 samples
Processed 22200/150000 samples
Processed 22300/150000 samples
Processed 22400/150000 samples
Processed 22500/150000 samples
Processed 22600/150000 samples
Processed 22700/150000 samples
Processed 22800/150000 samples
Processed 22900/150000 samples
Processed 23000/150000 samples
Processed 23100/150000 samples
Processed 23200/150000 samples
Processed 23300/150000 samples
Processed 23400/150000 samples
Processed 23500/150000 samples
Processed 23600/150000 samples
Processed 23700/150000 samples
Processed 23800/150000 samples
Processed 23900/150000 samples
Processed 24000/150000 samples
Processed 24100/150000 samples
Processed 24200/150000 samples
Processed 24300/150000 samples
Processed 24400/150000 samples
Processed 24500/150000 samples
Processed 24600/150000 samples
Processed 24700/150000 samples
Processed 24800/150000 samples
Processed 24900/150000 samples
Processed 25000/150000 samples
Processed 25100/150000 samples
Processed 25200/150000 samples
Processed 25300/150000 samples
Processed 25400/150000 samples
Processed 25500/150000 samples
Processed 25600/150000 samples
Processed 25700/150000 samples
Processed 25800/150000 samples
Processed 25900/150000 samples
Processed 26000/150000 samples
Processed 26100/150000 samples
Processed 26200/150000 samples
Processed 26300/150000 samples
Processed 26400/150000 samples
Processed 26500/150000 samples
Processed 26600/150000 samples
Processed 26700/150000 samples
Processed 26800/150000 samples
Processed 26900/150000 samples
Processed 27000/150000 samples
Processed 27100/150000 samples
Processed 27200/150000 samples
Processed 27300/150000 samples
Processed 27400/150000 samples
Processed 27500/150000 samples
Processed 27600/150000 samples
Processed 27700/150000 samples
Processed 27800/150000 samples
Processed 27900/150000 samples
Processed 28000/150000 samples
Processed 28100/150000 samples
Processed 28200/150000 samples
Processed 28300/150000 samples
Processed 28400/150000 samples
Processed 28500/150000 samples
Processed 28600/150000 samples
Processed 28700/150000 samples
Processed 28800/150000 samples
Processed 28900/150000 samples
Processed 29000/150000 samples
Processed 29100/150000 samples
Processed 29200/150000 samples
Processed 29300/150000 samples
Processed 29400/150000 samples
Processed 29500/150000 samples
Processed 29600/150000 samples
Processed 29700/150000 samples
Processed 29800/150000 samples
Processed 29900/150000 samples
Processed 30000/150000 samples
Processed 30100/150000 samples
Processed 30200/150000 samples
Processed 30300/150000 samples
Processed 30400/150000 samples
Processed 30500/150000 samples
Processed 30600/150000 samples
Processed 30700/150000 samples
Processed 30800/150000 samples
Processed 30900/150000 samples
Processed 31000/150000 samples
Processed 31100/150000 samples
Processed 31200/150000 samples
Processed 31300/150000 samples
Processed 31400/150000 samples
Processed 31500/150000 samples
Processed 31600/150000 samples
Processed 31700/150000 samples
Processed 31800/150000 samples
Processed 31900/150000 samples
Processed 32000/150000 samples
Processed 32100/150000 samples
Processed 32200/150000 samples
Processed 32300/150000 samples
Processed 32400/150000 samples
Processed 32500/150000 samples
Processed 32600/150000 samples
Processed 32700/150000 samples
Processed 32800/150000 samples
Processed 32900/150000 samples
Processed 33000/150000 samples
Processed 33100/150000 samples
Processed 33200/150000 samples
Processed 33300/150000 samples
Processed 33400/150000 samples
Processed 33500/150000 samples
Processed 33600/150000 samples
Processed 33700/150000 samples
Processed 33800/150000 samples
Processed 33900/150000 samples
Processed 34000/150000 samples
Processed 34100/150000 samples
Processed 34200/150000 samples
Processed 34300/150000 samples
Processed 34400/150000 samples
Processed 34500/150000 samples
Processed 34600/150000 samples
Processed 34700/150000 samples
Processed 34800/150000 samples
Processed 34900/150000 samples
Processed 35000/150000 samples
Processed 35100/150000 samples
Processed 35200/150000 samples
Processed 35300/150000 samples
Processed 35400/150000 samples
Processed 35500/150000 samples
Processed 35600/150000 samples
Processed 35700/150000 samples
Processed 35800/150000 samples
Processed 35900/150000 samples
Processed 36000/150000 samples
Processed 36100/150000 samples
Processed 36200/150000 samples
Processed 36300/150000 samples
Processed 36400/150000 samples
Processed 36500/150000 samples
Processed 36600/150000 samples
Processed 36700/150000 samples
Processed 36800/150000 samples
Processed 36900/150000 samples
Processed 37000/150000 samples
Processed 37100/150000 samples
Processed 37200/150000 samples
Processed 37300/150000 samples
Processed 37400/150000 samples
Processed 37500/150000 samples
Processed 37600/150000 samples
Processed 37700/150000 samples
Processed 37800/150000 samples
Processed 37900/150000 samples
Processed 38000/150000 samples
Processed 38100/150000 samples
Processed 38200/150000 samples
Processed 38300/150000 samples
Processed 38400/150000 samples
Processed 38500/150000 samples
Processed 38600/150000 samples
Processed 38700/150000 samples
Processed 38800/150000 samples
Processed 38900/150000 samples
Processed 39000/150000 samples
Processed 39100/150000 samples
Processed 39200/150000 samples
Processed 39300/150000 samples
Processed 39400/150000 samples
Processed 39500/150000 samples
Processed 39600/150000 samples
Processed 39700/150000 samples
Processed 39800/150000 samples
Processed 39900/150000 samples
Processed 40000/150000 samples
Processed 40100/150000 samples
Processed 40200/150000 samples
Processed 40300/150000 samples
Processed 40400/150000 samples
Processed 40500/150000 samples
Processed 40600/150000 samples
Processed 40700/150000 samples
Processed 40800/150000 samples
Processed 40900/150000 samples
Processed 41000/150000 samples
Processed 41100/150000 samples
Processed 41200/150000 samples
Processed 41300/150000 samples
Processed 41400/150000 samples
Processed 41500/150000 samples
Processed 41600/150000 samples
Processed 41700/150000 samples
Processed 41800/150000 samples
Processed 41900/150000 samples
Processed 42000/150000 samples
Processed 42100/150000 samples
Processed 42200/150000 samples
Processed 42300/150000 samples
Processed 42400/150000 samples
Processed 42500/150000 samples
Processed 42600/150000 samples
Processed 42700/150000 samples
Processed 42800/150000 samples
Processed 42900/150000 samples
Processed 43000/150000 samples
Processed 43100/150000 samples
Processed 43200/150000 samples
Processed 43300/150000 samples
Processed 43400/150000 samples
Processed 43500/150000 samples
Processed 43600/150000 samples
Processed 43700/150000 samples
Processed 43800/150000 samples
Processed 43900/150000 samples
Processed 44000/150000 samples
Processed 44100/150000 samples
Processed 44200/150000 samples
Processed 44300/150000 samples
Processed 44400/150000 samples
Processed 44500/150000 samples
Processed 44600/150000 samples
Processed 44700/150000 samples
Processed 44800/150000 samples
Processed 44900/150000 samples
Processed 45000/150000 samples
Processed 45100/150000 samples
Processed 45200/150000 samples
Processed 45300/150000 samples
Processed 45400/150000 samples
Processed 45500/150000 samples
Processed 45600/150000 samples
Processed 45700/150000 samples
Processed 45800/150000 samples
Processed 45900/150000 samples
Processed 46000/150000 samples
Processed 46100/150000 samples
Processed 46200/150000 samples
Processed 46300/150000 samples
Processed 46400/150000 samples
Processed 46500/150000 samples
Processed 46600/150000 samples
Processed 46700/150000 samples
Processed 46800/150000 samples
Processed 46900/150000 samples
Processed 47000/150000 samples
Processed 47100/150000 samples
Processed 47200/150000 samples
Processed 47300/150000 samples
Processed 47400/150000 samples
Processed 47500/150000 samples
Processed 47600/150000 samples
Processed 47700/150000 samples
Processed 47800/150000 samples
Processed 47900/150000 samples
Processed 48000/150000 samples
Processed 48100/150000 samples
Processed 48200/150000 samples
Processed 48300/150000 samples
Processed 48400/150000 samples
Processed 48500/150000 samples
Processed 48600/150000 samples
Processed 48700/150000 samples
Processed 48800/150000 samples
Processed 48900/150000 samples
Processed 49000/150000 samples
Processed 49100/150000 samples
Processed 49200/150000 samples
Processed 49300/150000 samples
Processed 49400/150000 samples
Processed 49500/150000 samples
Processed 49600/150000 samples
Processed 49700/150000 samples
Processed 49800/150000 samples
Processed 49900/150000 samples
Processed 50000/150000 samples
Processed 50100/150000 samples
Processed 50200/150000 samples
Processed 50300/150000 samples
Processed 50400/150000 samples
Processed 50500/150000 samples
Processed 50600/150000 samples
Processed 50700/150000 samples
Processed 50800/150000 samples
Processed 50900/150000 samples
Processed 51000/150000 samples
Processed 51100/150000 samples
Processed 51200/150000 samples
Processed 51300/150000 samples
Processed 51400/150000 samples
Processed 51500/150000 samples
Processed 51600/150000 samples
Processed 51700/150000 samples
Processed 51800/150000 samples
Processed 51900/150000 samples
Processed 52000/150000 samples
Processed 52100/150000 samples
Processed 52200/150000 samples
Processed 52300/150000 samples
Processed 52400/150000 samples
Processed 52500/150000 samples
Processed 52600/150000 samples
Processed 52700/150000 samples
Processed 52800/150000 samples
Processed 52900/150000 samples
Processed 53000/150000 samples
Processed 53100/150000 samples
Processed 53200/150000 samples
Processed 53300/150000 samples
Processed 53400/150000 samples
Processed 53500/150000 samples
Processed 53600/150000 samples
Processed 53700/150000 samples
Processed 53800/150000 samples
Processed 53900/150000 samples
Processed 54000/150000 samples
Processed 54100/150000 samples
Processed 54200/150000 samples
Processed 54300/150000 samples
Processed 54400/150000 samples
Processed 54500/150000 samples
Processed 54600/150000 samples
Processed 54700/150000 samples
Processed 54800/150000 samples
Processed 54900/150000 samples
Processed 55000/150000 samples
Processed 55100/150000 samples
Processed 55200/150000 samples
Processed 55300/150000 samples
Processed 55400/150000 samples
Processed 55500/150000 samples
Processed 55600/150000 samples
Processed 55700/150000 samples
Processed 55800/150000 samples
Processed 55900/150000 samples
Processed 56000/150000 samples
Processed 56100/150000 samples
Processed 56200/150000 samples
Processed 56300/150000 samples
Processed 56400/150000 samples
Processed 56500/150000 samples
Processed 56600/150000 samples
Processed 56700/150000 samples
Processed 56800/150000 samples
Processed 56900/150000 samples
Processed 57000/150000 samples
Processed 57100/150000 samples
Processed 57200/150000 samples
Processed 57300/150000 samples
Processed 57400/150000 samples
Processed 57500/150000 samples
Processed 57600/150000 samples
Processed 57700/150000 samples
Processed 57800/150000 samples
Processed 57900/150000 samples
Processed 58000/150000 samples
Processed 58100/150000 samples
Processed 58200/150000 samples
Processed 58300/150000 samples
Processed 58400/150000 samples
Processed 58500/150000 samples
Processed 58600/150000 samples
Processed 58700/150000 samples
Processed 58800/150000 samples
Processed 58900/150000 samples
Processed 59000/150000 samples
Processed 59100/150000 samples
Processed 59200/150000 samples
Processed 59300/150000 samples
Processed 59400/150000 samples
Processed 59500/150000 samples
Processed 59600/150000 samples
Processed 59700/150000 samples
Processed 59800/150000 samples
Processed 59900/150000 samples
Processed 60000/150000 samples
Processed 60100/150000 samples
Processed 60200/150000 samples
Processed 60300/150000 samples
Processed 60400/150000 samples
Processed 60500/150000 samples
Processed 60600/150000 samples
Processed 60700/150000 samples
Processed 60800/150000 samples
Processed 60900/150000 samples
Processed 61000/150000 samples
Processed 61100/150000 samples
Processed 61200/150000 samples
Processed 61300/150000 samples
Processed 61400/150000 samples
Processed 61500/150000 samples
Processed 61600/150000 samples
Processed 61700/150000 samples
Processed 61800/150000 samples
Processed 61900/150000 samples
Processed 62000/150000 samples
Processed 62100/150000 samples
Processed 62200/150000 samples
Processed 62300/150000 samples
Processed 62400/150000 samples
Processed 62500/150000 samples
Processed 62600/150000 samples
Processed 62700/150000 samples
Processed 62800/150000 samples
Processed 62900/150000 samples
Processed 63000/150000 samples
Processed 63100/150000 samples
Processed 63200/150000 samples
Processed 63300/150000 samples
Processed 63400/150000 samples
Processed 63500/150000 samples
Processed 63600/150000 samples
Processed 63700/150000 samples
Processed 63800/150000 samples
Processed 63900/150000 samples
Processed 64000/150000 samples
Processed 64100/150000 samples
Processed 64200/150000 samples
Processed 64300/150000 samples
Processed 64400/150000 samples
Processed 64500/150000 samples
Processed 64600/150000 samples
Processed 64700/150000 samples
Processed 64800/150000 samples
Processed 64900/150000 samples
Processed 65000/150000 samples
Processed 65100/150000 samples
Processed 65200/150000 samples
Processed 65300/150000 samples
Processed 65400/150000 samples
Processed 65500/150000 samples
Processed 65600/150000 samples
Processed 65700/150000 samples
Processed 65800/150000 samples
Processed 65900/150000 samples
Processed 66000/150000 samples
Processed 66100/150000 samples
Processed 66200/150000 samples
Processed 66300/150000 samples
Processed 66400/150000 samples
Processed 66500/150000 samples
Processed 66600/150000 samples
Processed 66700/150000 samples
Processed 66800/150000 samples
Processed 66900/150000 samples
Processed 67000/150000 samples
Processed 67100/150000 samples
Processed 67200/150000 samples
Processed 67300/150000 samples
Processed 67400/150000 samples
Processed 67500/150000 samples
Processed 67600/150000 samples
Processed 67700/150000 samples
Processed 67800/150000 samples
Processed 67900/150000 samples
Processed 68000/150000 samples
Processed 68100/150000 samples
Processed 68200/150000 samples
Processed 68300/150000 samples
Processed 68400/150000 samples
Processed 68500/150000 samples
Processed 68600/150000 samples
Processed 68700/150000 samples
Processed 68800/150000 samples
Processed 68900/150000 samples
Processed 69000/150000 samples
Processed 69100/150000 samples
Processed 69200/150000 samples
Processed 69300/150000 samples
Processed 69400/150000 samples
Processed 69500/150000 samples
Processed 69600/150000 samples
Processed 69700/150000 samples
Processed 69800/150000 samples
Processed 69900/150000 samples
Processed 70000/150000 samples
Processed 70100/150000 samples
Processed 70200/150000 samples
Processed 70300/150000 samples
Processed 70400/150000 samples
Processed 70500/150000 samples
Processed 70600/150000 samples
Processed 70700/150000 samples
Processed 70800/150000 samples
Processed 70900/150000 samples
Processed 71000/150000 samples
Processed 71100/150000 samples
Processed 71200/150000 samples
Processed 71300/150000 samples
Processed 71400/150000 samples
Processed 71500/150000 samples
Processed 71600/150000 samples
Processed 71700/150000 samples
Processed 71800/150000 samples
Processed 71900/150000 samples
Processed 72000/150000 samples
Processed 72100/150000 samples
Processed 72200/150000 samples
Processed 72300/150000 samples
Processed 72400/150000 samples
Processed 72500/150000 samples
Processed 72600/150000 samples
Processed 72700/150000 samples
Processed 72800/150000 samples
Processed 72900/150000 samples
Processed 73000/150000 samples
Processed 73100/150000 samples
Processed 73200/150000 samples
Processed 73300/150000 samples
Processed 73400/150000 samples
Processed 73500/150000 samples
Processed 73600/150000 samples
Processed 73700/150000 samples
Processed 73800/150000 samples
Processed 73900/150000 samples
Processed 74000/150000 samples
Processed 74100/150000 samples
Processed 74200/150000 samples
Processed 74300/150000 samples
Processed 74400/150000 samples
Processed 74500/150000 samples
Processed 74600/150000 samples
Processed 74700/150000 samples
Processed 74800/150000 samples
Processed 74900/150000 samples
Processed 75000/150000 samples
Processed 75100/150000 samples
Processed 75200/150000 samples
Processed 75300/150000 samples
Processed 75400/150000 samples
Processed 75500/150000 samples
Processed 75600/150000 samples
Processed 75700/150000 samples
Processed 75800/150000 samples
Processed 75900/150000 samples
Processed 76000/150000 samples
Processed 76100/150000 samples
Processed 76200/150000 samples
Processed 76300/150000 samples
Processed 76400/150000 samples
Processed 76500/150000 samples
Processed 76600/150000 samples
Processed 76700/150000 samples
Processed 76800/150000 samples
Processed 76900/150000 samples
Processed 77000/150000 samples
Processed 77100/150000 samples
Processed 77200/150000 samples
Processed 77300/150000 samples
Processed 77400/150000 samples
Processed 77500/150000 samples
Processed 77600/150000 samples
Processed 77700/150000 samples
Processed 77800/150000 samples
Processed 77900/150000 samples
Processed 78000/150000 samples
Processed 78100/150000 samples
Processed 78200/150000 samples
Processed 78300/150000 samples
Processed 78400/150000 samples
Processed 78500/150000 samples
Processed 78600/150000 samples
Processed 78700/150000 samples
Processed 78800/150000 samples
Processed 78900/150000 samples
Processed 79000/150000 samples
Processed 79100/150000 samples
Processed 79200/150000 samples
Processed 79300/150000 samples
Processed 79400/150000 samples
Processed 79500/150000 samples
Processed 79600/150000 samples
Processed 79700/150000 samples
Processed 79800/150000 samples
Processed 79900/150000 samples
Processed 80000/150000 samples
Processed 80100/150000 samples
Processed 80200/150000 samples
Processed 80300/150000 samples
Processed 80400/150000 samples
Processed 80500/150000 samples
Processed 80600/150000 samples
Processed 80700/150000 samples
Processed 80800/150000 samples
Processed 80900/150000 samples
Processed 81000/150000 samples
Processed 81100/150000 samples
Processed 81200/150000 samples
Processed 81300/150000 samples
Processed 81400/150000 samples
Processed 81500/150000 samples
Processed 81600/150000 samples
Processed 81700/150000 samples
Processed 81800/150000 samples
Processed 81900/150000 samples
Processed 82000/150000 samples
Processed 82100/150000 samples
Processed 82200/150000 samples
Processed 82300/150000 samples
Processed 82400/150000 samples
Processed 82500/150000 samples
Processed 82600/150000 samples
Processed 82700/150000 samples
Processed 82800/150000 samples
Processed 82900/150000 samples
Processed 83000/150000 samples
Processed 83100/150000 samples
Processed 83200/150000 samples
Processed 83300/150000 samples
Processed 83400/150000 samples
Processed 83500/150000 samples
Processed 83600/150000 samples
Processed 83700/150000 samples
Processed 83800/150000 samples
Processed 83900/150000 samples
Processed 84000/150000 samples
Processed 84100/150000 samples
Processed 84200/150000 samples
Processed 84300/150000 samples
Processed 84400/150000 samples
Processed 84500/150000 samples
Processed 84600/150000 samples
Processed 84700/150000 samples
Processed 84800/150000 samples
Processed 84900/150000 samples
Processed 85000/150000 samples
Processed 85100/150000 samples
Processed 85200/150000 samples
Processed 85300/150000 samples
Processed 85400/150000 samples
Processed 85500/150000 samples
Processed 85600/150000 samples
Processed 85700/150000 samples
Processed 85800/150000 samples
Processed 85900/150000 samples
Processed 86000/150000 samples
Processed 86100/150000 samples
Processed 86200/150000 samples
Processed 86300/150000 samples
Processed 86400/150000 samples
Processed 86500/150000 samples
Processed 86600/150000 samples
Processed 86700/150000 samples
Processed 86800/150000 samples
Processed 86900/150000 samples
Processed 87000/150000 samples
Processed 87100/150000 samples
Processed 87200/150000 samples
Processed 87300/150000 samples
Processed 87400/150000 samples
Processed 87500/150000 samples
Processed 87600/150000 samples
Processed 87700/150000 samples
Processed 87800/150000 samples
Processed 87900/150000 samples
Processed 88000/150000 samples
Processed 88100/150000 samples
Processed 88200/150000 samples
Processed 88300/150000 samples
Processed 88400/150000 samples
Processed 88500/150000 samples
Processed 88600/150000 samples
Processed 88700/150000 samples
Processed 88800/150000 samples
Processed 88900/150000 samples
Processed 89000/150000 samples
Processed 89100/150000 samples
Processed 89200/150000 samples
Processed 89300/150000 samples
Processed 89400/150000 samples
Processed 89500/150000 samples
Processed 89600/150000 samples
Processed 89700/150000 samples
Processed 89800/150000 samples
Processed 89900/150000 samples
Processed 90000/150000 samples
Processed 90100/150000 samples
Processed 90200/150000 samples
Processed 90300/150000 samples
Processed 90400/150000 samples
Processed 90500/150000 samples
Processed 90600/150000 samples
Processed 90700/150000 samples
Processed 90800/150000 samples
Processed 90900/150000 samples
Processed 91000/150000 samples
Processed 91100/150000 samples
Processed 91200/150000 samples
Processed 91300/150000 samples
Processed 91400/150000 samples
Processed 91500/150000 samples
Processed 91600/150000 samples
Processed 91700/150000 samples
Processed 91800/150000 samples
Processed 91900/150000 samples
Processed 92000/150000 samples
Processed 92100/150000 samples
Processed 92200/150000 samples
Processed 92300/150000 samples
Processed 92400/150000 samples
Processed 92500/150000 samples
Processed 92600/150000 samples
Processed 92700/150000 samples
Processed 92800/150000 samples
Processed 92900/150000 samples
Processed 93000/150000 samples
Processed 93100/150000 samples
Processed 93200/150000 samples
Processed 93300/150000 samples
Processed 93400/150000 samples
Processed 93500/150000 samples
Processed 93600/150000 samples
Processed 93700/150000 samples
Processed 93800/150000 samples
Processed 93900/150000 samples
Processed 94000/150000 samples
Processed 94100/150000 samples
Processed 94200/150000 samples
Processed 94300/150000 samples
Processed 94400/150000 samples
Processed 94500/150000 samples
Processed 94600/150000 samples
Processed 94700/150000 samples
Processed 94800/150000 samples
Processed 94900/150000 samples
Processed 95000/150000 samples
Processed 95100/150000 samples
Processed 95200/150000 samples
Processed 95300/150000 samples
Processed 95400/150000 samples
Processed 95500/150000 samples
Processed 95600/150000 samples
Processed 95700/150000 samples
Processed 95800/150000 samples
Processed 95900/150000 samples
Processed 96000/150000 samples
Processed 96100/150000 samples
Processed 96200/150000 samples
Processed 96300/150000 samples
Processed 96400/150000 samples
Processed 96500/150000 samples
Processed 96600/150000 samples
Processed 96700/150000 samples
Processed 96800/150000 samples
Processed 96900/150000 samples
Processed 97000/150000 samples
Processed 97100/150000 samples
Processed 97200/150000 samples
Processed 97300/150000 samples
Processed 97400/150000 samples
Processed 97500/150000 samples
Processed 97600/150000 samples
Processed 97700/150000 samples
Processed 97800/150000 samples
Processed 97900/150000 samples
Processed 98000/150000 samples
Processed 98100/150000 samples
Processed 98200/150000 samples
Processed 98300/150000 samples
Processed 98400/150000 samples
Processed 98500/150000 samples
Processed 98600/150000 samples
Processed 98700/150000 samples
Processed 98800/150000 samples
Processed 98900/150000 samples
Processed 99000/150000 samples
Processed 99100/150000 samples
Processed 99200/150000 samples
Processed 99300/150000 samples
Processed 99400/150000 samples
Processed 99500/150000 samples
Processed 99600/150000 samples
Processed 99700/150000 samples
Processed 99800/150000 samples
Processed 99900/150000 samples
Processed 100000/150000 samples
Processed 100100/150000 samples
Processed 100200/150000 samples
Processed 100300/150000 samples
Processed 100400/150000 samples
Processed 100500/150000 samples
Processed 100600/150000 samples
Processed 100700/150000 samples
Processed 100800/150000 samples
Processed 100900/150000 samples
Processed 101000/150000 samples
Processed 101100/150000 samples
Processed 101200/150000 samples
Processed 101300/150000 samples
Processed 101400/150000 samples
Processed 101500/150000 samples
Processed 101600/150000 samples
Processed 101700/150000 samples
Processed 101800/150000 samples
Processed 101900/150000 samples
Processed 102000/150000 samples
Processed 102100/150000 samples
Processed 102200/150000 samples
Processed 102300/150000 samples
Processed 102400/150000 samples
Processed 102500/150000 samples
Processed 102600/150000 samples
Processed 102700/150000 samples
Processed 102800/150000 samples
Processed 102900/150000 samples
Processed 103000/150000 samples
Processed 103100/150000 samples
Processed 103200/150000 samples
Processed 103300/150000 samples
Processed 103400/150000 samples
Processed 103500/150000 samples
Processed 103600/150000 samples
Processed 103700/150000 samples
Processed 103800/150000 samples
Processed 103900/150000 samples
Processed 104000/150000 samples
Processed 104100/150000 samples
Processed 104200/150000 samples
Processed 104300/150000 samples
Processed 104400/150000 samples
Processed 104500/150000 samples
Processed 104600/150000 samples
Processed 104700/150000 samples
Processed 104800/150000 samples
Processed 104900/150000 samples
Processed 105000/150000 samples
Processed 105100/150000 samples
Processed 105200/150000 samples
Processed 105300/150000 samples
Processed 105400/150000 samples
Processed 105500/150000 samples
Processed 105600/150000 samples
Processed 105700/150000 samples
Processed 105800/150000 samples
Processed 105900/150000 samples
Processed 106000/150000 samples
Processed 106100/150000 samples
Processed 106200/150000 samples
Processed 106300/150000 samples
Processed 106400/150000 samples
Processed 106500/150000 samples
Processed 106600/150000 samples
Processed 106700/150000 samples
Processed 106800/150000 samples
Processed 106900/150000 samples
Processed 107000/150000 samples
Processed 107100/150000 samples
Processed 107200/150000 samples
Processed 107300/150000 samples
Processed 107400/150000 samples
Processed 107500/150000 samples
Processed 107600/150000 samples
Processed 107700/150000 samples
Processed 107800/150000 samples
Processed 107900/150000 samples
Processed 108000/150000 samples
Processed 108100/150000 samples
Processed 108200/150000 samples
Processed 108300/150000 samples
Processed 108400/150000 samples
Processed 108500/150000 samples
Processed 108600/150000 samples
Processed 108700/150000 samples
Processed 108800/150000 samples
Processed 108900/150000 samples
Processed 109000/150000 samples
Processed 109100/150000 samples
Processed 109200/150000 samples
Processed 109300/150000 samples
Processed 109400/150000 samples
Processed 109500/150000 samples
Processed 109600/150000 samples
Processed 109700/150000 samples
Processed 109800/150000 samples
Processed 109900/150000 samples
Processed 110000/150000 samples
Processed 110100/150000 samples
Processed 110200/150000 samples
Processed 110300/150000 samples
Processed 110400/150000 samples
Processed 110500/150000 samples
Processed 110600/150000 samples
Processed 110700/150000 samples
Processed 110800/150000 samples
Processed 110900/150000 samples
Processed 111000/150000 samples
Processed 111100/150000 samples
Processed 111200/150000 samples
Processed 111300/150000 samples
Processed 111400/150000 samples
Processed 111500/150000 samples
Processed 111600/150000 samples
Processed 111700/150000 samples
Processed 111800/150000 samples
Processed 111900/150000 samples
Processed 112000/150000 samples
Processed 112100/150000 samples
Processed 112200/150000 samples
Processed 112300/150000 samples
Processed 112400/150000 samples
Processed 112500/150000 samples
Processed 112600/150000 samples
Processed 112700/150000 samples
Processed 112800/150000 samples
Processed 112900/150000 samples
Processed 113000/150000 samples
Processed 113100/150000 samples
Processed 113200/150000 samples
Processed 113300/150000 samples
Processed 113400/150000 samples
Processed 113500/150000 samples
Processed 113600/150000 samples
Processed 113700/150000 samples
Processed 113800/150000 samples
Processed 113900/150000 samples
Processed 114000/150000 samples
Processed 114100/150000 samples
Processed 114200/150000 samples
Processed 114300/150000 samples
Processed 114400/150000 samples
Processed 114500/150000 samples
Processed 114600/150000 samples
Processed 114700/150000 samples
Processed 114800/150000 samples
Processed 114900/150000 samples
Processed 115000/150000 samples
Processed 115100/150000 samples
Processed 115200/150000 samples
Processed 115300/150000 samples
Processed 115400/150000 samples
Processed 115500/150000 samples
Processed 115600/150000 samples
Processed 115700/150000 samples
Processed 115800/150000 samples
Processed 115900/150000 samples
Processed 116000/150000 samples
Processed 116100/150000 samples
Processed 116200/150000 samples
Processed 116300/150000 samples
Processed 116400/150000 samples
Processed 116500/150000 samples
Processed 116600/150000 samples
Processed 116700/150000 samples
Processed 116800/150000 samples
Processed 116900/150000 samples
Processed 117000/150000 samples
Processed 117100/150000 samples
Processed 117200/150000 samples
Processed 117300/150000 samples
Processed 117400/150000 samples
Processed 117500/150000 samples
Processed 117600/150000 samples
Processed 117700/150000 samples
Processed 117800/150000 samples
Processed 117900/150000 samples
Processed 118000/150000 samples
Processed 118100/150000 samples
Processed 118200/150000 samples
Processed 118300/150000 samples
Processed 118400/150000 samples
Processed 118500/150000 samples
Processed 118600/150000 samples
Processed 118700/150000 samples
Processed 118800/150000 samples
Processed 118900/150000 samples
Processed 119000/150000 samples
Processed 119100/150000 samples
Processed 119200/150000 samples
Processed 119300/150000 samples
Processed 119400/150000 samples
Processed 119500/150000 samples
Processed 119600/150000 samples
Processed 119700/150000 samples
Processed 119800/150000 samples
Processed 119900/150000 samples
Processed 120000/150000 samples
Processed 120100/150000 samples
Processed 120200/150000 samples
Processed 120300/150000 samples
Processed 120400/150000 samples
Processed 120500/150000 samples
Processed 120600/150000 samples
Processed 120700/150000 samples
Processed 120800/150000 samples
Processed 120900/150000 samples
Processed 121000/150000 samples
Processed 121100/150000 samples
Processed 121200/150000 samples
Processed 121300/150000 samples
Processed 121400/150000 samples
Processed 121500/150000 samples
Processed 121600/150000 samples
Processed 121700/150000 samples
Processed 121800/150000 samples
Processed 121900/150000 samples
Processed 122000/150000 samples
Processed 122100/150000 samples
Processed 122200/150000 samples
Processed 122300/150000 samples
Processed 122400/150000 samples
Processed 122500/150000 samples
Processed 122600/150000 samples
Processed 122700/150000 samples
Processed 122800/150000 samples
Processed 122900/150000 samples
Processed 123000/150000 samples
Processed 123100/150000 samples
Processed 123200/150000 samples
Processed 123300/150000 samples
Processed 123400/150000 samples
Processed 123500/150000 samples
Processed 123600/150000 samples
Processed 123700/150000 samples
Processed 123800/150000 samples
Processed 123900/150000 samples
Processed 124000/150000 samples
Processed 124100/150000 samples
Processed 124200/150000 samples
Processed 124300/150000 samples
Processed 124400/150000 samples
Processed 124500/150000 samples
Processed 124600/150000 samples
Processed 124700/150000 samples
Processed 124800/150000 samples
Processed 124900/150000 samples
Processed 125000/150000 samples
Processed 125100/150000 samples
Processed 125200/150000 samples
Processed 125300/150000 samples
Processed 125400/150000 samples
Processed 125500/150000 samples
Processed 125600/150000 samples
Processed 125700/150000 samples
Processed 125800/150000 samples
Processed 125900/150000 samples
Processed 126000/150000 samples
Processed 126100/150000 samples
Processed 126200/150000 samples
Processed 126300/150000 samples
Processed 126400/150000 samples
Processed 126500/150000 samples
Processed 126600/150000 samples
Processed 126700/150000 samples
Processed 126800/150000 samples
Processed 126900/150000 samples
Processed 127000/150000 samples
Processed 127100/150000 samples
Processed 127200/150000 samples
Processed 127300/150000 samples
Processed 127400/150000 samples
Processed 127500/150000 samples
Processed 127600/150000 samples
Processed 127700/150000 samples
Processed 127800/150000 samples
Processed 127900/150000 samples
Processed 128000/150000 samples
Processed 128100/150000 samples
Processed 128200/150000 samples
Processed 128300/150000 samples
Processed 128400/150000 samples
Processed 128500/150000 samples
Processed 128600/150000 samples
Processed 128700/150000 samples
Processed 128800/150000 samples
Processed 128900/150000 samples
Processed 129000/150000 samples
Processed 129100/150000 samples
Processed 129200/150000 samples
Processed 129300/150000 samples
Processed 129400/150000 samples
Processed 129500/150000 samples
Processed 129600/150000 samples
Processed 129700/150000 samples
Processed 129800/150000 samples
Processed 129900/150000 samples
Processed 130000/150000 samples
Processed 130100/150000 samples
Processed 130200/150000 samples
Processed 130300/150000 samples
Processed 130400/150000 samples
Processed 130500/150000 samples
Processed 130600/150000 samples
Processed 130700/150000 samples
Processed 130800/150000 samples
Processed 130900/150000 samples
Processed 131000/150000 samples
Processed 131100/150000 samples
Processed 131200/150000 samples
Processed 131300/150000 samples
Processed 131400/150000 samples
Processed 131500/150000 samples
Processed 131600/150000 samples
Processed 131700/150000 samples
Processed 131800/150000 samples
Processed 131900/150000 samples
Processed 132000/150000 samples
Processed 132100/150000 samples
Processed 132200/150000 samples
Processed 132300/150000 samples
Processed 132400/150000 samples
Processed 132500/150000 samples
Processed 132600/150000 samples
Processed 132700/150000 samples
Processed 132800/150000 samples
Processed 132900/150000 samples
Processed 133000/150000 samples
Processed 133100/150000 samples
Processed 133200/150000 samples
Processed 133300/150000 samples
Processed 133400/150000 samples
Processed 133500/150000 samples
Processed 133600/150000 samples
Processed 133700/150000 samples
Processed 133800/150000 samples
Processed 133900/150000 samples
Processed 134000/150000 samples
Processed 134100/150000 samples
Processed 134200/150000 samples
Processed 134300/150000 samples
Processed 134400/150000 samples
Processed 134500/150000 samples
Processed 134600/150000 samples
Processed 134700/150000 samples
Processed 134800/150000 samples
Processed 134900/150000 samples
Processed 135000/150000 samples
Processed 135100/150000 samples
Processed 135200/150000 samples
Processed 135300/150000 samples
Processed 135400/150000 samples
Processed 135500/150000 samples
Processed 135600/150000 samples
Processed 135700/150000 samples
Processed 135800/150000 samples
Processed 135900/150000 samples
Processed 136000/150000 samples
Processed 136100/150000 samples
Processed 136200/150000 samples
Processed 136300/150000 samples
Processed 136400/150000 samples
Processed 136500/150000 samples
Processed 136600/150000 samples
Processed 136700/150000 samples
Processed 136800/150000 samples
Processed 136900/150000 samples
Processed 137000/150000 samples
Processed 137100/150000 samples
Processed 137200/150000 samples
Processed 137300/150000 samples
Processed 137400/150000 samples
Processed 137500/150000 samples
Processed 137600/150000 samples
Processed 137700/150000 samples
Processed 137800/150000 samples
Processed 137900/150000 samples
Processed 138000/150000 samples
Processed 138100/150000 samples
Processed 138200/150000 samples
Processed 138300/150000 samples
Processed 138400/150000 samples
Processed 138500/150000 samples
Processed 138600/150000 samples
Processed 138700/150000 samples
Processed 138800/150000 samples
Processed 138900/150000 samples
Processed 139000/150000 samples
Processed 139100/150000 samples
Processed 139200/150000 samples
Processed 139300/150000 samples
Processed 139400/150000 samples
Processed 139500/150000 samples
Processed 139600/150000 samples
Processed 139700/150000 samples
Processed 139800/150000 samples
Processed 139900/150000 samples
Processed 140000/150000 samples
Processed 140100/150000 samples
Processed 140200/150000 samples
Processed 140300/150000 samples
Processed 140400/150000 samples
Processed 140500/150000 samples
Processed 140600/150000 samples
Processed 140700/150000 samples
Processed 140800/150000 samples
Processed 140900/150000 samples
Processed 141000/150000 samples
Processed 141100/150000 samples
Processed 141200/150000 samples
Processed 141300/150000 samples
Processed 141400/150000 samples
Processed 141500/150000 samples
Processed 141600/150000 samples
Processed 141700/150000 samples
Processed 141800/150000 samples
Processed 141900/150000 samples
Processed 142000/150000 samples
Processed 142100/150000 samples
Processed 142200/150000 samples
Processed 142300/150000 samples
Processed 142400/150000 samples
Processed 142500/150000 samples
Processed 142600/150000 samples
Processed 142700/150000 samples
Processed 142800/150000 samples
Processed 142900/150000 samples
Processed 143000/150000 samples
Processed 143100/150000 samples
Processed 143200/150000 samples
Processed 143300/150000 samples
Processed 143400/150000 samples
Processed 143500/150000 samples
Processed 143600/150000 samples
Processed 143700/150000 samples
Processed 143800/150000 samples
Processed 143900/150000 samples
Processed 144000/150000 samples
Processed 144100/150000 samples
Processed 144200/150000 samples
Processed 144300/150000 samples
Processed 144400/150000 samples
Processed 144500/150000 samples
Processed 144600/150000 samples
Processed 144700/150000 samples
Processed 144800/150000 samples
Processed 144900/150000 samples
Processed 145000/150000 samples
Processed 145100/150000 samples
Processed 145200/150000 samples
Processed 145300/150000 samples
Processed 145400/150000 samples
Processed 145500/150000 samples
Processed 145600/150000 samples
Processed 145700/150000 samples
Processed 145800/150000 samples
Processed 145900/150000 samples
Processed 146000/150000 samples
Processed 146100/150000 samples
Processed 146200/150000 samples
Processed 146300/150000 samples
Processed 146400/150000 samples
Processed 146500/150000 samples
Processed 146600/150000 samples
Processed 146700/150000 samples
Processed 146800/150000 samples
Processed 146900/150000 samples
Processed 147000/150000 samples
Processed 147100/150000 samples
Processed 147200/150000 samples
Processed 147300/150000 samples
Processed 147400/150000 samples
Processed 147500/150000 samples
Processed 147600/150000 samples
Processed 147700/150000 samples
Processed 147800/150000 samples
Processed 147900/150000 samples
Processed 148000/150000 samples
Processed 148100/150000 samples
Processed 148200/150000 samples
Processed 148300/150000 samples
Processed 148400/150000 samples
Processed 148500/150000 samples
Processed 148600/150000 samples
Processed 148700/150000 samples
Processed 148800/150000 samples
Processed 148900/150000 samples
Processed 149000/150000 samples
Processed 149100/150000 samples
Processed 149200/150000 samples
Processed 149300/150000 samples
Processed 149400/150000 samples
Processed 149500/150000 samples
Processed 149600/150000 samples
Processed 149700/150000 samples
Processed 149800/150000 samples
Processed 149900/150000 samples
Processed 150000/150000 samples
Saving processed data to: /vol/bitbucket/ahb24/tda_entailment_new/snli_train_sbert_tokens_all_distilroberta_v1.pkl

Processing Statistics:
Successfully processed: 150000 samples
Premise token counts - Mean: 16.7, Min: 4, Max: 89
Hypothesis token counts - Mean: 10.6, Min: 3, Max: 59
Label distribution: {'contradiction': 49717, 'entailment': 50214, 'neutral': 50069}

Processing SNLI validation data...
Processing dataset: MSc_Topology_Codebase/data/raw/snli/validation/snli_full_val.json
Total samples to process: 9842
Processed 100/9842 samples
Processed 200/9842 samples
Processed 300/9842 samples
Processed 400/9842 samples
Processed 500/9842 samples
Processed 600/9842 samples
Processed 700/9842 samples
Processed 800/9842 samples
Processed 900/9842 samples
Processed 1000/9842 samples
Processed 1100/9842 samples
Processed 1200/9842 samples
Processed 1300/9842 samples
Processed 1400/9842 samples
Processed 1500/9842 samples
Processed 1600/9842 samples
Processed 1700/9842 samples
Processed 1800/9842 samples
Processed 1900/9842 samples
Processed 2000/9842 samples
Processed 2100/9842 samples
Processed 2200/9842 samples
Processed 2300/9842 samples
Processed 2400/9842 samples
Processed 2500/9842 samples
Processed 2600/9842 samples
Processed 2700/9842 samples
Processed 2800/9842 samples
Processed 2900/9842 samples
Processed 3000/9842 samples
Processed 3100/9842 samples
Processed 3200/9842 samples
Processed 3300/9842 samples
Processed 3400/9842 samples
Processed 3500/9842 samples
Processed 3600/9842 samples
Processed 3700/9842 samples
Processed 3800/9842 samples
Processed 3900/9842 samples
Processed 4000/9842 samples
Processed 4100/9842 samples
Processed 4200/9842 samples
Processed 4300/9842 samples
Processed 4400/9842 samples
Processed 4500/9842 samples
Processed 4600/9842 samples
Processed 4700/9842 samples
Processed 4800/9842 samples
Processed 4900/9842 samples
Processed 5000/9842 samples
Processed 5100/9842 samples
Processed 5200/9842 samples
Processed 5300/9842 samples
Processed 5400/9842 samples
Processed 5500/9842 samples
Processed 5600/9842 samples
Processed 5700/9842 samples
Processed 5800/9842 samples
Processed 5900/9842 samples
Processed 6000/9842 samples
Processed 6100/9842 samples
Processed 6200/9842 samples
Processed 6300/9842 samples
Processed 6400/9842 samples
Processed 6500/9842 samples
Processed 6600/9842 samples
Processed 6700/9842 samples
Processed 6800/9842 samples
Processed 6900/9842 samples
Processed 7000/9842 samples
Processed 7100/9842 samples
Processed 7200/9842 samples
Processed 7300/9842 samples
Processed 7400/9842 samples
Processed 7500/9842 samples
Processed 7600/9842 samples
Processed 7700/9842 samples
Processed 7800/9842 samples
Processed 7900/9842 samples
Processed 8000/9842 samples
Processed 8100/9842 samples
Processed 8200/9842 samples
Processed 8300/9842 samples
Processed 8400/9842 samples
Processed 8500/9842 samples
Processed 8600/9842 samples
Processed 8700/9842 samples
Processed 8800/9842 samples
Processed 8900/9842 samples
Processed 9000/9842 samples
Processed 9100/9842 samples
Processed 9200/9842 samples
Processed 9300/9842 samples
Processed 9400/9842 samples
Processed 9500/9842 samples
Processed 9600/9842 samples
Processed 9700/9842 samples
Processed 9800/9842 samples
Saving processed data to: /vol/bitbucket/ahb24/tda_entailment_new/snli_val_sbert_tokens_all_distilroberta_v1.pkl

Processing Statistics:
Successfully processed: 9842 samples
Premise token counts - Mean: 17.9, Min: 5, Max: 66
Hypothesis token counts - Mean: 10.7, Min: 4, Max: 59
Label distribution: {'contradiction': 3278, 'entailment': 3329, 'neutral': 3235}

SBERT token extraction completed!

Analysis completed with exit code: 0
Time: Fri  1 Aug 12:27:08 BST 2025

=== ANALYSIS SUCCESSFUL ===
Extraction successful!


Job finished.
